#
# There is insufficient memory for the Java Runtime Environment to continue.
# Native memory allocation (malloc) failed to allocate 1137456 bytes for Chunk::new
# Possible reasons:
#   The system is out of physical RAM or swap space
#   The process is running with CompressedOops enabled, and the Java Heap may be blocking the growth of the native heap
# Possible solutions:
#   Reduce memory load on the system
#   Increase physical memory or swap space
#   Check if swap backing store is full
#   Decrease Java heap size (-Xmx/-Xms)
#   Decrease number of Java threads
#   Decrease Java thread stack sizes (-Xss)
#   Set larger code cache with -XX:ReservedCodeCacheSize=
#   JVM is running with Unscaled Compressed Oops mode in which the Java heap is
#     placed in the first 4GB address space. The Java Heap base address is the
#     maximum limit for the native heap growth. Please use -XX:HeapBaseMinAddress
#     to set the Java Heap base and to place the Java Heap above 4GB virtual address.
# This output file may be truncated or incomplete.
#
#  Out of Memory Error (./src/hotspot/share/memory/arena.cpp:197), pid=3688, tid=3780
#
# JRE version: OpenJDK Runtime Environment (11.0.13) (build 11.0.13+0-b1751.21-8125866)
# Java VM: OpenJDK 64-Bit Server VM (11.0.13+0-b1751.21-8125866, mixed mode, tiered, compressed oops, g1 gc, windows-amd64)
# No core dump will be written. Minidumps are not enabled by default on client versions of Windows
#

---------------  S U M M A R Y ------------

Command Line: org.jetbrains.kotlin.cli.jvm.K2JVMCompiler @C:\Users\Marko\AndroidStudioProjects\Restaurants\app\build\20221226_9912180890296435851.compiler.options

Host: Intel(R) Core(TM) i5-8250U CPU @ 1.60GHz, 8 cores, 7G,  Windows 10 , 64 bit Build 19041 (10.0.19041.2364)
Time: Mon Dec 26 19:42:42 2022 Central Europe Standard Time elapsed time: 11.060702 seconds (0d 0h 0m 11s)

---------------  T H R E A D  ---------------

Current thread (0x000001b47d0e6000):  JavaThread "C2 CompilerThread2" daemon [_thread_in_native, id=3780, stack(0x00000042faf00000,0x00000042fb000000)]


Current CompileTask:
C2:  11060 13289       4       org.jetbrains.kotlin.resolve.calls.components.ClassicTypeSystemContextForCS::typeDepth (6 bytes)

Stack: [0x00000042faf00000,0x00000042fb000000]
Native frames: (J=compiled Java code, j=interpreted, Vv=VM code, C=native code)
V  [jvm.dll+0x6100fa]
V  [jvm.dll+0x747090]
V  [jvm.dll+0x7486ad]
V  [jvm.dll+0x748d83]
V  [jvm.dll+0x24ab48]
V  [jvm.dll+0xc04dc]
V  [jvm.dll+0xc0a0c]
V  [jvm.dll+0x35eb9d]
V  [jvm.dll+0x19d9bc]
V  [jvm.dll+0x2033be]
V  [jvm.dll+0x202437]
V  [jvm.dll+0x188e01]
V  [jvm.dll+0x21106b]
V  [jvm.dll+0x20f8c1]
V  [jvm.dll+0x70de0f]
V  [jvm.dll+0x706a75]
V  [jvm.dll+0x60ed66]
C  [ucrtbase.dll+0x21bb2]
C  [KERNEL32.DLL+0x17614]
C  [ntdll.dll+0x526a1]


---------------  P R O C E S S  ---------------

Threads class SMR info:
_java_thread_list=0x000001b47cf8aee0, length=12, elements={
0x000001b46e15c800, 0x000001b47b54b800, 0x000001b47b550000, 0x000001b47bd82000,
0x000001b47bd84000, 0x000001b47bd85000, 0x000001b47bd88000, 0x000001b47bd8c000,
0x000001b47bd8d000, 0x000001b47bf4c800, 0x000001b47bf41000, 0x000001b47d0e6000
}

Java Threads: ( => current thread )
  0x000001b46e15c800 JavaThread "main" [_thread_in_Java, id=12312, stack(0x00000042f9d00000,0x00000042f9e00000)]
  0x000001b47b54b800 JavaThread "Reference Handler" daemon [_thread_blocked, id=2012, stack(0x00000042fa400000,0x00000042fa500000)]
  0x000001b47b550000 JavaThread "Finalizer" daemon [_thread_blocked, id=3004, stack(0x00000042fa500000,0x00000042fa600000)]
  0x000001b47bd82000 JavaThread "Signal Dispatcher" daemon [_thread_blocked, id=10396, stack(0x00000042fa600000,0x00000042fa700000)]
  0x000001b47bd84000 JavaThread "Attach Listener" daemon [_thread_blocked, id=10732, stack(0x00000042fa700000,0x00000042fa800000)]
  0x000001b47bd85000 JavaThread "Service Thread" daemon [_thread_blocked, id=12240, stack(0x00000042fa800000,0x00000042fa900000)]
  0x000001b47bd88000 JavaThread "C2 CompilerThread0" daemon [_thread_in_native, id=12252, stack(0x00000042fa900000,0x00000042faa00000)]
  0x000001b47bd8c000 JavaThread "C1 CompilerThread0" daemon [_thread_in_vm, id=5204, stack(0x00000042faa00000,0x00000042fab00000)]
  0x000001b47bd8d000 JavaThread "Sweeper thread" daemon [_thread_blocked, id=4112, stack(0x00000042fab00000,0x00000042fac00000)]
  0x000001b47bf4c800 JavaThread "Common-Cleaner" daemon [_thread_blocked, id=13216, stack(0x00000042fad00000,0x00000042fae00000)]
  0x000001b47bf41000 JavaThread "C2 CompilerThread1" daemon [_thread_in_native, id=8284, stack(0x00000042fae00000,0x00000042faf00000)]
=>0x000001b47d0e6000 JavaThread "C2 CompilerThread2" daemon [_thread_in_native, id=3780, stack(0x00000042faf00000,0x00000042fb000000)]

Other Threads:
  0x000001b47b534800 VMThread "VM Thread" [stack: 0x00000042fa300000,0x00000042fa400000] [id=8848]
  0x000001b47bf3e800 WatcherThread [stack: 0x00000042fac00000,0x00000042fad00000] [id=6672]
  0x000001b46e174000 GCTaskThread "GC Thread#0" [stack: 0x00000042f9e00000,0x00000042f9f00000] [id=5140]
  0x000001b47c333000 GCTaskThread "GC Thread#1" [stack: 0x00000042fb000000,0x00000042fb100000] [id=10000]
  0x000001b47c333800 GCTaskThread "GC Thread#2" [stack: 0x00000042fb100000,0x00000042fb200000] [id=6400]
  0x000001b410fe1000 GCTaskThread "GC Thread#3" [stack: 0x00000042fb300000,0x00000042fb400000] [id=5884]
  0x000001b46e1a5000 ConcurrentGCThread "G1 Main Marker" [stack: 0x00000042f9f00000,0x00000042fa000000] [id=12368]
  0x000001b46e1a7000 ConcurrentGCThread "G1 Conc#0" [stack: 0x00000042fa000000,0x00000042fa100000] [id=12992]
  0x000001b47cec5800 ConcurrentGCThread "G1 Conc#1" [stack: 0x00000042fb200000,0x00000042fb300000] [id=9492]
  0x000001b46e23e800 ConcurrentGCThread "G1 Refine#0" [stack: 0x00000042fa100000,0x00000042fa200000] [id=7792]
  0x000001b47b39f000 ConcurrentGCThread "G1 Young RemSet Sampling" [stack: 0x00000042fa200000,0x00000042fa300000] [id=3336]

Threads with active compile tasks:
C2 CompilerThread0  11080 13423       4       org.jetbrains.kotlin.backend.common.lower.matchers.IrFunctionMatcherContainer::add (21 bytes)
C1 CompilerThread0  11080 13637       3       org.jetbrains.kotlin.backend.jvm.lower.InterfaceObjectCallsLowering::visitCall (209 bytes)
C2 CompilerThread1  11080 13290       4       org.jetbrains.kotlin.types.model.TypeSystemCommonSuperTypesContext$DefaultImpls::typeDepth (104 bytes)
C2 CompilerThread2  11080 13289       4       org.jetbrains.kotlin.resolve.calls.components.ClassicTypeSystemContextForCS::typeDepth (6 bytes)

VM state:not at safepoint (normal execution)

VM Mutex/Monitor currently owned by a thread: None

Heap address: 0x0000000081600000, size: 2026 MB, Compressed Oops mode: 32-bit
Narrow klass base: 0x0000000000000000, Narrow klass shift: 3
Compressed class space size: 1073741824 Address: 0x0000000100000000

Heap:
 garbage-first heap   total 201728K, used 96616K [0x0000000081600000, 0x0000000100000000)
  region size 1024K, 26 young (26624K), 7 survivors (7168K)
 Metaspace       used 85573K, capacity 86578K, committed 86744K, reserved 1126400K
  class space    used 9227K, capacity 9622K, committed 9728K, reserved 1048576K
Heap Regions: E=young(eden), S=young(survivor), O=old, HS=humongous(starts), HC=humongous(continues), CS=collection set, F=free, A=archive, TAMS=top-at-mark-start (previous, next)
|   0|0x0000000081600000, 0x0000000081700000, 0x0000000081700000|100%|HS|  |TAMS 0x0000000081700000, 0x0000000081600000| Complete 
|   1|0x0000000081700000, 0x0000000081800000, 0x0000000081800000|100%|HC|  |TAMS 0x0000000081800000, 0x0000000081700000| Complete 
|   2|0x0000000081800000, 0x0000000081900000, 0x0000000081900000|100%|HC|  |TAMS 0x0000000081900000, 0x0000000081800000| Complete 
|   3|0x0000000081900000, 0x0000000081a00000, 0x0000000081a00000|100%|HC|  |TAMS 0x0000000081a00000, 0x0000000081900000| Complete 
|   4|0x0000000081a00000, 0x0000000081b00000, 0x0000000081b00000|100%| O|  |TAMS 0x0000000081b00000, 0x0000000081a00000| Untracked 
|   5|0x0000000081b00000, 0x0000000081c00000, 0x0000000081c00000|100%| O|  |TAMS 0x0000000081c00000, 0x0000000081b00000| Untracked 
|   6|0x0000000081c00000, 0x0000000081d00000, 0x0000000081d00000|100%|HS|  |TAMS 0x0000000081d00000, 0x0000000081c00000| Complete 
|   7|0x0000000081d00000, 0x0000000081e00000, 0x0000000081e00000|100%|HC|  |TAMS 0x0000000081e00000, 0x0000000081d00000| Complete 
|   8|0x0000000081e00000, 0x0000000081f00000, 0x0000000081f00000|100%|HC|  |TAMS 0x0000000081f00000, 0x0000000081e00000| Complete 
|   9|0x0000000081f00000, 0x0000000082000000, 0x0000000082000000|100%|HC|  |TAMS 0x0000000082000000, 0x0000000081f00000| Complete 
|  10|0x0000000082000000, 0x0000000082100000, 0x0000000082100000|100%|HS|  |TAMS 0x0000000082100000, 0x0000000082000000| Complete 
|  11|0x0000000082100000, 0x0000000082200000, 0x0000000082200000|100%|HC|  |TAMS 0x0000000082200000, 0x0000000082100000| Complete 
|  12|0x0000000082200000, 0x0000000082300000, 0x0000000082300000|100%| O|  |TAMS 0x0000000082300000, 0x0000000082200000| Untracked 
|  13|0x0000000082300000, 0x0000000082400000, 0x0000000082400000|100%| O|  |TAMS 0x0000000082400000, 0x0000000082300000| Untracked 
|  14|0x0000000082400000, 0x0000000082500000, 0x0000000082500000|100%| O|  |TAMS 0x0000000082500000, 0x0000000082400000| Untracked 
|  15|0x0000000082500000, 0x0000000082600000, 0x0000000082600000|100%| O|  |TAMS 0x0000000082600000, 0x0000000082500000| Untracked 
|  16|0x0000000082600000, 0x0000000082700000, 0x0000000082700000|100%| O|  |TAMS 0x0000000082700000, 0x0000000082600000| Untracked 
|  17|0x0000000082700000, 0x0000000082800000, 0x0000000082800000|100%| O|  |TAMS 0x0000000082800000, 0x0000000082700000| Untracked 
|  18|0x0000000082800000, 0x0000000082900000, 0x0000000082900000|100%| O|  |TAMS 0x0000000082900000, 0x0000000082800000| Untracked 
|  19|0x0000000082900000, 0x0000000082a00000, 0x0000000082a00000|100%| O|  |TAMS 0x0000000082a00000, 0x0000000082900000| Untracked 
|  20|0x0000000082a00000, 0x0000000082b00000, 0x0000000082b00000|100%| O|  |TAMS 0x0000000082b00000, 0x0000000082a00000| Untracked 
|  21|0x0000000082b00000, 0x0000000082c00000, 0x0000000082c00000|100%| O|  |TAMS 0x0000000082c00000, 0x0000000082b00000| Untracked 
|  22|0x0000000082c00000, 0x0000000082d00000, 0x0000000082d00000|100%| O|  |TAMS 0x0000000082d00000, 0x0000000082c00000| Untracked 
|  23|0x0000000082d00000, 0x0000000082e00000, 0x0000000082e00000|100%| O|  |TAMS 0x0000000082e00000, 0x0000000082d00000| Untracked 
|  24|0x0000000082e00000, 0x0000000082f00000, 0x0000000082f00000|100%| O|  |TAMS 0x0000000082f00000, 0x0000000082e00000| Untracked 
|  25|0x0000000082f00000, 0x0000000083000000, 0x0000000083000000|100%| O|  |TAMS 0x0000000083000000, 0x0000000082f00000| Untracked 
|  26|0x0000000083000000, 0x0000000083100000, 0x0000000083100000|100%| O|  |TAMS 0x0000000083100000, 0x0000000083000000| Untracked 
|  27|0x0000000083100000, 0x0000000083200000, 0x0000000083200000|100%| O|  |TAMS 0x0000000083200000, 0x0000000083100000| Untracked 
|  28|0x0000000083200000, 0x0000000083300000, 0x0000000083300000|100%| O|  |TAMS 0x0000000083300000, 0x0000000083200000| Untracked 
|  29|0x0000000083300000, 0x0000000083400000, 0x0000000083400000|100%| O|  |TAMS 0x0000000083400000, 0x0000000083300000| Untracked 
|  30|0x0000000083400000, 0x0000000083500000, 0x0000000083500000|100%| O|  |TAMS 0x0000000083500000, 0x0000000083400000| Untracked 
|  31|0x0000000083500000, 0x0000000083600000, 0x0000000083600000|100%| O|  |TAMS 0x0000000083600000, 0x0000000083500000| Untracked 
|  32|0x0000000083600000, 0x0000000083700000, 0x0000000083700000|100%| O|  |TAMS 0x0000000083700000, 0x0000000083600000| Untracked 
|  33|0x0000000083700000, 0x0000000083800000, 0x0000000083800000|100%| O|  |TAMS 0x0000000083800000, 0x0000000083700000| Untracked 
|  34|0x0000000083800000, 0x0000000083900000, 0x0000000083900000|100%| O|  |TAMS 0x0000000083900000, 0x0000000083800000| Untracked 
|  35|0x0000000083900000, 0x0000000083a00000, 0x0000000083a00000|100%| O|  |TAMS 0x0000000083a00000, 0x0000000083900000| Untracked 
|  36|0x0000000083a00000, 0x0000000083b00000, 0x0000000083b00000|100%| O|  |TAMS 0x0000000083ae0800, 0x0000000083a00000| Untracked 
|  37|0x0000000083b00000, 0x0000000083c00000, 0x0000000083c00000|100%| O|  |TAMS 0x0000000083b00000, 0x0000000083b00000| Untracked 
|  38|0x0000000083c00000, 0x0000000083d00000, 0x0000000083d00000|100%| O|  |TAMS 0x0000000083c00000, 0x0000000083c00000| Untracked 
|  39|0x0000000083d00000, 0x0000000083e00000, 0x0000000083e00000|100%| O|  |TAMS 0x0000000083d00000, 0x0000000083d00000| Untracked 
|  40|0x0000000083e00000, 0x0000000083f00000, 0x0000000083f00000|100%| O|  |TAMS 0x0000000083e00000, 0x0000000083e00000| Untracked 
|  41|0x0000000083f00000, 0x0000000084000000, 0x0000000084000000|100%| O|  |TAMS 0x0000000083f00000, 0x0000000083f00000| Untracked 
|  42|0x0000000084000000, 0x0000000084100000, 0x0000000084100000|100%| O|  |TAMS 0x0000000084000000, 0x0000000084000000| Untracked 
|  43|0x0000000084100000, 0x0000000084200000, 0x0000000084200000|100%| O|  |TAMS 0x0000000084100000, 0x0000000084100000| Untracked 
|  44|0x0000000084200000, 0x0000000084300000, 0x0000000084300000|100%| O|  |TAMS 0x0000000084200000, 0x0000000084200000| Untracked 
|  45|0x0000000084300000, 0x0000000084400000, 0x0000000084400000|100%| O|  |TAMS 0x0000000084300000, 0x0000000084300000| Untracked 
|  46|0x0000000084400000, 0x0000000084500000, 0x0000000084500000|100%| O|  |TAMS 0x0000000084400000, 0x0000000084400000| Untracked 
|  47|0x0000000084500000, 0x0000000084600000, 0x0000000084600000|100%| O|  |TAMS 0x0000000084500000, 0x0000000084500000| Untracked 
|  48|0x0000000084600000, 0x0000000084700000, 0x0000000084700000|100%| O|  |TAMS 0x0000000084600000, 0x0000000084600000| Untracked 
|  49|0x0000000084700000, 0x0000000084800000, 0x0000000084800000|100%| O|  |TAMS 0x0000000084700000, 0x0000000084700000| Untracked 
|  50|0x0000000084800000, 0x0000000084900000, 0x0000000084900000|100%| O|  |TAMS 0x0000000084800000, 0x0000000084800000| Untracked 
|  51|0x0000000084900000, 0x0000000084a00000, 0x0000000084a00000|100%| O|  |TAMS 0x0000000084900000, 0x0000000084900000| Untracked 
|  52|0x0000000084a00000, 0x0000000084b00000, 0x0000000084b00000|100%| O|  |TAMS 0x0000000084a00000, 0x0000000084a00000| Untracked 
|  53|0x0000000084b00000, 0x0000000084c00000, 0x0000000084c00000|100%| O|  |TAMS 0x0000000084b00000, 0x0000000084b00000| Untracked 
|  54|0x0000000084c00000, 0x0000000084d00000, 0x0000000084d00000|100%| O|  |TAMS 0x0000000084c00000, 0x0000000084c00000| Untracked 
|  55|0x0000000084d00000, 0x0000000084e00000, 0x0000000084e00000|100%| O|  |TAMS 0x0000000084d00000, 0x0000000084d00000| Untracked 
|  56|0x0000000084e00000, 0x0000000084f00000, 0x0000000084f00000|100%| O|  |TAMS 0x0000000084e00000, 0x0000000084e00000| Untracked 
|  57|0x0000000084f00000, 0x0000000085000000, 0x0000000085000000|100%| O|  |TAMS 0x0000000084f00000, 0x0000000084f00000| Untracked 
|  58|0x0000000085000000, 0x0000000085100000, 0x0000000085100000|100%| O|  |TAMS 0x0000000085000000, 0x0000000085000000| Untracked 
|  59|0x0000000085100000, 0x0000000085200000, 0x0000000085200000|100%| O|  |TAMS 0x0000000085100000, 0x0000000085100000| Untracked 
|  60|0x0000000085200000, 0x0000000085300000, 0x0000000085300000|100%| O|  |TAMS 0x0000000085200000, 0x0000000085200000| Untracked 
|  61|0x0000000085300000, 0x0000000085400000, 0x0000000085400000|100%| O|  |TAMS 0x0000000085300000, 0x0000000085300000| Untracked 
|  62|0x0000000085400000, 0x0000000085500000, 0x0000000085500000|100%| O|  |TAMS 0x0000000085400000, 0x0000000085400000| Untracked 
|  63|0x0000000085500000, 0x0000000085600000, 0x0000000085600000|100%| O|  |TAMS 0x0000000085500000, 0x0000000085500000| Untracked 
|  64|0x0000000085600000, 0x0000000085700000, 0x0000000085700000|100%| O|  |TAMS 0x0000000085600000, 0x0000000085600000| Untracked 
|  65|0x0000000085700000, 0x0000000085800000, 0x0000000085800000|100%| O|  |TAMS 0x0000000085700000, 0x0000000085700000| Untracked 
|  66|0x0000000085800000, 0x0000000085900000, 0x0000000085900000|100%| O|  |TAMS 0x0000000085800000, 0x0000000085800000| Untracked 
|  67|0x0000000085900000, 0x0000000085a00000, 0x0000000085a00000|100%| O|  |TAMS 0x0000000085900000, 0x0000000085900000| Untracked 
|  68|0x0000000085a00000, 0x0000000085b00000, 0x0000000085b00000|100%| O|  |TAMS 0x0000000085a00000, 0x0000000085a00000| Untracked 
|  69|0x0000000085b00000, 0x0000000085b5a000, 0x0000000085c00000| 35%| O|  |TAMS 0x0000000085b00000, 0x0000000085b00000| Untracked 
|  70|0x0000000085c00000, 0x0000000085c00000, 0x0000000085d00000|  0%| F|  |TAMS 0x0000000085c00000, 0x0000000085c00000| Untracked 
|  71|0x0000000085d00000, 0x0000000085d00000, 0x0000000085e00000|  0%| F|  |TAMS 0x0000000085d00000, 0x0000000085d00000| Untracked 
|  72|0x0000000085e00000, 0x0000000085e00000, 0x0000000085f00000|  0%| F|  |TAMS 0x0000000085e00000, 0x0000000085e00000| Untracked 
|  73|0x0000000085f00000, 0x0000000085f00000, 0x0000000086000000|  0%| F|  |TAMS 0x0000000085f00000, 0x0000000085f00000| Untracked 
|  74|0x0000000086000000, 0x0000000086000000, 0x0000000086100000|  0%| F|  |TAMS 0x0000000086000000, 0x0000000086000000| Untracked 
|  75|0x0000000086100000, 0x0000000086100000, 0x0000000086200000|  0%| F|  |TAMS 0x0000000086100000, 0x0000000086100000| Untracked 
|  76|0x0000000086200000, 0x0000000086200000, 0x0000000086300000|  0%| F|  |TAMS 0x0000000086200000, 0x0000000086200000| Untracked 
|  77|0x0000000086300000, 0x0000000086300000, 0x0000000086400000|  0%| F|  |TAMS 0x0000000086300000, 0x0000000086300000| Untracked 
|  78|0x0000000086400000, 0x0000000086400000, 0x0000000086500000|  0%| F|  |TAMS 0x0000000086400000, 0x0000000086400000| Untracked 
|  79|0x0000000086500000, 0x0000000086500000, 0x0000000086600000|  0%| F|  |TAMS 0x0000000086500000, 0x0000000086500000| Untracked 
|  80|0x0000000086600000, 0x0000000086600000, 0x0000000086700000|  0%| F|  |TAMS 0x0000000086600000, 0x0000000086600000| Untracked 
|  81|0x0000000086700000, 0x0000000086700000, 0x0000000086800000|  0%| F|  |TAMS 0x0000000086700000, 0x0000000086700000| Untracked 
|  82|0x0000000086800000, 0x0000000086800000, 0x0000000086900000|  0%| F|  |TAMS 0x0000000086800000, 0x0000000086800000| Untracked 
|  83|0x0000000086900000, 0x0000000086900000, 0x0000000086a00000|  0%| F|  |TAMS 0x0000000086900000, 0x0000000086900000| Untracked 
|  84|0x0000000086a00000, 0x0000000086a00000, 0x0000000086b00000|  0%| F|  |TAMS 0x0000000086a00000, 0x0000000086a00000| Untracked 
|  85|0x0000000086b00000, 0x0000000086b00000, 0x0000000086c00000|  0%| F|  |TAMS 0x0000000086b00000, 0x0000000086b00000| Untracked 
|  86|0x0000000086c00000, 0x0000000086c00000, 0x0000000086d00000|  0%| F|  |TAMS 0x0000000086c00000, 0x0000000086c00000| Untracked 
|  87|0x0000000086d00000, 0x0000000086d00000, 0x0000000086e00000|  0%| F|  |TAMS 0x0000000086d00000, 0x0000000086d00000| Untracked 
|  88|0x0000000086e00000, 0x0000000086e00000, 0x0000000086f00000|  0%| F|  |TAMS 0x0000000086e00000, 0x0000000086e00000| Untracked 
|  89|0x0000000086f00000, 0x0000000086f00000, 0x0000000087000000|  0%| F|  |TAMS 0x0000000086f00000, 0x0000000086f00000| Untracked 
|  90|0x0000000087000000, 0x0000000087000000, 0x0000000087100000|  0%| F|  |TAMS 0x0000000087000000, 0x0000000087000000| Untracked 
|  91|0x0000000087100000, 0x0000000087100000, 0x0000000087200000|  0%| F|  |TAMS 0x0000000087100000, 0x0000000087100000| Untracked 
|  92|0x0000000087200000, 0x0000000087200000, 0x0000000087300000|  0%| F|  |TAMS 0x0000000087200000, 0x0000000087200000| Untracked 
|  93|0x0000000087300000, 0x0000000087300000, 0x0000000087400000|  0%| F|  |TAMS 0x0000000087300000, 0x0000000087300000| Untracked 
|  94|0x0000000087400000, 0x0000000087400000, 0x0000000087500000|  0%| F|  |TAMS 0x0000000087400000, 0x0000000087400000| Untracked 
|  95|0x0000000087500000, 0x0000000087500000, 0x0000000087600000|  0%| F|  |TAMS 0x0000000087500000, 0x0000000087500000| Untracked 
|  96|0x0000000087600000, 0x0000000087600000, 0x0000000087700000|  0%| F|  |TAMS 0x0000000087600000, 0x0000000087600000| Untracked 
|  97|0x0000000087700000, 0x0000000087700000, 0x0000000087800000|  0%| F|  |TAMS 0x0000000087700000, 0x0000000087700000| Untracked 
|  98|0x0000000087800000, 0x0000000087800000, 0x0000000087900000|  0%| F|  |TAMS 0x0000000087800000, 0x0000000087800000| Untracked 
|  99|0x0000000087900000, 0x0000000087900000, 0x0000000087a00000|  0%| F|  |TAMS 0x0000000087900000, 0x0000000087900000| Untracked 
| 100|0x0000000087a00000, 0x0000000087a00000, 0x0000000087b00000|  0%| F|  |TAMS 0x0000000087a00000, 0x0000000087a00000| Untracked 
| 101|0x0000000087b00000, 0x0000000087b00000, 0x0000000087c00000|  0%| F|  |TAMS 0x0000000087b00000, 0x0000000087b00000| Untracked 
| 102|0x0000000087c00000, 0x0000000087c00000, 0x0000000087d00000|  0%| F|  |TAMS 0x0000000087c00000, 0x0000000087c00000| Untracked 
| 103|0x0000000087d00000, 0x0000000087d00000, 0x0000000087e00000|  0%| F|  |TAMS 0x0000000087d00000, 0x0000000087d00000| Untracked 
| 104|0x0000000087e00000, 0x0000000087e00000, 0x0000000087f00000|  0%| F|  |TAMS 0x0000000087e00000, 0x0000000087e00000| Untracked 
| 105|0x0000000087f00000, 0x0000000087f00000, 0x0000000088000000|  0%| F|  |TAMS 0x0000000087f00000, 0x0000000087f00000| Untracked 
| 106|0x0000000088000000, 0x0000000088000000, 0x0000000088100000|  0%| F|  |TAMS 0x0000000088000000, 0x0000000088000000| Untracked 
| 107|0x0000000088100000, 0x0000000088100000, 0x0000000088200000|  0%| F|  |TAMS 0x0000000088100000, 0x0000000088100000| Untracked 
| 108|0x0000000088200000, 0x0000000088300000, 0x0000000088300000|100%| S|CS|TAMS 0x0000000088200000, 0x0000000088200000| Complete 
| 109|0x0000000088300000, 0x0000000088400000, 0x0000000088400000|100%| S|CS|TAMS 0x0000000088300000, 0x0000000088300000| Complete 
| 110|0x0000000088400000, 0x0000000088500000, 0x0000000088500000|100%| S|CS|TAMS 0x0000000088400000, 0x0000000088400000| Complete 
| 111|0x0000000088500000, 0x0000000088600000, 0x0000000088600000|100%| S|CS|TAMS 0x0000000088500000, 0x0000000088500000| Complete 
| 112|0x0000000088600000, 0x0000000088700000, 0x0000000088700000|100%| S|CS|TAMS 0x0000000088600000, 0x0000000088600000| Complete 
| 113|0x0000000088700000, 0x0000000088800000, 0x0000000088800000|100%| S|CS|TAMS 0x0000000088700000, 0x0000000088700000| Complete 
| 114|0x0000000088800000, 0x0000000088900000, 0x0000000088900000|100%| S|CS|TAMS 0x0000000088800000, 0x0000000088800000| Complete 
| 115|0x0000000088900000, 0x0000000088900000, 0x0000000088a00000|  0%| F|  |TAMS 0x0000000088900000, 0x0000000088900000| Untracked 
| 116|0x0000000088a00000, 0x0000000088a00000, 0x0000000088b00000|  0%| F|  |TAMS 0x0000000088a00000, 0x0000000088a00000| Untracked 
| 117|0x0000000088b00000, 0x0000000088b00000, 0x0000000088c00000|  0%| F|  |TAMS 0x0000000088b00000, 0x0000000088b00000| Untracked 
| 118|0x0000000088c00000, 0x0000000088c00000, 0x0000000088d00000|  0%| F|  |TAMS 0x0000000088c00000, 0x0000000088c00000| Untracked 
| 119|0x0000000088d00000, 0x0000000088d00000, 0x0000000088e00000|  0%| F|  |TAMS 0x0000000088d00000, 0x0000000088d00000| Untracked 
| 120|0x0000000088e00000, 0x0000000088e00000, 0x0000000088f00000|  0%| F|  |TAMS 0x0000000088e00000, 0x0000000088e00000| Untracked 
| 121|0x0000000088f00000, 0x0000000088f00000, 0x0000000089000000|  0%| F|  |TAMS 0x0000000088f00000, 0x0000000088f00000| Untracked 
| 122|0x0000000089000000, 0x0000000089000000, 0x0000000089100000|  0%| F|  |TAMS 0x0000000089000000, 0x0000000089000000| Untracked 
| 123|0x0000000089100000, 0x0000000089100000, 0x0000000089200000|  0%| F|  |TAMS 0x0000000089100000, 0x0000000089100000| Untracked 
| 124|0x0000000089200000, 0x0000000089200000, 0x0000000089300000|  0%| F|  |TAMS 0x0000000089200000, 0x0000000089200000| Untracked 
| 125|0x0000000089300000, 0x0000000089300000, 0x0000000089400000|  0%| F|  |TAMS 0x0000000089300000, 0x0000000089300000| Untracked 
| 126|0x0000000089400000, 0x0000000089400000, 0x0000000089500000|  0%| F|  |TAMS 0x0000000089400000, 0x0000000089400000| Untracked 
| 127|0x0000000089500000, 0x0000000089500000, 0x0000000089600000|  0%| F|  |TAMS 0x0000000089500000, 0x0000000089500000| Untracked 
| 128|0x0000000089600000, 0x0000000089600000, 0x0000000089700000|  0%| F|  |TAMS 0x0000000089600000, 0x0000000089600000| Untracked 
| 129|0x0000000089700000, 0x0000000089700000, 0x0000000089800000|  0%| F|  |TAMS 0x0000000089700000, 0x0000000089700000| Untracked 
| 130|0x0000000089800000, 0x0000000089800000, 0x0000000089900000|  0%| F|  |TAMS 0x0000000089800000, 0x0000000089800000| Untracked 
| 131|0x0000000089900000, 0x0000000089900000, 0x0000000089a00000|  0%| F|  |TAMS 0x0000000089900000, 0x0000000089900000| Untracked 
| 132|0x0000000089a00000, 0x0000000089a00000, 0x0000000089b00000|  0%| F|  |TAMS 0x0000000089a00000, 0x0000000089a00000| Untracked 
| 133|0x0000000089b00000, 0x0000000089b00000, 0x0000000089c00000|  0%| F|  |TAMS 0x0000000089b00000, 0x0000000089b00000| Untracked 
| 134|0x0000000089c00000, 0x0000000089c00000, 0x0000000089d00000|  0%| F|  |TAMS 0x0000000089c00000, 0x0000000089c00000| Untracked 
| 135|0x0000000089d00000, 0x0000000089d00000, 0x0000000089e00000|  0%| F|  |TAMS 0x0000000089d00000, 0x0000000089d00000| Untracked 
| 136|0x0000000089e00000, 0x0000000089e00000, 0x0000000089f00000|  0%| F|  |TAMS 0x0000000089e00000, 0x0000000089e00000| Untracked 
| 137|0x0000000089f00000, 0x0000000089f00000, 0x000000008a000000|  0%| F|  |TAMS 0x0000000089f00000, 0x0000000089f00000| Untracked 
| 138|0x000000008a000000, 0x000000008a000000, 0x000000008a100000|  0%| F|  |TAMS 0x000000008a000000, 0x000000008a000000| Untracked 
| 139|0x000000008a100000, 0x000000008a100000, 0x000000008a200000|  0%| F|  |TAMS 0x000000008a100000, 0x000000008a100000| Untracked 
| 140|0x000000008a200000, 0x000000008a200000, 0x000000008a300000|  0%| F|  |TAMS 0x000000008a200000, 0x000000008a200000| Untracked 
| 141|0x000000008a300000, 0x000000008a300000, 0x000000008a400000|  0%| F|  |TAMS 0x000000008a300000, 0x000000008a300000| Untracked 
| 142|0x000000008a400000, 0x000000008a400000, 0x000000008a500000|  0%| F|  |TAMS 0x000000008a400000, 0x000000008a400000| Untracked 
| 143|0x000000008a500000, 0x000000008a500000, 0x000000008a600000|  0%| F|  |TAMS 0x000000008a500000, 0x000000008a500000| Untracked 
| 144|0x000000008a600000, 0x000000008a600000, 0x000000008a700000|  0%| F|  |TAMS 0x000000008a600000, 0x000000008a600000| Untracked 
| 145|0x000000008a700000, 0x000000008a700000, 0x000000008a800000|  0%| F|  |TAMS 0x000000008a700000, 0x000000008a700000| Untracked 
| 146|0x000000008a800000, 0x000000008a800000, 0x000000008a900000|  0%| F|  |TAMS 0x000000008a800000, 0x000000008a800000| Untracked 
| 147|0x000000008a900000, 0x000000008a900000, 0x000000008aa00000|  0%| F|  |TAMS 0x000000008a900000, 0x000000008a900000| Untracked 
| 148|0x000000008aa00000, 0x000000008aa00000, 0x000000008ab00000|  0%| F|  |TAMS 0x000000008aa00000, 0x000000008aa00000| Untracked 
| 149|0x000000008ab00000, 0x000000008ab00000, 0x000000008ac00000|  0%| F|  |TAMS 0x000000008ab00000, 0x000000008ab00000| Untracked 
| 150|0x000000008ac00000, 0x000000008ac00000, 0x000000008ad00000|  0%| F|  |TAMS 0x000000008ac00000, 0x000000008ac00000| Untracked 
| 151|0x000000008ad00000, 0x000000008ad00000, 0x000000008ae00000|  0%| F|  |TAMS 0x000000008ad00000, 0x000000008ad00000| Untracked 
| 152|0x000000008ae00000, 0x000000008ae00000, 0x000000008af00000|  0%| F|  |TAMS 0x000000008ae00000, 0x000000008ae00000| Untracked 
| 153|0x000000008af00000, 0x000000008af00000, 0x000000008b000000|  0%| F|  |TAMS 0x000000008af00000, 0x000000008af00000| Untracked 
| 154|0x000000008b000000, 0x000000008b000000, 0x000000008b100000|  0%| F|  |TAMS 0x000000008b000000, 0x000000008b000000| Untracked 
| 155|0x000000008b100000, 0x000000008b100000, 0x000000008b200000|  0%| F|  |TAMS 0x000000008b100000, 0x000000008b100000| Untracked 
| 156|0x000000008b200000, 0x000000008b200000, 0x000000008b300000|  0%| F|  |TAMS 0x000000008b200000, 0x000000008b200000| Untracked 
| 157|0x000000008b300000, 0x000000008b300000, 0x000000008b400000|  0%| F|  |TAMS 0x000000008b300000, 0x000000008b300000| Untracked 
| 158|0x000000008b400000, 0x000000008b400000, 0x000000008b500000|  0%| F|  |TAMS 0x000000008b400000, 0x000000008b400000| Untracked 
| 159|0x000000008b500000, 0x000000008b500000, 0x000000008b600000|  0%| F|  |TAMS 0x000000008b500000, 0x000000008b500000| Untracked 
| 160|0x000000008b600000, 0x000000008b600000, 0x000000008b700000|  0%| F|  |TAMS 0x000000008b600000, 0x000000008b600000| Untracked 
| 161|0x000000008b700000, 0x000000008b700000, 0x000000008b800000|  0%| F|  |TAMS 0x000000008b700000, 0x000000008b700000| Untracked 
| 162|0x000000008b800000, 0x000000008b800000, 0x000000008b900000|  0%| F|  |TAMS 0x000000008b800000, 0x000000008b800000| Untracked 
| 163|0x000000008b900000, 0x000000008b900000, 0x000000008ba00000|  0%| F|  |TAMS 0x000000008b900000, 0x000000008b900000| Untracked 
| 164|0x000000008ba00000, 0x000000008ba00000, 0x000000008bb00000|  0%| F|  |TAMS 0x000000008ba00000, 0x000000008ba00000| Untracked 
| 165|0x000000008bb00000, 0x000000008bb00000, 0x000000008bc00000|  0%| F|  |TAMS 0x000000008bb00000, 0x000000008bb00000| Untracked 
| 166|0x000000008bc00000, 0x000000008bc00000, 0x000000008bd00000|  0%| F|  |TAMS 0x000000008bc00000, 0x000000008bc00000| Untracked 
| 167|0x000000008bd00000, 0x000000008bd00000, 0x000000008be00000|  0%| F|  |TAMS 0x000000008bd00000, 0x000000008bd00000| Untracked 
| 168|0x000000008be00000, 0x000000008be00000, 0x000000008bf00000|  0%| F|  |TAMS 0x000000008be00000, 0x000000008be00000| Untracked 
| 169|0x000000008bf00000, 0x000000008bf00000, 0x000000008c000000|  0%| F|  |TAMS 0x000000008bf00000, 0x000000008bf00000| Untracked 
| 170|0x000000008c000000, 0x000000008c000000, 0x000000008c100000|  0%| F|  |TAMS 0x000000008c000000, 0x000000008c000000| Untracked 
| 171|0x000000008c100000, 0x000000008c100000, 0x000000008c200000|  0%| F|  |TAMS 0x000000008c100000, 0x000000008c100000| Untracked 
| 172|0x000000008c200000, 0x000000008c200000, 0x000000008c300000|  0%| F|  |TAMS 0x000000008c200000, 0x000000008c200000| Untracked 
| 173|0x000000008c300000, 0x000000008c300000, 0x000000008c400000|  0%| F|  |TAMS 0x000000008c300000, 0x000000008c300000| Untracked 
| 174|0x000000008c400000, 0x000000008c400000, 0x000000008c500000|  0%| F|  |TAMS 0x000000008c400000, 0x000000008c400000| Untracked 
| 175|0x000000008c500000, 0x000000008c500000, 0x000000008c600000|  0%| F|  |TAMS 0x000000008c500000, 0x000000008c500000| Untracked 
| 176|0x000000008c600000, 0x000000008c600000, 0x000000008c700000|  0%| F|  |TAMS 0x000000008c600000, 0x000000008c600000| Untracked 
| 177|0x000000008c700000, 0x000000008c780800, 0x000000008c800000| 50%| E|  |TAMS 0x000000008c700000, 0x000000008c700000| Complete 
| 178|0x000000008c800000, 0x000000008c900000, 0x000000008c900000|100%| E|CS|TAMS 0x000000008c800000, 0x000000008c800000| Complete 
| 179|0x000000008c900000, 0x000000008ca00000, 0x000000008ca00000|100%| E|CS|TAMS 0x000000008c900000, 0x000000008c900000| Complete 
| 180|0x000000008ca00000, 0x000000008cb00000, 0x000000008cb00000|100%| E|CS|TAMS 0x000000008ca00000, 0x000000008ca00000| Complete 
| 181|0x000000008cb00000, 0x000000008cc00000, 0x000000008cc00000|100%| E|CS|TAMS 0x000000008cb00000, 0x000000008cb00000| Complete 
| 182|0x000000008cc00000, 0x000000008cd00000, 0x000000008cd00000|100%| E|CS|TAMS 0x000000008cc00000, 0x000000008cc00000| Complete 
| 183|0x000000008cd00000, 0x000000008ce00000, 0x000000008ce00000|100%| E|CS|TAMS 0x000000008cd00000, 0x000000008cd00000| Complete 
| 184|0x000000008ce00000, 0x000000008cf00000, 0x000000008cf00000|100%| E|CS|TAMS 0x000000008ce00000, 0x000000008ce00000| Complete 
| 185|0x000000008cf00000, 0x000000008d000000, 0x000000008d000000|100%| E|CS|TAMS 0x000000008cf00000, 0x000000008cf00000| Complete 
| 186|0x000000008d000000, 0x000000008d100000, 0x000000008d100000|100%| E|CS|TAMS 0x000000008d000000, 0x000000008d000000| Complete 
| 187|0x000000008d100000, 0x000000008d200000, 0x000000008d200000|100%| E|CS|TAMS 0x000000008d100000, 0x000000008d100000| Complete 
| 188|0x000000008d200000, 0x000000008d300000, 0x000000008d300000|100%| E|CS|TAMS 0x000000008d200000, 0x000000008d200000| Complete 
| 189|0x000000008d300000, 0x000000008d400000, 0x000000008d400000|100%| E|CS|TAMS 0x000000008d300000, 0x000000008d300000| Complete 
| 190|0x000000008d400000, 0x000000008d500000, 0x000000008d500000|100%| E|CS|TAMS 0x000000008d400000, 0x000000008d400000| Complete 
| 191|0x000000008d500000, 0x000000008d600000, 0x000000008d600000|100%| E|CS|TAMS 0x000000008d500000, 0x000000008d500000| Complete 
| 192|0x000000008d600000, 0x000000008d700000, 0x000000008d700000|100%| E|CS|TAMS 0x000000008d600000, 0x000000008d600000| Complete 
| 193|0x000000008d700000, 0x000000008d800000, 0x000000008d800000|100%| E|CS|TAMS 0x000000008d700000, 0x000000008d700000| Complete 
| 194|0x000000008d800000, 0x000000008d900000, 0x000000008d900000|100%| E|CS|TAMS 0x000000008d800000, 0x000000008d800000| Complete 
| 195|0x000000008d900000, 0x000000008da00000, 0x000000008da00000|100%| E|CS|TAMS 0x000000008d900000, 0x000000008d900000| Complete 
| 196|0x000000008da00000, 0x000000008db00000, 0x000000008db00000|100%| E|CS|TAMS 0x000000008da00000, 0x000000008da00000| Complete 

Card table byte_map: [0x000001b4742f0000,0x000001b4746f0000] _byte_map_base: 0x000001b473ee5000

Marking Bits (Prev, Next): (CMBitMap*) 0x000001b46e19c6b0, (CMBitMap*) 0x000001b46e19c678
 Prev Bits: [0x000001b476aa0000, 0x000001b478a48000)
 Next Bits: [0x000001b474af0000, 0x000001b476a98000)

Polling page: 0x000001b46e240000

Metaspace:

Usage:
  Non-class:     75.15 MB capacity,    74.57 MB (>99%) used,   456.95 KB ( <1%) free+waste,   141.06 KB ( <1%) overhead. 
      Class:      9.40 MB capacity,     9.01 MB ( 96%) used,   335.86 KB (  3%) free+waste,    59.13 KB ( <1%) overhead. 
       Both:     84.55 MB capacity,    83.58 MB ( 99%) used,   792.80 KB ( <1%) free+waste,   200.19 KB ( <1%) overhead. 

Virtual space:
  Non-class space:       76.00 MB reserved,      75.21 MB ( 99%) committed 
      Class space:        1.00 GB reserved,       9.50 MB ( <1%) committed 
             Both:        1.07 GB reserved,      84.71 MB (  8%) committed 

Chunk freelists:
   Non-Class:  60.00 KB
       Class:  10.00 KB
        Both:  70.00 KB

MaxMetaspaceSize: 17179869184.00 GB
CompressedClassSpaceSize: 1.00 GB
Initial GC threshold: 20.80 MB
Current GC threshold: 97.64 MB
CDS: off

CodeHeap 'non-profiled nmethods': size=120000Kb used=7259Kb max_used=7259Kb free=112740Kb
 bounds [0x000001b407ad0000, 0x000001b4081f0000, 0x000001b40f000000]
CodeHeap 'profiled nmethods': size=120000Kb used=41443Kb max_used=41443Kb free=78556Kb
 bounds [0x000001b4005a0000, 0x000001b402e20000, 0x000001b407ad0000]
CodeHeap 'non-nmethods': size=5760Kb used=1394Kb max_used=1442Kb free=4365Kb
 bounds [0x000001b400000000, 0x000001b400270000, 0x000001b4005a0000]
 total_blobs=14195 nmethods=13499 adapters=603
 compilation: enabled
              stopped_count=0, restarted_count=0
 full_count=0

Compilation events (20 events):
Event: 11.043 Thread 0x000001b47bd8c000 nmethod 13578 0x000001b402de2790 code [0x000001b402de29a0, 0x000001b402de2cd8]
Event: 11.043 Thread 0x000001b47bd8c000 13577       2       org.jetbrains.kotlin.ir.visitors.IrElementVisitorVoid$DefaultImpls::visitDelegatingConstructorCall (14 bytes)
Event: 11.043 Thread 0x000001b47bd8c000 nmethod 13577 0x000001b402de2f90 code [0x000001b402de3180, 0x000001b402de3428]
Event: 11.043 Thread 0x000001b47bd8c000 13531       2       org.jetbrains.kotlin.ir.visitors.IrElementTransformer$DefaultImpls::visitBranch (15 bytes)
Event: 11.044 Thread 0x000001b47bd8c000 nmethod 13531 0x000001b402de3610 code [0x000001b402de39c0, 0x000001b402de4618]
Event: 11.044 Thread 0x000001b47bd8c000 13535       2       org.jetbrains.kotlin.ir.declarations.lazy.IrLazyFunction::getDispatchReceiverParameter (19 bytes)
Event: 11.045 Thread 0x000001b47bd8c000 nmethod 13535 0x000001b402de4e90 code [0x000001b402de5060, 0x000001b402de5208]
Event: 11.045 Thread 0x000001b47bd8c000 13532       2       org.jetbrains.kotlin.ir.declarations.impl.IrConstructorImpl::getSymbol (8 bytes)
Event: 11.045 Thread 0x000001b47bd8c000 nmethod 13532 0x000001b402de5310 code [0x000001b402de54c0, 0x000001b402de5618]
Event: 11.045 Thread 0x000001b47bd8c000 13566       2       org.jetbrains.kotlin.backend.common.lower.loops.handlers.DownToHandler$matcher$1::invoke (57 bytes)
Event: 11.046 Thread 0x000001b47bd8c000 nmethod 13566 0x000001b402de5710 code [0x000001b402de5960, 0x000001b402de6168]
Event: 11.046 Thread 0x000001b47bd8c000 13584       2       org.jetbrains.kotlin.backend.jvm.lower.RecordEnclosingMethodsLowering$lower$1::visitFunctionAccess (263 bytes)
Event: 11.048 Thread 0x000001b47bd8c000 nmethod 13584 0x000001b402de6510 code [0x000001b402de6a00, 0x000001b402de7d98]
Event: 11.048 Thread 0x000001b47bd8c000 13583       2       org.jetbrains.kotlin.backend.jvm.lower.RecordEnclosingMethodsLowering$lower$1::visitFunctionAccess (13 bytes)
Event: 11.048 Thread 0x000001b47bd8c000 nmethod 13583 0x000001b402de8a90 code [0x000001b402de8c40, 0x000001b402de8d88]
Event: 11.049 Thread 0x000001b47bd8c000 13579       2       org.jetbrains.kotlin.backend.common.BodyLoweringVisitor::visitGetField (13 bytes)
Event: 11.049 Thread 0x000001b47bd8c000 nmethod 13579 0x000001b402de8e90 code [0x000001b402de90a0, 0x000001b402de94b8]
Event: 11.049 Thread 0x000001b47bd8c000 13585       2       org.jetbrains.kotlin.backend.jvm.lower.MakePropertyDelegateMethodsStaticLowering::visitCall (75 bytes)
Event: 11.051 Thread 0x000001b47bd8c000 nmethod 13585 0x000001b402de9790 code [0x000001b402de9bc0, 0x000001b402deab18]
Event: 11.051 Thread 0x000001b47bd8c000 13568       2       org.jetbrains.kotlin.backend.common.lower.loops.handlers.RangeToHandler::<init> (174 bytes)

GC Heap History (20 events):
Event: 1.149 GC heap before
{Heap before GC invocations=1 (full 0):
 garbage-first heap   total 131072K, used 45279K [0x0000000081600000, 0x0000000100000000)
  region size 1024K, 41 young (41984K), 3 survivors (3072K)
 Metaspace       used 20786K, capacity 21051K, committed 21248K, reserved 1069056K
  class space    used 2202K, capacity 2277K, committed 2304K, reserved 1048576K
}
Event: 1.161 GC heap after
{Heap after GC invocations=2 (full 0):
 garbage-first heap   total 131072K, used 11088K [0x0000000081600000, 0x0000000100000000)
  region size 1024K, 7 young (7168K), 7 survivors (7168K)
 Metaspace       used 20786K, capacity 21051K, committed 21248K, reserved 1069056K
  class space    used 2202K, capacity 2277K, committed 2304K, reserved 1048576K
}
Event: 1.995 GC heap before
{Heap before GC invocations=3 (full 0):
 garbage-first heap   total 131072K, used 66384K [0x0000000081600000, 0x0000000100000000)
  region size 1024K, 55 young (56320K), 7 survivors (7168K)
 Metaspace       used 32124K, capacity 32604K, committed 33024K, reserved 1079296K
  class space    used 3769K, capacity 3971K, committed 4096K, reserved 1048576K
}
Event: 2.011 GC heap after
{Heap after GC invocations=4 (full 0):
 garbage-first heap   total 131072K, used 24019K [0x0000000081600000, 0x0000000100000000)
  region size 1024K, 7 young (7168K), 7 survivors (7168K)
 Metaspace       used 32124K, capacity 32604K, committed 33024K, reserved 1079296K
  class space    used 3769K, capacity 3971K, committed 4096K, reserved 1048576K
}
Event: 2.159 GC heap before
{Heap before GC invocations=4 (full 0):
 garbage-first heap   total 131072K, used 33235K [0x0000000081600000, 0x0000000100000000)
  region size 1024K, 17 young (17408K), 7 survivors (7168K)
 Metaspace       used 34902K, capacity 35362K, committed 35584K, reserved 1081344K
  class space    used 4288K, capacity 4485K, committed 4608K, reserved 1048576K
}
Event: 2.171 GC heap after
{Heap after GC invocations=5 (full 0):
 garbage-first heap   total 131072K, used 24844K [0x0000000081600000, 0x0000000100000000)
  region size 1024K, 1 young (1024K), 1 survivors (1024K)
 Metaspace       used 34902K, capacity 35362K, committed 35584K, reserved 1081344K
  class space    used 4288K, capacity 4485K, committed 4608K, reserved 1048576K
}
Event: 2.965 GC heap before
{Heap before GC invocations=6 (full 0):
 garbage-first heap   total 131072K, used 78092K [0x0000000081600000, 0x0000000100000000)
  region size 1024K, 53 young (54272K), 1 survivors (1024K)
 Metaspace       used 45116K, capacity 45655K, committed 45696K, reserved 1089536K
  class space    used 5307K, capacity 5501K, committed 5504K, reserved 1048576K
}
Event: 2.973 GC heap after
{Heap after GC invocations=7 (full 0):
 garbage-first heap   total 157696K, used 27579K [0x0000000081600000, 0x0000000100000000)
  region size 1024K, 6 young (6144K), 6 survivors (6144K)
 Metaspace       used 45116K, capacity 45655K, committed 45696K, reserved 1089536K
  class space    used 5307K, capacity 5501K, committed 5504K, reserved 1048576K
}
Event: 3.846 GC heap before
{Heap before GC invocations=7 (full 0):
 garbage-first heap   total 157696K, used 95163K [0x0000000081600000, 0x0000000100000000)
  region size 1024K, 69 young (70656K), 6 survivors (6144K)
 Metaspace       used 51270K, capacity 51873K, committed 52096K, reserved 1095680K
  class space    used 5942K, capacity 6179K, committed 6272K, reserved 1048576K
}
Event: 3.857 GC heap after
{Heap after GC invocations=8 (full 0):
 garbage-first heap   total 157696K, used 36550K [0x0000000081600000, 0x0000000100000000)
  region size 1024K, 7 young (7168K), 7 survivors (7168K)
 Metaspace       used 51270K, capacity 51873K, committed 52096K, reserved 1095680K
  class space    used 5942K, capacity 6179K, committed 6272K, reserved 1048576K
}
Event: 5.188 GC heap before
{Heap before GC invocations=8 (full 0):
 garbage-first heap   total 157696K, used 102086K [0x0000000081600000, 0x0000000100000000)
  region size 1024K, 72 young (73728K), 7 survivors (7168K)
 Metaspace       used 58936K, capacity 59657K, committed 59736K, reserved 1101824K
  class space    used 6736K, capacity 7037K, committed 7040K, reserved 1048576K
}
Event: 5.233 GC heap after
{Heap after GC invocations=9 (full 0):
 garbage-first heap   total 157696K, used 46978K [0x0000000081600000, 0x0000000100000000)
  region size 1024K, 9 young (9216K), 9 survivors (9216K)
 Metaspace       used 58936K, capacity 59657K, committed 59736K, reserved 1101824K
  class space    used 6736K, capacity 7037K, committed 7040K, reserved 1048576K
}
Event: 6.465 GC heap before
{Heap before GC invocations=10 (full 0):
 garbage-first heap   total 157696K, used 110466K [0x0000000081600000, 0x0000000100000000)
  region size 1024K, 71 young (72704K), 9 survivors (9216K)
 Metaspace       used 62800K, capacity 63642K, committed 63832K, reserved 1105920K
  class space    used 7106K, capacity 7435K, committed 7552K, reserved 1048576K
}
Event: 6.484 GC heap after
{Heap after GC invocations=11 (full 0):
 garbage-first heap   total 157696K, used 54784K [0x0000000081600000, 0x0000000100000000)
  region size 1024K, 8 young (8192K), 8 survivors (8192K)
 Metaspace       used 62800K, capacity 63642K, committed 63832K, reserved 1105920K
  class space    used 7106K, capacity 7435K, committed 7552K, reserved 1048576K
}
Event: 8.145 GC heap before
{Heap before GC invocations=11 (full 0):
 garbage-first heap   total 157696K, used 115200K [0x0000000081600000, 0x0000000100000000)
  region size 1024K, 67 young (68608K), 8 survivors (8192K)
 Metaspace       used 68153K, capacity 69101K, committed 69208K, reserved 1110016K
  class space    used 7597K, capacity 7991K, committed 8064K, reserved 1048576K
}
Event: 8.169 GC heap after
{Heap after GC invocations=12 (full 0):
 garbage-first heap   total 201728K, used 62966K [0x0000000081600000, 0x0000000100000000)
  region size 1024K, 8 young (8192K), 8 survivors (8192K)
 Metaspace       used 68153K, capacity 69101K, committed 69208K, reserved 1110016K
  class space    used 7597K, capacity 7991K, committed 8064K, reserved 1048576K
}
Event: 9.758 GC heap before
{Heap before GC invocations=12 (full 0):
 garbage-first heap   total 201728K, used 137718K [0x0000000081600000, 0x0000000100000000)
  region size 1024K, 81 young (82944K), 8 survivors (8192K)
 Metaspace       used 75811K, capacity 76758K, committed 77016K, reserved 1118208K
  class space    used 8284K, capacity 8653K, committed 8704K, reserved 1048576K
}
Event: 9.776 GC heap after
{Heap after GC invocations=13 (full 0):
 garbage-first heap   total 201728K, used 71768K [0x0000000081600000, 0x0000000100000000)
  region size 1024K, 9 young (9216K), 9 survivors (9216K)
 Metaspace       used 75811K, capacity 76758K, committed 77016K, reserved 1118208K
  class space    used 8284K, capacity 8653K, committed 8704K, reserved 1048576K
}
Event: 10.853 GC heap before
{Heap before GC invocations=13 (full 0):
 garbage-first heap   total 201728K, used 146520K [0x0000000081600000, 0x0000000100000000)
  region size 1024K, 82 young (83968K), 9 survivors (9216K)
 Metaspace       used 85344K, capacity 86380K, committed 86488K, reserved 1126400K
  class space    used 9218K, capacity 9620K, committed 9728K, reserved 1048576K
}
Event: 10.871 GC heap after
{Heap after GC invocations=14 (full 0):
 garbage-first heap   total 201728K, used 78184K [0x0000000081600000, 0x0000000100000000)
  region size 1024K, 7 young (7168K), 7 survivors (7168K)
 Metaspace       used 85344K, capacity 86380K, committed 86488K, reserved 1126400K
  class space    used 9218K, capacity 9620K, committed 9728K, reserved 1048576K
}

Deoptimization events (20 events):
Event: 10.902 Thread 0x000001b46e15c800 Uncommon trap: trap_request=0xffffff6e fr.pc=0x000001b4081c60ec relative=0x000000000000484c
Event: 10.902 Thread 0x000001b46e15c800 Uncommon trap: reason=speculate_class_check action=maybe_recompile pc=0x000001b4081c60ec method=org.jetbrains.kotlin.types.KotlinType.getAnnotations()Lorg/jetbrains/kotlin/descriptors/annotations/Annotations; @ 1 c2
Event: 10.902 Thread 0x000001b46e15c800 DEOPT PACKING pc=0x000001b4081c60ec sp=0x00000042f9dfcb10
Event: 10.903 Thread 0x000001b46e15c800 DEOPT UNPACKING pc=0x000001b40004a1af sp=0x00000042f9dfc9a0 mode 2
Event: 10.903 Thread 0x000001b46e15c800 Uncommon trap: trap_request=0xffffffde fr.pc=0x000001b4081aa380 relative=0x0000000000004340
Event: 10.903 Thread 0x000001b46e15c800 Uncommon trap: reason=class_check action=maybe_recompile pc=0x000001b4081aa380 method=org.jetbrains.kotlin.ir.util.TypeTranslator.translateTypeAnnotations(Lorg/jetbrains/kotlin/types/KotlinType;Lorg/jetbrains/kotlin/types/KotlinType;)Ljava/util/List; @ 67
Event: 10.903 Thread 0x000001b46e15c800 DEOPT PACKING pc=0x000001b4081aa380 sp=0x00000042f9dfca50
Event: 10.903 Thread 0x000001b46e15c800 DEOPT UNPACKING pc=0x000001b40004a1af sp=0x00000042f9dfc9f8 mode 2
Event: 10.903 Thread 0x000001b46e15c800 Uncommon trap: trap_request=0xffffff6e fr.pc=0x000001b4081c60ec relative=0x000000000000484c
Event: 10.903 Thread 0x000001b46e15c800 Uncommon trap: reason=speculate_class_check action=maybe_recompile pc=0x000001b4081c60ec method=org.jetbrains.kotlin.types.KotlinType.getAnnotations()Lorg/jetbrains/kotlin/descriptors/annotations/Annotations; @ 1 c2
Event: 10.903 Thread 0x000001b46e15c800 DEOPT PACKING pc=0x000001b4081c60ec sp=0x00000042f9dfc990
Event: 10.903 Thread 0x000001b46e15c800 DEOPT UNPACKING pc=0x000001b40004a1af sp=0x00000042f9dfc820 mode 2
Event: 10.903 Thread 0x000001b46e15c800 Uncommon trap: trap_request=0xffffff6e fr.pc=0x000001b4081c60ec relative=0x000000000000484c
Event: 10.903 Thread 0x000001b46e15c800 Uncommon trap: reason=speculate_class_check action=maybe_recompile pc=0x000001b4081c60ec method=org.jetbrains.kotlin.types.KotlinType.getAnnotations()Lorg/jetbrains/kotlin/descriptors/annotations/Annotations; @ 1 c2
Event: 10.903 Thread 0x000001b46e15c800 DEOPT PACKING pc=0x000001b4081c60ec sp=0x00000042f9dfc990
Event: 10.903 Thread 0x000001b46e15c800 DEOPT UNPACKING pc=0x000001b40004a1af sp=0x00000042f9dfc820 mode 2
Event: 10.911 Thread 0x000001b46e15c800 Uncommon trap: trap_request=0xffffff6e fr.pc=0x000001b4081c60ec relative=0x000000000000484c
Event: 10.911 Thread 0x000001b46e15c800 Uncommon trap: reason=speculate_class_check action=maybe_recompile pc=0x000001b4081c60ec method=org.jetbrains.kotlin.types.KotlinType.getAnnotations()Lorg/jetbrains/kotlin/descriptors/annotations/Annotations; @ 1 c2
Event: 10.911 Thread 0x000001b46e15c800 DEOPT PACKING pc=0x000001b4081c60ec sp=0x00000042f9dfcde0
Event: 10.911 Thread 0x000001b46e15c800 DEOPT UNPACKING pc=0x000001b40004a1af sp=0x00000042f9dfcc70 mode 2

Classes redefined (0 events):
No events

Internal exceptions (20 events):
Event: 6.679 Thread 0x000001b46e15c800 Implicit null exception at 0x000001b407aec474 to 0x000001b407aec990
Event: 6.932 Thread 0x000001b46e15c800 Exception <a 'java/lang/NoSuchMethodError'{0x0000000089cb2b40}: 'int java.lang.invoke.DirectMethodHandle$Holder.invokeStaticInit(java.lang.Object, int)'> (0x0000000089cb2b40) thrown at [./src/hotspot/share/interpreter/linkResolver.cpp, line 773]
Event: 6.941 Thread 0x000001b46e15c800 Implicit null exception at 0x000001b407f15e0c to 0x000001b407f15ee1
Event: 7.018 Thread 0x000001b46e15c800 Implicit null exception at 0x000001b407b35d75 to 0x000001b407b35f34
Event: 7.380 Thread 0x000001b46e15c800 Exception <a 'java/lang/NoSuchMethodError'{0x0000000088c066b8}: 'int java.lang.invoke.DirectMethodHandle$Holder.invokeVirtual(java.lang.Object, java.lang.Object, java.lang.Object)'> (0x0000000088c066b8) thrown at [./src/hotspot/share/interpreter/linkResolver.cpp, line 773]
Event: 7.475 Thread 0x000001b46e15c800 Exception <a 'java/lang/NoSuchMethodError'{0x0000000088abf0f0}: 'void java.lang.invoke.DirectMethodHandle$Holder.invokeInterface(java.lang.Object, java.lang.Object)'> (0x0000000088abf0f0) thrown at [./src/hotspot/share/interpreter/linkResolver.cpp, line 773]
Event: 7.533 Thread 0x000001b46e15c800 Exception <a 'java/lang/IncompatibleClassChangeError'{0x000000008886d450}: Found class java.lang.Object, but interface was expected> (0x000000008886d450) thrown at [./src/hotspot/share/interpreter/linkResolver.cpp, line 839]
Event: 8.423 Thread 0x000001b46e15c800 Implicit null exception at 0x000001b407fd2e54 to 0x000001b407fd5354
Event: 9.003 Thread 0x000001b46e15c800 Exception <a 'java/lang/NoSuchMethodError'{0x000000008b929978}: 'java.lang.Object java.lang.invoke.DirectMethodHandle$Holder.invokeStaticInit(java.lang.Object, java.lang.Object, java.lang.Object, java.lang.Object)'> (0x000000008b929978) thrown at [./src/hotspot/share/interpreter/linkResolver.cpp, line 773]
Event: 9.151 Thread 0x000001b46e15c800 Exception <a 'java/lang/NoSuchMethodError'{0x000000008af5faf0}: 'int java.lang.invoke.DirectMethodHandle$Holder.invokeStaticInit(java.lang.Object, java.lang.Object, java.lang.Object, java.lang.Object)'> (0x000000008af5faf0) thrown at [./src/hotspot/share/interpreter/linkResolver.cpp, line 773]
Event: 9.206 Thread 0x000001b46e15c800 Exception <a 'java/lang/NoSuchMethodError'{0x000000008acb8f28}: 'java.lang.Object java.lang.invoke.DirectMethodHandle$Holder.invokeStatic(java.lang.Object, java.lang.Object, java.lang.Object, int, int, java.lang.Object, java.lang.Object)'> (0x000000008acb8f28) thrown at [./src/hotspot/share/interpreter/linkResolver.cpp, line 773]
Event: 9.206 Thread 0x000001b46e15c800 Exception <a 'java/lang/NoSuchMethodError'{0x000000008acbcde8}: 'java.lang.Object java.lang.invoke.DirectMethodHandle$Holder.invokeSpecial(java.lang.Object, java.lang.Object, java.lang.Object, java.lang.Object, int, int, java.lang.Object, java.lang.Object)'> (0x000000008acbcde8) thrown at [./src/hotspot/share/interpreter/linkResolver.cpp, line 773]
Event: 9.206 Thread 0x000001b46e15c800 Exception <a 'java/lang/NoSuchMethodError'{0x000000008acc04a0}: 'java.lang.Object java.lang.invoke.Invokers$Holder.linkToTargetMethod(java.lang.Object, java.lang.Object, int, int, java.lang.Object, java.lang.Object, java.lang.Object)'> (0x000000008acc04a0) thrown at [./src/hotspot/share/interpreter/linkResolver.cpp, line 773]
Event: 9.210 Thread 0x000001b46e15c800 Exception <a 'java/lang/NoSuchMethodError'{0x000000008acfd3e8}: 'java.lang.Object java.lang.invoke.DirectMethodHandle$Holder.invokeStatic(java.lang.Object, java.lang.Object, java.lang.Object, int, int, java.lang.Object, java.lang.Object, java.lang.Object, java.lang.Object)'> (0x000000008acfd3e8) thrown at [./src/hotspot/share/interpreter/linkResolver.cpp, line 773]
Event: 9.279 Thread 0x000001b46e15c800 Exception <a 'java/lang/NoSuchMethodError'{0x000000008a87ed08}: 'java.lang.Object java.lang.invoke.DirectMethodHandle$Holder.invokeSpecial(java.lang.Object, java.lang.Object, int, int, java.lang.Object, java.lang.Object, java.lang.Object, java.lang.Object, java.lang.Object)'> (0x000000008a87ed08) thrown at [./src/hotspot/share/interpreter/linkResolver.cpp, line 773]
Event: 9.307 Thread 0x000001b46e15c800 Implicit null exception at 0x000001b407b41074 to 0x000001b407b4128c
Event: 9.334 Thread 0x000001b46e15c800 Exception <a 'java/lang/NoSuchMethodError'{0x000000008a63f3a0}: 'java.lang.Object java.lang.invoke.DirectMethodHandle$Holder.invokeStatic(java.lang.Object, java.lang.Object, java.lang.Object, int, int, java.lang.Object, java.lang.Object, java.lang.Object)'> (0x000000008a63f3a0) thrown at [./src/hotspot/share/interpreter/linkResolver.cpp, line 773]
Event: 9.334 Thread 0x000001b46e15c800 Exception <a 'java/lang/NoSuchMethodError'{0x000000008a6473e0}: 'java.lang.Object java.lang.invoke.DirectMethodHandle$Holder.invokeStatic(java.lang.Object, java.lang.Object, java.lang.Object, int, int)'> (0x000000008a6473e0) thrown at [./src/hotspot/share/interpreter/linkResolver.cpp, line 773]
Event: 9.335 Thread 0x000001b46e15c800 Exception <a 'java/lang/NoSuchMethodError'{0x000000008a64abc0}: 'java.lang.Object java.lang.invoke.DirectMethodHandle$Holder.invokeSpecial(java.lang.Object, java.lang.Object, java.lang.Object, java.lang.Object, int, int)'> (0x000000008a64abc0) thrown at [./src/hotspot/share/interpreter/linkResolver.cpp, line 773]
Event: 9.335 Thread 0x000001b46e15c800 Exception <a 'java/lang/NoSuchMethodError'{0x000000008a64dcc8}: 'java.lang.Object java.lang.invoke.Invokers$Holder.linkToTargetMethod(java.lang.Object, java.lang.Object, int, int, java.lang.Object)'> (0x000000008a64dcc8) thrown at [./src/hotspot/share/interpreter/linkResolver.cpp, line 773]

Events (20 events):
Event: 11.009 loading class org/jetbrains/kotlin/utils/DFS$Neighbors
Event: 11.009 loading class org/jetbrains/kotlin/utils/DFS$Neighbors done
Event: 11.010 loading class org/jetbrains/kotlin/backend/jvm/ir/JvmIrUtilsKt$isOrOverridesDefaultParameterStub$2
Event: 11.010 loading class org/jetbrains/kotlin/backend/jvm/ir/JvmIrUtilsKt$isOrOverridesDefaultParameterStub$2 done
Event: 11.010 loading class org/jetbrains/kotlin/backend/jvm/JvmLoweredDeclarationOrigin$CONTINUATION_CLASS
Event: 11.010 loading class org/jetbrains/kotlin/backend/jvm/JvmLoweredDeclarationOrigin$CONTINUATION_CLASS done
Event: 11.010 loading class org/jetbrains/kotlin/backend/jvm/JvmLoweredDeclarationOrigin$FOR_INLINE_STATE_MACHINE_TEMPLATE
Event: 11.010 loading class org/jetbrains/kotlin/backend/jvm/JvmLoweredDeclarationOrigin$FOR_INLINE_STATE_MACHINE_TEMPLATE done
Event: 11.012 loading class org/jetbrains/kotlin/backend/jvm/lower/MoveOrCopyCompanionObjectFieldsLowering
Event: 11.012 loading class org/jetbrains/kotlin/backend/jvm/lower/MoveOrCopyCompanionObjectFieldsLowering done
Event: 11.012 loading class org/jetbrains/kotlin/ir/declarations/IrDeclaration
Event: 11.012 loading class org/jetbrains/kotlin/ir/declarations/IrDeclaration done
Event: 11.012 loading class org/jetbrains/kotlin/backend/jvm/lower/MoveOrCopyCompanionObjectFieldsLowering
Event: 11.012 loading class org/jetbrains/kotlin/backend/jvm/lower/MoveOrCopyCompanionObjectFieldsLowering done
Event: 11.014 loading class org/jetbrains/kotlin/backend/jvm/lower/StaticInitializersLowering$lower$$inlined$sortBy$1
Event: 11.014 loading class org/jetbrains/kotlin/backend/jvm/lower/StaticInitializersLowering$lower$$inlined$sortBy$1 done
Event: 11.015 loading class org/jetbrains/kotlin/ir/declarations/IrDeclarationOrigin$FIELD_FOR_ENUM_ENTRY
Event: 11.015 loading class org/jetbrains/kotlin/ir/declarations/IrDeclarationOrigin$FIELD_FOR_ENUM_ENTRY done
Event: 11.015 loading class org/jetbrains/kotlin/ir/declarations/IrDeclarationOrigin$FIELD_FOR_ENUM_VALUES
Event: 11.015 loading class org/jetbrains/kotlin/ir/declarations/IrDeclarationOrigin$FIELD_FOR_ENUM_VALUES done


Dynamic libraries:
0x00007ff66e610000 - 0x00007ff66e61a000 	C:\Program Files\Android\Android Studio3\jre\bin\java.exe
0x00007ffcfc310000 - 0x00007ffcfc508000 	C:\WINDOWS\SYSTEM32\ntdll.dll
0x00007ffcfb260000 - 0x00007ffcfb31f000 	C:\WINDOWS\System32\KERNEL32.DLL
0x00007ffcf9f80000 - 0x00007ffcfa252000 	C:\WINDOWS\System32\KERNELBASE.dll
0x00007ffcf9c10000 - 0x00007ffcf9d10000 	C:\WINDOWS\System32\ucrtbase.dll
0x00007ffcdafc0000 - 0x00007ffcdafd9000 	C:\Program Files\Android\Android Studio3\jre\bin\jli.dll
0x00007ffcd96c0000 - 0x00007ffcd96d7000 	C:\Program Files\Android\Android Studio3\jre\bin\VCRUNTIME140.dll
0x00007ffcfb320000 - 0x00007ffcfb4c1000 	C:\WINDOWS\System32\USER32.dll
0x00007ffcf8e00000 - 0x00007ffcf909a000 	C:\WINDOWS\WinSxS\amd64_microsoft.windows.common-controls_6595b64144ccf1df_6.0.19041.1110_none_60b5254171f9507e\COMCTL32.dll
0x00007ffcf9be0000 - 0x00007ffcf9c02000 	C:\WINDOWS\System32\win32u.dll
0x00007ffcfa9c0000 - 0x00007ffcfaa5e000 	C:\WINDOWS\System32\msvcrt.dll
0x00007ffcfa350000 - 0x00007ffcfa37b000 	C:\WINDOWS\System32\GDI32.dll
0x00007ffcf9d10000 - 0x00007ffcf9e1f000 	C:\WINDOWS\System32\gdi32full.dll
0x00007ffcfa2b0000 - 0x00007ffcfa34d000 	C:\WINDOWS\System32\msvcp_win.dll
0x00007ffcfa980000 - 0x00007ffcfa9b2000 	C:\WINDOWS\System32\IMM32.DLL
0x00007ffcd74a0000 - 0x00007ffcd753d000 	C:\Program Files\Android\Android Studio3\jre\bin\msvcp140.dll
0x00007ffc9ec60000 - 0x00007ffc9f762000 	C:\Program Files\Android\Android Studio3\jre\bin\server\jvm.dll
0x00007ffcfc220000 - 0x00007ffcfc2ce000 	C:\WINDOWS\System32\ADVAPI32.dll
0x00007ffcfa7f0000 - 0x00007ffcfa88c000 	C:\WINDOWS\System32\sechost.dll
0x00007ffcfb5f0000 - 0x00007ffcfb715000 	C:\WINDOWS\System32\RPCRT4.dll
0x00007ffcfb5e0000 - 0x00007ffcfb5e8000 	C:\WINDOWS\System32\PSAPI.DLL
0x00007ffceec60000 - 0x00007ffceec69000 	C:\WINDOWS\SYSTEM32\WSOCK32.dll
0x00007ffcf30c0000 - 0x00007ffcf30ca000 	C:\WINDOWS\SYSTEM32\VERSION.dll
0x00007ffcd8e00000 - 0x00007ffcd8e27000 	C:\WINDOWS\SYSTEM32\WINMM.dll
0x00007ffcfc1b0000 - 0x00007ffcfc21b000 	C:\WINDOWS\System32\WS2_32.dll
0x00007ffcf7250000 - 0x00007ffcf7262000 	C:\WINDOWS\SYSTEM32\kernel.appcore.dll
0x00007ffc9ec40000 - 0x00007ffc9ec51000 	C:\Program Files\Android\Android Studio3\jre\bin\verify.dll
0x00007ffcf9430000 - 0x00007ffcf9614000 	C:\WINDOWS\SYSTEM32\DBGHELP.DLL
0x00007ffcf91d0000 - 0x00007ffcf9205000 	C:\WINDOWS\SYSTEM32\dbgcore.DLL
0x00007ffcf9b20000 - 0x00007ffcf9ba2000 	C:\WINDOWS\System32\bcryptPrimitives.dll
0x00007ffc9ec10000 - 0x00007ffc9ec39000 	C:\Program Files\Android\Android Studio3\jre\bin\java.dll
0x00007ffca1700000 - 0x00007ffca170b000 	C:\Program Files\Android\Android Studio3\jre\bin\jimage.dll
0x00007ffc9ebf0000 - 0x00007ffc9ec08000 	C:\Program Files\Android\Android Studio3\jre\bin\zip.dll
0x00007ffcfb780000 - 0x00007ffcfbec4000 	C:\WINDOWS\System32\SHELL32.dll
0x00007ffcf7450000 - 0x00007ffcf7be2000 	C:\WINDOWS\SYSTEM32\windows.storage.dll
0x00007ffcfae70000 - 0x00007ffcfb1c5000 	C:\WINDOWS\System32\combase.dll
0x00007ffcf8d60000 - 0x00007ffcf8d90000 	C:\WINDOWS\SYSTEM32\Wldp.dll
0x00007ffcfaa60000 - 0x00007ffcfab0d000 	C:\WINDOWS\System32\SHCORE.dll
0x00007ffcfa890000 - 0x00007ffcfa8e5000 	C:\WINDOWS\System32\shlwapi.dll
0x00007ffcf9940000 - 0x00007ffcf995f000 	C:\WINDOWS\SYSTEM32\profapi.dll
0x00007ffc9ebd0000 - 0x00007ffc9ebea000 	C:\Program Files\Android\Android Studio3\jre\bin\net.dll
0x00007ffcf2aa0000 - 0x00007ffcf2bac000 	C:\WINDOWS\SYSTEM32\WINHTTP.dll
0x00007ffcf8ac0000 - 0x00007ffcf8b2a000 	C:\WINDOWS\system32\mswsock.dll
0x00007ffc9ebb0000 - 0x00007ffc9ebc4000 	C:\Program Files\Android\Android Studio3\jre\bin\nio.dll

dbghelp: loaded successfully - version: 4.0.5 - missing functions: none
symbol engine: initialized successfully - sym options: 0x614 - pdb path: .;C:\Program Files\Android\Android Studio3\jre\bin;C:\WINDOWS\SYSTEM32;C:\WINDOWS\WinSxS\amd64_microsoft.windows.common-controls_6595b64144ccf1df_6.0.19041.1110_none_60b5254171f9507e;C:\Program Files\Android\Android Studio3\jre\bin\server

VM Arguments:
java_command: org.jetbrains.kotlin.cli.jvm.K2JVMCompiler @C:\Users\Marko\AndroidStudioProjects\Restaurants\app\build\20221226_9912180890296435851.compiler.options
java_class_path (initial): C:\Users\Marko\.gradle\caches\modules-2\files-2.1\org.jetbrains.kotlin\kotlin-compiler-embeddable\1.7.20\8db18559a581dd2c36ddfd5046af145650f5b126\kotlin-compiler-embeddable-1.7.20.jar;C:\Users\Marko\.gradle\caches\modules-2\files-2.1\org.jetbrains.kotlin\kotlin-reflect\1.7.20\12b2501e33bb6373e8e347c86d85481863629381\kotlin-reflect-1.7.20.jar;C:\Users\Marko\.gradle\caches\modules-2\files-2.1\org.jetbrains.kotlin\kotlin-stdlib\1.7.20\726594ea9ba2beb2ee113647fefa9a10f9fabe52\kotlin-stdlib-1.7.20.jar;C:\Users\Marko\.gradle\caches\modules-2\files-2.1\org.jetbrains.kotlin\kotlin-script-runtime\1.7.20\bcd1cc6f865e632550357fcc59f5ffd532615a8\kotlin-script-runtime-1.7.20.jar;C:\Users\Marko\.gradle\caches\modules-2\files-2.1\org.jetbrains.kotlin\kotlin-daemon-embeddable\1.7.20\1e24355adad8d529d75d5b19eab55484057431ba\kotlin-daemon-embeddable-1.7.20.jar;C:\Users\Marko\.gradle\caches\modules-2\files-2.1\org.jetbrains.intellij.deps\trove4j\1.0.20200330\3afb14d5f9ceb459d724e907a21145e8ff394f02\trove4j-1.0.20200330.jar;C:\Users\Marko\.gradle\caches\modules-2\files-2.1\net.java.dev.jna\jna\5.6.0\330f2244e9030119ab3030fc3fededc86713d9cc\jna-5.6.0.jar;C:\Users\Marko\.gradle\caches\modules-2\files-2.1\org.jetbrains.kotlin\kotlin-stdlib-common\1.7.20\e15351bdaf9fa06f009be5da7a202e4184f00ae3\kotlin-stdlib-common-1.7.20.jar;C:\Users\Marko\.gradle\caches\modules-2\files-2.1\org.jetbrains\annotations\13.0\919f0dfe192fb4e063e7dacadee7f8bb9a2672a9\annotations-13.0.jar
Launcher Type: SUN_STANDARD

[Global flags]
     intx CICompilerCount                          = 4                                         {product} {ergonomic}
     uint ConcGCThreads                            = 2                                         {product} {ergonomic}
     uint G1ConcRefinementThreads                  = 8                                         {product} {ergonomic}
   size_t G1HeapRegionSize                         = 1048576                                   {product} {ergonomic}
    uintx GCDrainStackTargetSize                   = 64                                        {product} {ergonomic}
   size_t InitialHeapSize                          = 134217728                                 {product} {ergonomic}
   size_t MarkStackSize                            = 4194304                                   {product} {ergonomic}
   size_t MaxHeapSize                              = 2124414976                                {product} {ergonomic}
   size_t MaxNewSize                               = 1274019840                                {product} {ergonomic}
   size_t MinHeapDeltaBytes                        = 1048576                                   {product} {ergonomic}
    uintx NonNMethodCodeHeapSize                   = 5836300                                {pd product} {ergonomic}
    uintx NonProfiledCodeHeapSize                  = 122910970                              {pd product} {ergonomic}
    uintx ProfiledCodeHeapSize                     = 122910970                              {pd product} {ergonomic}
    uintx ReservedCodeCacheSize                    = 251658240                              {pd product} {ergonomic}
     bool SegmentedCodeCache                       = true                                      {product} {ergonomic}
     bool UseCompressedClassPointers               = true                                 {lp64_product} {ergonomic}
     bool UseCompressedOops                        = true                                 {lp64_product} {ergonomic}
     bool UseG1GC                                  = true                                      {product} {ergonomic}
     bool UseLargePagesIndividualAllocation        = false                                  {pd product} {ergonomic}

Logging:
Log output configuration:
 #0: stdout all=warning uptime,level,tags
 #1: stderr all=off uptime,level,tags

Environment Variables:
PATH=C:\Program Files (x86)\VMware\VMware Player\bin\;C:\Python39\Scripts\;C:\Python39\;C:\Program Files (x86)\Common Files\Oracle\Java\javapath;C:\WINDOWS\system32;C:\WINDOWS;C:\WINDOWS\System32\Wbem;C:\WINDOWS\System32\WindowsPowerShell\v1.0\;C:\WINDOWS\System32\OpenSSH\;C:\Program Files (x86)\Bitvise SSH Client;C:\Program Files\nodejs\;C:\ProgramData\chocolatey\bin;C:\Program Files\Git\cmd;C:\Users\Marko\AppData\Local\Microsoft\WindowsApps;C:\Program Files (x86)\SSH Communications Security\SSH Secure Shell;C:\Users\Marko\AppData\Local\Programs\Microsoft VS Code\bin;C:\MinGW\bin;C:\Users\Marko\AppData\Roaming\npm;C:\Users\Marko\Downloads\flutter\bin;
USERNAME=Marko
OS=Windows_NT
PROCESSOR_IDENTIFIER=Intel64 Family 6 Model 142 Stepping 10, GenuineIntel



---------------  S Y S T E M  ---------------

OS: Windows 10 , 64 bit Build 19041 (10.0.19041.2364)
OS uptime: 0 days 7:39 hours

CPU:total 8 (initial active 8) (4 cores per cpu, 2 threads per core) family 6 model 142 stepping 10 microcode 0xb4, cmov, cx8, fxsr, mmx, sse, sse2, sse3, ssse3, sse4.1, sse4.2, popcnt, avx, avx2, aes, clmul, erms, 3dnowpref, lzcnt, ht, tsc, tscinvbit, bmi1, bmi2, adx, fma

Memory: 4k page, system-wide physical 8101M (804M free)
TotalPageFile size 10661M (AvailPageFile size 21M)
current process WorkingSet (physical memory assigned to process): 435M, peak: 448M
current process commit charge ("private bytes"): 476M, peak: 492M

vm_info: OpenJDK 64-Bit Server VM (11.0.13+0-b1751.21-8125866) for windows-amd64 JRE (11.0.13+0-b1751.21-8125866), built on Feb  2 2022 03:00:22 by "builder" with MS VC++ 14.0 (VS2015)

END.
