#
# There is insufficient memory for the Java Runtime Environment to continue.
# Native memory allocation (mmap) failed to map 134217728 bytes for Failed to commit area from 0x0000000081600000 to 0x0000000089600000 of length 134217728.
# Possible reasons:
#   The system is out of physical RAM or swap space
#   The process is running with CompressedOops enabled, and the Java Heap may be blocking the growth of the native heap
# Possible solutions:
#   Reduce memory load on the system
#   Increase physical memory or swap space
#   Check if swap backing store is full
#   Decrease Java heap size (-Xmx/-Xms)
#   Decrease number of Java threads
#   Decrease Java thread stack sizes (-Xss)
#   Set larger code cache with -XX:ReservedCodeCacheSize=
# This output file may be truncated or incomplete.
#
#  Out of Memory Error (./src/hotspot/os/windows/os_windows.cpp:3619), pid=3416, tid=6744
#
# JRE version:  (11.0.13) (build )
# Java VM: OpenJDK 64-Bit Server VM (11.0.13+0-b1751.21-8125866, mixed mode, sharing, tiered, compressed oops, g1 gc, windows-amd64)
# No core dump will be written. Minidumps are not enabled by default on client versions of Windows
#

---------------  S U M M A R Y ------------

Command Line: org.jetbrains.kotlin.cli.jvm.K2JVMCompiler @C:\Users\Marko\AndroidStudioProjects\Restaurants\app\build\20221225_17918455974169540199.compiler.options

Host: Intel(R) Core(TM) i5-8250U CPU @ 1.60GHz, 8 cores, 7G,  Windows 10 , 64 bit Build 19041 (10.0.19041.2364)
Time: Sun Dec 25 23:53:20 2022 Central Europe Standard Time elapsed time: 0.010819 seconds (0d 0h 0m 0s)

---------------  T H R E A D  ---------------

Current thread (0x000001a08fbbe000):  JavaThread "Unknown thread" [_thread_in_vm, id=6744, stack(0x00000089dbd00000,0x00000089dbe00000)]

Stack: [0x00000089dbd00000,0x00000089dbe00000]
Native frames: (J=compiled Java code, j=interpreted, Vv=VM code, C=native code)
V  [jvm.dll+0x6100fa]
V  [jvm.dll+0x747090]
V  [jvm.dll+0x7486ad]
V  [jvm.dll+0x748d83]
V  [jvm.dll+0x24ab48]
V  [jvm.dll+0x60d164]
V  [jvm.dll+0x601e75]
V  [jvm.dll+0x308bdb]
V  [jvm.dll+0x308b4a]
V  [jvm.dll+0x308a22]
V  [jvm.dll+0x30d986]
V  [jvm.dll+0x357093]
V  [jvm.dll+0x357796]
V  [jvm.dll+0x357193]
V  [jvm.dll+0x2e3448]
V  [jvm.dll+0x2e45f7]
V  [jvm.dll+0x7242e7]
V  [jvm.dll+0x725adc]
V  [jvm.dll+0x364629]
V  [jvm.dll+0x707cee]
V  [jvm.dll+0x3d2633]
V  [jvm.dll+0x3d4a21]
C  [jli.dll+0x536b]
C  [ucrtbase.dll+0x21bb2]
C  [KERNEL32.DLL+0x17614]
C  [ntdll.dll+0x526a1]


---------------  P R O C E S S  ---------------

Threads class SMR info:
_java_thread_list=0x000001a08da84500, length=0, elements={
}

Java Threads: ( => current thread )

Other Threads:
  0x000001a08fbd5800 GCTaskThread "GC Thread#0" [stack: 0x00000089dbe00000,0x00000089dbf00000] [id=2780]
  0x000001a08fc07000 ConcurrentGCThread "G1 Main Marker" [stack: 0x00000089dbf00000,0x00000089dc000000] [id=6936]
  0x000001a08fc09800 ConcurrentGCThread "G1 Conc#0" [stack: 0x00000089dc000000,0x00000089dc100000] [id=12276]

[error occurred during error reporting (printing all threads), id 0xc0000005, EXCEPTION_ACCESS_VIOLATION (0xc0000005) at pc=0x00007ffad2553dd7]

VM state:not at safepoint (not fully initialized)

VM Mutex/Monitor currently owned by a thread:  ([mutex/lock_event])
[0x000001a08fbbac90] Heap_lock - owner thread: 0x000001a08fbbe000

Heap address: 0x0000000081600000, size: 2026 MB, Compressed Oops mode: Non-zero based: 0x0000000081600000
Narrow klass base: 0x0000000000000000, Narrow klass shift: 0

GC Heap History (0 events):
No events

Deoptimization events (0 events):
No events

Classes redefined (0 events):
No events

Internal exceptions (0 events):
No events

Events (1 events):
Event: 0.006 Loaded shared library C:\Program Files\Android\Android Studio3\jre\bin\zip.dll


Dynamic libraries:
0x00007ff7a5e60000 - 0x00007ff7a5e6a000 	C:\Program Files\Android\Android Studio3\jre\bin\java.exe
0x00007ffb0e490000 - 0x00007ffb0e688000 	C:\WINDOWS\SYSTEM32\ntdll.dll
0x00007ffb0da80000 - 0x00007ffb0db3f000 	C:\WINDOWS\System32\KERNEL32.DLL
0x00007ffb0c1f0000 - 0x00007ffb0c4c2000 	C:\WINDOWS\System32\KERNELBASE.dll
0x00007ffb0c000000 - 0x00007ffb0c100000 	C:\WINDOWS\System32\ucrtbase.dll
0x00007ffb08ae0000 - 0x00007ffb08af7000 	C:\Program Files\Android\Android Studio3\jre\bin\VCRUNTIME140.dll
0x00007ffb09490000 - 0x00007ffb094a9000 	C:\Program Files\Android\Android Studio3\jre\bin\jli.dll
0x00007ffb0c780000 - 0x00007ffb0c921000 	C:\WINDOWS\System32\USER32.dll
0x00007ffb0af80000 - 0x00007ffb0b21a000 	C:\WINDOWS\WinSxS\amd64_microsoft.windows.common-controls_6595b64144ccf1df_6.0.19041.1110_none_60b5254171f9507e\COMCTL32.dll
0x00007ffb0c1c0000 - 0x00007ffb0c1e2000 	C:\WINDOWS\System32\win32u.dll
0x00007ffb0e280000 - 0x00007ffb0e31e000 	C:\WINDOWS\System32\msvcrt.dll
0x00007ffb0dc00000 - 0x00007ffb0dc2b000 	C:\WINDOWS\System32\GDI32.dll
0x00007ffb0be40000 - 0x00007ffb0bf4f000 	C:\WINDOWS\System32\gdi32full.dll
0x00007ffb0bd10000 - 0x00007ffb0bdad000 	C:\WINDOWS\System32\msvcp_win.dll
0x00007ffb0db40000 - 0x00007ffb0db72000 	C:\WINDOWS\System32\IMM32.DLL
0x00007ffaec980000 - 0x00007ffaeca1d000 	C:\Program Files\Android\Android Studio3\jre\bin\msvcp140.dll
0x00007ffad2260000 - 0x00007ffad2d62000 	C:\Program Files\Android\Android Studio3\jre\bin\server\jvm.dll
0x00007ffb0d080000 - 0x00007ffb0d12e000 	C:\WINDOWS\System32\ADVAPI32.dll
0x00007ffb0c600000 - 0x00007ffb0c69c000 	C:\WINDOWS\System32\sechost.dll
0x00007ffb0c4d0000 - 0x00007ffb0c5f5000 	C:\WINDOWS\System32\RPCRT4.dll
0x00007ffb0da00000 - 0x00007ffb0da08000 	C:\WINDOWS\System32\PSAPI.DLL
0x00007ffaebc10000 - 0x00007ffaebc37000 	C:\WINDOWS\SYSTEM32\WINMM.dll
0x00007ffb059c0000 - 0x00007ffb059c9000 	C:\WINDOWS\SYSTEM32\WSOCK32.dll
0x00007ffb094b0000 - 0x00007ffb094ba000 	C:\WINDOWS\SYSTEM32\VERSION.dll
0x00007ffb0da10000 - 0x00007ffb0da7b000 	C:\WINDOWS\System32\WS2_32.dll
0x00007ffb09d60000 - 0x00007ffb09d72000 	C:\WINDOWS\SYSTEM32\kernel.appcore.dll
0x00007ffb06e20000 - 0x00007ffb06e31000 	C:\Program Files\Android\Android Studio3\jre\bin\verify.dll
0x00007ffb0b410000 - 0x00007ffb0b5f4000 	C:\WINDOWS\SYSTEM32\DBGHELP.DLL
0x00007ffb0b350000 - 0x00007ffb0b385000 	C:\WINDOWS\SYSTEM32\dbgcore.DLL
0x00007ffb0bdb0000 - 0x00007ffb0be32000 	C:\WINDOWS\System32\bcryptPrimitives.dll
0x00007ffafa1e0000 - 0x00007ffafa209000 	C:\Program Files\Android\Android Studio3\jre\bin\java.dll
0x00007ffb094c0000 - 0x00007ffb094cb000 	C:\Program Files\Android\Android Studio3\jre\bin\jimage.dll
0x00007ffb05e60000 - 0x00007ffb05e78000 	C:\Program Files\Android\Android Studio3\jre\bin\zip.dll

dbghelp: loaded successfully - version: 4.0.5 - missing functions: none
symbol engine: initialized successfully - sym options: 0x614 - pdb path: .;C:\Program Files\Android\Android Studio3\jre\bin;C:\WINDOWS\SYSTEM32;C:\WINDOWS\WinSxS\amd64_microsoft.windows.common-controls_6595b64144ccf1df_6.0.19041.1110_none_60b5254171f9507e;C:\Program Files\Android\Android Studio3\jre\bin\server

VM Arguments:
java_command: org.jetbrains.kotlin.cli.jvm.K2JVMCompiler @C:\Users\Marko\AndroidStudioProjects\Restaurants\app\build\20221225_17918455974169540199.compiler.options
java_class_path (initial): C:\Users\Marko\.gradle\caches\modules-2\files-2.1\org.jetbrains.kotlin\kotlin-compiler-embeddable\1.7.20\8db18559a581dd2c36ddfd5046af145650f5b126\kotlin-compiler-embeddable-1.7.20.jar;C:\Users\Marko\.gradle\caches\modules-2\files-2.1\org.jetbrains.kotlin\kotlin-reflect\1.7.20\12b2501e33bb6373e8e347c86d85481863629381\kotlin-reflect-1.7.20.jar;C:\Users\Marko\.gradle\caches\modules-2\files-2.1\org.jetbrains.kotlin\kotlin-stdlib\1.7.20\726594ea9ba2beb2ee113647fefa9a10f9fabe52\kotlin-stdlib-1.7.20.jar;C:\Users\Marko\.gradle\caches\modules-2\files-2.1\org.jetbrains.kotlin\kotlin-script-runtime\1.7.20\bcd1cc6f865e632550357fcc59f5ffd532615a8\kotlin-script-runtime-1.7.20.jar;C:\Users\Marko\.gradle\caches\modules-2\files-2.1\org.jetbrains.kotlin\kotlin-daemon-embeddable\1.7.20\1e24355adad8d529d75d5b19eab55484057431ba\kotlin-daemon-embeddable-1.7.20.jar;C:\Users\Marko\.gradle\caches\modules-2\files-2.1\org.jetbrains.intellij.deps\trove4j\1.0.20200330\3afb14d5f9ceb459d724e907a21145e8ff394f02\trove4j-1.0.20200330.jar;C:\Users\Marko\.gradle\caches\modules-2\files-2.1\net.java.dev.jna\jna\5.6.0\330f2244e9030119ab3030fc3fededc86713d9cc\jna-5.6.0.jar;C:\Users\Marko\.gradle\caches\modules-2\files-2.1\org.jetbrains.kotlin\kotlin-stdlib-common\1.7.20\e15351bdaf9fa06f009be5da7a202e4184f00ae3\kotlin-stdlib-common-1.7.20.jar;C:\Users\Marko\.gradle\caches\modules-2\files-2.1\org.jetbrains\annotations\13.0\919f0dfe192fb4e063e7dacadee7f8bb9a2672a9\annotations-13.0.jar
Launcher Type: SUN_STANDARD

[Global flags]
     intx CICompilerCount                          = 4                                         {product} {ergonomic}
     uint ConcGCThreads                            = 2                                         {product} {ergonomic}
     uint G1ConcRefinementThreads                  = 8                                         {product} {ergonomic}
   size_t G1HeapRegionSize                         = 1048576                                   {product} {ergonomic}
    uintx GCDrainStackTargetSize                   = 64                                        {product} {ergonomic}
   size_t InitialHeapSize                          = 134217728                                 {product} {ergonomic}
   size_t MarkStackSize                            = 4194304                                   {product} {ergonomic}
   size_t MaxHeapSize                              = 2124414976                                {product} {ergonomic}
   size_t MinHeapDeltaBytes                        = 1048576                                   {product} {ergonomic}
    uintx NonNMethodCodeHeapSize                   = 5836300                                {pd product} {ergonomic}
    uintx NonProfiledCodeHeapSize                  = 122910970                              {pd product} {ergonomic}
    uintx ProfiledCodeHeapSize                     = 122910970                              {pd product} {ergonomic}
    uintx ReservedCodeCacheSize                    = 251658240                              {pd product} {ergonomic}
     bool SegmentedCodeCache                       = true                                      {product} {ergonomic}
     bool UseCompressedClassPointers               = true                                 {lp64_product} {ergonomic}
     bool UseCompressedOops                        = true                                 {lp64_product} {ergonomic}
     bool UseG1GC                                  = true                                      {product} {ergonomic}
     bool UseLargePagesIndividualAllocation        = false                                  {pd product} {ergonomic}

Logging:
Log output configuration:
 #0: stdout all=warning uptime,level,tags
 #1: stderr all=off uptime,level,tags

Environment Variables:
PATH=C:\Program Files (x86)\VMware\VMware Player\bin\;C:\Python39\Scripts\;C:\Python39\;C:\Program Files (x86)\Common Files\Oracle\Java\javapath;C:\WINDOWS\system32;C:\WINDOWS;C:\WINDOWS\System32\Wbem;C:\WINDOWS\System32\WindowsPowerShell\v1.0\;C:\WINDOWS\System32\OpenSSH\;C:\Program Files (x86)\Bitvise SSH Client;C:\Program Files\nodejs\;C:\ProgramData\chocolatey\bin;C:\Program Files\Git\cmd;C:\Users\Marko\AppData\Local\Microsoft\WindowsApps;C:\Program Files (x86)\SSH Communications Security\SSH Secure Shell;C:\Users\Marko\AppData\Local\Programs\Microsoft VS Code\bin;C:\MinGW\bin;C:\Users\Marko\AppData\Roaming\npm;C:\Users\Marko\Downloads\flutter\bin;
USERNAME=Marko
OS=Windows_NT
PROCESSOR_IDENTIFIER=Intel64 Family 6 Model 142 Stepping 10, GenuineIntel



---------------  S Y S T E M  ---------------

OS: Windows 10 , 64 bit Build 19041 (10.0.19041.2364)
OS uptime: 1 days 0:07 hours

CPU:total 8 (initial active 8) (4 cores per cpu, 2 threads per core) family 6 model 142 stepping 10 microcode 0xb4, cmov, cx8, fxsr, mmx, sse, sse2, sse3, ssse3, sse4.1, sse4.2, popcnt, avx, avx2, aes, clmul, erms, 3dnowpref, lzcnt, ht, tsc, tscinvbit, bmi1, bmi2, adx, fma

Memory: 4k page, system-wide physical 8101M (930M free)
TotalPageFile size 10661M (AvailPageFile size 112M)
current process WorkingSet (physical memory assigned to process): 10M, peak: 10M
current process commit charge ("private bytes"): 60M, peak: 187M

vm_info: OpenJDK 64-Bit Server VM (11.0.13+0-b1751.21-8125866) for windows-amd64 JRE (11.0.13+0-b1751.21-8125866), built on Feb  2 2022 03:00:22 by "builder" with MS VC++ 14.0 (VS2015)

END.
