#
# There is insufficient memory for the Java Runtime Environment to continue.
# Native memory allocation (malloc) failed to allocate 1178976 bytes for Chunk::new
# Possible reasons:
#   The system is out of physical RAM or swap space
#   The process is running with CompressedOops enabled, and the Java Heap may be blocking the growth of the native heap
# Possible solutions:
#   Reduce memory load on the system
#   Increase physical memory or swap space
#   Check if swap backing store is full
#   Decrease Java heap size (-Xmx/-Xms)
#   Decrease number of Java threads
#   Decrease Java thread stack sizes (-Xss)
#   Set larger code cache with -XX:ReservedCodeCacheSize=
#   JVM is running with Unscaled Compressed Oops mode in which the Java heap is
#     placed in the first 4GB address space. The Java Heap base address is the
#     maximum limit for the native heap growth. Please use -XX:HeapBaseMinAddress
#     to set the Java Heap base and to place the Java Heap above 4GB virtual address.
# This output file may be truncated or incomplete.
#
#  Out of Memory Error (./src/hotspot/share/memory/arena.cpp:197), pid=6836, tid=5596
#
# JRE version: OpenJDK Runtime Environment (11.0.13) (build 11.0.13+0-b1751.21-8125866)
# Java VM: OpenJDK 64-Bit Server VM (11.0.13+0-b1751.21-8125866, mixed mode, tiered, compressed oops, g1 gc, windows-amd64)
# No core dump will be written. Minidumps are not enabled by default on client versions of Windows
#

---------------  S U M M A R Y ------------

Command Line: --add-opens=java.base/java.util=ALL-UNNAMED --add-opens=java.base/java.lang=ALL-UNNAMED --add-opens=java.base/java.lang.invoke=ALL-UNNAMED --add-opens=java.base/java.util=ALL-UNNAMED --add-opens=java.prefs/java.util.prefs=ALL-UNNAMED --add-opens=java.prefs/java.util.prefs=ALL-UNNAMED --add-opens=java.base/java.nio.charset=ALL-UNNAMED --add-opens=java.base/java.net=ALL-UNNAMED --add-opens=java.base/java.util.concurrent.atomic=ALL-UNNAMED -Xmx2048m -Dfile.encoding=UTF-8 -Duser.country=US -Duser.language=en -Duser.variant org.gradle.launcher.daemon.bootstrap.GradleDaemon 7.4

Host: Intel(R) Core(TM) i5-8250U CPU @ 1.60GHz, 8 cores, 7G,  Windows 10 , 64 bit Build 19041 (10.0.19041.2251)
Time: Wed Dec 14 19:53:00 2022 Central Europe Standard Time elapsed time: 14.335129 seconds (0d 0h 0m 14s)

---------------  T H R E A D  ---------------

Current thread (0x00000286e848c800):  JavaThread "C2 CompilerThread0" daemon [_thread_in_native, id=5596, stack(0x0000008c99f00000,0x0000008c9a000000)]


Current CompileTask:
C2:  14335 7390 %     4       org.gradle.internal.instantiation.generator.AbstractClassGenerator::inspectType @ 107 (560 bytes)

Stack: [0x0000008c99f00000,0x0000008c9a000000]
Native frames: (J=compiled Java code, j=interpreted, Vv=VM code, C=native code)
V  [jvm.dll+0x6100fa]
V  [jvm.dll+0x747090]
V  [jvm.dll+0x7486ad]
V  [jvm.dll+0x748d83]
V  [jvm.dll+0x24ab48]
V  [jvm.dll+0xc04dc]
V  [jvm.dll+0xc0a0c]
V  [jvm.dll+0x2bfab4]
V  [jvm.dll+0x524238]
V  [jvm.dll+0x20b193]
V  [jvm.dll+0x204ca0]
V  [jvm.dll+0x2023c2]
V  [jvm.dll+0x188e01]
V  [jvm.dll+0x21106b]
V  [jvm.dll+0x20f8c1]
V  [jvm.dll+0x70de0f]
V  [jvm.dll+0x706a75]
V  [jvm.dll+0x60ed66]
C  [ucrtbase.dll+0x21bb2]
C  [KERNEL32.DLL+0x174b4]
C  [ntdll.dll+0x526a1]


---------------  P R O C E S S  ---------------

Threads class SMR info:
_java_thread_list=0x00000286f0108380, length=124, elements={
0x00000286cbfee000, 0x00000286e8462000, 0x00000286e846d800, 0x00000286e8de2800,
0x00000286e847c800, 0x00000286e847e000, 0x00000286e848c800, 0x00000286e8491000,
0x00000286e8492800, 0x00000286e8f48000, 0x00000286eba65800, 0x00000286e9015000,
0x00000286ea60c800, 0x00000286eb5d2800, 0x00000286e9482000, 0x00000286ea55a000,
0x00000286e91ae800, 0x00000286ea27c000, 0x00000286eb0f4000, 0x00000286eb0f5000,
0x00000286eb2b5800, 0x00000286eb2b9800, 0x00000286eb2b4800, 0x00000286eb2b6000,
0x00000286eb2b8000, 0x00000286eb2b4000, 0x00000286eb2b7000, 0x00000286eb2b8800,
0x00000286eb2ba800, 0x00000286eba8b800, 0x00000286e99dd000, 0x00000286ebae1000,
0x00000286eba8d800, 0x00000286eba8a000, 0x00000286eba8f000, 0x00000286eba89000,
0x00000286eba90800, 0x00000286eba91800, 0x00000286eba92000, 0x00000286eba8f800,
0x00000286eba93000, 0x00000286eba94800, 0x00000286eba94000, 0x00000286eba95800,
0x00000286eba96000, 0x00000286eba97000, 0x00000286eba98000, 0x00000286eec4e000,
0x00000286eec4a800, 0x00000286eec48800, 0x00000286eec4c800, 0x00000286eec4a000,
0x00000286eec4f000, 0x00000286eec49000, 0x00000286eec4b800, 0x00000286eec50800,
0x00000286eec4d000, 0x00000286eec51000, 0x00000286eec4f800, 0x00000286eec52000,
0x00000286eec54800, 0x00000286eec57000, 0x00000286eec56000, 0x00000286eec53000,
0x00000286eec53800, 0x00000286eec55800, 0x00000286ee1c7800, 0x00000286ee1c9800,
0x00000286ee1cd800, 0x00000286ee1ce000, 0x00000286ee1c8800, 0x00000286ee1ca000,
0x00000286ee1cc800, 0x00000286ee1cf000, 0x00000286ee1cb000, 0x00000286ee1d0800,
0x00000286ee1d0000, 0x00000286ee1cc000, 0x00000286ee1d2800, 0x00000286ee1d3000,
0x00000286ee1d4000, 0x00000286ee1d1800, 0x00000286ee1d5800, 0x00000286ee1d5000,
0x00000286ee1d6800, 0x00000286eff7a000, 0x00000286eff7f800, 0x00000286eff7c800,
0x00000286eff7f000, 0x00000286eff80800, 0x00000286eff7d800, 0x00000286eff7b000,
0x00000286eff7e000, 0x00000286eff81800, 0x00000286eff7b800, 0x00000286eff88000,
0x00000286eff82000, 0x00000286eff86800, 0x00000286eff83000, 0x00000286eff84000,
0x00000286eff87000, 0x00000286eff88800, 0x00000286eff84800, 0x00000286eff85800,
0x00000286ee41f800, 0x00000286ee421800, 0x00000286ee41f000, 0x00000286ee423000,
0x00000286ee41d000, 0x00000286ee424000, 0x00000286ee41e000, 0x00000286ee424800,
0x00000286ee426000, 0x00000286ee420800, 0x00000286ee425800, 0x00000286ee427000,
0x00000286ee428000, 0x00000286ee422000, 0x00000286ee428800, 0x00000286ee42a800,
0x00000286ee42b000, 0x00000286ee429800, 0x00000286ee42c000, 0x00000286ead3d000
}

Java Threads: ( => current thread )
  0x00000286cbfee000 JavaThread "main" [_thread_blocked, id=4772, stack(0x0000008c99300000,0x0000008c99400000)]
  0x00000286e8462000 JavaThread "Reference Handler" daemon [_thread_blocked, id=5384, stack(0x0000008c99a00000,0x0000008c99b00000)]
  0x00000286e846d800 JavaThread "Finalizer" daemon [_thread_blocked, id=840, stack(0x0000008c99b00000,0x0000008c99c00000)]
  0x00000286e8de2800 JavaThread "Signal Dispatcher" daemon [_thread_blocked, id=6440, stack(0x0000008c99c00000,0x0000008c99d00000)]
  0x00000286e847c800 JavaThread "Attach Listener" daemon [_thread_blocked, id=6992, stack(0x0000008c99d00000,0x0000008c99e00000)]
  0x00000286e847e000 JavaThread "Service Thread" daemon [_thread_blocked, id=11228, stack(0x0000008c99e00000,0x0000008c99f00000)]
=>0x00000286e848c800 JavaThread "C2 CompilerThread0" daemon [_thread_in_native, id=5596, stack(0x0000008c99f00000,0x0000008c9a000000)]
  0x00000286e8491000 JavaThread "C1 CompilerThread0" daemon [_thread_blocked, id=10052, stack(0x0000008c9a000000,0x0000008c9a100000)]
  0x00000286e8492800 JavaThread "Sweeper thread" daemon [_thread_blocked, id=2792, stack(0x0000008c9a100000,0x0000008c9a200000)]
  0x00000286e8f48000 JavaThread "Common-Cleaner" daemon [_thread_blocked, id=5660, stack(0x0000008c9a200000,0x0000008c9a300000)]
  0x00000286eba65800 JavaThread "Daemon health stats" [_thread_blocked, id=12084, stack(0x0000008c9a800000,0x0000008c9a900000)]
  0x00000286e9015000 JavaThread "Incoming local TCP Connector on port 59685" [_thread_in_native, id=11100, stack(0x0000008c9a400000,0x0000008c9a500000)]
  0x00000286ea60c800 JavaThread "Daemon periodic checks" [_thread_blocked, id=6236, stack(0x0000008c9a700000,0x0000008c9a800000)]
  0x00000286eb5d2800 JavaThread "Daemon" [_thread_blocked, id=12080, stack(0x0000008c9a900000,0x0000008c9aa00000)]
  0x00000286e9482000 JavaThread "Handler for socket connection from /127.0.0.1:59685 to /127.0.0.1:59686" [_thread_in_native, id=12360, stack(0x0000008c9aa00000,0x0000008c9ab00000)]
  0x00000286ea55a000 JavaThread "Cancel handler" [_thread_blocked, id=11988, stack(0x0000008c9ab00000,0x0000008c9ac00000)]
  0x00000286e91ae800 JavaThread "Daemon worker" [_thread_in_vm, id=12100, stack(0x0000008c9ac00000,0x0000008c9ad00000)]
  0x00000286ea27c000 JavaThread "Asynchronous log dispatcher for DefaultDaemonConnection: socket connection from /127.0.0.1:59685 to /127.0.0.1:59686" [_thread_blocked, id=12416, stack(0x0000008c9ad00000,0x0000008c9ae00000)]
  0x00000286eb0f4000 JavaThread "Stdin handler" [_thread_blocked, id=6196, stack(0x0000008c9ae00000,0x0000008c9af00000)]
  0x00000286eb0f5000 JavaThread "Daemon client event forwarder" [_thread_blocked, id=7584, stack(0x0000008c9af00000,0x0000008c9b000000)]
  0x00000286eb2b5800 JavaThread "Cache worker for journal cache (C:\Users\Marko\.gradle\caches\journal-1)" [_thread_blocked, id=12144, stack(0x0000008c9b600000,0x0000008c9b700000)]
  0x00000286eb2b9800 JavaThread "File lock request listener" [_thread_in_native, id=5676, stack(0x0000008c9b700000,0x0000008c9b800000)]
  0x00000286eb2b4800 JavaThread "Cache worker for file hash cache (C:\Users\Marko\.gradle\caches\7.4\fileHashes)" [_thread_blocked, id=3240, stack(0x0000008c9b800000,0x0000008c9b900000)]
  0x00000286eb2b6000 JavaThread "File watcher server" daemon [_thread_in_native, id=3688, stack(0x0000008c9bb00000,0x0000008c9bc00000)]
  0x00000286eb2b8000 JavaThread "File watcher consumer" daemon [_thread_blocked, id=7892, stack(0x0000008c9bc00000,0x0000008c9bd00000)]
  0x00000286eb2b4000 JavaThread "Cache worker for checksums cache (C:\Users\Marko\AndroidStudioProjects\Restaurants\.gradle\7.4\checksums)" [_thread_blocked, id=12648, stack(0x0000008c9bd00000,0x0000008c9be00000)]
  0x00000286eb2b7000 JavaThread "Cache worker for cache directory md-rule (C:\Users\Marko\.gradle\caches\7.4\md-rule)" [_thread_blocked, id=9272, stack(0x0000008c9be00000,0x0000008c9bf00000)]
  0x00000286eb2b8800 JavaThread "Cache worker for file hash cache (C:\Users\Marko\AndroidStudioProjects\Restaurants\.gradle\7.4\fileHashes)" [_thread_blocked, id=4992, stack(0x0000008c9bf00000,0x0000008c9c000000)]
  0x00000286eb2ba800 JavaThread "Cache worker for cache directory md-supplier (C:\Users\Marko\.gradle\caches\7.4\md-supplier)" [_thread_blocked, id=1704, stack(0x0000008c9c000000,0x0000008c9c100000)]
  0x00000286eba8b800 JavaThread "Cache worker for execution history cache (C:\Users\Marko\.gradle\caches\7.4\executionHistory)" [_thread_blocked, id=11476, stack(0x0000008c9c100000,0x0000008c9c200000)]
  0x00000286e99dd000 JavaThread "C2 CompilerThread1" daemon [_thread_in_native, id=7728, stack(0x0000008c9b000000,0x0000008c9b100000)]
  0x00000286ebae1000 JavaThread "C2 CompilerThread2" daemon [_thread_in_native, id=6796, stack(0x0000008c9ba00000,0x0000008c9bb00000)]
  0x00000286eba8d800 JavaThread "jar transforms" [_thread_blocked, id=11040, stack(0x0000008c9c200000,0x0000008c9c300000)]
  0x00000286eba8a000 JavaThread "Cache worker for file content cache (C:\Users\Marko\.gradle\caches\7.4\fileContent)" [_thread_blocked, id=11360, stack(0x0000008c9c300000,0x0000008c9c400000)]
  0x00000286eba8f000 JavaThread "jar transforms Thread 2" [_thread_blocked, id=2632, stack(0x0000008c9c400000,0x0000008c9c500000)]
  0x00000286eba89000 JavaThread "Cache worker for dependencies-accessors (C:\Users\Marko\AndroidStudioProjects\Restaurants\.gradle\7.4\dependencies-accessors)" [_thread_blocked, id=11324, stack(0x0000008c9c500000,0x0000008c9c600000)]
  0x00000286eba90800 JavaThread "jar transforms Thread 3" [_thread_blocked, id=12668, stack(0x0000008c9c600000,0x0000008c9c700000)]
  0x00000286eba91800 JavaThread "Cache worker for Build Output Cleanup Cache (C:\Users\Marko\AndroidStudioProjects\Restaurants\.gradle\buildOutputCleanup)" [_thread_blocked, id=11540, stack(0x0000008c9c700000,0x0000008c9c800000)]
  0x00000286eba92000 JavaThread "Unconstrained build operations" [_thread_blocked, id=3732, stack(0x0000008c9c800000,0x0000008c9c900000)]
  0x00000286eba8f800 JavaThread "Unconstrained build operations Thread 2" [_thread_blocked, id=5860, stack(0x0000008c9c900000,0x0000008c9ca00000)]
  0x00000286eba93000 JavaThread "Unconstrained build operations Thread 3" [_thread_blocked, id=13184, stack(0x0000008c9ca00000,0x0000008c9cb00000)]
  0x00000286eba94800 JavaThread "Unconstrained build operations Thread 4" [_thread_blocked, id=2436, stack(0x0000008c9cb00000,0x0000008c9cc00000)]
  0x00000286eba94000 JavaThread "Unconstrained build operations Thread 5" [_thread_blocked, id=7644, stack(0x0000008c9cc00000,0x0000008c9cd00000)]
  0x00000286eba95800 JavaThread "Unconstrained build operations Thread 6" [_thread_blocked, id=6068, stack(0x0000008c9cd00000,0x0000008c9ce00000)]
  0x00000286eba96000 JavaThread "Unconstrained build operations Thread 7" [_thread_blocked, id=10384, stack(0x0000008c9ce00000,0x0000008c9cf00000)]
  0x00000286eba97000 JavaThread "Unconstrained build operations Thread 8" [_thread_blocked, id=1740, stack(0x0000008c9cf00000,0x0000008c9d000000)]
  0x00000286eba98000 JavaThread "Unconstrained build operations Thread 9" [_thread_blocked, id=10504, stack(0x0000008c9d000000,0x0000008c9d100000)]
  0x00000286eec4e000 JavaThread "Unconstrained build operations Thread 10" [_thread_blocked, id=11796, stack(0x0000008c9d100000,0x0000008c9d200000)]
  0x00000286eec4a800 JavaThread "Unconstrained build operations Thread 11" [_thread_blocked, id=6364, stack(0x0000008c9d200000,0x0000008c9d300000)]
  0x00000286eec48800 JavaThread "Unconstrained build operations Thread 12" [_thread_blocked, id=9588, stack(0x0000008c9d300000,0x0000008c9d400000)]
  0x00000286eec4c800 JavaThread "Unconstrained build operations Thread 13" [_thread_blocked, id=10604, stack(0x0000008c9d400000,0x0000008c9d500000)]
  0x00000286eec4a000 JavaThread "Unconstrained build operations Thread 14" [_thread_blocked, id=4752, stack(0x0000008c9d500000,0x0000008c9d600000)]
  0x00000286eec4f000 JavaThread "Unconstrained build operations Thread 15" [_thread_blocked, id=1088, stack(0x0000008c9d600000,0x0000008c9d700000)]
  0x00000286eec49000 JavaThread "Unconstrained build operations Thread 16" [_thread_blocked, id=5620, stack(0x0000008c9d700000,0x0000008c9d800000)]
  0x00000286eec4b800 JavaThread "Unconstrained build operations Thread 17" [_thread_blocked, id=10496, stack(0x0000008c9d800000,0x0000008c9d900000)]
  0x00000286eec50800 JavaThread "Unconstrained build operations Thread 18" [_thread_blocked, id=12752, stack(0x0000008c9d900000,0x0000008c9da00000)]
  0x00000286eec4d000 JavaThread "Unconstrained build operations Thread 19" [_thread_blocked, id=12212, stack(0x0000008c9da00000,0x0000008c9db00000)]
  0x00000286eec51000 JavaThread "Unconstrained build operations Thread 20" [_thread_blocked, id=10444, stack(0x0000008c9db00000,0x0000008c9dc00000)]
  0x00000286eec4f800 JavaThread "Unconstrained build operations Thread 21" [_thread_blocked, id=11852, stack(0x0000008c9dc00000,0x0000008c9dd00000)]
  0x00000286eec52000 JavaThread "Unconstrained build operations Thread 22" [_thread_blocked, id=5540, stack(0x0000008c9dd00000,0x0000008c9de00000)]
  0x00000286eec54800 JavaThread "Unconstrained build operations Thread 23" [_thread_blocked, id=4032, stack(0x0000008c9de00000,0x0000008c9df00000)]
  0x00000286eec57000 JavaThread "Unconstrained build operations Thread 24" [_thread_blocked, id=11076, stack(0x0000008c9df00000,0x0000008c9e000000)]
  0x00000286eec56000 JavaThread "Unconstrained build operations Thread 25" [_thread_blocked, id=11412, stack(0x0000008c9e000000,0x0000008c9e100000)]
  0x00000286eec53000 JavaThread "Unconstrained build operations Thread 26" [_thread_blocked, id=3900, stack(0x0000008c9e100000,0x0000008c9e200000)]
  0x00000286eec53800 JavaThread "Unconstrained build operations Thread 27" [_thread_blocked, id=11164, stack(0x0000008c9e200000,0x0000008c9e300000)]
  0x00000286eec55800 JavaThread "Unconstrained build operations Thread 28" [_thread_blocked, id=12728, stack(0x0000008c9e300000,0x0000008c9e400000)]
  0x00000286ee1c7800 JavaThread "Unconstrained build operations Thread 29" [_thread_blocked, id=4588, stack(0x0000008c9e400000,0x0000008c9e500000)]
  0x00000286ee1c9800 JavaThread "Unconstrained build operations Thread 30" [_thread_blocked, id=2120, stack(0x0000008c9e500000,0x0000008c9e600000)]
  0x00000286ee1cd800 JavaThread "Unconstrained build operations Thread 31" [_thread_blocked, id=3928, stack(0x0000008c9e600000,0x0000008c9e700000)]
  0x00000286ee1ce000 JavaThread "Unconstrained build operations Thread 32" [_thread_blocked, id=1296, stack(0x0000008c9e700000,0x0000008c9e800000)]
  0x00000286ee1c8800 JavaThread "Unconstrained build operations Thread 33" [_thread_blocked, id=4756, stack(0x0000008c9e800000,0x0000008c9e900000)]
  0x00000286ee1ca000 JavaThread "Unconstrained build operations Thread 34" [_thread_blocked, id=10564, stack(0x0000008c9e900000,0x0000008c9ea00000)]
  0x00000286ee1cc800 JavaThread "Unconstrained build operations Thread 35" [_thread_blocked, id=6232, stack(0x0000008c9ea00000,0x0000008c9eb00000)]
  0x00000286ee1cf000 JavaThread "Unconstrained build operations Thread 36" [_thread_blocked, id=1404, stack(0x0000008c9eb00000,0x0000008c9ec00000)]
  0x00000286ee1cb000 JavaThread "Unconstrained build operations Thread 37" [_thread_blocked, id=12512, stack(0x0000008c9ec00000,0x0000008c9ed00000)]
  0x00000286ee1d0800 JavaThread "Unconstrained build operations Thread 38" [_thread_blocked, id=7496, stack(0x0000008c9ed00000,0x0000008c9ee00000)]
  0x00000286ee1d0000 JavaThread "Unconstrained build operations Thread 39" [_thread_blocked, id=1536, stack(0x0000008c9ee00000,0x0000008c9ef00000)]
  0x00000286ee1cc000 JavaThread "Unconstrained build operations Thread 40" [_thread_blocked, id=8672, stack(0x0000008c9ef00000,0x0000008c9f000000)]
  0x00000286ee1d2800 JavaThread "Unconstrained build operations Thread 41" [_thread_blocked, id=6940, stack(0x0000008c9f000000,0x0000008c9f100000)]
  0x00000286ee1d3000 JavaThread "Unconstrained build operations Thread 42" [_thread_blocked, id=13040, stack(0x0000008c9f100000,0x0000008c9f200000)]
  0x00000286ee1d4000 JavaThread "Unconstrained build operations Thread 43" [_thread_blocked, id=7856, stack(0x0000008c9f200000,0x0000008c9f300000)]
  0x00000286ee1d1800 JavaThread "Unconstrained build operations Thread 44" [_thread_blocked, id=8552, stack(0x0000008c9f300000,0x0000008c9f400000)]
  0x00000286ee1d5800 JavaThread "Unconstrained build operations Thread 45" [_thread_blocked, id=6160, stack(0x0000008c9f400000,0x0000008c9f500000)]
  0x00000286ee1d5000 JavaThread "Unconstrained build operations Thread 46" [_thread_blocked, id=2100, stack(0x0000008c9f500000,0x0000008c9f600000)]
  0x00000286ee1d6800 JavaThread "Unconstrained build operations Thread 47" [_thread_blocked, id=11436, stack(0x0000008c9f600000,0x0000008c9f700000)]
  0x00000286eff7a000 JavaThread "Unconstrained build operations Thread 48" [_thread_blocked, id=11432, stack(0x0000008c9f700000,0x0000008c9f800000)]
  0x00000286eff7f800 JavaThread "Unconstrained build operations Thread 49" [_thread_blocked, id=8168, stack(0x0000008c9f800000,0x0000008c9f900000)]
  0x00000286eff7c800 JavaThread "Unconstrained build operations Thread 50" [_thread_blocked, id=9756, stack(0x0000008c9f900000,0x0000008c9fa00000)]
  0x00000286eff7f000 JavaThread "Unconstrained build operations Thread 51" [_thread_blocked, id=5952, stack(0x0000008c9fa00000,0x0000008c9fb00000)]
  0x00000286eff80800 JavaThread "Unconstrained build operations Thread 52" [_thread_blocked, id=6704, stack(0x0000008c9fb00000,0x0000008c9fc00000)]
  0x00000286eff7d800 JavaThread "Unconstrained build operations Thread 53" [_thread_blocked, id=12328, stack(0x0000008c9fc00000,0x0000008c9fd00000)]
  0x00000286eff7b000 JavaThread "Unconstrained build operations Thread 54" [_thread_blocked, id=13116, stack(0x0000008c9fd00000,0x0000008c9fe00000)]
  0x00000286eff7e000 JavaThread "Unconstrained build operations Thread 55" [_thread_blocked, id=9648, stack(0x0000008c9fe00000,0x0000008c9ff00000)]
  0x00000286eff81800 JavaThread "Unconstrained build operations Thread 56" [_thread_blocked, id=2492, stack(0x0000008c9ff00000,0x0000008ca0000000)]
  0x00000286eff7b800 JavaThread "Unconstrained build operations Thread 57" [_thread_blocked, id=10616, stack(0x0000008ca0000000,0x0000008ca0100000)]
  0x00000286eff88000 JavaThread "Unconstrained build operations Thread 58" [_thread_blocked, id=2268, stack(0x0000008ca0100000,0x0000008ca0200000)]
  0x00000286eff82000 JavaThread "Unconstrained build operations Thread 59" [_thread_blocked, id=11720, stack(0x0000008ca0200000,0x0000008ca0300000)]
  0x00000286eff86800 JavaThread "Unconstrained build operations Thread 60" [_thread_blocked, id=2960, stack(0x0000008ca0300000,0x0000008ca0400000)]
  0x00000286eff83000 JavaThread "Unconstrained build operations Thread 61" [_thread_blocked, id=2928, stack(0x0000008ca0400000,0x0000008ca0500000)]
  0x00000286eff84000 JavaThread "Unconstrained build operations Thread 62" [_thread_blocked, id=2084, stack(0x0000008ca0500000,0x0000008ca0600000)]
  0x00000286eff87000 JavaThread "Unconstrained build operations Thread 63" [_thread_blocked, id=2200, stack(0x0000008ca0600000,0x0000008ca0700000)]
  0x00000286eff88800 JavaThread "Unconstrained build operations Thread 64" [_thread_blocked, id=12644, stack(0x0000008ca0700000,0x0000008ca0800000)]
  0x00000286eff84800 JavaThread "Unconstrained build operations Thread 65" [_thread_blocked, id=8280, stack(0x0000008ca0800000,0x0000008ca0900000)]
  0x00000286eff85800 JavaThread "Unconstrained build operations Thread 66" [_thread_blocked, id=4664, stack(0x0000008ca0900000,0x0000008ca0a00000)]
  0x00000286ee41f800 JavaThread "Unconstrained build operations Thread 67" [_thread_blocked, id=3040, stack(0x0000008ca0a00000,0x0000008ca0b00000)]
  0x00000286ee421800 JavaThread "Unconstrained build operations Thread 68" [_thread_blocked, id=11280, stack(0x0000008ca0b00000,0x0000008ca0c00000)]
  0x00000286ee41f000 JavaThread "Unconstrained build operations Thread 69" [_thread_blocked, id=3904, stack(0x0000008ca0c00000,0x0000008ca0d00000)]
  0x00000286ee423000 JavaThread "Unconstrained build operations Thread 70" [_thread_blocked, id=464, stack(0x0000008ca0d00000,0x0000008ca0e00000)]
  0x00000286ee41d000 JavaThread "Unconstrained build operations Thread 71" [_thread_blocked, id=10392, stack(0x0000008ca0e00000,0x0000008ca0f00000)]
  0x00000286ee424000 JavaThread "Unconstrained build operations Thread 72" [_thread_blocked, id=11048, stack(0x0000008ca0f00000,0x0000008ca1000000)]
  0x00000286ee41e000 JavaThread "Unconstrained build operations Thread 73" [_thread_blocked, id=11672, stack(0x0000008ca1000000,0x0000008ca1100000)]
  0x00000286ee424800 JavaThread "Unconstrained build operations Thread 74" [_thread_blocked, id=8832, stack(0x0000008ca1100000,0x0000008ca1200000)]
  0x00000286ee426000 JavaThread "Unconstrained build operations Thread 75" [_thread_blocked, id=2932, stack(0x0000008ca1200000,0x0000008ca1300000)]
  0x00000286ee420800 JavaThread "Unconstrained build operations Thread 76" [_thread_blocked, id=8756, stack(0x0000008ca1300000,0x0000008ca1400000)]
  0x00000286ee425800 JavaThread "Unconstrained build operations Thread 77" [_thread_blocked, id=11944, stack(0x0000008ca1400000,0x0000008ca1500000)]
  0x00000286ee427000 JavaThread "Unconstrained build operations Thread 78" [_thread_blocked, id=5616, stack(0x0000008ca1500000,0x0000008ca1600000)]
  0x00000286ee428000 JavaThread "Unconstrained build operations Thread 79" [_thread_blocked, id=3420, stack(0x0000008ca1600000,0x0000008ca1700000)]
  0x00000286ee422000 JavaThread "Unconstrained build operations Thread 80" [_thread_blocked, id=5652, stack(0x0000008ca1700000,0x0000008ca1800000)]
  0x00000286ee428800 JavaThread "jar transforms Thread 4" [_thread_blocked, id=816, stack(0x0000008ca1800000,0x0000008ca1900000)]
  0x00000286ee42a800 JavaThread "jar transforms Thread 5" [_thread_blocked, id=12428, stack(0x0000008ca1900000,0x0000008ca1a00000)]
  0x00000286ee42b000 JavaThread "jar transforms Thread 6" [_thread_blocked, id=7052, stack(0x0000008ca1a00000,0x0000008ca1b00000)]
  0x00000286ee429800 JavaThread "jar transforms Thread 7" [_thread_blocked, id=12268, stack(0x0000008ca1b00000,0x0000008ca1c00000)]
  0x00000286ee42c000 JavaThread "jar transforms Thread 8" [_thread_blocked, id=6244, stack(0x0000008ca1c00000,0x0000008ca1d00000)]
  0x00000286ead3d000 JavaThread "Memory manager" [_thread_blocked, id=6824, stack(0x0000008ca1d00000,0x0000008ca1e00000)]

Other Threads:
  0x00000286e845d800 VMThread "VM Thread" [stack: 0x0000008c99900000,0x0000008c99a00000] [id=12800]
  0x00000286e8f55800 WatcherThread [stack: 0x0000008c9a300000,0x0000008c9a400000] [id=1276]
  0x00000286cc007800 GCTaskThread "GC Thread#0" [stack: 0x0000008c99400000,0x0000008c99500000] [id=6980]
  0x00000286ea032800 GCTaskThread "GC Thread#1" [stack: 0x0000008c9a500000,0x0000008c9a600000] [id=1472]
  0x00000286e9670800 GCTaskThread "GC Thread#2" [stack: 0x0000008c9a600000,0x0000008c9a700000] [id=7352]
  0x00000286ea3ff000 GCTaskThread "GC Thread#3" [stack: 0x0000008c9b100000,0x0000008c9b200000] [id=10284]
  0x00000286eac13000 GCTaskThread "GC Thread#4" [stack: 0x0000008c9b200000,0x0000008c9b300000] [id=244]
  0x00000286e9fe7800 GCTaskThread "GC Thread#5" [stack: 0x0000008c9b300000,0x0000008c9b400000] [id=2432]
  0x00000286e9fe8000 GCTaskThread "GC Thread#6" [stack: 0x0000008c9b400000,0x0000008c9b500000] [id=7048]
  0x00000286e9fe9000 GCTaskThread "GC Thread#7" [stack: 0x0000008c9b500000,0x0000008c9b600000] [id=2972]
  0x00000286cc039800 ConcurrentGCThread "G1 Main Marker" [stack: 0x0000008c99500000,0x0000008c99600000] [id=5328]
  0x00000286cc03b800 ConcurrentGCThread "G1 Conc#0" [stack: 0x0000008c99600000,0x0000008c99700000] [id=10864]
  0x00000286eb303800 ConcurrentGCThread "G1 Conc#1" [stack: 0x0000008c9b900000,0x0000008c9ba00000] [id=5696]
  0x00000286e82b0800 ConcurrentGCThread "G1 Refine#0" [stack: 0x0000008c99700000,0x0000008c99800000] [id=11248]
  0x00000286e82b1800 ConcurrentGCThread "G1 Young RemSet Sampling" [stack: 0x0000008c99800000,0x0000008c99900000] [id=2500]

Threads with active compile tasks:
C2 CompilerThread0  14374 7390 %     4       org.gradle.internal.instantiation.generator.AbstractClassGenerator::inspectType @ 107 (560 bytes)
C2 CompilerThread1  14374 7469       4       org.gradle.internal.instantiation.generator.AbstractClassGenerator$ClassMetadata::property (42 bytes)
C2 CompilerThread2  14374 7172       4       com.sun.beans.TypeResolver::resolve (37 bytes)

VM state:not at safepoint (normal execution)

VM Mutex/Monitor currently owned by a thread: None

Heap address: 0x0000000080000000, size: 2048 MB, Compressed Oops mode: 32-bit
Narrow klass base: 0x0000000000000000, Narrow klass shift: 3
Compressed class space size: 1073741824 Address: 0x0000000100000000

Heap:
 garbage-first heap   total 131072K, used 80405K [0x0000000080000000, 0x0000000100000000)
  region size 1024K, 20 young (20480K), 6 survivors (6144K)
 Metaspace       used 76965K, capacity 78600K, committed 78760K, reserved 1118208K
  class space    used 9917K, capacity 10528K, committed 10572K, reserved 1048576K
Heap Regions: E=young(eden), S=young(survivor), O=old, HS=humongous(starts), HC=humongous(continues), CS=collection set, F=free, A=archive, TAMS=top-at-mark-start (previous, next)
|   0|0x0000000080000000, 0x0000000080100000, 0x0000000080100000|100%| O|  |TAMS 0x0000000080100000, 0x0000000080000000| Untracked 
|   1|0x0000000080100000, 0x0000000080200000, 0x0000000080200000|100%| O|  |TAMS 0x0000000080200000, 0x0000000080100000| Untracked 
|   2|0x0000000080200000, 0x0000000080300000, 0x0000000080300000|100%| O|  |TAMS 0x0000000080300000, 0x0000000080200000| Untracked 
|   3|0x0000000080300000, 0x0000000080400000, 0x0000000080400000|100%|HS|  |TAMS 0x0000000080400000, 0x0000000080300000| Complete 
|   4|0x0000000080400000, 0x0000000080500000, 0x0000000080500000|100%|HC|  |TAMS 0x0000000080500000, 0x0000000080400000| Complete 
|   5|0x0000000080500000, 0x0000000080600000, 0x0000000080600000|100%|HC|  |TAMS 0x0000000080600000, 0x0000000080500000| Complete 
|   6|0x0000000080600000, 0x0000000080700000, 0x0000000080700000|100%| O|  |TAMS 0x0000000080700000, 0x0000000080600000| Untracked 
|   7|0x0000000080700000, 0x0000000080800000, 0x0000000080800000|100%| O|  |TAMS 0x0000000080800000, 0x0000000080700000| Untracked 
|   8|0x0000000080800000, 0x0000000080900000, 0x0000000080900000|100%| O|  |TAMS 0x0000000080900000, 0x0000000080800000| Untracked 
|   9|0x0000000080900000, 0x0000000080a00000, 0x0000000080a00000|100%| O|  |TAMS 0x0000000080a00000, 0x0000000080900000| Untracked 
|  10|0x0000000080a00000, 0x0000000080b00000, 0x0000000080b00000|100%| O|  |TAMS 0x0000000080b00000, 0x0000000080a00000| Untracked 
|  11|0x0000000080b00000, 0x0000000080c00000, 0x0000000080c00000|100%| O|  |TAMS 0x0000000080c00000, 0x0000000080b00000| Untracked 
|  12|0x0000000080c00000, 0x0000000080d00000, 0x0000000080d00000|100%| O|  |TAMS 0x0000000080d00000, 0x0000000080c00000| Untracked 
|  13|0x0000000080d00000, 0x0000000080e00000, 0x0000000080e00000|100%| O|  |TAMS 0x0000000080e00000, 0x0000000080d00000| Untracked 
|  14|0x0000000080e00000, 0x0000000080f00000, 0x0000000080f00000|100%| O|  |TAMS 0x0000000080f00000, 0x0000000080e00000| Untracked 
|  15|0x0000000080f00000, 0x0000000081000000, 0x0000000081000000|100%| O|  |TAMS 0x0000000081000000, 0x0000000080f00000| Untracked 
|  16|0x0000000081000000, 0x0000000081100000, 0x0000000081100000|100%|HS|  |TAMS 0x0000000081100000, 0x0000000081000000| Complete 
|  17|0x0000000081100000, 0x0000000081200000, 0x0000000081200000|100%| O|  |TAMS 0x0000000081200000, 0x0000000081100000| Untracked 
|  18|0x0000000081200000, 0x0000000081300000, 0x0000000081300000|100%| O|  |TAMS 0x0000000081300000, 0x0000000081200000| Untracked 
|  19|0x0000000081300000, 0x0000000081400000, 0x0000000081400000|100%| O|  |TAMS 0x0000000081400000, 0x0000000081300000| Untracked 
|  20|0x0000000081400000, 0x0000000081500000, 0x0000000081500000|100%| O|  |TAMS 0x0000000081500000, 0x0000000081400000| Untracked 
|  21|0x0000000081500000, 0x0000000081600000, 0x0000000081600000|100%| O|  |TAMS 0x0000000081600000, 0x0000000081500000| Untracked 
|  22|0x0000000081600000, 0x0000000081700000, 0x0000000081700000|100%| O|  |TAMS 0x0000000081700000, 0x0000000081600000| Untracked 
|  23|0x0000000081700000, 0x0000000081800000, 0x0000000081800000|100%| O|  |TAMS 0x0000000081800000, 0x0000000081700000| Untracked 
|  24|0x0000000081800000, 0x0000000081900000, 0x0000000081900000|100%| O|  |TAMS 0x0000000081900000, 0x0000000081800000| Untracked 
|  25|0x0000000081900000, 0x0000000081a00000, 0x0000000081a00000|100%| O|  |TAMS 0x0000000081a00000, 0x0000000081900000| Untracked 
|  26|0x0000000081a00000, 0x0000000081b00000, 0x0000000081b00000|100%| O|  |TAMS 0x0000000081b00000, 0x0000000081a00000| Untracked 
|  27|0x0000000081b00000, 0x0000000081c00000, 0x0000000081c00000|100%| O|  |TAMS 0x0000000081c00000, 0x0000000081b00000| Untracked 
|  28|0x0000000081c00000, 0x0000000081d00000, 0x0000000081d00000|100%|HS|  |TAMS 0x0000000081d00000, 0x0000000081c00000| Complete 
|  29|0x0000000081d00000, 0x0000000081e00000, 0x0000000081e00000|100%|HS|  |TAMS 0x0000000081e00000, 0x0000000081d00000| Complete 
|  30|0x0000000081e00000, 0x0000000081f00000, 0x0000000081f00000|100%|HS|  |TAMS 0x0000000081f00000, 0x0000000081e00000| Complete 
|  31|0x0000000081f00000, 0x0000000082000000, 0x0000000082000000|100%|HC|  |TAMS 0x0000000082000000, 0x0000000081f00000| Complete 
|  32|0x0000000082000000, 0x0000000082100000, 0x0000000082100000|100%|HC|  |TAMS 0x0000000082100000, 0x0000000082000000| Complete 
|  33|0x0000000082100000, 0x0000000082200000, 0x0000000082200000|100%|HC|  |TAMS 0x0000000082200000, 0x0000000082100000| Complete 
|  34|0x0000000082200000, 0x0000000082300000, 0x0000000082300000|100%| O|  |TAMS 0x0000000082300000, 0x0000000082200000| Untracked 
|  35|0x0000000082300000, 0x0000000082400000, 0x0000000082400000|100%|HS|  |TAMS 0x0000000082400000, 0x0000000082300000| Complete 
|  36|0x0000000082400000, 0x0000000082500000, 0x0000000082500000|100%|HC|  |TAMS 0x0000000082500000, 0x0000000082400000| Complete 
|  37|0x0000000082500000, 0x0000000082600000, 0x0000000082600000|100%| O|  |TAMS 0x0000000082600000, 0x0000000082500000| Untracked 
|  38|0x0000000082600000, 0x0000000082700000, 0x0000000082700000|100%| O|  |TAMS 0x0000000082700000, 0x0000000082600000| Untracked 
|  39|0x0000000082700000, 0x0000000082800000, 0x0000000082800000|100%| O|  |TAMS 0x0000000082800000, 0x0000000082700000| Untracked 
|  40|0x0000000082800000, 0x0000000082900000, 0x0000000082900000|100%| O|  |TAMS 0x0000000082900000, 0x0000000082800000| Untracked 
|  41|0x0000000082900000, 0x0000000082a00000, 0x0000000082a00000|100%| O|  |TAMS 0x0000000082a00000, 0x0000000082900000| Untracked 
|  42|0x0000000082a00000, 0x0000000082b00000, 0x0000000082b00000|100%| O|  |TAMS 0x0000000082b00000, 0x0000000082a00000| Untracked 
|  43|0x0000000082b00000, 0x0000000082c00000, 0x0000000082c00000|100%| O|  |TAMS 0x0000000082c00000, 0x0000000082b00000| Untracked 
|  44|0x0000000082c00000, 0x0000000082d00000, 0x0000000082d00000|100%| O|  |TAMS 0x0000000082d00000, 0x0000000082c00000| Untracked 
|  45|0x0000000082d00000, 0x0000000082e00000, 0x0000000082e00000|100%| O|  |TAMS 0x0000000082e00000, 0x0000000082d00000| Untracked 
|  46|0x0000000082e00000, 0x0000000082f00000, 0x0000000082f00000|100%| O|  |TAMS 0x0000000082f00000, 0x0000000082e00000| Untracked 
|  47|0x0000000082f00000, 0x0000000083000000, 0x0000000083000000|100%| O|  |TAMS 0x0000000083000000, 0x0000000082f00000| Untracked 
|  48|0x0000000083000000, 0x0000000083100000, 0x0000000083100000|100%| O|  |TAMS 0x0000000083082e00, 0x0000000083000000| Untracked 
|  49|0x0000000083100000, 0x0000000083200000, 0x0000000083200000|100%| O|  |TAMS 0x0000000083100000, 0x0000000083100000| Untracked 
|  50|0x0000000083200000, 0x0000000083300000, 0x0000000083300000|100%| O|  |TAMS 0x0000000083200000, 0x0000000083200000| Untracked 
|  51|0x0000000083300000, 0x0000000083400000, 0x0000000083400000|100%| O|  |TAMS 0x0000000083300000, 0x0000000083300000| Untracked 
|  52|0x0000000083400000, 0x0000000083500000, 0x0000000083500000|100%| O|  |TAMS 0x0000000083400000, 0x0000000083400000| Untracked 
|  53|0x0000000083500000, 0x0000000083600000, 0x0000000083600000|100%| O|  |TAMS 0x0000000083500000, 0x0000000083500000| Untracked 
|  54|0x0000000083600000, 0x0000000083700000, 0x0000000083700000|100%| O|  |TAMS 0x0000000083600000, 0x0000000083600000| Untracked 
|  55|0x0000000083700000, 0x0000000083800000, 0x0000000083800000|100%| O|  |TAMS 0x0000000083700000, 0x0000000083700000| Untracked 
|  56|0x0000000083800000, 0x0000000083900000, 0x0000000083900000|100%| O|  |TAMS 0x0000000083800000, 0x0000000083800000| Untracked 
|  57|0x0000000083900000, 0x0000000083a00000, 0x0000000083a00000|100%| O|  |TAMS 0x0000000083900000, 0x0000000083900000| Untracked 
|  58|0x0000000083a00000, 0x0000000083b00000, 0x0000000083b00000|100%| O|  |TAMS 0x0000000083a00000, 0x0000000083a00000| Untracked 
|  59|0x0000000083b00000, 0x0000000083b90000, 0x0000000083c00000| 56%| O|  |TAMS 0x0000000083b00000, 0x0000000083b00000| Untracked 
|  60|0x0000000083c00000, 0x0000000083c00000, 0x0000000083d00000|  0%| F|  |TAMS 0x0000000083c00000, 0x0000000083c00000| Untracked 
|  61|0x0000000083d00000, 0x0000000083d00000, 0x0000000083e00000|  0%| F|  |TAMS 0x0000000083d00000, 0x0000000083d00000| Untracked 
|  62|0x0000000083e00000, 0x0000000083e00000, 0x0000000083f00000|  0%| F|  |TAMS 0x0000000083e00000, 0x0000000083e00000| Untracked 
|  63|0x0000000083f00000, 0x0000000083f00000, 0x0000000084000000|  0%| F|  |TAMS 0x0000000083f00000, 0x0000000083f00000| Untracked 
|  64|0x0000000084000000, 0x0000000084000000, 0x0000000084100000|  0%| F|  |TAMS 0x0000000084000000, 0x0000000084000000| Untracked 
|  65|0x0000000084100000, 0x0000000084100000, 0x0000000084200000|  0%| F|  |TAMS 0x0000000084100000, 0x0000000084100000| Untracked 
|  66|0x0000000084200000, 0x0000000084200000, 0x0000000084300000|  0%| F|  |TAMS 0x0000000084200000, 0x0000000084200000| Untracked 
|  67|0x0000000084300000, 0x0000000084300000, 0x0000000084400000|  0%| F|  |TAMS 0x0000000084300000, 0x0000000084300000| Untracked 
|  68|0x0000000084400000, 0x0000000084400000, 0x0000000084500000|  0%| F|  |TAMS 0x0000000084400000, 0x0000000084400000| Untracked 
|  69|0x0000000084500000, 0x0000000084500000, 0x0000000084600000|  0%| F|  |TAMS 0x0000000084500000, 0x0000000084500000| Untracked 
|  70|0x0000000084600000, 0x0000000084600000, 0x0000000084700000|  0%| F|  |TAMS 0x0000000084600000, 0x0000000084600000| Untracked 
|  71|0x0000000084700000, 0x0000000084700000, 0x0000000084800000|  0%| F|  |TAMS 0x0000000084700000, 0x0000000084700000| Untracked 
|  72|0x0000000084800000, 0x0000000084800000, 0x0000000084900000|  0%| F|  |TAMS 0x0000000084800000, 0x0000000084800000| Untracked 
|  73|0x0000000084900000, 0x0000000084900000, 0x0000000084a00000|  0%| F|  |TAMS 0x0000000084900000, 0x0000000084900000| Untracked 
|  74|0x0000000084a00000, 0x0000000084a00000, 0x0000000084b00000|  0%| F|  |TAMS 0x0000000084a00000, 0x0000000084a00000| Untracked 
|  75|0x0000000084b00000, 0x0000000084b00000, 0x0000000084c00000|  0%| F|  |TAMS 0x0000000084b00000, 0x0000000084b00000| Untracked 
|  76|0x0000000084c00000, 0x0000000084c00000, 0x0000000084d00000|  0%| F|  |TAMS 0x0000000084c00000, 0x0000000084c00000| Untracked 
|  77|0x0000000084d00000, 0x0000000084d00000, 0x0000000084e00000|  0%| F|  |TAMS 0x0000000084d00000, 0x0000000084d00000| Untracked 
|  78|0x0000000084e00000, 0x0000000084ef5770, 0x0000000084f00000| 95%| S|CS|TAMS 0x0000000084e00000, 0x0000000084e00000| Complete 
|  79|0x0000000084f00000, 0x0000000085000000, 0x0000000085000000|100%| S|CS|TAMS 0x0000000084f00000, 0x0000000084f00000| Complete 
|  80|0x0000000085000000, 0x0000000085100000, 0x0000000085100000|100%| S|CS|TAMS 0x0000000085000000, 0x0000000085000000| Complete 
|  81|0x0000000085100000, 0x0000000085100000, 0x0000000085200000|  0%| F|  |TAMS 0x0000000085100000, 0x0000000085100000| Untracked 
|  82|0x0000000085200000, 0x0000000085200000, 0x0000000085300000|  0%| F|  |TAMS 0x0000000085200000, 0x0000000085200000| Untracked 
|  83|0x0000000085300000, 0x0000000085300000, 0x0000000085400000|  0%| F|  |TAMS 0x0000000085300000, 0x0000000085300000| Untracked 
|  84|0x0000000085400000, 0x0000000085400000, 0x0000000085500000|  0%| F|  |TAMS 0x0000000085400000, 0x0000000085400000| Untracked 
|  85|0x0000000085500000, 0x0000000085600000, 0x0000000085600000|100%| S|CS|TAMS 0x0000000085500000, 0x0000000085500000| Complete 
|  86|0x0000000085600000, 0x0000000085700000, 0x0000000085700000|100%| S|CS|TAMS 0x0000000085600000, 0x0000000085600000| Complete 
|  87|0x0000000085700000, 0x0000000085800000, 0x0000000085800000|100%| S|CS|TAMS 0x0000000085700000, 0x0000000085700000| Complete 
|  88|0x0000000085800000, 0x0000000085800000, 0x0000000085900000|  0%| F|  |TAMS 0x0000000085800000, 0x0000000085800000| Untracked 
|  89|0x0000000085900000, 0x0000000085900000, 0x0000000085a00000|  0%| F|  |TAMS 0x0000000085900000, 0x0000000085900000| Untracked 
|  90|0x0000000085a00000, 0x0000000085a00000, 0x0000000085b00000|  0%| F|  |TAMS 0x0000000085a00000, 0x0000000085a00000| Untracked 
|  91|0x0000000085b00000, 0x0000000085b00000, 0x0000000085c00000|  0%| F|  |TAMS 0x0000000085b00000, 0x0000000085b00000| Untracked 
|  92|0x0000000085c00000, 0x0000000085c00000, 0x0000000085d00000|  0%| F|  |TAMS 0x0000000085c00000, 0x0000000085c00000| Untracked 
|  93|0x0000000085d00000, 0x0000000085d00000, 0x0000000085e00000|  0%| F|  |TAMS 0x0000000085d00000, 0x0000000085d00000| Untracked 
|  94|0x0000000085e00000, 0x0000000085e00000, 0x0000000085f00000|  0%| F|  |TAMS 0x0000000085e00000, 0x0000000085e00000| Untracked 
|  95|0x0000000085f00000, 0x0000000085f00000, 0x0000000086000000|  0%| F|  |TAMS 0x0000000085f00000, 0x0000000085f00000| Untracked 
|  96|0x0000000086000000, 0x0000000086000000, 0x0000000086100000|  0%| F|  |TAMS 0x0000000086000000, 0x0000000086000000| Untracked 
|  97|0x0000000086100000, 0x0000000086100000, 0x0000000086200000|  0%| F|  |TAMS 0x0000000086100000, 0x0000000086100000| Untracked 
|  98|0x0000000086200000, 0x0000000086200000, 0x0000000086300000|  0%| F|  |TAMS 0x0000000086200000, 0x0000000086200000| Untracked 
|  99|0x0000000086300000, 0x0000000086300000, 0x0000000086400000|  0%| F|  |TAMS 0x0000000086300000, 0x0000000086300000| Untracked 
| 100|0x0000000086400000, 0x0000000086400000, 0x0000000086500000|  0%| F|  |TAMS 0x0000000086400000, 0x0000000086400000| Untracked 
| 101|0x0000000086500000, 0x0000000086500000, 0x0000000086600000|  0%| F|  |TAMS 0x0000000086500000, 0x0000000086500000| Untracked 
| 102|0x0000000086600000, 0x0000000086600000, 0x0000000086700000|  0%| F|  |TAMS 0x0000000086600000, 0x0000000086600000| Untracked 
| 103|0x0000000086700000, 0x0000000086700000, 0x0000000086800000|  0%| F|  |TAMS 0x0000000086700000, 0x0000000086700000| Untracked 
| 104|0x0000000086800000, 0x0000000086800000, 0x0000000086900000|  0%| F|  |TAMS 0x0000000086800000, 0x0000000086800000| Untracked 
| 105|0x0000000086900000, 0x0000000086900000, 0x0000000086a00000|  0%| F|  |TAMS 0x0000000086900000, 0x0000000086900000| Untracked 
| 106|0x0000000086a00000, 0x0000000086a00000, 0x0000000086b00000|  0%| F|  |TAMS 0x0000000086a00000, 0x0000000086a00000| Untracked 
| 107|0x0000000086b00000, 0x0000000086b00000, 0x0000000086c00000|  0%| F|  |TAMS 0x0000000086b00000, 0x0000000086b00000| Untracked 
| 108|0x0000000086c00000, 0x0000000086c00000, 0x0000000086d00000|  0%| F|  |TAMS 0x0000000086c00000, 0x0000000086c00000| Untracked 
| 109|0x0000000086d00000, 0x0000000086d00000, 0x0000000086e00000|  0%| F|  |TAMS 0x0000000086d00000, 0x0000000086d00000| Untracked 
| 110|0x0000000086e00000, 0x0000000086e00000, 0x0000000086f00000|  0%| F|  |TAMS 0x0000000086e00000, 0x0000000086e00000| Untracked 
| 111|0x0000000086f00000, 0x0000000086f00000, 0x0000000087000000|  0%| F|  |TAMS 0x0000000086f00000, 0x0000000086f00000| Untracked 
| 112|0x0000000087000000, 0x0000000087000000, 0x0000000087100000|  0%| F|  |TAMS 0x0000000087000000, 0x0000000087000000| Untracked 
| 113|0x0000000087100000, 0x0000000087100000, 0x0000000087200000|  0%| F|  |TAMS 0x0000000087100000, 0x0000000087100000| Untracked 
| 114|0x0000000087200000, 0x0000000087300000, 0x0000000087300000|100%| E|  |TAMS 0x0000000087200000, 0x0000000087200000| Complete 
| 115|0x0000000087300000, 0x0000000087400000, 0x0000000087400000|100%| E|CS|TAMS 0x0000000087300000, 0x0000000087300000| Complete 
| 116|0x0000000087400000, 0x0000000087500000, 0x0000000087500000|100%| E|CS|TAMS 0x0000000087400000, 0x0000000087400000| Complete 
| 117|0x0000000087500000, 0x0000000087600000, 0x0000000087600000|100%| E|CS|TAMS 0x0000000087500000, 0x0000000087500000| Complete 
| 118|0x0000000087600000, 0x0000000087700000, 0x0000000087700000|100%| E|CS|TAMS 0x0000000087600000, 0x0000000087600000| Complete 
| 119|0x0000000087700000, 0x0000000087800000, 0x0000000087800000|100%| E|CS|TAMS 0x0000000087700000, 0x0000000087700000| Complete 
| 120|0x0000000087800000, 0x0000000087900000, 0x0000000087900000|100%| E|CS|TAMS 0x0000000087800000, 0x0000000087800000| Complete 
| 121|0x0000000087900000, 0x0000000087a00000, 0x0000000087a00000|100%| E|CS|TAMS 0x0000000087900000, 0x0000000087900000| Complete 
| 122|0x0000000087a00000, 0x0000000087b00000, 0x0000000087b00000|100%| E|CS|TAMS 0x0000000087a00000, 0x0000000087a00000| Complete 
| 123|0x0000000087b00000, 0x0000000087c00000, 0x0000000087c00000|100%| E|CS|TAMS 0x0000000087b00000, 0x0000000087b00000| Complete 
| 124|0x0000000087c00000, 0x0000000087d00000, 0x0000000087d00000|100%| E|CS|TAMS 0x0000000087c00000, 0x0000000087c00000| Complete 
| 125|0x0000000087d00000, 0x0000000087e00000, 0x0000000087e00000|100%| E|CS|TAMS 0x0000000087d00000, 0x0000000087d00000| Complete 
| 126|0x0000000087e00000, 0x0000000087f00000, 0x0000000087f00000|100%| E|CS|TAMS 0x0000000087e00000, 0x0000000087e00000| Complete 
| 127|0x0000000087f00000, 0x0000000088000000, 0x0000000088000000|100%| E|CS|TAMS 0x0000000087f00000, 0x0000000087f00000| Complete 

Card table byte_map: [0x00000286e1190000,0x00000286e1590000] _byte_map_base: 0x00000286e0d90000

Marking Bits (Prev, Next): (CMBitMap*) 0x00000286cc030860, (CMBitMap*) 0x00000286cc030828
 Prev Bits: [0x00000286e3990000, 0x00000286e5990000)
 Next Bits: [0x00000286e1990000, 0x00000286e3990000)

Polling page: 0x00000286cc0d0000

Metaspace:

Usage:
  Non-class:     66.48 MB capacity,    65.49 MB ( 99%) used,   820.69 KB (  1%) free+waste,   188.50 KB ( <1%) overhead. 
      Class:     10.31 MB capacity,     9.69 MB ( 94%) used,   551.74 KB (  5%) free+waste,    86.81 KB ( <1%) overhead. 
       Both:     76.79 MB capacity,    75.18 MB ( 98%) used,     1.34 MB (  2%) free+waste,   275.31 KB ( <1%) overhead. 

Virtual space:
  Non-class space:       68.00 MB reserved,      66.59 MB ( 98%) committed 
      Class space:        1.00 GB reserved,      10.32 MB (  1%) committed 
             Both:        1.07 GB reserved,      76.91 MB (  7%) committed 

Chunk freelists:
   Non-Class:  50.00 KB
       Class:  0 bytes
        Both:  50.00 KB

MaxMetaspaceSize: 17179869184.00 GB
CompressedClassSpaceSize: 1.00 GB
Initial GC threshold: 20.80 MB
Current GC threshold: 99.23 MB
CDS: off

CodeHeap 'non-profiled nmethods': size=120000Kb used=4847Kb max_used=4847Kb free=115152Kb
 bounds [0x00000286d8df0000, 0x00000286d92b0000, 0x00000286e0320000]
CodeHeap 'profiled nmethods': size=120000Kb used=16028Kb max_used=16028Kb free=103971Kb
 bounds [0x00000286d18c0000, 0x00000286d2870000, 0x00000286d8df0000]
CodeHeap 'non-nmethods': size=5760Kb used=2353Kb max_used=2403Kb free=3406Kb
 bounds [0x00000286d1320000, 0x00000286d1590000, 0x00000286d18c0000]
 total_blobs=8388 nmethods=7517 adapters=783
 compilation: enabled
              stopped_count=0, restarted_count=0
 full_count=0

Compilation events (20 events):
Event: 14.304 Thread 0x00000286e8491000 7547       1       org.gradle.api.internal.tasks.properties.bean.RuntimeBeanNode::getBean (5 bytes)
Event: 14.305 Thread 0x00000286e8491000 nmethod 7547 0x00000286d92a7290 code [0x00000286d92a7440, 0x00000286d92a74f8]
Event: 14.305 Thread 0x00000286e8491000 7548       3       org.gradle.internal.instantiation.generator.AbstractClassGenerator$ManagedPropertiesHandler::<init> (55 bytes)
Event: 14.305 Thread 0x00000286e8491000 nmethod 7548 0x00000286d285db90 code [0x00000286d285de20, 0x00000286d285eaf8]
Event: 14.306 Thread 0x00000286e8491000 7551       3       jdk.internal.reflect.ClassFileAssembler::<init> (8 bytes)
Event: 14.306 Thread 0x00000286e8491000 nmethod 7551 0x00000286d285ee90 code [0x00000286d285f080, 0x00000286d285f598]
Event: 14.306 Thread 0x00000286e8491000 7549       3       org.gradle.internal.instantiation.generator.AbstractClassGenerator$DslMixInPropertyType::<init> (40 bytes)
Event: 14.307 Thread 0x00000286e8491000 nmethod 7549 0x00000286d285f790 code [0x00000286d285f9e0, 0x00000286d2860488]
Event: 14.307 Thread 0x00000286e8491000 7553       3       org.gradle.internal.instantiation.generator.AsmBackedClassGenerator$ClassBuilderImpl::applyReadOnlyManagedStateToGetter (55 bytes)
Event: 14.311 Thread 0x00000286e8491000 nmethod 7553 0x00000286d2860810 code [0x00000286d2860b80, 0x00000286d2862048]
Event: 14.311 Thread 0x00000286e8491000 7554       3       org.gradle.internal.instantiation.generator.AbstractClassGenerator$AbstractInjectedPropertyHandler::getInjectedServices (59 bytes)
Event: 14.313 Thread 0x00000286e8491000 nmethod 7554 0x00000286d2862910 code [0x00000286d2862c20, 0x00000286d2863e38]
Event: 14.313 Thread 0x00000286e8491000 7552       3       org.gradle.internal.instantiation.generator.AsmBackedClassGenerator$ClassInspectionVisitorImpl::builder (237 bytes)
Event: 14.315 Thread 0x00000286e8491000 nmethod 7552 0x00000286d2864410 code [0x00000286d2864720, 0x00000286d28658b8]
Event: 14.319 Thread 0x00000286e8491000 7555   !   3       org.gradle.internal.snapshot.impl.DefaultIsolatableFactory::isolate (24 bytes)
Event: 14.320 Thread 0x00000286e8491000 nmethod 7555 0x00000286d2865e10 code [0x00000286d2865fe0, 0x00000286d2866398]
Event: 14.321 Thread 0x00000286e8491000 7556       3       org.gradle.cache.Cache$$Lambda$69/0x000000010017c040::apply (9 bytes)
Event: 14.321 Thread 0x00000286e8491000 nmethod 7556 0x00000286d2866510 code [0x00000286d28666e0, 0x00000286d28668e8]
Event: 14.321 Thread 0x00000286e8491000 7557       3       org.gradle.cache.Cache::lambda$get$0 (7 bytes)
Event: 14.321 Thread 0x00000286e8491000 nmethod 7557 0x00000286d2866a10 code [0x00000286d2866bc0, 0x00000286d2866d68]

GC Heap History (20 events):
Event: 7.320 GC heap before
{Heap before GC invocations=7 (full 0):
 garbage-first heap   total 131072K, used 89837K [0x0000000080000000, 0x0000000100000000)
  region size 1024K, 70 young (71680K), 7 survivors (7168K)
 Metaspace       used 40139K, capacity 41103K, committed 41244K, reserved 1085440K
  class space    used 5067K, capacity 5412K, committed 5452K, reserved 1048576K
}
Event: 7.330 GC heap after
{Heap after GC invocations=8 (full 0):
 garbage-first heap   total 131072K, used 27472K [0x0000000080000000, 0x0000000100000000)
  region size 1024K, 9 young (9216K), 9 survivors (9216K)
 Metaspace       used 40139K, capacity 41103K, committed 41244K, reserved 1085440K
  class space    used 5067K, capacity 5412K, committed 5452K, reserved 1048576K
}
Event: 8.155 GC heap before
{Heap before GC invocations=8 (full 0):
 garbage-first heap   total 131072K, used 90960K [0x0000000080000000, 0x0000000100000000)
  region size 1024K, 71 young (72704K), 9 survivors (9216K)
 Metaspace       used 45973K, capacity 47055K, committed 47260K, reserved 1089536K
  class space    used 5831K, capacity 6258K, committed 6348K, reserved 1048576K
}
Event: 8.164 GC heap after
{Heap after GC invocations=9 (full 0):
 garbage-first heap   total 131072K, used 29329K [0x0000000080000000, 0x0000000100000000)
  region size 1024K, 3 young (3072K), 3 survivors (3072K)
 Metaspace       used 45973K, capacity 47055K, committed 47260K, reserved 1089536K
  class space    used 5831K, capacity 6258K, committed 6348K, reserved 1048576K
}
Event: 9.275 GC heap before
{Heap before GC invocations=9 (full 0):
 garbage-first heap   total 131072K, used 99985K [0x0000000080000000, 0x0000000100000000)
  region size 1024K, 66 young (67584K), 3 survivors (3072K)
 Metaspace       used 48838K, capacity 50115K, committed 50204K, reserved 1093632K
  class space    used 6167K, capacity 6688K, committed 6732K, reserved 1048576K
}
Event: 9.280 GC heap after
{Heap after GC invocations=10 (full 0):
 garbage-first heap   total 131072K, used 42703K [0x0000000080000000, 0x0000000100000000)
  region size 1024K, 9 young (9216K), 9 survivors (9216K)
 Metaspace       used 48838K, capacity 50115K, committed 50204K, reserved 1093632K
  class space    used 6167K, capacity 6688K, committed 6732K, reserved 1048576K
}
Event: 10.201 GC heap before
{Heap before GC invocations=10 (full 0):
 garbage-first heap   total 131072K, used 100047K [0x0000000080000000, 0x0000000100000000)
  region size 1024K, 63 young (64512K), 9 survivors (9216K)
 Metaspace       used 55065K, capacity 56472K, committed 56604K, reserved 1097728K
  class space    used 6936K, capacity 7462K, committed 7500K, reserved 1048576K
}
Event: 10.208 GC heap after
{Heap after GC invocations=11 (full 0):
 garbage-first heap   total 131072K, used 49721K [0x0000000080000000, 0x0000000100000000)
  region size 1024K, 5 young (5120K), 5 survivors (5120K)
 Metaspace       used 55065K, capacity 56472K, committed 56604K, reserved 1097728K
  class space    used 6936K, capacity 7462K, committed 7500K, reserved 1048576K
}
Event: 10.662 GC heap before
{Heap before GC invocations=11 (full 0):
 garbage-first heap   total 131072K, used 76345K [0x0000000080000000, 0x0000000100000000)
  region size 1024K, 32 young (32768K), 5 survivors (5120K)
 Metaspace       used 58963K, capacity 60433K, committed 60636K, reserved 1101824K
  class space    used 7445K, capacity 7991K, committed 8012K, reserved 1048576K
}
Event: 10.667 GC heap after
{Heap after GC invocations=12 (full 0):
 garbage-first heap   total 131072K, used 51032K [0x0000000080000000, 0x0000000100000000)
  region size 1024K, 2 young (2048K), 2 survivors (2048K)
 Metaspace       used 58963K, capacity 60433K, committed 60636K, reserved 1101824K
  class space    used 7445K, capacity 7991K, committed 8012K, reserved 1048576K
}
Event: 11.372 GC heap before
{Heap before GC invocations=13 (full 0):
 garbage-first heap   total 131072K, used 104280K [0x0000000080000000, 0x0000000100000000)
  region size 1024K, 48 young (49152K), 2 survivors (2048K)
 Metaspace       used 62818K, capacity 64299K, committed 64424K, reserved 1105920K
  class space    used 7908K, capacity 8482K, committed 8524K, reserved 1048576K
}
Event: 11.378 GC heap after
{Heap after GC invocations=14 (full 0):
 garbage-first heap   total 131072K, used 55415K [0x0000000080000000, 0x0000000100000000)
  region size 1024K, 6 young (6144K), 6 survivors (6144K)
 Metaspace       used 62818K, capacity 64299K, committed 64424K, reserved 1105920K
  class space    used 7908K, capacity 8482K, committed 8524K, reserved 1048576K
}
Event: 12.035 GC heap before
{Heap before GC invocations=14 (full 0):
 garbage-first heap   total 131072K, used 101495K [0x0000000080000000, 0x0000000100000000)
  region size 1024K, 50 young (51200K), 6 survivors (6144K)
 Metaspace       used 66440K, capacity 67924K, committed 68264K, reserved 1107968K
  class space    used 8378K, capacity 8936K, committed 9036K, reserved 1048576K
}
Event: 12.041 GC heap after
{Heap after GC invocations=15 (full 0):
 garbage-first heap   total 131072K, used 58307K [0x0000000080000000, 0x0000000100000000)
  region size 1024K, 3 young (3072K), 3 survivors (3072K)
 Metaspace       used 66440K, capacity 67924K, committed 68264K, reserved 1107968K
  class space    used 8378K, capacity 8936K, committed 9036K, reserved 1048576K
}
Event: 12.529 GC heap before
{Heap before GC invocations=15 (full 0):
 garbage-first heap   total 131072K, used 103363K [0x0000000080000000, 0x0000000100000000)
  region size 1024K, 47 young (48128K), 3 survivors (3072K)
 Metaspace       used 67744K, capacity 69339K, committed 69544K, reserved 1110016K
  class space    used 8545K, capacity 9170K, committed 9292K, reserved 1048576K
}
Event: 12.534 GC heap after
{Heap after GC invocations=16 (full 0):
 garbage-first heap   total 131072K, used 61053K [0x0000000080000000, 0x0000000100000000)
  region size 1024K, 6 young (6144K), 6 survivors (6144K)
 Metaspace       used 67744K, capacity 69339K, committed 69544K, reserved 1110016K
  class space    used 8545K, capacity 9170K, committed 9292K, reserved 1048576K
}
Event: 13.314 GC heap before
{Heap before GC invocations=16 (full 0):
 garbage-first heap   total 131072K, used 105085K [0x0000000080000000, 0x0000000100000000)
  region size 1024K, 49 young (50176K), 6 survivors (6144K)
 Metaspace       used 71964K, capacity 73549K, committed 73768K, reserved 1114112K
  class space    used 9231K, capacity 9846K, committed 9932K, reserved 1048576K
}
Event: 13.323 GC heap after
{Heap after GC invocations=17 (full 0):
 garbage-first heap   total 131072K, used 64079K [0x0000000080000000, 0x0000000100000000)
  region size 1024K, 7 young (7168K), 7 survivors (7168K)
 Metaspace       used 71964K, capacity 73549K, committed 73768K, reserved 1114112K
  class space    used 9231K, capacity 9846K, committed 9932K, reserved 1048576K
}
Event: 14.119 GC heap before
{Heap before GC invocations=17 (full 0):
 garbage-first heap   total 131072K, used 105039K [0x0000000080000000, 0x0000000100000000)
  region size 1024K, 47 young (48128K), 7 survivors (7168K)
 Metaspace       used 75869K, capacity 77477K, committed 77608K, reserved 1116160K
  class space    used 9771K, capacity 10414K, committed 10444K, reserved 1048576K
}
Event: 14.128 GC heap after
{Heap after GC invocations=18 (full 0):
 garbage-first heap   total 131072K, used 67093K [0x0000000080000000, 0x0000000100000000)
  region size 1024K, 6 young (6144K), 6 survivors (6144K)
 Metaspace       used 75869K, capacity 77477K, committed 77608K, reserved 1116160K
  class space    used 9771K, capacity 10414K, committed 10444K, reserved 1048576K
}

Deoptimization events (20 events):
Event: 14.161 Thread 0x00000286e91ae800 Uncommon trap: trap_request=0xffffff4d fr.pc=0x00000286d8e62cbc relative=0x0000000000000a3c
Event: 14.161 Thread 0x00000286e91ae800 Uncommon trap: reason=unstable_if action=reinterpret pc=0x00000286d8e62cbc method=java.util.HashMap.resize()[Ljava/util/HashMap$Node; @ 203 c2
Event: 14.161 Thread 0x00000286e91ae800 DEOPT PACKING pc=0x00000286d8e62cbc sp=0x0000008c9acf8c50
Event: 14.161 Thread 0x00000286e91ae800 DEOPT UNPACKING pc=0x00000286d136a1af sp=0x0000008c9acf8c00 mode 2
Event: 14.161 Thread 0x00000286e91ae800 Uncommon trap: trap_request=0xffffff4d fr.pc=0x00000286d90e3ca4 relative=0x0000000000002644
Event: 14.161 Thread 0x00000286e91ae800 Uncommon trap: reason=unstable_if action=reinterpret pc=0x00000286d90e3ca4 method=java.util.HashMap.getNode(ILjava/lang/Object;)Ljava/util/HashMap$Node; @ 84 c2
Event: 14.161 Thread 0x00000286e91ae800 DEOPT PACKING pc=0x00000286d90e3ca4 sp=0x0000008c9acf8d00
Event: 14.161 Thread 0x00000286e91ae800 DEOPT UNPACKING pc=0x00000286d136a1af sp=0x0000008c9acf8be8 mode 2
Event: 14.161 Thread 0x00000286e91ae800 Uncommon trap: trap_request=0xffffff4d fr.pc=0x00000286d91b7d44 relative=0x0000000000000284
Event: 14.161 Thread 0x00000286e91ae800 Uncommon trap: reason=unstable_if action=reinterpret pc=0x00000286d91b7d44 method=java.util.HashMap.getNode(ILjava/lang/Object;)Ljava/util/HashMap$Node; @ 84 c2
Event: 14.161 Thread 0x00000286e91ae800 DEOPT PACKING pc=0x00000286d91b7d44 sp=0x0000008c9acf8cb0
Event: 14.161 Thread 0x00000286e91ae800 DEOPT UNPACKING pc=0x00000286d136a1af sp=0x0000008c9acf8bd0 mode 2
Event: 14.161 Thread 0x00000286e91ae800 Uncommon trap: trap_request=0xffffff4d fr.pc=0x00000286d90cbe6c relative=0x00000000000001ac
Event: 14.161 Thread 0x00000286e91ae800 Uncommon trap: reason=unstable_if action=reinterpret pc=0x00000286d90cbe6c method=java.util.HashMap.getNode(ILjava/lang/Object;)Ljava/util/HashMap$Node; @ 84 c2
Event: 14.161 Thread 0x00000286e91ae800 DEOPT PACKING pc=0x00000286d90cbe6c sp=0x0000008c9acf8c50
Event: 14.161 Thread 0x00000286e91ae800 DEOPT UNPACKING pc=0x00000286d136a1af sp=0x0000008c9acf8bd8 mode 2
Event: 14.197 Thread 0x00000286e91ae800 DEOPT PACKING pc=0x00000286d26dfeba sp=0x0000008c9acf92c0
Event: 14.197 Thread 0x00000286e91ae800 DEOPT UNPACKING pc=0x00000286d136a95e sp=0x0000008c9acf8808 mode 0
Event: 14.290 Thread 0x00000286e91ae800 DEOPT PACKING pc=0x00000286d246d57c sp=0x0000008c9acf8d50
Event: 14.290 Thread 0x00000286e91ae800 DEOPT UNPACKING pc=0x00000286d136a95e sp=0x0000008c9acf82f0 mode 0

Classes redefined (0 events):
No events

Internal exceptions (20 events):
Event: 12.620 Thread 0x00000286e91ae800 Exception <a 'java/lang/ClassNotFoundException'{0x00000000877b4548}: org/jetbrains/kotlin/gradle/dsl/KotlinJvmOptionsImplBeanInfo> (0x00000000877b4548) thrown at [./src/hotspot/share/classfile/systemDictionary.cpp, line 231]
Event: 12.621 Thread 0x00000286e91ae800 Exception <a 'java/lang/ClassNotFoundException'{0x00000000877d2748}: org/jetbrains/kotlin/gradle/dsl/KotlinJvmOptionsBaseBeanInfo> (0x00000000877d2748) thrown at [./src/hotspot/share/classfile/systemDictionary.cpp, line 231]
Event: 12.622 Thread 0x00000286e91ae800 Exception <a 'java/lang/ClassNotFoundException'{0x00000000877f0d10}: org/jetbrains/kotlin/gradle/dsl/KotlinJvmOptionsBaseCustomizer> (0x00000000877f0d10) thrown at [./src/hotspot/share/classfile/systemDictionary.cpp, line 231]
Event: 12.623 Thread 0x00000286e91ae800 Exception <a 'java/lang/ClassNotFoundException'{0x00000000876213a8}: org/jetbrains/kotlin/gradle/dsl/KotlinJvmOptionsImplCustomizer> (0x00000000876213a8) thrown at [./src/hotspot/share/classfile/systemDictionary.cpp, line 231]
Event: 12.630 Thread 0x00000286e91ae800 Exception <a 'java/lang/ClassNotFoundException'{0x00000000876cf430}: org/gradle/api/internal/artifacts/dsl/dependencies/DefaultDependencyHandler_DecoratedBeanInfo> (0x00000000876cf430) thrown at [./src/hotspot/share/classfile/systemDictionary.cpp, line 231]
Event: 12.631 Thread 0x00000286e91ae800 Exception <a 'java/lang/ClassNotFoundException'{0x0000000087521490}: org/gradle/api/internal/artifacts/dsl/dependencies/DefaultDependencyHandlerBeanInfo> (0x0000000087521490) thrown at [./src/hotspot/share/classfile/systemDictionary.cpp, line 231]
Event: 12.633 Thread 0x00000286e91ae800 Exception <a 'java/lang/ClassNotFoundException'{0x00000000875731f0}: org/gradle/api/internal/artifacts/dsl/dependencies/DefaultDependencyHandlerCustomizer> (0x00000000875731f0) thrown at [./src/hotspot/share/classfile/systemDictionary.cpp, line 231]
Event: 12.636 Thread 0x00000286e91ae800 Exception <a 'java/lang/ClassNotFoundException'{0x00000000875ef558}: org/gradle/api/internal/artifacts/dsl/dependencies/DefaultDependencyHandler_DecoratedCustomizer> (0x00000000875ef558) thrown at [./src/hotspot/share/classfile/systemDictionary.cpp, line 231]
Event: 13.588 Thread 0x00000286e91ae800 Exception <a 'java/lang/ClassNotFoundException'{0x0000000087054f90}: com/android/build/gradle/internal/api/ApkVariantOutputImpl_DecoratedBeanInfo> (0x0000000087054f90) thrown at [./src/hotspot/share/classfile/systemDictionary.cpp, line 231]
Event: 13.588 Thread 0x00000286e91ae800 Exception <a 'java/lang/ClassNotFoundException'{0x00000000870728f0}: com/android/build/gradle/internal/api/ApkVariantOutputImplBeanInfo> (0x00000000870728f0) thrown at [./src/hotspot/share/classfile/systemDictionary.cpp, line 231]
Event: 13.589 Thread 0x00000286e91ae800 Exception <a 'java/lang/ClassNotFoundException'{0x0000000087090d90}: com/android/build/gradle/internal/api/BaseVariantOutputImplBeanInfo> (0x0000000087090d90) thrown at [./src/hotspot/share/classfile/systemDictionary.cpp, line 231]
Event: 13.589 Thread 0x00000286e91ae800 Exception <a 'java/lang/ClassNotFoundException'{0x00000000870af028}: com/android/build/gradle/internal/api/BaseVariantOutputImplCustomizer> (0x00000000870af028) thrown at [./src/hotspot/share/classfile/systemDictionary.cpp, line 231]
Event: 13.590 Thread 0x00000286e91ae800 Exception <a 'java/lang/ClassNotFoundException'{0x00000000870df938}: com/android/build/gradle/internal/api/ApkVariantOutputImplCustomizer> (0x00000000870df938) thrown at [./src/hotspot/share/classfile/systemDictionary.cpp, line 231]
Event: 13.591 Thread 0x00000286e91ae800 Exception <a 'java/lang/ClassNotFoundException'{0x0000000086f0d0b0}: com/android/build/gradle/internal/api/ApkVariantOutputImpl_DecoratedCustomizer> (0x0000000086f0d0b0) thrown at [./src/hotspot/share/classfile/systemDictionary.cpp, line 231]
Event: 13.655 Thread 0x00000286e91ae800 Exception <a 'java/lang/ClassNotFoundException'{0x0000000086ccaa78}: com/android/build/gradle/internal/api/ReadOnlyBuildTypeBeanInfo> (0x0000000086ccaa78) thrown at [./src/hotspot/share/classfile/systemDictionary.cpp, line 231]
Event: 13.656 Thread 0x00000286e91ae800 Exception <a 'java/lang/ClassNotFoundException'{0x0000000086ce8d48}: com/android/build/gradle/internal/api/ReadOnlyBaseConfigBeanInfo> (0x0000000086ce8d48) thrown at [./src/hotspot/share/classfile/systemDictionary.cpp, line 231]
Event: 13.656 Thread 0x00000286e91ae800 Exception <a 'java/lang/ClassNotFoundException'{0x0000000086b07b40}: com/android/build/gradle/internal/api/ReadOnlyBaseConfigCustomizer> (0x0000000086b07b40) thrown at [./src/hotspot/share/classfile/systemDictionary.cpp, line 231]
Event: 13.658 Thread 0x00000286e91ae800 Exception <a 'java/lang/ClassNotFoundException'{0x0000000086b35db0}: com/android/build/gradle/internal/api/ReadOnlyBuildTypeCustomizer> (0x0000000086b35db0) thrown at [./src/hotspot/share/classfile/systemDictionary.cpp, line 231]
Event: 13.845 Thread 0x00000286e91ae800 Implicit null exception at 0x00000286d9291587 to 0x00000286d9291e3f
Event: 13.882 Thread 0x00000286e91ae800 Implicit null exception at 0x00000286d906692f to 0x00000286d906709c

Events (20 events):
Event: 14.325 loading class java/net/Proxy
Event: 14.326 loading class java/net/Proxy done
Event: 14.326 loading class java/net/Proxy$Type
Event: 14.326 loading class java/net/Proxy$Type done
Event: 14.326 loading class com/android/build/gradle/internal/SdkLibDataFactory$getSettingsController$1
Event: 14.326 loading class com/android/build/gradle/internal/SdkLibDataFactory$getSettingsController$1 done
Event: 14.326 loading class com/android/repository/api/SettingsController
Event: 14.326 loading class com/android/repository/api/SettingsController done
Event: 14.327 loading class com/android/repository/impl/downloader/LocalFileAwareDownloader
Event: 14.327 loading class com/android/repository/impl/downloader/LocalFileAwareDownloader done
Event: 14.328 loading class com/android/repository/api/Downloader
Event: 14.328 loading class com/android/repository/api/Downloader done
Event: 14.328 loading class com/android/sdklib/repository/legacy/LegacyDownloader
Event: 14.328 loading class com/android/sdklib/repository/legacy/LegacyDownloader done
Event: 14.330 loading class com/android/sdklib/repository/legacy/FileOp
Event: 14.330 loading class com/android/sdklib/repository/legacy/FileOp done
Event: 14.331 loading class com/android/sdklib/repository/legacy/io/FileOpImpl
Event: 14.331 loading class com/android/sdklib/repository/legacy/io/FileOpImpl done
Event: 14.333 loading class com/android/repository/io/FileOpUtils
Event: 14.333 loading class com/android/repository/io/FileOpUtils done


Dynamic libraries:
0x00007ff6add50000 - 0x00007ff6add5a000 	C:\Program Files\Android\Android Studio3\jre\bin\java.exe
0x00007ffaa7650000 - 0x00007ffaa7848000 	C:\WINDOWS\SYSTEM32\ntdll.dll
0x00007ffaa6250000 - 0x00007ffaa630f000 	C:\WINDOWS\System32\KERNEL32.DLL
0x00007ffaa5270000 - 0x00007ffaa5542000 	C:\WINDOWS\System32\KERNELBASE.dll
0x00007ffaa4f90000 - 0x00007ffaa5090000 	C:\WINDOWS\System32\ucrtbase.dll
0x00007ffa92a50000 - 0x00007ffa92a67000 	C:\Program Files\Android\Android Studio3\jre\bin\VCRUNTIME140.dll
0x00007ffa8c1b0000 - 0x00007ffa8c1c9000 	C:\Program Files\Android\Android Studio3\jre\bin\jli.dll
0x00007ffaa60b0000 - 0x00007ffaa624d000 	C:\WINDOWS\System32\USER32.dll
0x00007ffaa5090000 - 0x00007ffaa50b2000 	C:\WINDOWS\System32\win32u.dll
0x00007ffaa4130000 - 0x00007ffaa43ca000 	C:\WINDOWS\WinSxS\amd64_microsoft.windows.common-controls_6595b64144ccf1df_6.0.19041.1110_none_60b5254171f9507e\COMCTL32.dll
0x00007ffaa7390000 - 0x00007ffaa73bb000 	C:\WINDOWS\System32\GDI32.dll
0x00007ffaa7570000 - 0x00007ffaa760e000 	C:\WINDOWS\System32\msvcrt.dll
0x00007ffaa5160000 - 0x00007ffaa526f000 	C:\WINDOWS\System32\gdi32full.dll
0x00007ffaa50c0000 - 0x00007ffaa515d000 	C:\WINDOWS\System32\msvcp_win.dll
0x00007ffaa5710000 - 0x00007ffaa5742000 	C:\WINDOWS\System32\IMM32.DLL
0x00007ffa838f0000 - 0x00007ffa8398d000 	C:\Program Files\Android\Android Studio3\jre\bin\msvcp140.dll
0x00007ffa70970000 - 0x00007ffa71472000 	C:\Program Files\Android\Android Studio3\jre\bin\server\jvm.dll
0x00007ffaa6910000 - 0x00007ffaa69be000 	C:\WINDOWS\System32\ADVAPI32.dll
0x00007ffaa6870000 - 0x00007ffaa690c000 	C:\WINDOWS\System32\sechost.dll
0x00007ffaa7260000 - 0x00007ffaa7385000 	C:\WINDOWS\System32\RPCRT4.dll
0x00007ffaa5750000 - 0x00007ffaa5758000 	C:\WINDOWS\System32\PSAPI.DLL
0x00007ffaa0230000 - 0x00007ffaa0239000 	C:\WINDOWS\SYSTEM32\WSOCK32.dll
0x00007ffaa73c0000 - 0x00007ffaa742b000 	C:\WINDOWS\System32\WS2_32.dll
0x00007ffa86290000 - 0x00007ffa862b7000 	C:\WINDOWS\SYSTEM32\WINMM.dll
0x00007ffa9e210000 - 0x00007ffa9e21a000 	C:\WINDOWS\SYSTEM32\VERSION.dll
0x00007ffaa25b0000 - 0x00007ffaa25c2000 	C:\WINDOWS\SYSTEM32\kernel.appcore.dll
0x00007ffa9f7a0000 - 0x00007ffa9f7b1000 	C:\Program Files\Android\Android Studio3\jre\bin\verify.dll
0x00007ffaa4700000 - 0x00007ffaa48e4000 	C:\WINDOWS\SYSTEM32\DBGHELP.DLL
0x00007ffaa4530000 - 0x00007ffaa455c000 	C:\WINDOWS\SYSTEM32\dbgcore.DLL
0x00007ffaa4d50000 - 0x00007ffaa4dd2000 	C:\WINDOWS\System32\bcryptPrimitives.dll
0x00007ffa9dd20000 - 0x00007ffa9dd49000 	C:\Program Files\Android\Android Studio3\jre\bin\java.dll
0x00007ffa9f6a0000 - 0x00007ffa9f6ab000 	C:\Program Files\Android\Android Studio3\jre\bin\jimage.dll
0x00007ffa9dda0000 - 0x00007ffa9ddb8000 	C:\Program Files\Android\Android Studio3\jre\bin\zip.dll
0x00007ffaa5960000 - 0x00007ffaa60a3000 	C:\WINDOWS\System32\SHELL32.dll
0x00007ffaa27b0000 - 0x00007ffaa2f42000 	C:\WINDOWS\SYSTEM32\windows.storage.dll
0x00007ffaa69c0000 - 0x00007ffaa6d14000 	C:\WINDOWS\System32\combase.dll
0x00007ffaa40c0000 - 0x00007ffaa40f0000 	C:\WINDOWS\SYSTEM32\Wldp.dll
0x00007ffaa71b0000 - 0x00007ffaa725d000 	C:\WINDOWS\System32\SHCORE.dll
0x00007ffaa7430000 - 0x00007ffaa7485000 	C:\WINDOWS\System32\shlwapi.dll
0x00007ffaa4c90000 - 0x00007ffaa4caf000 	C:\WINDOWS\SYSTEM32\profapi.dll
0x00007ffa9dc30000 - 0x00007ffa9dc4a000 	C:\Program Files\Android\Android Studio3\jre\bin\net.dll
0x00007ffa94820000 - 0x00007ffa9492c000 	C:\WINDOWS\SYSTEM32\WINHTTP.dll
0x00007ffaa3db0000 - 0x00007ffaa3e1a000 	C:\WINDOWS\system32\mswsock.dll
0x00007ffa9dbc0000 - 0x00007ffa9dbd4000 	C:\Program Files\Android\Android Studio3\jre\bin\nio.dll
0x00007ffa95550000 - 0x00007ffa95577000 	C:\Users\Marko\.gradle\native\e1d6ef7f7dcc3fd88c89a11ec53ec762bb8ba0a96d01ffa2cd45eb1d1d8dd5c5\windows-amd64\native-platform.dll
0x00007ffa680d0000 - 0x00007ffa68214000 	C:\Users\Marko\.gradle\native\0d407fdbe67a94daf76414ababcb853783967236a71b16ec16e742cd7a986fd3\windows-amd64\native-platform-file-events.dll
0x00007ffa9f390000 - 0x00007ffa9f39a000 	C:\Program Files\Android\Android Studio3\jre\bin\management.dll
0x00007ffa9dd10000 - 0x00007ffa9dd1d000 	C:\Program Files\Android\Android Studio3\jre\bin\management_ext.dll
0x00007ffaa4ae0000 - 0x00007ffaa4af8000 	C:\WINDOWS\SYSTEM32\CRYPTSP.dll
0x00007ffaa3730000 - 0x00007ffaa3764000 	C:\WINDOWS\system32\rsaenh.dll
0x00007ffaa55c0000 - 0x00007ffaa55e7000 	C:\WINDOWS\System32\bcrypt.dll
0x00007ffaa4c50000 - 0x00007ffaa4c7e000 	C:\WINDOWS\SYSTEM32\USERENV.dll
0x00007ffaa3fe0000 - 0x00007ffaa3fec000 	C:\WINDOWS\SYSTEM32\CRYPTBASE.dll
0x00007ffaa3a70000 - 0x00007ffaa3aab000 	C:\WINDOWS\SYSTEM32\IPHLPAPI.DLL
0x00007ffaa6310000 - 0x00007ffaa6318000 	C:\WINDOWS\System32\NSI.dll
0x00007ffa9d110000 - 0x00007ffa9d127000 	C:\WINDOWS\SYSTEM32\dhcpcsvc6.DLL
0x00007ffa9d0f0000 - 0x00007ffa9d10d000 	C:\WINDOWS\SYSTEM32\dhcpcsvc.DLL
0x00007ffaa3b20000 - 0x00007ffaa3bea000 	C:\WINDOWS\SYSTEM32\DNSAPI.dll

dbghelp: loaded successfully - version: 4.0.5 - missing functions: none
symbol engine: initialized successfully - sym options: 0x614 - pdb path: .;C:\Program Files\Android\Android Studio3\jre\bin;C:\WINDOWS\SYSTEM32;C:\WINDOWS\WinSxS\amd64_microsoft.windows.common-controls_6595b64144ccf1df_6.0.19041.1110_none_60b5254171f9507e;C:\Program Files\Android\Android Studio3\jre\bin\server;C:\Users\Marko\.gradle\native\e1d6ef7f7dcc3fd88c89a11ec53ec762bb8ba0a96d01ffa2cd45eb1d1d8dd5c5\windows-amd64;C:\Users\Marko\.gradle\native\0d407fdbe67a94daf76414ababcb853783967236a71b16ec16e742cd7a986fd3\windows-amd64

VM Arguments:
jvm_args: --add-opens=java.base/java.util=ALL-UNNAMED --add-opens=java.base/java.lang=ALL-UNNAMED --add-opens=java.base/java.lang.invoke=ALL-UNNAMED --add-opens=java.base/java.util=ALL-UNNAMED --add-opens=java.prefs/java.util.prefs=ALL-UNNAMED --add-opens=java.prefs/java.util.prefs=ALL-UNNAMED --add-opens=java.base/java.nio.charset=ALL-UNNAMED --add-opens=java.base/java.net=ALL-UNNAMED --add-opens=java.base/java.util.concurrent.atomic=ALL-UNNAMED -Xmx2048m -Dfile.encoding=UTF-8 -Duser.country=US -Duser.language=en -Duser.variant 
java_command: org.gradle.launcher.daemon.bootstrap.GradleDaemon 7.4
java_class_path (initial): C:\Users\Marko\.gradle\wrapper\dists\gradle-7.4-bin\c0gwcg53nkjbqw7r0h0umtfvt\gradle-7.4\lib\gradle-launcher-7.4.jar
Launcher Type: SUN_STANDARD

[Global flags]
     intx CICompilerCount                          = 4                                         {product} {ergonomic}
     uint ConcGCThreads                            = 2                                         {product} {ergonomic}
     uint G1ConcRefinementThreads                  = 8                                         {product} {ergonomic}
   size_t G1HeapRegionSize                         = 1048576                                   {product} {ergonomic}
    uintx GCDrainStackTargetSize                   = 64                                        {product} {ergonomic}
   size_t InitialHeapSize                          = 134217728                                 {product} {ergonomic}
   size_t MarkStackSize                            = 4194304                                   {product} {ergonomic}
   size_t MaxHeapSize                              = 2147483648                                {product} {command line}
   size_t MaxNewSize                               = 1287651328                                {product} {ergonomic}
   size_t MinHeapDeltaBytes                        = 1048576                                   {product} {ergonomic}
    uintx NonNMethodCodeHeapSize                   = 5836300                                {pd product} {ergonomic}
    uintx NonProfiledCodeHeapSize                  = 122910970                              {pd product} {ergonomic}
    uintx ProfiledCodeHeapSize                     = 122910970                              {pd product} {ergonomic}
    uintx ReservedCodeCacheSize                    = 251658240                              {pd product} {ergonomic}
     bool SegmentedCodeCache                       = true                                      {product} {ergonomic}
     bool UseCompressedClassPointers               = true                                 {lp64_product} {ergonomic}
     bool UseCompressedOops                        = true                                 {lp64_product} {ergonomic}
     bool UseG1GC                                  = true                                      {product} {ergonomic}
     bool UseLargePagesIndividualAllocation        = false                                  {pd product} {ergonomic}

Logging:
Log output configuration:
 #0: stdout all=warning uptime,level,tags
 #1: stderr all=off uptime,level,tags

Environment Variables:
PATH=C:\Program Files (x86)\VMware\VMware Player\bin\;C:\Python39\Scripts\;C:\Python39\;C:\Program Files (x86)\Common Files\Oracle\Java\javapath;C:\WINDOWS\system32;C:\WINDOWS;C:\WINDOWS\System32\Wbem;C:\WINDOWS\System32\WindowsPowerShell\v1.0\;C:\WINDOWS\System32\OpenSSH\;C:\Program Files (x86)\Bitvise SSH Client;C:\Program Files\nodejs\;C:\ProgramData\chocolatey\bin;C:\Program Files\Git\cmd;C:\Users\Marko\AppData\Local\Microsoft\WindowsApps;C:\Program Files (x86)\SSH Communications Security\SSH Secure Shell;C:\Users\Marko\AppData\Local\Programs\Microsoft VS Code\bin;C:\MinGW\bin;C:\Users\Marko\AppData\Roaming\npm;C:\Users\Marko\Downloads\flutter\bin;
USERNAME=Marko
OS=Windows_NT
PROCESSOR_IDENTIFIER=Intel64 Family 6 Model 142 Stepping 10, GenuineIntel



---------------  S Y S T E M  ---------------

OS: Windows 10 , 64 bit Build 19041 (10.0.19041.2251)
OS uptime: 1 days 0:25 hours

CPU:total 8 (initial active 8) (4 cores per cpu, 2 threads per core) family 6 model 142 stepping 10 microcode 0xb4, cmov, cx8, fxsr, mmx, sse, sse2, sse3, ssse3, sse4.1, sse4.2, popcnt, avx, avx2, aes, clmul, erms, 3dnowpref, lzcnt, ht, tsc, tscinvbit, bmi1, bmi2, adx, fma

Memory: 4k page, system-wide physical 8101M (1464M free)
TotalPageFile size 10661M (AvailPageFile size 4M)
current process WorkingSet (physical memory assigned to process): 375M, peak: 375M
current process commit charge ("private bytes"): 411M, peak: 411M

vm_info: OpenJDK 64-Bit Server VM (11.0.13+0-b1751.21-8125866) for windows-amd64 JRE (11.0.13+0-b1751.21-8125866), built on Feb  2 2022 03:00:22 by "builder" with MS VC++ 14.0 (VS2015)

END.
