#
# There is insufficient memory for the Java Runtime Environment to continue.
# Native memory allocation (malloc) failed to allocate 1119536 bytes for Chunk::new
# Possible reasons:
#   The system is out of physical RAM or swap space
#   The process is running with CompressedOops enabled, and the Java Heap may be blocking the growth of the native heap
# Possible solutions:
#   Reduce memory load on the system
#   Increase physical memory or swap space
#   Check if swap backing store is full
#   Decrease Java heap size (-Xmx/-Xms)
#   Decrease number of Java threads
#   Decrease Java thread stack sizes (-Xss)
#   Set larger code cache with -XX:ReservedCodeCacheSize=
#   JVM is running with Unscaled Compressed Oops mode in which the Java heap is
#     placed in the first 4GB address space. The Java Heap base address is the
#     maximum limit for the native heap growth. Please use -XX:HeapBaseMinAddress
#     to set the Java Heap base and to place the Java Heap above 4GB virtual address.
# This output file may be truncated or incomplete.
#
#  Out of Memory Error (./src/hotspot/share/memory/arena.cpp:197), pid=2440, tid=3168
#
# JRE version: OpenJDK Runtime Environment (11.0.13) (build 11.0.13+0-b1751.21-8125866)
# Java VM: OpenJDK 64-Bit Server VM (11.0.13+0-b1751.21-8125866, mixed mode, tiered, compressed oops, g1 gc, windows-amd64)
# No core dump will be written. Minidumps are not enabled by default on client versions of Windows
#

---------------  S U M M A R Y ------------

Command Line: --add-opens=java.base/java.util=ALL-UNNAMED --add-opens=java.base/java.lang=ALL-UNNAMED --add-opens=java.base/java.lang.invoke=ALL-UNNAMED --add-opens=java.base/java.util=ALL-UNNAMED --add-opens=java.prefs/java.util.prefs=ALL-UNNAMED --add-opens=java.prefs/java.util.prefs=ALL-UNNAMED --add-opens=java.base/java.nio.charset=ALL-UNNAMED --add-opens=java.base/java.net=ALL-UNNAMED --add-opens=java.base/java.util.concurrent.atomic=ALL-UNNAMED -Xmx2048m -Dfile.encoding=UTF-8 -Duser.country=US -Duser.language=en -Duser.variant org.gradle.launcher.daemon.bootstrap.GradleDaemon 7.4

Host: Intel(R) Core(TM) i5-8250U CPU @ 1.60GHz, 8 cores, 7G,  Windows 10 , 64 bit Build 19041 (10.0.19041.2251)
Time: Wed Dec 14 19:56:08 2022 Central Europe Standard Time elapsed time: 13.132635 seconds (0d 0h 0m 13s)

---------------  T H R E A D  ---------------

Current thread (0x000001c9b9660000):  JavaThread "C2 CompilerThread0" daemon [_thread_in_native, id=3168, stack(0x000000c260900000,0x000000c260a00000)]


Current CompileTask:
C2:  13132 6406   !   4       java.net.URLClassLoader$1::run (81 bytes)

Stack: [0x000000c260900000,0x000000c260a00000]
Native frames: (J=compiled Java code, j=interpreted, Vv=VM code, C=native code)
V  [jvm.dll+0x6100fa]
V  [jvm.dll+0x747090]
V  [jvm.dll+0x7486ad]
V  [jvm.dll+0x748d83]
V  [jvm.dll+0x24ab48]
V  [jvm.dll+0xc04dc]
V  [jvm.dll+0xc0a0c]
V  [jvm.dll+0x2bfab4]
V  [jvm.dll+0x524238]
V  [jvm.dll+0x20b193]
V  [jvm.dll+0x204ca0]
V  [jvm.dll+0x2023c2]
V  [jvm.dll+0x188e01]
V  [jvm.dll+0x21106b]
V  [jvm.dll+0x20f8c1]
V  [jvm.dll+0x70de0f]
V  [jvm.dll+0x706a75]
V  [jvm.dll+0x60ed66]
C  [ucrtbase.dll+0x21bb2]
C  [KERNEL32.DLL+0x174b4]
C  [ntdll.dll+0x526a1]


---------------  P R O C E S S  ---------------

Threads class SMR info:
_java_thread_list=0x000001c9c1597e30, length=124, elements={
0x000001c99f18d800, 0x000001c9b9633000, 0x000001c9b963e800, 0x000001c9b964b800,
0x000001c9b964d800, 0x000001c9b964f800, 0x000001c9b9660000, 0x000001c9b9661000,
0x000001c9b9662000, 0x000001c9ba124000, 0x000001c9bc232000, 0x000001c9bcfb8800,
0x000001c9ba205000, 0x000001c9bd176800, 0x000001c9bd6d6800, 0x000001c9bd0dc000,
0x000001c9bc35a800, 0x000001c9bca71800, 0x000001c9bc807000, 0x000001c9bc3ee800,
0x000001c9bd26b000, 0x000001c9bd267800, 0x000001c9bd26a000, 0x000001c9bd269000,
0x000001c9bd268800, 0x000001c9bd267000, 0x000001c9bd26b800, 0x000001c9bd266000,
0x000001c9bd26c800, 0x000001c9bc8cd000, 0x000001c9bc8cf800, 0x000001c9bc8cc000,
0x000001c9bc8d1000, 0x000001c9bc8d2800, 0x000001c9bc8d3800, 0x000001c9bc8d4800,
0x000001c9bc8ce800, 0x000001c9bc8da000, 0x000001c9bc8d7800, 0x000001c9bc8d9800,
0x000001c9bc8d8800, 0x000001c9bc8db000, 0x000001c9bc8d5000, 0x000001c9bc8d6000,
0x000001c9bc8d7000, 0x000001c9bd292800, 0x000001c9bd290000, 0x000001c9bd28d000,
0x000001c9bd28f800, 0x000001c9bd28e800, 0x000001c9bd291800, 0x000001c9bd293800,
0x000001c9bd28d800, 0x000001c9bd294000, 0x000001c9bd295000, 0x000001c9bd296000,
0x000001c9bd296800, 0x000001c9bd291000, 0x000001c9bd29a000, 0x000001c9bd29a800,
0x000001c9bd297800, 0x000001c9bd29b800, 0x000001c9bd298800, 0x000001c9bd299000,
0x000001c9bdc00000, 0x000001c9bdbfe000, 0x000001c9bdc02800, 0x000001c9bdc01000,
0x000001c9bdbfe800, 0x000001c9bdbff800, 0x000001c9bdc04800, 0x000001c9bdc05000,
0x000001c9bdc06000, 0x000001c9bdc03800, 0x000001c9bdc02000, 0x000001c9bdc0b000,
0x000001c9bdc09000, 0x000001c9bdc0b800, 0x000001c9bdc08800, 0x000001c9bdc0a000,
0x000001c9bdc0c800, 0x000001c9bdc07000, 0x000001c9bdc07800, 0x000001c9bfbe1000,
0x000001c9bfbdc000, 0x000001c9bfbdf800, 0x000001c9bfbe0800, 0x000001c9bfbdb800,
0x000001c9bfbe2000, 0x000001c9bfbde000, 0x000001c9bfbde800, 0x000001c9bfbe2800,
0x000001c9bfbdd000, 0x000001c9bfbe6000, 0x000001c9bfbe7000, 0x000001c9bfbe7800,
0x000001c9bfbe9000, 0x000001c9bfbe5000, 0x000001c9bfbe8800, 0x000001c9bfbe3800,
0x000001c9bfbea000, 0x000001c9bfbe4800, 0x000001c9bfec5800, 0x000001c9bfec7800,
0x000001c9bfec5000, 0x000001c9bfec6800, 0x000001c9bfec1800, 0x000001c9bfec2800,
0x000001c9bfec8000, 0x000001c9bfec9000, 0x000001c9bfec3000, 0x000001c9bfec9800,
0x000001c9bfec4000, 0x000001c9bfece800, 0x000001c9bfecd000, 0x000001c9bfecc000,
0x000001c9bfecb800, 0x000001c9bfece000, 0x000001c9bfecf800, 0x000001c9bfed0800,
0x000001c9bfeca800, 0x000001c9bd69e000, 0x000001c9bffce000, 0x000001c9bdd74800
}

Java Threads: ( => current thread )
  0x000001c99f18d800 JavaThread "main" [_thread_blocked, id=5756, stack(0x000000c25fd00000,0x000000c25fe00000)]
  0x000001c9b9633000 JavaThread "Reference Handler" daemon [_thread_blocked, id=3124, stack(0x000000c260400000,0x000000c260500000)]
  0x000001c9b963e800 JavaThread "Finalizer" daemon [_thread_blocked, id=8712, stack(0x000000c260500000,0x000000c260600000)]
  0x000001c9b964b800 JavaThread "Signal Dispatcher" daemon [_thread_blocked, id=1992, stack(0x000000c260600000,0x000000c260700000)]
  0x000001c9b964d800 JavaThread "Attach Listener" daemon [_thread_blocked, id=10560, stack(0x000000c260700000,0x000000c260800000)]
  0x000001c9b964f800 JavaThread "Service Thread" daemon [_thread_blocked, id=4952, stack(0x000000c260800000,0x000000c260900000)]
=>0x000001c9b9660000 JavaThread "C2 CompilerThread0" daemon [_thread_in_native, id=3168, stack(0x000000c260900000,0x000000c260a00000)]
  0x000001c9b9661000 JavaThread "C1 CompilerThread0" daemon [_thread_blocked, id=12024, stack(0x000000c260a00000,0x000000c260b00000)]
  0x000001c9b9662000 JavaThread "Sweeper thread" daemon [_thread_blocked, id=12840, stack(0x000000c260b00000,0x000000c260c00000)]
  0x000001c9ba124000 JavaThread "Common-Cleaner" daemon [_thread_blocked, id=11372, stack(0x000000c260c00000,0x000000c260d00000)]
  0x000001c9bc232000 JavaThread "Daemon health stats" [_thread_blocked, id=2792, stack(0x000000c261200000,0x000000c261300000)]
  0x000001c9bcfb8800 JavaThread "Incoming local TCP Connector on port 59787" [_thread_in_native, id=6364, stack(0x000000c260e00000,0x000000c260f00000)]
  0x000001c9ba205000 JavaThread "Daemon periodic checks" [_thread_blocked, id=9588, stack(0x000000c261100000,0x000000c261200000)]
  0x000001c9bd176800 JavaThread "Daemon" [_thread_blocked, id=10604, stack(0x000000c261300000,0x000000c261400000)]
  0x000001c9bd6d6800 JavaThread "Handler for socket connection from /127.0.0.1:59787 to /127.0.0.1:59788" [_thread_in_native, id=4752, stack(0x000000c261400000,0x000000c261500000)]
  0x000001c9bd0dc000 JavaThread "Cancel handler" [_thread_blocked, id=1088, stack(0x000000c261500000,0x000000c261600000)]
  0x000001c9bc35a800 JavaThread "Daemon worker" [_thread_in_vm, id=5620, stack(0x000000c261600000,0x000000c261700000)]
  0x000001c9bca71800 JavaThread "Asynchronous log dispatcher for DefaultDaemonConnection: socket connection from /127.0.0.1:59787 to /127.0.0.1:59788" [_thread_blocked, id=12212, stack(0x000000c261700000,0x000000c261800000)]
  0x000001c9bc807000 JavaThread "Stdin handler" [_thread_blocked, id=10444, stack(0x000000c261800000,0x000000c261900000)]
  0x000001c9bc3ee800 JavaThread "Daemon client event forwarder" [_thread_blocked, id=11852, stack(0x000000c261900000,0x000000c261a00000)]
  0x000001c9bd26b000 JavaThread "Cache worker for journal cache (C:\Users\Marko\.gradle\caches\journal-1)" [_thread_blocked, id=10564, stack(0x000000c262000000,0x000000c262100000)]
  0x000001c9bd267800 JavaThread "File lock request listener" [_thread_in_native, id=6232, stack(0x000000c262100000,0x000000c262200000)]
  0x000001c9bd26a000 JavaThread "Cache worker for file hash cache (C:\Users\Marko\.gradle\caches\7.4\fileHashes)" [_thread_blocked, id=1404, stack(0x000000c262200000,0x000000c262300000)]
  0x000001c9bd269000 JavaThread "File watcher server" daemon [_thread_in_native, id=12224, stack(0x000000c262400000,0x000000c262500000)]
  0x000001c9bd268800 JavaThread "File watcher consumer" daemon [_thread_blocked, id=5596, stack(0x000000c262500000,0x000000c262600000)]
  0x000001c9bd267000 JavaThread "Cache worker for checksums cache (C:\Users\Marko\AndroidStudioProjects\Restaurants\.gradle\7.4\checksums)" [_thread_blocked, id=3156, stack(0x000000c262600000,0x000000c262700000)]
  0x000001c9bd26b800 JavaThread "Cache worker for cache directory md-rule (C:\Users\Marko\.gradle\caches\7.4\md-rule)" [_thread_blocked, id=6772, stack(0x000000c262700000,0x000000c262800000)]
  0x000001c9bd266000 JavaThread "Cache worker for file hash cache (C:\Users\Marko\AndroidStudioProjects\Restaurants\.gradle\7.4\fileHashes)" [_thread_blocked, id=10896, stack(0x000000c262800000,0x000000c262900000)]
  0x000001c9bd26c800 JavaThread "Cache worker for cache directory md-supplier (C:\Users\Marko\.gradle\caches\7.4\md-supplier)" [_thread_blocked, id=5920, stack(0x000000c262900000,0x000000c262a00000)]
  0x000001c9bc8cd000 JavaThread "Cache worker for execution history cache (C:\Users\Marko\.gradle\caches\7.4\executionHistory)" [_thread_blocked, id=2592, stack(0x000000c262a00000,0x000000c262b00000)]
  0x000001c9bc8cf800 JavaThread "jar transforms" [_thread_blocked, id=13296, stack(0x000000c262c00000,0x000000c262d00000)]
  0x000001c9bc8cc000 JavaThread "Cache worker for file content cache (C:\Users\Marko\.gradle\caches\7.4\fileContent)" [_thread_blocked, id=12816, stack(0x000000c262d00000,0x000000c262e00000)]
  0x000001c9bc8d1000 JavaThread "jar transforms Thread 2" [_thread_blocked, id=11320, stack(0x000000c262e00000,0x000000c262f00000)]
  0x000001c9bc8d2800 JavaThread "Cache worker for dependencies-accessors (C:\Users\Marko\AndroidStudioProjects\Restaurants\.gradle\7.4\dependencies-accessors)" [_thread_blocked, id=5824, stack(0x000000c262f00000,0x000000c263000000)]
  0x000001c9bc8d3800 JavaThread "jar transforms Thread 3" [_thread_blocked, id=12068, stack(0x000000c263000000,0x000000c263100000)]
  0x000001c9bc8d4800 JavaThread "Cache worker for Build Output Cleanup Cache (C:\Users\Marko\AndroidStudioProjects\Restaurants\.gradle\buildOutputCleanup)" [_thread_blocked, id=11804, stack(0x000000c263100000,0x000000c263200000)]
  0x000001c9bc8ce800 JavaThread "Unconstrained build operations" [_thread_blocked, id=3368, stack(0x000000c263200000,0x000000c263300000)]
  0x000001c9bc8da000 JavaThread "Unconstrained build operations Thread 2" [_thread_blocked, id=10668, stack(0x000000c263300000,0x000000c263400000)]
  0x000001c9bc8d7800 JavaThread "Unconstrained build operations Thread 3" [_thread_blocked, id=7440, stack(0x000000c263400000,0x000000c263500000)]
  0x000001c9bc8d9800 JavaThread "Unconstrained build operations Thread 4" [_thread_blocked, id=7060, stack(0x000000c263500000,0x000000c263600000)]
  0x000001c9bc8d8800 JavaThread "Unconstrained build operations Thread 5" [_thread_blocked, id=4280, stack(0x000000c263600000,0x000000c263700000)]
  0x000001c9bc8db000 JavaThread "Unconstrained build operations Thread 6" [_thread_blocked, id=3316, stack(0x000000c263700000,0x000000c263800000)]
  0x000001c9bc8d5000 JavaThread "Unconstrained build operations Thread 7" [_thread_blocked, id=836, stack(0x000000c263800000,0x000000c263900000)]
  0x000001c9bc8d6000 JavaThread "Unconstrained build operations Thread 8" [_thread_blocked, id=6984, stack(0x000000c263900000,0x000000c263a00000)]
  0x000001c9bc8d7000 JavaThread "Unconstrained build operations Thread 9" [_thread_blocked, id=2132, stack(0x000000c263a00000,0x000000c263b00000)]
  0x000001c9bd292800 JavaThread "Unconstrained build operations Thread 10" [_thread_blocked, id=7316, stack(0x000000c263b00000,0x000000c263c00000)]
  0x000001c9bd290000 JavaThread "Unconstrained build operations Thread 11" [_thread_blocked, id=10996, stack(0x000000c263c00000,0x000000c263d00000)]
  0x000001c9bd28d000 JavaThread "Unconstrained build operations Thread 12" [_thread_blocked, id=2676, stack(0x000000c263d00000,0x000000c263e00000)]
  0x000001c9bd28f800 JavaThread "Unconstrained build operations Thread 13" [_thread_blocked, id=5468, stack(0x000000c263e00000,0x000000c263f00000)]
  0x000001c9bd28e800 JavaThread "Unconstrained build operations Thread 14" [_thread_blocked, id=12664, stack(0x000000c263f00000,0x000000c264000000)]
  0x000001c9bd291800 JavaThread "Unconstrained build operations Thread 15" [_thread_blocked, id=8652, stack(0x000000c264000000,0x000000c264100000)]
  0x000001c9bd293800 JavaThread "Unconstrained build operations Thread 16" [_thread_blocked, id=8812, stack(0x000000c264100000,0x000000c264200000)]
  0x000001c9bd28d800 JavaThread "Unconstrained build operations Thread 17" [_thread_blocked, id=12264, stack(0x000000c264200000,0x000000c264300000)]
  0x000001c9bd294000 JavaThread "Unconstrained build operations Thread 18" [_thread_blocked, id=12188, stack(0x000000c264300000,0x000000c264400000)]
  0x000001c9bd295000 JavaThread "Unconstrained build operations Thread 19" [_thread_blocked, id=11596, stack(0x000000c264400000,0x000000c264500000)]
  0x000001c9bd296000 JavaThread "Unconstrained build operations Thread 20" [_thread_blocked, id=6876, stack(0x000000c264500000,0x000000c264600000)]
  0x000001c9bd296800 JavaThread "Unconstrained build operations Thread 21" [_thread_blocked, id=7000, stack(0x000000c264600000,0x000000c264700000)]
  0x000001c9bd291000 JavaThread "Unconstrained build operations Thread 22" [_thread_blocked, id=2816, stack(0x000000c264700000,0x000000c264800000)]
  0x000001c9bd29a000 JavaThread "Unconstrained build operations Thread 23" [_thread_blocked, id=8264, stack(0x000000c264800000,0x000000c264900000)]
  0x000001c9bd29a800 JavaThread "Unconstrained build operations Thread 24" [_thread_blocked, id=12072, stack(0x000000c264900000,0x000000c264a00000)]
  0x000001c9bd297800 JavaThread "Unconstrained build operations Thread 25" [_thread_blocked, id=8616, stack(0x000000c264a00000,0x000000c264b00000)]
  0x000001c9bd29b800 JavaThread "Unconstrained build operations Thread 26" [_thread_blocked, id=9300, stack(0x000000c264b00000,0x000000c264c00000)]
  0x000001c9bd298800 JavaThread "Unconstrained build operations Thread 27" [_thread_blocked, id=12280, stack(0x000000c264c00000,0x000000c264d00000)]
  0x000001c9bd299000 JavaThread "Unconstrained build operations Thread 28" [_thread_blocked, id=1488, stack(0x000000c264d00000,0x000000c264e00000)]
  0x000001c9bdc00000 JavaThread "Unconstrained build operations Thread 29" [_thread_blocked, id=1392, stack(0x000000c264e00000,0x000000c264f00000)]
  0x000001c9bdbfe000 JavaThread "Unconstrained build operations Thread 30" [_thread_blocked, id=4172, stack(0x000000c264f00000,0x000000c265000000)]
  0x000001c9bdc02800 JavaThread "Unconstrained build operations Thread 31" [_thread_blocked, id=11168, stack(0x000000c265000000,0x000000c265100000)]
  0x000001c9bdc01000 JavaThread "Unconstrained build operations Thread 32" [_thread_blocked, id=6304, stack(0x000000c265100000,0x000000c265200000)]
  0x000001c9bdbfe800 JavaThread "Unconstrained build operations Thread 33" [_thread_blocked, id=10912, stack(0x000000c265200000,0x000000c265300000)]
  0x000001c9bdbff800 JavaThread "Unconstrained build operations Thread 34" [_thread_blocked, id=6352, stack(0x000000c265300000,0x000000c265400000)]
  0x000001c9bdc04800 JavaThread "Unconstrained build operations Thread 35" [_thread_blocked, id=8296, stack(0x000000c265400000,0x000000c265500000)]
  0x000001c9bdc05000 JavaThread "Unconstrained build operations Thread 36" [_thread_blocked, id=9960, stack(0x000000c265500000,0x000000c265600000)]
  0x000001c9bdc06000 JavaThread "Unconstrained build operations Thread 37" [_thread_blocked, id=13000, stack(0x000000c265600000,0x000000c265700000)]
  0x000001c9bdc03800 JavaThread "Unconstrained build operations Thread 38" [_thread_blocked, id=12012, stack(0x000000c265700000,0x000000c265800000)]
  0x000001c9bdc02000 JavaThread "Unconstrained build operations Thread 39" [_thread_blocked, id=6012, stack(0x000000c265800000,0x000000c265900000)]
  0x000001c9bdc0b000 JavaThread "Unconstrained build operations Thread 40" [_thread_blocked, id=4316, stack(0x000000c265900000,0x000000c265a00000)]
  0x000001c9bdc09000 JavaThread "Unconstrained build operations Thread 41" [_thread_blocked, id=7384, stack(0x000000c265a00000,0x000000c265b00000)]
  0x000001c9bdc0b800 JavaThread "Unconstrained build operations Thread 42" [_thread_blocked, id=5080, stack(0x000000c265b00000,0x000000c265c00000)]
  0x000001c9bdc08800 JavaThread "Unconstrained build operations Thread 43" [_thread_blocked, id=5444, stack(0x000000c265c00000,0x000000c265d00000)]
  0x000001c9bdc0a000 JavaThread "Unconstrained build operations Thread 44" [_thread_blocked, id=3824, stack(0x000000c265d00000,0x000000c265e00000)]
  0x000001c9bdc0c800 JavaThread "Unconstrained build operations Thread 45" [_thread_blocked, id=7864, stack(0x000000c265e00000,0x000000c265f00000)]
  0x000001c9bdc07000 JavaThread "Unconstrained build operations Thread 46" [_thread_blocked, id=11864, stack(0x000000c265f00000,0x000000c266000000)]
  0x000001c9bdc07800 JavaThread "Unconstrained build operations Thread 47" [_thread_blocked, id=11848, stack(0x000000c266000000,0x000000c266100000)]
  0x000001c9bfbe1000 JavaThread "Unconstrained build operations Thread 48" [_thread_blocked, id=10520, stack(0x000000c266100000,0x000000c266200000)]
  0x000001c9bfbdc000 JavaThread "Unconstrained build operations Thread 49" [_thread_blocked, id=2312, stack(0x000000c266200000,0x000000c266300000)]
  0x000001c9bfbdf800 JavaThread "Unconstrained build operations Thread 50" [_thread_blocked, id=2560, stack(0x000000c266300000,0x000000c266400000)]
  0x000001c9bfbe0800 JavaThread "Unconstrained build operations Thread 51" [_thread_blocked, id=8072, stack(0x000000c266400000,0x000000c266500000)]
  0x000001c9bfbdb800 JavaThread "Unconstrained build operations Thread 52" [_thread_blocked, id=1580, stack(0x000000c266500000,0x000000c266600000)]
  0x000001c9bfbe2000 JavaThread "Unconstrained build operations Thread 53" [_thread_blocked, id=6624, stack(0x000000c266600000,0x000000c266700000)]
  0x000001c9bfbde000 JavaThread "Unconstrained build operations Thread 54" [_thread_blocked, id=4604, stack(0x000000c266700000,0x000000c266800000)]
  0x000001c9bfbde800 JavaThread "Unconstrained build operations Thread 55" [_thread_blocked, id=12904, stack(0x000000c266800000,0x000000c266900000)]
  0x000001c9bfbe2800 JavaThread "Unconstrained build operations Thread 56" [_thread_blocked, id=12048, stack(0x000000c266900000,0x000000c266a00000)]
  0x000001c9bfbdd000 JavaThread "Unconstrained build operations Thread 57" [_thread_blocked, id=9952, stack(0x000000c266a00000,0x000000c266b00000)]
  0x000001c9bfbe6000 JavaThread "Unconstrained build operations Thread 58" [_thread_blocked, id=2652, stack(0x000000c266b00000,0x000000c266c00000)]
  0x000001c9bfbe7000 JavaThread "Unconstrained build operations Thread 59" [_thread_blocked, id=2116, stack(0x000000c266c00000,0x000000c266d00000)]
  0x000001c9bfbe7800 JavaThread "Unconstrained build operations Thread 60" [_thread_blocked, id=11492, stack(0x000000c266d00000,0x000000c266e00000)]
  0x000001c9bfbe9000 JavaThread "Unconstrained build operations Thread 61" [_thread_blocked, id=11000, stack(0x000000c266e00000,0x000000c266f00000)]
  0x000001c9bfbe5000 JavaThread "Unconstrained build operations Thread 62" [_thread_blocked, id=11792, stack(0x000000c266f00000,0x000000c267000000)]
  0x000001c9bfbe8800 JavaThread "Unconstrained build operations Thread 63" [_thread_blocked, id=9900, stack(0x000000c267000000,0x000000c267100000)]
  0x000001c9bfbe3800 JavaThread "Unconstrained build operations Thread 64" [_thread_blocked, id=8800, stack(0x000000c267100000,0x000000c267200000)]
  0x000001c9bfbea000 JavaThread "Unconstrained build operations Thread 65" [_thread_blocked, id=1464, stack(0x000000c267200000,0x000000c267300000)]
  0x000001c9bfbe4800 JavaThread "Unconstrained build operations Thread 66" [_thread_blocked, id=10544, stack(0x000000c267300000,0x000000c267400000)]
  0x000001c9bfec5800 JavaThread "Unconstrained build operations Thread 67" [_thread_blocked, id=10736, stack(0x000000c267400000,0x000000c267500000)]
  0x000001c9bfec7800 JavaThread "Unconstrained build operations Thread 68" [_thread_blocked, id=9916, stack(0x000000c267500000,0x000000c267600000)]
  0x000001c9bfec5000 JavaThread "Unconstrained build operations Thread 69" [_thread_blocked, id=8240, stack(0x000000c267600000,0x000000c267700000)]
  0x000001c9bfec6800 JavaThread "Unconstrained build operations Thread 70" [_thread_blocked, id=11184, stack(0x000000c267700000,0x000000c267800000)]
  0x000001c9bfec1800 JavaThread "Unconstrained build operations Thread 71" [_thread_blocked, id=11576, stack(0x000000c267800000,0x000000c267900000)]
  0x000001c9bfec2800 JavaThread "Unconstrained build operations Thread 72" [_thread_blocked, id=7744, stack(0x000000c267900000,0x000000c267a00000)]
  0x000001c9bfec8000 JavaThread "Unconstrained build operations Thread 73" [_thread_blocked, id=3344, stack(0x000000c267a00000,0x000000c267b00000)]
  0x000001c9bfec9000 JavaThread "Unconstrained build operations Thread 74" [_thread_blocked, id=8196, stack(0x000000c267b00000,0x000000c267c00000)]
  0x000001c9bfec3000 JavaThread "Unconstrained build operations Thread 75" [_thread_blocked, id=9116, stack(0x000000c267c00000,0x000000c267d00000)]
  0x000001c9bfec9800 JavaThread "Unconstrained build operations Thread 76" [_thread_blocked, id=9404, stack(0x000000c267d00000,0x000000c267e00000)]
  0x000001c9bfec4000 JavaThread "Unconstrained build operations Thread 77" [_thread_blocked, id=1092, stack(0x000000c267e00000,0x000000c267f00000)]
  0x000001c9bfece800 JavaThread "Unconstrained build operations Thread 78" [_thread_blocked, id=2368, stack(0x000000c267f00000,0x000000c268000000)]
  0x000001c9bfecd000 JavaThread "Unconstrained build operations Thread 79" [_thread_blocked, id=4448, stack(0x000000c268000000,0x000000c268100000)]
  0x000001c9bfecc000 JavaThread "Unconstrained build operations Thread 80" [_thread_blocked, id=2820, stack(0x000000c268100000,0x000000c268200000)]
  0x000001c9bfecb800 JavaThread "jar transforms Thread 4" [_thread_blocked, id=11964, stack(0x000000c268200000,0x000000c268300000)]
  0x000001c9bfece000 JavaThread "jar transforms Thread 5" [_thread_blocked, id=7208, stack(0x000000c268300000,0x000000c268400000)]
  0x000001c9bfecf800 JavaThread "jar transforms Thread 6" [_thread_blocked, id=12580, stack(0x000000c268400000,0x000000c268500000)]
  0x000001c9bfed0800 JavaThread "jar transforms Thread 7" [_thread_blocked, id=4568, stack(0x000000c268500000,0x000000c268600000)]
  0x000001c9bfeca800 JavaThread "jar transforms Thread 8" [_thread_blocked, id=8968, stack(0x000000c268600000,0x000000c268700000)]
  0x000001c9bd69e000 JavaThread "C2 CompilerThread1" daemon [_thread_blocked, id=7832, stack(0x000000c261a00000,0x000000c261b00000)]
  0x000001c9bffce000 JavaThread "C2 CompilerThread2" daemon [_thread_in_native, id=2788, stack(0x000000c262b00000,0x000000c262c00000)]
  0x000001c9bdd74800 JavaThread "Memory manager" [_thread_blocked, id=2628, stack(0x000000c268700000,0x000000c268800000)]

Other Threads:
  0x000001c9b9631000 VMThread "VM Thread" [stack: 0x000000c260300000,0x000000c260400000] [id=5100]
  0x000001c9ba139000 WatcherThread [stack: 0x000000c260d00000,0x000000c260e00000] [id=9332]
  0x000001c99f1a6000 GCTaskThread "GC Thread#0" [stack: 0x000000c25fe00000,0x000000c25ff00000] [id=8872]
  0x000001c9ba9d6800 GCTaskThread "GC Thread#1" [stack: 0x000000c260f00000,0x000000c261000000] [id=6100]
  0x000001c9bac55000 GCTaskThread "GC Thread#2" [stack: 0x000000c261000000,0x000000c261100000] [id=12716]
  0x000001c9bc6d0800 GCTaskThread "GC Thread#3" [stack: 0x000000c261b00000,0x000000c261c00000] [id=11076]
  0x000001c9bc6d1800 GCTaskThread "GC Thread#4" [stack: 0x000000c261c00000,0x000000c261d00000] [id=11412]
  0x000001c9bc6cf000 GCTaskThread "GC Thread#5" [stack: 0x000000c261d00000,0x000000c261e00000] [id=3900]
  0x000001c9bc6d3800 GCTaskThread "GC Thread#6" [stack: 0x000000c261e00000,0x000000c261f00000] [id=11164]
  0x000001c9bc6d2000 GCTaskThread "GC Thread#7" [stack: 0x000000c261f00000,0x000000c262000000] [id=12728]
  0x000001c99f1d9800 ConcurrentGCThread "G1 Main Marker" [stack: 0x000000c25ff00000,0x000000c260000000] [id=12748]
  0x000001c99f1db000 ConcurrentGCThread "G1 Conc#0" [stack: 0x000000c260000000,0x000000c260100000] [id=2464]
  0x000001c9bc6d3000 ConcurrentGCThread "G1 Conc#1" [stack: 0x000000c262300000,0x000000c262400000] [id=7496]
  0x000001c9b9480800 ConcurrentGCThread "G1 Refine#0" [stack: 0x000000c260100000,0x000000c260200000] [id=10232]
  0x000001c9b9481800 ConcurrentGCThread "G1 Young RemSet Sampling" [stack: 0x000000c260200000,0x000000c260300000] [id=4188]

Threads with active compile tasks:
C2 CompilerThread0  13171 6406   !   4       java.net.URLClassLoader$1::run (81 bytes)
C2 CompilerThread2  13171 6196       4       java.net.URLClassLoader$1::run (5 bytes)

VM state:not at safepoint (normal execution)

VM Mutex/Monitor currently owned by a thread: None

Heap address: 0x0000000080000000, size: 2048 MB, Compressed Oops mode: 32-bit
Narrow klass base: 0x0000000000000000, Narrow klass shift: 3
Compressed class space size: 1073741824 Address: 0x0000000100000000

Heap:
 garbage-first heap   total 157696K, used 57224K [0x0000000080000000, 0x0000000100000000)
  region size 1024K, 3 young (3072K), 2 survivors (2048K)
 Metaspace       used 64112K, capacity 65652K, committed 65744K, reserved 1105920K
  class space    used 8082K, capacity 8676K, committed 8704K, reserved 1048576K
Heap Regions: E=young(eden), S=young(survivor), O=old, HS=humongous(starts), HC=humongous(continues), CS=collection set, F=free, A=archive, TAMS=top-at-mark-start (previous, next)
|   0|0x0000000080000000, 0x0000000080100000, 0x0000000080100000|100%| O|  |TAMS 0x0000000080100000, 0x0000000080000000| Untracked 
|   1|0x0000000080100000, 0x0000000080200000, 0x0000000080200000|100%| O|  |TAMS 0x0000000080200000, 0x0000000080100000| Untracked 
|   2|0x0000000080200000, 0x0000000080300000, 0x0000000080300000|100%| O|  |TAMS 0x0000000080300000, 0x0000000080200000| Untracked 
|   3|0x0000000080300000, 0x0000000080400000, 0x0000000080400000|100%|HS|  |TAMS 0x0000000080400000, 0x0000000080300000| Complete 
|   4|0x0000000080400000, 0x0000000080500000, 0x0000000080500000|100%|HC|  |TAMS 0x0000000080500000, 0x0000000080400000| Complete 
|   5|0x0000000080500000, 0x0000000080600000, 0x0000000080600000|100%|HC|  |TAMS 0x0000000080600000, 0x0000000080500000| Complete 
|   6|0x0000000080600000, 0x0000000080700000, 0x0000000080700000|100%| O|  |TAMS 0x0000000080700000, 0x0000000080600000| Untracked 
|   7|0x0000000080700000, 0x0000000080800000, 0x0000000080800000|100%| O|  |TAMS 0x0000000080800000, 0x0000000080700000| Untracked 
|   8|0x0000000080800000, 0x0000000080900000, 0x0000000080900000|100%| O|  |TAMS 0x0000000080900000, 0x0000000080800000| Untracked 
|   9|0x0000000080900000, 0x0000000080a00000, 0x0000000080a00000|100%| O|  |TAMS 0x0000000080a00000, 0x0000000080900000| Untracked 
|  10|0x0000000080a00000, 0x0000000080b00000, 0x0000000080b00000|100%| O|  |TAMS 0x0000000080b00000, 0x0000000080a00000| Untracked 
|  11|0x0000000080b00000, 0x0000000080c00000, 0x0000000080c00000|100%| O|  |TAMS 0x0000000080c00000, 0x0000000080b00000| Untracked 
|  12|0x0000000080c00000, 0x0000000080d00000, 0x0000000080d00000|100%| O|  |TAMS 0x0000000080d00000, 0x0000000080c00000| Untracked 
|  13|0x0000000080d00000, 0x0000000080e00000, 0x0000000080e00000|100%| O|  |TAMS 0x0000000080e00000, 0x0000000080d00000| Untracked 
|  14|0x0000000080e00000, 0x0000000080f00000, 0x0000000080f00000|100%| O|  |TAMS 0x0000000080f00000, 0x0000000080e00000| Untracked 
|  15|0x0000000080f00000, 0x0000000081000000, 0x0000000081000000|100%| O|  |TAMS 0x0000000081000000, 0x0000000080f00000| Untracked 
|  16|0x0000000081000000, 0x0000000081100000, 0x0000000081100000|100%| O|  |TAMS 0x0000000081100000, 0x0000000081000000| Untracked 
|  17|0x0000000081100000, 0x0000000081200000, 0x0000000081200000|100%|HS|  |TAMS 0x0000000081200000, 0x0000000081100000| Complete 
|  18|0x0000000081200000, 0x0000000081300000, 0x0000000081300000|100%| O|  |TAMS 0x0000000081300000, 0x0000000081200000| Untracked 
|  19|0x0000000081300000, 0x0000000081400000, 0x0000000081400000|100%| O|  |TAMS 0x0000000081400000, 0x0000000081300000| Untracked 
|  20|0x0000000081400000, 0x0000000081500000, 0x0000000081500000|100%| O|  |TAMS 0x0000000081500000, 0x0000000081400000| Untracked 
|  21|0x0000000081500000, 0x0000000081600000, 0x0000000081600000|100%| O|  |TAMS 0x0000000081600000, 0x0000000081500000| Untracked 
|  22|0x0000000081600000, 0x0000000081700000, 0x0000000081700000|100%| O|  |TAMS 0x0000000081700000, 0x0000000081600000| Untracked 
|  23|0x0000000081700000, 0x0000000081800000, 0x0000000081800000|100%| O|  |TAMS 0x0000000081800000, 0x0000000081700000| Untracked 
|  24|0x0000000081800000, 0x0000000081900000, 0x0000000081900000|100%| O|  |TAMS 0x0000000081900000, 0x0000000081800000| Untracked 
|  25|0x0000000081900000, 0x0000000081a00000, 0x0000000081a00000|100%| O|  |TAMS 0x0000000081a00000, 0x0000000081900000| Untracked 
|  26|0x0000000081a00000, 0x0000000081b00000, 0x0000000081b00000|100%| O|  |TAMS 0x0000000081b00000, 0x0000000081a00000| Untracked 
|  27|0x0000000081b00000, 0x0000000081c00000, 0x0000000081c00000|100%| O|  |TAMS 0x0000000081c00000, 0x0000000081b00000| Untracked 
|  28|0x0000000081c00000, 0x0000000081d00000, 0x0000000081d00000|100%| O|  |TAMS 0x0000000081d00000, 0x0000000081c00000| Untracked 
|  29|0x0000000081d00000, 0x0000000081e00000, 0x0000000081e00000|100%|HS|  |TAMS 0x0000000081e00000, 0x0000000081d00000| Complete 
|  30|0x0000000081e00000, 0x0000000081f00000, 0x0000000081f00000|100%|HS|  |TAMS 0x0000000081f00000, 0x0000000081e00000| Complete 
|  31|0x0000000081f00000, 0x0000000082000000, 0x0000000082000000|100%|HS|  |TAMS 0x0000000082000000, 0x0000000081f00000| Complete 
|  32|0x0000000082000000, 0x0000000082100000, 0x0000000082100000|100%|HC|  |TAMS 0x0000000082100000, 0x0000000082000000| Complete 
|  33|0x0000000082100000, 0x0000000082200000, 0x0000000082200000|100%|HC|  |TAMS 0x0000000082200000, 0x0000000082100000| Complete 
|  34|0x0000000082200000, 0x0000000082300000, 0x0000000082300000|100%|HC|  |TAMS 0x0000000082300000, 0x0000000082200000| Complete 
|  35|0x0000000082300000, 0x0000000082400000, 0x0000000082400000|100%| O|  |TAMS 0x0000000082400000, 0x0000000082300000| Untracked 
|  36|0x0000000082400000, 0x0000000082500000, 0x0000000082500000|100%|HS|  |TAMS 0x0000000082500000, 0x0000000082400000| Complete 
|  37|0x0000000082500000, 0x0000000082600000, 0x0000000082600000|100%|HC|  |TAMS 0x0000000082600000, 0x0000000082500000| Complete 
|  38|0x0000000082600000, 0x0000000082700000, 0x0000000082700000|100%| O|  |TAMS 0x0000000082700000, 0x0000000082600000| Untracked 
|  39|0x0000000082700000, 0x0000000082800000, 0x0000000082800000|100%| O|  |TAMS 0x0000000082800000, 0x0000000082700000| Untracked 
|  40|0x0000000082800000, 0x0000000082900000, 0x0000000082900000|100%| O|  |TAMS 0x0000000082900000, 0x0000000082800000| Untracked 
|  41|0x0000000082900000, 0x0000000082a00000, 0x0000000082a00000|100%| O|  |TAMS 0x0000000082a00000, 0x0000000082900000| Untracked 
|  42|0x0000000082a00000, 0x0000000082b00000, 0x0000000082b00000|100%| O|  |TAMS 0x0000000082b00000, 0x0000000082a00000| Untracked 
|  43|0x0000000082b00000, 0x0000000082c00000, 0x0000000082c00000|100%| O|  |TAMS 0x0000000082c00000, 0x0000000082b00000| Untracked 
|  44|0x0000000082c00000, 0x0000000082d00000, 0x0000000082d00000|100%| O|  |TAMS 0x0000000082d00000, 0x0000000082c00000| Untracked 
|  45|0x0000000082d00000, 0x0000000082e00000, 0x0000000082e00000|100%| O|  |TAMS 0x0000000082e00000, 0x0000000082d00000| Untracked 
|  46|0x0000000082e00000, 0x0000000082f00000, 0x0000000082f00000|100%| O|  |TAMS 0x0000000082f00000, 0x0000000082e00000| Untracked 
|  47|0x0000000082f00000, 0x0000000083000000, 0x0000000083000000|100%| O|  |TAMS 0x0000000082fa0600, 0x0000000082f00000| Untracked 
|  48|0x0000000083000000, 0x0000000083100000, 0x0000000083100000|100%| O|  |TAMS 0x0000000083000000, 0x0000000083000000| Untracked 
|  49|0x0000000083100000, 0x0000000083200000, 0x0000000083200000|100%| O|  |TAMS 0x0000000083100000, 0x0000000083100000| Untracked 
|  50|0x0000000083200000, 0x0000000083300000, 0x0000000083300000|100%| O|  |TAMS 0x0000000083200000, 0x0000000083200000| Untracked 
|  51|0x0000000083300000, 0x0000000083400000, 0x0000000083400000|100%| O|  |TAMS 0x0000000083300000, 0x0000000083300000| Untracked 
|  52|0x0000000083400000, 0x0000000083500000, 0x0000000083500000|100%| O|  |TAMS 0x0000000083400000, 0x0000000083400000| Untracked 
|  53|0x0000000083500000, 0x0000000083600000, 0x0000000083600000|100%| O|  |TAMS 0x0000000083500000, 0x0000000083500000| Untracked 
|  54|0x0000000083600000, 0x0000000083679400, 0x0000000083700000| 47%| O|  |TAMS 0x0000000083600000, 0x0000000083600000| Untracked 
|  55|0x0000000083700000, 0x0000000083700000, 0x0000000083800000|  0%| F|  |TAMS 0x0000000083700000, 0x0000000083700000| Untracked 
|  56|0x0000000083800000, 0x0000000083800000, 0x0000000083900000|  0%| F|  |TAMS 0x0000000083800000, 0x0000000083800000| Untracked 
|  57|0x0000000083900000, 0x0000000083900000, 0x0000000083a00000|  0%| F|  |TAMS 0x0000000083900000, 0x0000000083900000| Untracked 
|  58|0x0000000083a00000, 0x0000000083a00000, 0x0000000083b00000|  0%| F|  |TAMS 0x0000000083a00000, 0x0000000083a00000| Untracked 
|  59|0x0000000083b00000, 0x0000000083b00000, 0x0000000083c00000|  0%| F|  |TAMS 0x0000000083b00000, 0x0000000083b00000| Untracked 
|  60|0x0000000083c00000, 0x0000000083c00000, 0x0000000083d00000|  0%| F|  |TAMS 0x0000000083c00000, 0x0000000083c00000| Untracked 
|  61|0x0000000083d00000, 0x0000000083d00000, 0x0000000083e00000|  0%| F|  |TAMS 0x0000000083d00000, 0x0000000083d00000| Untracked 
|  62|0x0000000083e00000, 0x0000000083e00000, 0x0000000083f00000|  0%| F|  |TAMS 0x0000000083e00000, 0x0000000083e00000| Untracked 
|  63|0x0000000083f00000, 0x0000000083f00000, 0x0000000084000000|  0%| F|  |TAMS 0x0000000083f00000, 0x0000000083f00000| Untracked 
|  64|0x0000000084000000, 0x0000000084000000, 0x0000000084100000|  0%| F|  |TAMS 0x0000000084000000, 0x0000000084000000| Untracked 
|  65|0x0000000084100000, 0x0000000084100000, 0x0000000084200000|  0%| F|  |TAMS 0x0000000084100000, 0x0000000084100000| Untracked 
|  66|0x0000000084200000, 0x0000000084200000, 0x0000000084300000|  0%| F|  |TAMS 0x0000000084200000, 0x0000000084200000| Untracked 
|  67|0x0000000084300000, 0x0000000084300000, 0x0000000084400000|  0%| F|  |TAMS 0x0000000084300000, 0x0000000084300000| Untracked 
|  68|0x0000000084400000, 0x0000000084400000, 0x0000000084500000|  0%| F|  |TAMS 0x0000000084400000, 0x0000000084400000| Untracked 
|  69|0x0000000084500000, 0x0000000084500000, 0x0000000084600000|  0%| F|  |TAMS 0x0000000084500000, 0x0000000084500000| Untracked 
|  70|0x0000000084600000, 0x0000000084600000, 0x0000000084700000|  0%| F|  |TAMS 0x0000000084600000, 0x0000000084600000| Untracked 
|  71|0x0000000084700000, 0x0000000084700000, 0x0000000084800000|  0%| F|  |TAMS 0x0000000084700000, 0x0000000084700000| Untracked 
|  72|0x0000000084800000, 0x0000000084800000, 0x0000000084900000|  0%| F|  |TAMS 0x0000000084800000, 0x0000000084800000| Untracked 
|  73|0x0000000084900000, 0x0000000084900000, 0x0000000084a00000|  0%| F|  |TAMS 0x0000000084900000, 0x0000000084900000| Untracked 
|  74|0x0000000084a00000, 0x0000000084a00000, 0x0000000084b00000|  0%| F|  |TAMS 0x0000000084a00000, 0x0000000084a00000| Untracked 
|  75|0x0000000084b00000, 0x0000000084b00000, 0x0000000084c00000|  0%| F|  |TAMS 0x0000000084b00000, 0x0000000084b00000| Untracked 
|  76|0x0000000084c00000, 0x0000000084c00000, 0x0000000084d00000|  0%| F|  |TAMS 0x0000000084c00000, 0x0000000084c00000| Untracked 
|  77|0x0000000084d00000, 0x0000000084d00000, 0x0000000084e00000|  0%| F|  |TAMS 0x0000000084d00000, 0x0000000084d00000| Untracked 
|  78|0x0000000084e00000, 0x0000000084e00000, 0x0000000084f00000|  0%| F|  |TAMS 0x0000000084e00000, 0x0000000084e00000| Untracked 
|  79|0x0000000084f00000, 0x0000000084f00000, 0x0000000085000000|  0%| F|  |TAMS 0x0000000084f00000, 0x0000000084f00000| Untracked 
|  80|0x0000000085000000, 0x0000000085000000, 0x0000000085100000|  0%| F|  |TAMS 0x0000000085000000, 0x0000000085000000| Untracked 
|  81|0x0000000085100000, 0x0000000085100000, 0x0000000085200000|  0%| F|  |TAMS 0x0000000085100000, 0x0000000085100000| Untracked 
|  82|0x0000000085200000, 0x0000000085200000, 0x0000000085300000|  0%| F|  |TAMS 0x0000000085200000, 0x0000000085200000| Untracked 
|  83|0x0000000085300000, 0x0000000085300000, 0x0000000085400000|  0%| F|  |TAMS 0x0000000085300000, 0x0000000085300000| Untracked 
|  84|0x0000000085400000, 0x0000000085400000, 0x0000000085500000|  0%| F|  |TAMS 0x0000000085400000, 0x0000000085400000| Untracked 
|  85|0x0000000085500000, 0x0000000085500000, 0x0000000085600000|  0%| F|  |TAMS 0x0000000085500000, 0x0000000085500000| Untracked 
|  86|0x0000000085600000, 0x0000000085600000, 0x0000000085700000|  0%| F|  |TAMS 0x0000000085600000, 0x0000000085600000| Untracked 
|  87|0x0000000085700000, 0x0000000085700000, 0x0000000085800000|  0%| F|  |TAMS 0x0000000085700000, 0x0000000085700000| Untracked 
|  88|0x0000000085800000, 0x0000000085800000, 0x0000000085900000|  0%| F|  |TAMS 0x0000000085800000, 0x0000000085800000| Untracked 
|  89|0x0000000085900000, 0x0000000085900000, 0x0000000085a00000|  0%| F|  |TAMS 0x0000000085900000, 0x0000000085900000| Untracked 
|  90|0x0000000085a00000, 0x0000000085a00000, 0x0000000085b00000|  0%| F|  |TAMS 0x0000000085a00000, 0x0000000085a00000| Untracked 
|  91|0x0000000085b00000, 0x0000000085b00000, 0x0000000085c00000|  0%| F|  |TAMS 0x0000000085b00000, 0x0000000085b00000| Untracked 
|  92|0x0000000085c00000, 0x0000000085c00000, 0x0000000085d00000|  0%| F|  |TAMS 0x0000000085c00000, 0x0000000085c00000| Untracked 
|  93|0x0000000085d00000, 0x0000000085d00000, 0x0000000085e00000|  0%| F|  |TAMS 0x0000000085d00000, 0x0000000085d00000| Untracked 
|  94|0x0000000085e00000, 0x0000000085e00000, 0x0000000085f00000|  0%| F|  |TAMS 0x0000000085e00000, 0x0000000085e00000| Untracked 
|  95|0x0000000085f00000, 0x0000000085f00000, 0x0000000086000000|  0%| F|  |TAMS 0x0000000085f00000, 0x0000000085f00000| Untracked 
|  96|0x0000000086000000, 0x0000000086000000, 0x0000000086100000|  0%| F|  |TAMS 0x0000000086000000, 0x0000000086000000| Untracked 
|  97|0x0000000086100000, 0x0000000086100000, 0x0000000086200000|  0%| F|  |TAMS 0x0000000086100000, 0x0000000086100000| Untracked 
|  98|0x0000000086200000, 0x0000000086200000, 0x0000000086300000|  0%| F|  |TAMS 0x0000000086200000, 0x0000000086200000| Untracked 
|  99|0x0000000086300000, 0x0000000086300000, 0x0000000086400000|  0%| F|  |TAMS 0x0000000086300000, 0x0000000086300000| Untracked 
| 100|0x0000000086400000, 0x0000000086400000, 0x0000000086500000|  0%| F|  |TAMS 0x0000000086400000, 0x0000000086400000| Untracked 
| 101|0x0000000086500000, 0x0000000086500000, 0x0000000086600000|  0%| F|  |TAMS 0x0000000086500000, 0x0000000086500000| Untracked 
| 102|0x0000000086600000, 0x0000000086600000, 0x0000000086700000|  0%| F|  |TAMS 0x0000000086600000, 0x0000000086600000| Untracked 
| 103|0x0000000086700000, 0x0000000086700000, 0x0000000086800000|  0%| F|  |TAMS 0x0000000086700000, 0x0000000086700000| Untracked 
| 104|0x0000000086800000, 0x0000000086800000, 0x0000000086900000|  0%| F|  |TAMS 0x0000000086800000, 0x0000000086800000| Untracked 
| 105|0x0000000086900000, 0x0000000086900000, 0x0000000086a00000|  0%| F|  |TAMS 0x0000000086900000, 0x0000000086900000| Untracked 
| 106|0x0000000086a00000, 0x0000000086a00000, 0x0000000086b00000|  0%| F|  |TAMS 0x0000000086a00000, 0x0000000086a00000| Untracked 
| 107|0x0000000086b00000, 0x0000000086b00000, 0x0000000086c00000|  0%| F|  |TAMS 0x0000000086b00000, 0x0000000086b00000| Untracked 
| 108|0x0000000086c00000, 0x0000000086c00000, 0x0000000086d00000|  0%| F|  |TAMS 0x0000000086c00000, 0x0000000086c00000| Untracked 
| 109|0x0000000086d00000, 0x0000000086d00000, 0x0000000086e00000|  0%| F|  |TAMS 0x0000000086d00000, 0x0000000086d00000| Untracked 
| 110|0x0000000086e00000, 0x0000000086e00000, 0x0000000086f00000|  0%| F|  |TAMS 0x0000000086e00000, 0x0000000086e00000| Untracked 
| 111|0x0000000086f00000, 0x0000000086f00000, 0x0000000087000000|  0%| F|  |TAMS 0x0000000086f00000, 0x0000000086f00000| Untracked 
| 112|0x0000000087000000, 0x0000000087000000, 0x0000000087100000|  0%| F|  |TAMS 0x0000000087000000, 0x0000000087000000| Untracked 
| 113|0x0000000087100000, 0x0000000087100000, 0x0000000087200000|  0%| F|  |TAMS 0x0000000087100000, 0x0000000087100000| Untracked 
| 114|0x0000000087200000, 0x0000000087200000, 0x0000000087300000|  0%| F|  |TAMS 0x0000000087200000, 0x0000000087200000| Untracked 
| 115|0x0000000087300000, 0x0000000087300000, 0x0000000087400000|  0%| F|  |TAMS 0x0000000087300000, 0x0000000087300000| Untracked 
| 116|0x0000000087400000, 0x0000000087400000, 0x0000000087500000|  0%| F|  |TAMS 0x0000000087400000, 0x0000000087400000| Untracked 
| 117|0x0000000087500000, 0x0000000087500000, 0x0000000087600000|  0%| F|  |TAMS 0x0000000087500000, 0x0000000087500000| Untracked 
| 118|0x0000000087600000, 0x0000000087600000, 0x0000000087700000|  0%| F|  |TAMS 0x0000000087600000, 0x0000000087600000| Untracked 
| 119|0x0000000087700000, 0x0000000087700000, 0x0000000087800000|  0%| F|  |TAMS 0x0000000087700000, 0x0000000087700000| Untracked 
| 120|0x0000000087800000, 0x0000000087800000, 0x0000000087900000|  0%| F|  |TAMS 0x0000000087800000, 0x0000000087800000| Untracked 
| 121|0x0000000087900000, 0x0000000087900000, 0x0000000087a00000|  0%| F|  |TAMS 0x0000000087900000, 0x0000000087900000| Untracked 
| 122|0x0000000087a00000, 0x0000000087a00000, 0x0000000087b00000|  0%| F|  |TAMS 0x0000000087a00000, 0x0000000087a00000| Untracked 
| 123|0x0000000087b00000, 0x0000000087b00000, 0x0000000087c00000|  0%| F|  |TAMS 0x0000000087b00000, 0x0000000087b00000| Untracked 
| 124|0x0000000087c00000, 0x0000000087c00000, 0x0000000087d00000|  0%| F|  |TAMS 0x0000000087c00000, 0x0000000087c00000| Untracked 
| 125|0x0000000087d00000, 0x0000000087d00000, 0x0000000087e00000|  0%| F|  |TAMS 0x0000000087d00000, 0x0000000087d00000| Untracked 
| 126|0x0000000087e00000, 0x0000000087e00000, 0x0000000087f00000|  0%| F|  |TAMS 0x0000000087e00000, 0x0000000087e00000| Untracked 
| 127|0x0000000087f00000, 0x0000000087f00000, 0x0000000088000000|  0%| F|  |TAMS 0x0000000087f00000, 0x0000000087f00000| Untracked 
| 128|0x0000000088000000, 0x0000000088000000, 0x0000000088100000|  0%| F|  |TAMS 0x0000000088000000, 0x0000000088000000| Untracked 
| 129|0x0000000088100000, 0x0000000088100000, 0x0000000088200000|  0%| F|  |TAMS 0x0000000088100000, 0x0000000088100000| Untracked 
| 130|0x0000000088200000, 0x0000000088200000, 0x0000000088300000|  0%| F|  |TAMS 0x0000000088200000, 0x0000000088200000| Untracked 
| 131|0x0000000088300000, 0x0000000088300000, 0x0000000088400000|  0%| F|  |TAMS 0x0000000088300000, 0x0000000088300000| Untracked 
| 132|0x0000000088400000, 0x0000000088400000, 0x0000000088500000|  0%| F|  |TAMS 0x0000000088400000, 0x0000000088400000| Untracked 
| 133|0x0000000088500000, 0x0000000088500000, 0x0000000088600000|  0%| F|  |TAMS 0x0000000088500000, 0x0000000088500000| Untracked 
| 134|0x0000000088600000, 0x0000000088600000, 0x0000000088700000|  0%| F|  |TAMS 0x0000000088600000, 0x0000000088600000| Untracked 
| 135|0x0000000088700000, 0x0000000088700000, 0x0000000088800000|  0%| F|  |TAMS 0x0000000088700000, 0x0000000088700000| Untracked 
| 136|0x0000000088800000, 0x0000000088800000, 0x0000000088900000|  0%| F|  |TAMS 0x0000000088800000, 0x0000000088800000| Untracked 
| 137|0x0000000088900000, 0x0000000088900000, 0x0000000088a00000|  0%| F|  |TAMS 0x0000000088900000, 0x0000000088900000| Untracked 
| 138|0x0000000088a00000, 0x0000000088a00000, 0x0000000088b00000|  0%| F|  |TAMS 0x0000000088a00000, 0x0000000088a00000| Untracked 
| 139|0x0000000088b00000, 0x0000000088b00000, 0x0000000088c00000|  0%| F|  |TAMS 0x0000000088b00000, 0x0000000088b00000| Untracked 
| 140|0x0000000088c00000, 0x0000000088c68f10, 0x0000000088d00000| 40%| S|CS|TAMS 0x0000000088c00000, 0x0000000088c00000| Complete 
| 141|0x0000000088d00000, 0x0000000088e00000, 0x0000000088e00000|100%| S|CS|TAMS 0x0000000088d00000, 0x0000000088d00000| Complete 
| 142|0x0000000088e00000, 0x0000000088e00000, 0x0000000088f00000|  0%| F|  |TAMS 0x0000000088e00000, 0x0000000088e00000| Untracked 
| 143|0x0000000088f00000, 0x0000000088f00000, 0x0000000089000000|  0%| F|  |TAMS 0x0000000088f00000, 0x0000000088f00000| Untracked 
| 144|0x0000000089000000, 0x0000000089000000, 0x0000000089100000|  0%| F|  |TAMS 0x0000000089000000, 0x0000000089000000| Untracked 
| 145|0x0000000089100000, 0x0000000089100000, 0x0000000089200000|  0%| F|  |TAMS 0x0000000089100000, 0x0000000089100000| Untracked 
| 146|0x0000000089200000, 0x0000000089200000, 0x0000000089300000|  0%| F|  |TAMS 0x0000000089200000, 0x0000000089200000| Untracked 
| 147|0x0000000089300000, 0x0000000089300000, 0x0000000089400000|  0%| F|  |TAMS 0x0000000089300000, 0x0000000089300000| Untracked 
| 148|0x0000000089400000, 0x0000000089400000, 0x0000000089500000|  0%| F|  |TAMS 0x0000000089400000, 0x0000000089400000| Untracked 
| 149|0x0000000089500000, 0x0000000089500000, 0x0000000089600000|  0%| F|  |TAMS 0x0000000089500000, 0x0000000089500000| Untracked 
| 150|0x0000000089600000, 0x0000000089600000, 0x0000000089700000|  0%| F|  |TAMS 0x0000000089600000, 0x0000000089600000| Untracked 
| 151|0x0000000089700000, 0x0000000089700000, 0x0000000089800000|  0%| F|  |TAMS 0x0000000089700000, 0x0000000089700000| Untracked 
| 152|0x0000000089800000, 0x0000000089800000, 0x0000000089900000|  0%| F|  |TAMS 0x0000000089800000, 0x0000000089800000| Untracked 
| 153|0x0000000089900000, 0x0000000089a00000, 0x0000000089a00000|100%| E|  |TAMS 0x0000000089900000, 0x0000000089900000| Complete 

Card table byte_map: [0x000001c9b23e0000,0x000001c9b27e0000] _byte_map_base: 0x000001c9b1fe0000

Marking Bits (Prev, Next): (CMBitMap*) 0x000001c99f1d0d50, (CMBitMap*) 0x000001c99f1d0d18
 Prev Bits: [0x000001c9b4be0000, 0x000001c9b6be0000)
 Next Bits: [0x000001c9b2be0000, 0x000001c9b4be0000)

Polling page: 0x000001c99d070000

Metaspace:

Usage:
  Non-class:     55.64 MB capacity,    54.74 MB ( 98%) used,   756.27 KB (  1%) free+waste,   161.81 KB ( <1%) overhead. 
      Class:      8.47 MB capacity,     7.91 MB ( 93%) used,   503.96 KB (  6%) free+waste,    75.81 KB ( <1%) overhead. 
       Both:     64.11 MB capacity,    62.65 MB ( 98%) used,     1.23 MB (  2%) free+waste,   237.63 KB ( <1%) overhead. 

Virtual space:
  Non-class space:       56.00 MB reserved,      55.70 MB (>99%) committed 
      Class space:        1.00 GB reserved,       8.50 MB ( <1%) committed 
             Both:        1.05 GB reserved,      64.20 MB (  6%) committed 

Chunk freelists:
   Non-Class:  64.00 KB
       Class:  28.00 KB
        Both:  92.00 KB

MaxMetaspaceSize: 17179869184.00 GB
CompressedClassSpaceSize: 1.00 GB
Initial GC threshold: 20.80 MB
Current GC threshold: 98.88 MB
CDS: off

CodeHeap 'non-profiled nmethods': size=120000Kb used=4001Kb max_used=4001Kb free=115998Kb
 bounds [0x000001c9aa780000, 0x000001c9aab70000, 0x000001c9b1cb0000]
CodeHeap 'profiled nmethods': size=120000Kb used=13239Kb max_used=13239Kb free=106761Kb
 bounds [0x000001c9a3250000, 0x000001c9a3f40000, 0x000001c9aa780000]
CodeHeap 'non-nmethods': size=5760Kb used=2331Kb max_used=2365Kb free=3428Kb
 bounds [0x000001c9a2cb0000, 0x000001c9a2f20000, 0x000001c9a3250000]
 total_blobs=7271 nmethods=6423 adapters=759
 compilation: enabled
              stopped_count=0, restarted_count=0
 full_count=0

Compilation events (20 events):
Event: 13.104 Thread 0x000001c9b9661000 6424       1       kotlin.reflect.jvm.internal.pcollections.ConsPStack::size (5 bytes)
Event: 13.105 Thread 0x000001c9b9661000 nmethod 6424 0x000001c9aab62d90 code [0x000001c9aab62f40, 0x000001c9aab62ff8]
Event: 13.105 Thread 0x000001c9b9661000 6425       3       org.objectweb.asm.Label::getCanonicalInstance (19 bytes)
Event: 13.105 Thread 0x000001c9b9661000 nmethod 6425 0x000001c9a3f33010 code [0x000001c9a3f331c0, 0x000001c9a3f33318]
Event: 13.106 Thread 0x000001c9b9661000 6426       3       org.objectweb.asm.commons.Method::getDescriptorInternal (157 bytes)
Event: 13.108 Thread 0x000001c9b9661000 nmethod 6426 0x000001c9a3f33410 code [0x000001c9a3f33800, 0x000001c9a3f34eb8]
Event: 13.108 Thread 0x000001c9b9661000 6427       3       org.objectweb.asm.commons.GeneratorAdapter::loadInsn (15 bytes)
Event: 13.108 Thread 0x000001c9b9661000 nmethod 6427 0x000001c9a3f35790 code [0x000001c9a3f35960, 0x000001c9a3f35b78]
Event: 13.124 Thread 0x000001c9b9661000 6428       3       org.objectweb.asm.Type::getReturnType (8 bytes)
Event: 13.124 Thread 0x000001c9b9661000 nmethod 6428 0x000001c9a3f35c90 code [0x000001c9a3f35e40, 0x000001c9a3f35f68]
Event: 13.124 Thread 0x000001c9b9661000 6429       3       com.android.build.gradle.internal.dsl.decorator.DslDecorator$findAbstractProperties$1$2::invoke (9 bytes)
Event: 13.125 Thread 0x000001c9b9661000 nmethod 6429 0x000001c9a3f36010 code [0x000001c9a3f36280, 0x000001c9a3f36c08]
Event: 13.125 Thread 0x000001c9b9661000 6430       3       com.android.build.gradle.internal.dsl.decorator.DslDecorator$findAbstractProperties$1$2::invoke (11 bytes)
Event: 13.125 Thread 0x000001c9b9661000 nmethod 6430 0x000001c9a3f36f90 code [0x000001c9a3f371e0, 0x000001c9a3f37a08]
Event: 13.127 Thread 0x000001c9b9661000 6431       3       org.objectweb.asm.commons.GeneratorAdapter::fieldInsn (19 bytes)
Event: 13.128 Thread 0x000001c9b9661000 nmethod 6431 0x000001c9a3f37d10 code [0x000001c9a3f37f00, 0x000001c9a3f381e8]
Event: 13.128 Thread 0x000001c9b9661000 6432       3       org.objectweb.asm.commons.GeneratorAdapter::loadArg (16 bytes)
Event: 13.128 Thread 0x000001c9b9661000 nmethod 6432 0x000001c9a3f38390 code [0x000001c9a3f38580, 0x000001c9a3f38868]
Event: 13.128 Thread 0x000001c9b9661000 6433       3       org.objectweb.asm.commons.GeneratorAdapter::checkCast (19 bytes)
Event: 13.129 Thread 0x000001c9b9661000 nmethod 6433 0x000001c9a3f38a10 code [0x000001c9a3f38c00, 0x000001c9a3f38f88]

GC Heap History (20 events):
Event: 5.288 GC heap before
{Heap before GC invocations=4 (full 0):
 garbage-first heap   total 131072K, used 84239K [0x0000000080000000, 0x0000000100000000)
  region size 1024K, 67 young (68608K), 2 survivors (2048K)
 Metaspace       used 27310K, capacity 27938K, committed 28160K, reserved 1073152K
  class space    used 3549K, capacity 3776K, committed 3840K, reserved 1048576K
}
Event: 5.294 GC heap after
{Heap after GC invocations=5 (full 0):
 garbage-first heap   total 131072K, used 19715K [0x0000000080000000, 0x0000000100000000)
  region size 1024K, 4 young (4096K), 4 survivors (4096K)
 Metaspace       used 27310K, capacity 27938K, committed 28160K, reserved 1073152K
  class space    used 3549K, capacity 3776K, committed 3840K, reserved 1048576K
}
Event: 6.245 GC heap before
{Heap before GC invocations=5 (full 0):
 garbage-first heap   total 131072K, used 68867K [0x0000000080000000, 0x0000000100000000)
  region size 1024K, 53 young (54272K), 4 survivors (4096K)
 Metaspace       used 35166K, capacity 35938K, committed 36048K, reserved 1081344K
  class space    used 4514K, capacity 4806K, committed 4864K, reserved 1048576K
}
Event: 6.254 GC heap after
{Heap after GC invocations=6 (full 0):
 garbage-first heap   total 131072K, used 22904K [0x0000000080000000, 0x0000000100000000)
  region size 1024K, 7 young (7168K), 7 survivors (7168K)
 Metaspace       used 35166K, capacity 35938K, committed 36048K, reserved 1081344K
  class space    used 4514K, capacity 4806K, committed 4864K, reserved 1048576K
}
Event: 7.238 GC heap before
{Heap before GC invocations=7 (full 0):
 garbage-first heap   total 131072K, used 96632K [0x0000000080000000, 0x0000000100000000)
  region size 1024K, 76 young (77824K), 7 survivors (7168K)
 Metaspace       used 40708K, capacity 41644K, committed 41808K, reserved 1085440K
  class space    used 5138K, capacity 5486K, committed 5504K, reserved 1048576K
}
Event: 7.248 GC heap after
{Heap after GC invocations=8 (full 0):
 garbage-first heap   total 131072K, used 28620K [0x0000000080000000, 0x0000000100000000)
  region size 1024K, 9 young (9216K), 9 survivors (9216K)
 Metaspace       used 40708K, capacity 41644K, committed 41808K, reserved 1085440K
  class space    used 5138K, capacity 5486K, committed 5504K, reserved 1048576K
}
Event: 8.123 GC heap before
{Heap before GC invocations=8 (full 0):
 garbage-first heap   total 131072K, used 97228K [0x0000000080000000, 0x0000000100000000)
  region size 1024K, 76 young (77824K), 9 survivors (9216K)
 Metaspace       used 46753K, capacity 47844K, committed 48080K, reserved 1091584K
  class space    used 5935K, capacity 6351K, committed 6400K, reserved 1048576K
}
Event: 8.131 GC heap after
{Heap after GC invocations=9 (full 0):
 garbage-first heap   total 131072K, used 30601K [0x0000000080000000, 0x0000000100000000)
  region size 1024K, 3 young (3072K), 3 survivors (3072K)
 Metaspace       used 46753K, capacity 47844K, committed 48080K, reserved 1091584K
  class space    used 5935K, capacity 6351K, committed 6400K, reserved 1048576K
}
Event: 9.380 GC heap before
{Heap before GC invocations=9 (full 0):
 garbage-first heap   total 131072K, used 109449K [0x0000000080000000, 0x0000000100000000)
  region size 1024K, 71 young (72704K), 3 survivors (3072K)
 Metaspace       used 49645K, capacity 50909K, committed 51024K, reserved 1093632K
  class space    used 6268K, capacity 6782K, committed 6784K, reserved 1048576K
}
Event: 9.392 GC heap after
{Heap after GC invocations=10 (full 0):
 garbage-first heap   total 131072K, used 49152K [0x0000000080000000, 0x0000000100000000)
  region size 1024K, 9 young (9216K), 9 survivors (9216K)
 Metaspace       used 49645K, capacity 50909K, committed 51024K, reserved 1093632K
  class space    used 6268K, capacity 6782K, committed 6784K, reserved 1048576K
}
Event: 10.808 GC heap before
{Heap before GC invocations=10 (full 0):
 garbage-first heap   total 131072K, used 100352K [0x0000000080000000, 0x0000000100000000)
  region size 1024K, 59 young (60416K), 9 survivors (9216K)
 Metaspace       used 56722K, capacity 58188K, committed 58320K, reserved 1099776K
  class space    used 7125K, capacity 7668K, committed 7680K, reserved 1048576K
}
Event: 10.821 GC heap after
{Heap after GC invocations=11 (full 0):
 garbage-first heap   total 157696K, used 50734K [0x0000000080000000, 0x0000000100000000)
  region size 1024K, 2 young (2048K), 2 survivors (2048K)
 Metaspace       used 56722K, capacity 58188K, committed 58320K, reserved 1099776K
  class space    used 7125K, capacity 7668K, committed 7680K, reserved 1048576K
}
Event: 11.894 GC heap before
{Heap before GC invocations=11 (full 0):
 garbage-first heap   total 157696K, used 66094K [0x0000000080000000, 0x0000000100000000)
  region size 1024K, 18 young (18432K), 2 survivors (2048K)
 Metaspace       used 58891K, capacity 60364K, committed 60496K, reserved 1101824K
  class space    used 7433K, capacity 7989K, committed 8064K, reserved 1048576K
}
Event: 11.904 GC heap after
{Heap after GC invocations=12 (full 0):
 garbage-first heap   total 157696K, used 51374K [0x0000000080000000, 0x0000000100000000)
  region size 1024K, 3 young (3072K), 3 survivors (3072K)
 Metaspace       used 58891K, capacity 60364K, committed 60496K, reserved 1101824K
  class space    used 7433K, capacity 7989K, committed 8064K, reserved 1048576K
}
Event: 12.898 GC heap before
{Heap before GC invocations=13 (full 0):
 garbage-first heap   total 157696K, used 108718K [0x0000000080000000, 0x0000000100000000)
  region size 1024K, 53 young (54272K), 3 survivors (3072K)
 Metaspace       used 63009K, capacity 64458K, committed 64592K, reserved 1105920K
  class space    used 7926K, capacity 8514K, committed 8576K, reserved 1048576K
}
Event: 12.906 GC heap after
{Heap after GC invocations=14 (full 0):
 garbage-first heap   total 157696K, used 55961K [0x0000000080000000, 0x0000000100000000)
  region size 1024K, 7 young (7168K), 7 survivors (7168K)
 Metaspace       used 63009K, capacity 64458K, committed 64592K, reserved 1105920K
  class space    used 7926K, capacity 8514K, committed 8576K, reserved 1048576K
}
Event: 12.919 GC heap before
{Heap before GC invocations=14 (full 0):
 garbage-first heap   total 157696K, used 55961K [0x0000000080000000, 0x0000000100000000)
  region size 1024K, 8 young (8192K), 7 survivors (7168K)
 Metaspace       used 63061K, capacity 64522K, committed 64848K, reserved 1105920K
  class space    used 7933K, capacity 8514K, committed 8576K, reserved 1048576K
}
Event: 12.923 GC heap after
{Heap after GC invocations=15 (full 0):
 garbage-first heap   total 157696K, used 56772K [0x0000000080000000, 0x0000000100000000)
  region size 1024K, 1 young (1024K), 1 survivors (1024K)
 Metaspace       used 63061K, capacity 64522K, committed 64848K, reserved 1105920K
  class space    used 7933K, capacity 8514K, committed 8576K, reserved 1048576K
}
Event: 12.990 GC heap before
{Heap before GC invocations=15 (full 0):
 garbage-first heap   total 157696K, used 62916K [0x0000000080000000, 0x0000000100000000)
  region size 1024K, 7 young (7168K), 1 survivors (1024K)
 Metaspace       used 63291K, capacity 64752K, committed 64848K, reserved 1105920K
  class space    used 7956K, capacity 8547K, committed 8576K, reserved 1048576K
}
Event: 12.992 GC heap after
{Heap after GC invocations=16 (full 0):
 garbage-first heap   total 157696K, used 56642K [0x0000000080000000, 0x0000000100000000)
  region size 1024K, 1 young (1024K), 1 survivors (1024K)
 Metaspace       used 63291K, capacity 64752K, committed 64848K, reserved 1105920K
  class space    used 7956K, capacity 8547K, committed 8576K, reserved 1048576K
}

Deoptimization events (20 events):
Event: 12.467 Thread 0x000001c9bc35a800 DEOPT PACKING pc=0x000001c9a3e39dd7 sp=0x000000c2616f3490
Event: 12.467 Thread 0x000001c9bc35a800 DEOPT UNPACKING pc=0x000001c9a2cfa95e sp=0x000000c2616f28e8 mode 0
Event: 12.467 Thread 0x000001c9bc35a800 DEOPT PACKING pc=0x000001c9a3e39dd7 sp=0x000000c2616f3490
Event: 12.467 Thread 0x000001c9bc35a800 DEOPT UNPACKING pc=0x000001c9a2cfa95e sp=0x000000c2616f28e8 mode 0
Event: 12.467 Thread 0x000001c9bc35a800 DEOPT PACKING pc=0x000001c9a3e39dd7 sp=0x000000c2616f3490
Event: 12.467 Thread 0x000001c9bc35a800 DEOPT UNPACKING pc=0x000001c9a2cfa95e sp=0x000000c2616f28e8 mode 0
Event: 12.468 Thread 0x000001c9bc35a800 DEOPT PACKING pc=0x000001c9a3e39dd7 sp=0x000000c2616f3490
Event: 12.468 Thread 0x000001c9bc35a800 DEOPT UNPACKING pc=0x000001c9a2cfa95e sp=0x000000c2616f28e8 mode 0
Event: 12.470 Thread 0x000001c9bc35a800 Uncommon trap: trap_request=0xffffffbe fr.pc=0x000001c9aab21f10 relative=0x00000000000007b0
Event: 12.470 Thread 0x000001c9bc35a800 Uncommon trap: reason=profile_predicate action=maybe_recompile pc=0x000001c9aab21f10 method=java.math.BigInteger.montReduce([I[III)[I @ 9 c2
Event: 12.470 Thread 0x000001c9bc35a800 DEOPT PACKING pc=0x000001c9aab21f10 sp=0x000000c2616f3210
Event: 12.470 Thread 0x000001c9bc35a800 DEOPT UNPACKING pc=0x000001c9a2cfa1af sp=0x000000c2616f31e0 mode 2
Event: 12.976 Thread 0x000001c9bc35a800 Uncommon trap: trap_request=0xffffff4d fr.pc=0x000001c9aaaefa0c relative=0x0000000000002d2c
Event: 12.976 Thread 0x000001c9bc35a800 Uncommon trap: reason=unstable_if action=reinterpret pc=0x000001c9aaaefa0c method=org.codehaus.groovy.reflection.CachedMethod.compareToMethod(Ljava/lang/reflect/Method;)I @ 71 c2
Event: 12.976 Thread 0x000001c9bc35a800 DEOPT PACKING pc=0x000001c9aaaefa0c sp=0x000000c2616f7a00
Event: 12.976 Thread 0x000001c9bc35a800 DEOPT UNPACKING pc=0x000001c9a2cfa1af sp=0x000000c2616f7888 mode 2
Event: 12.979 Thread 0x000001c9bc35a800 Uncommon trap: trap_request=0xffffffdc fr.pc=0x000001c9aab5fbec relative=0x00000000000002ac
Event: 12.979 Thread 0x000001c9bc35a800 Uncommon trap: reason=class_check action=make_not_entrant pc=0x000001c9aab5fbec method=java.util.ArrayList.toArray([Ljava/lang/Object;)[Ljava/lang/Object; @ 21 c2
Event: 12.979 Thread 0x000001c9bc35a800 DEOPT PACKING pc=0x000001c9aab5fbec sp=0x000000c2616f7970
Event: 12.979 Thread 0x000001c9bc35a800 DEOPT UNPACKING pc=0x000001c9a2cfa1af sp=0x000000c2616f7940 mode 2

Classes redefined (0 events):
No events

Internal exceptions (20 events):
Event: 9.918 Thread 0x000001c9bc35a800 Exception <a 'java/lang/NoSuchMethodError'{0x0000000086aad0f8}: 'java.lang.Object java.lang.invoke.DelegatingMethodHandle$Holder.reinvoke_L(java.lang.Object, int, int, java.lang.Object, java.lang.Object, java.lang.Object)'> (0x0000000086aad0f8) thrown at [./src/hotspot/share/interpreter/linkResolver.cpp, line 773]
Event: 10.370 Thread 0x000001c9bc35a800 Exception <a 'java/lang/NoSuchMethodError'{0x0000000085db36f8}: 'int java.lang.invoke.DirectMethodHandle$Holder.invokeInterface(java.lang.Object, java.lang.Object, java.lang.Object, java.lang.Object)'> (0x0000000085db36f8) thrown at [./src/hotspot/share/interpreter/linkResolver.cpp, line 773]
Event: 11.550 Thread 0x000001c9bc35a800 Exception <a 'java/lang/IncompatibleClassChangeError'{0x0000000088f55230}: Found class java.lang.Object, but interface was expected> (0x0000000088f55230) thrown at [./src/hotspot/share/interpreter/linkResolver.cpp, line 839]
Event: 11.757 Thread 0x000001c9bc35a800 Implicit null exception at 0x000001c9aaaa1a54 to 0x000001c9aaaa1c38
Event: 11.758 Thread 0x000001c9bc35a800 Implicit null exception at 0x000001c9aa9ad267 to 0x000001c9aa9aed90
Event: 12.109 Thread 0x000001c9bc35a800 Implicit null exception at 0x000001c9aa8d9f0b to 0x000001c9aa8d9fe4
Event: 12.205 Thread 0x000001c9bc35a800 Implicit null exception at 0x000001c9aa91452c to 0x000001c9aa9146da
Event: 12.523 Thread 0x000001c9bc35a800 Exception <a 'sun/nio/fs/WindowsException'{0x0000000087cacc88}> (0x0000000087cacc88) thrown at [./src/hotspot/share/prims/jni.cpp, line 616]
Event: 12.956 Thread 0x000001c9bc35a800 Exception <a 'java/lang/ClassNotFoundException'{0x000000008953a338}: org/gradle/api/internal/project/DefaultProject_DecoratedBeanInfo> (0x000000008953a338) thrown at [./src/hotspot/share/classfile/systemDictionary.cpp, line 231]
Event: 12.957 Thread 0x000001c9bc35a800 Exception <a 'java/lang/ClassNotFoundException'{0x00000000895705f0}: org/gradle/api/internal/project/DefaultProjectBeanInfo> (0x00000000895705f0) thrown at [./src/hotspot/share/classfile/systemDictionary.cpp, line 231]
Event: 12.957 Thread 0x000001c9bc35a800 Exception <a 'java/lang/ClassNotFoundException'{0x00000000895a6d38}: org/gradle/api/internal/project/DefaultProjectCustomizer> (0x00000000895a6d38) thrown at [./src/hotspot/share/classfile/systemDictionary.cpp, line 231]
Event: 12.963 Thread 0x000001c9bc35a800 Exception <a 'java/lang/ClassNotFoundException'{0x00000000894749d8}: org/gradle/api/internal/project/DefaultProject_DecoratedCustomizer> (0x00000000894749d8) thrown at [./src/hotspot/share/classfile/systemDictionary.cpp, line 231]
Event: 12.986 Thread 0x000001c9bc35a800 Exception <a 'java/lang/ClassNotFoundException'{0x0000000089380db8}: org/gradle/api/plugins/internal/DefaultBasePluginConventionBeanInfo> (0x0000000089380db8) thrown at [./src/hotspot/share/classfile/systemDictionary.cpp, line 231]
Event: 12.988 Thread 0x000001c9bc35a800 Exception <a 'java/lang/ClassNotFoundException'{0x00000000893c3730}: org/gradle/api/plugins/BasePluginConventionBeanInfo> (0x00000000893c3730) thrown at [./src/hotspot/share/classfile/systemDictionary.cpp, line 231]
Event: 12.992 Thread 0x000001c9bc35a800 Exception <a 'java/lang/ClassNotFoundException'{0x0000000089906798}: org/gradle/api/plugins/BasePluginConventionCustomizer> (0x0000000089906798) thrown at [./src/hotspot/share/classfile/systemDictionary.cpp, line 231]
Event: 12.994 Thread 0x000001c9bc35a800 Exception <a 'java/lang/ClassNotFoundException'{0x000000008995af80}: org/gradle/api/plugins/internal/DefaultBasePluginConventionCustomizer> (0x000000008995af80) thrown at [./src/hotspot/share/classfile/systemDictionary.cpp, line 231]
Event: 12.998 Thread 0x000001c9bc35a800 Exception <a 'java/lang/ClassNotFoundException'{0x00000000899e3fd0}: org/gradle/api/plugins/internal/DefaultJavaPluginConventionBeanInfo> (0x00000000899e3fd0) thrown at [./src/hotspot/share/classfile/systemDictionary.cpp, line 231]
Event: 13.002 Thread 0x000001c9bc35a800 Exception <a 'java/lang/ClassNotFoundException'{0x00000000898269e8}: org/gradle/api/plugins/JavaPluginConventionBeanInfo> (0x00000000898269e8) thrown at [./src/hotspot/share/classfile/systemDictionary.cpp, line 231]
Event: 13.004 Thread 0x000001c9bc35a800 Exception <a 'java/lang/ClassNotFoundException'{0x00000000898692d8}: org/gradle/api/plugins/JavaPluginConventionCustomizer> (0x00000000898692d8) thrown at [./src/hotspot/share/classfile/systemDictionary.cpp, line 231]
Event: 13.006 Thread 0x000001c9bc35a800 Exception <a 'java/lang/ClassNotFoundException'{0x00000000898c7dc0}: org/gradle/api/plugins/internal/DefaultJavaPluginConventionCustomizer> (0x00000000898c7dc0) thrown at [./src/hotspot/share/classfile/systemDictionary.cpp, line 231]

Events (20 events):
Event: 13.098 loading class com/android/build/gradle/internal/dsl/SigningConfig$AgpDecorated
Event: 13.098 loading class com/android/build/gradle/internal/dsl/SigningConfig$AgpDecorated done
Event: 13.102 loading class com/android/builder/signing/DefaultSigningConfig$DebugSigningConfig
Event: 13.102 loading class com/android/builder/signing/DefaultSigningConfig$DebugSigningConfig done
Event: 13.110 loading class com/android/builder/signing/DefaultSigningConfig$Companion
Event: 13.110 loading class com/android/builder/signing/DefaultSigningConfig$Companion done
Event: 13.114 loading class com/android/build/gradle/internal/dsl/BuildType$AgpDecorated
Event: 13.114 loading class com/android/build/gradle/internal/dsl/BuildType$AgpDecorated done
Event: 13.117 loading class com/android/build/gradle/internal/dsl/BuildType$PostProcessingConfiguration
Event: 13.117 loading class com/android/build/gradle/internal/dsl/BuildType$PostProcessingConfiguration done
Event: 13.118 loading class com/android/build/api/dsl/PostProcessing
Event: 13.118 loading class com/android/build/api/dsl/PostProcessing done
Event: 13.119 loading class com/android/build/gradle/internal/dsl/PostProcessingBlock
Event: 13.119 loading class com/android/build/gradle/internal/dsl/PostProcessingBlock done
Event: 13.120 loading class com/android/build/gradle/internal/ProguardFilesProvider
Event: 13.120 loading class com/android/build/gradle/internal/ProguardFilesProvider done
Event: 13.123 loading class sun/reflect/annotation/AnnotationInvocationHandler$1
Event: 13.123 loading class sun/reflect/annotation/AnnotationInvocationHandler$1 done
Event: 13.124 loading class kotlin/collections/ArrayAsCollection
Event: 13.124 loading class kotlin/collections/ArrayAsCollection done


Dynamic libraries:
0x00007ff78baa0000 - 0x00007ff78baaa000 	C:\Program Files\Android\Android Studio3\jre\bin\java.exe
0x00007ffaa7650000 - 0x00007ffaa7848000 	C:\WINDOWS\SYSTEM32\ntdll.dll
0x00007ffaa6250000 - 0x00007ffaa630f000 	C:\WINDOWS\System32\KERNEL32.DLL
0x00007ffaa5270000 - 0x00007ffaa5542000 	C:\WINDOWS\System32\KERNELBASE.dll
0x00007ffaa4f90000 - 0x00007ffaa5090000 	C:\WINDOWS\System32\ucrtbase.dll
0x00007ffa9f100000 - 0x00007ffa9f119000 	C:\Program Files\Android\Android Studio3\jre\bin\jli.dll
0x00007ffa9f7d0000 - 0x00007ffa9f7e7000 	C:\Program Files\Android\Android Studio3\jre\bin\VCRUNTIME140.dll
0x00007ffaa60b0000 - 0x00007ffaa624d000 	C:\WINDOWS\System32\USER32.dll
0x00007ffaa4130000 - 0x00007ffaa43ca000 	C:\WINDOWS\WinSxS\amd64_microsoft.windows.common-controls_6595b64144ccf1df_6.0.19041.1110_none_60b5254171f9507e\COMCTL32.dll
0x00007ffaa5090000 - 0x00007ffaa50b2000 	C:\WINDOWS\System32\win32u.dll
0x00007ffaa7390000 - 0x00007ffaa73bb000 	C:\WINDOWS\System32\GDI32.dll
0x00007ffaa7570000 - 0x00007ffaa760e000 	C:\WINDOWS\System32\msvcrt.dll
0x00007ffaa5160000 - 0x00007ffaa526f000 	C:\WINDOWS\System32\gdi32full.dll
0x00007ffaa50c0000 - 0x00007ffaa515d000 	C:\WINDOWS\System32\msvcp_win.dll
0x00007ffaa5710000 - 0x00007ffaa5742000 	C:\WINDOWS\System32\IMM32.DLL
0x00007ffa95680000 - 0x00007ffa9571d000 	C:\Program Files\Android\Android Studio3\jre\bin\msvcp140.dll
0x00007ffa70970000 - 0x00007ffa71472000 	C:\Program Files\Android\Android Studio3\jre\bin\server\jvm.dll
0x00007ffaa6910000 - 0x00007ffaa69be000 	C:\WINDOWS\System32\ADVAPI32.dll
0x00007ffaa6870000 - 0x00007ffaa690c000 	C:\WINDOWS\System32\sechost.dll
0x00007ffaa7260000 - 0x00007ffaa7385000 	C:\WINDOWS\System32\RPCRT4.dll
0x00007ffaa5750000 - 0x00007ffaa5758000 	C:\WINDOWS\System32\PSAPI.DLL
0x00007ffa86290000 - 0x00007ffa862b7000 	C:\WINDOWS\SYSTEM32\WINMM.dll
0x00007ffaa0230000 - 0x00007ffaa0239000 	C:\WINDOWS\SYSTEM32\WSOCK32.dll
0x00007ffa9e210000 - 0x00007ffa9e21a000 	C:\WINDOWS\SYSTEM32\VERSION.dll
0x00007ffaa73c0000 - 0x00007ffaa742b000 	C:\WINDOWS\System32\WS2_32.dll
0x00007ffaa25b0000 - 0x00007ffaa25c2000 	C:\WINDOWS\SYSTEM32\kernel.appcore.dll
0x00007ffa9f7a0000 - 0x00007ffa9f7b1000 	C:\Program Files\Android\Android Studio3\jre\bin\verify.dll
0x00007ffaa4700000 - 0x00007ffaa48e4000 	C:\WINDOWS\SYSTEM32\DBGHELP.DLL
0x00007ffaa4530000 - 0x00007ffaa455c000 	C:\WINDOWS\SYSTEM32\dbgcore.DLL
0x00007ffaa4d50000 - 0x00007ffaa4dd2000 	C:\WINDOWS\System32\bcryptPrimitives.dll
0x00007ffa9dd20000 - 0x00007ffa9dd49000 	C:\Program Files\Android\Android Studio3\jre\bin\java.dll
0x00007ffa9f6a0000 - 0x00007ffa9f6ab000 	C:\Program Files\Android\Android Studio3\jre\bin\jimage.dll
0x00007ffa9dda0000 - 0x00007ffa9ddb8000 	C:\Program Files\Android\Android Studio3\jre\bin\zip.dll
0x00007ffaa5960000 - 0x00007ffaa60a3000 	C:\WINDOWS\System32\SHELL32.dll
0x00007ffaa27b0000 - 0x00007ffaa2f42000 	C:\WINDOWS\SYSTEM32\windows.storage.dll
0x00007ffaa69c0000 - 0x00007ffaa6d14000 	C:\WINDOWS\System32\combase.dll
0x00007ffaa40c0000 - 0x00007ffaa40f0000 	C:\WINDOWS\SYSTEM32\Wldp.dll
0x00007ffaa71b0000 - 0x00007ffaa725d000 	C:\WINDOWS\System32\SHCORE.dll
0x00007ffaa7430000 - 0x00007ffaa7485000 	C:\WINDOWS\System32\shlwapi.dll
0x00007ffaa4c90000 - 0x00007ffaa4caf000 	C:\WINDOWS\SYSTEM32\profapi.dll
0x00007ffa9dc30000 - 0x00007ffa9dc4a000 	C:\Program Files\Android\Android Studio3\jre\bin\net.dll
0x00007ffa94820000 - 0x00007ffa9492c000 	C:\WINDOWS\SYSTEM32\WINHTTP.dll
0x00007ffaa3db0000 - 0x00007ffaa3e1a000 	C:\WINDOWS\system32\mswsock.dll
0x00007ffa9dbc0000 - 0x00007ffa9dbd4000 	C:\Program Files\Android\Android Studio3\jre\bin\nio.dll
0x00007ffa95550000 - 0x00007ffa95577000 	C:\Users\Marko\.gradle\native\e1d6ef7f7dcc3fd88c89a11ec53ec762bb8ba0a96d01ffa2cd45eb1d1d8dd5c5\windows-amd64\native-platform.dll
0x00007ffa73370000 - 0x00007ffa734b4000 	C:\Users\Marko\.gradle\native\0d407fdbe67a94daf76414ababcb853783967236a71b16ec16e742cd7a986fd3\windows-amd64\native-platform-file-events.dll
0x00007ffa9f390000 - 0x00007ffa9f39a000 	C:\Program Files\Android\Android Studio3\jre\bin\management.dll
0x00007ffa9dd10000 - 0x00007ffa9dd1d000 	C:\Program Files\Android\Android Studio3\jre\bin\management_ext.dll
0x00007ffaa4ae0000 - 0x00007ffaa4af8000 	C:\WINDOWS\SYSTEM32\CRYPTSP.dll
0x00007ffaa3730000 - 0x00007ffaa3764000 	C:\WINDOWS\system32\rsaenh.dll
0x00007ffaa55c0000 - 0x00007ffaa55e7000 	C:\WINDOWS\System32\bcrypt.dll
0x00007ffaa4c50000 - 0x00007ffaa4c7e000 	C:\WINDOWS\SYSTEM32\USERENV.dll
0x00007ffaa3fe0000 - 0x00007ffaa3fec000 	C:\WINDOWS\SYSTEM32\CRYPTBASE.dll
0x00007ffaa3a70000 - 0x00007ffaa3aab000 	C:\WINDOWS\SYSTEM32\IPHLPAPI.DLL
0x00007ffaa6310000 - 0x00007ffaa6318000 	C:\WINDOWS\System32\NSI.dll
0x00007ffa9d110000 - 0x00007ffa9d127000 	C:\WINDOWS\SYSTEM32\dhcpcsvc6.DLL
0x00007ffa9d0f0000 - 0x00007ffa9d10d000 	C:\WINDOWS\SYSTEM32\dhcpcsvc.DLL
0x00007ffaa3b20000 - 0x00007ffaa3bea000 	C:\WINDOWS\SYSTEM32\DNSAPI.dll

dbghelp: loaded successfully - version: 4.0.5 - missing functions: none
symbol engine: initialized successfully - sym options: 0x614 - pdb path: .;C:\Program Files\Android\Android Studio3\jre\bin;C:\WINDOWS\SYSTEM32;C:\WINDOWS\WinSxS\amd64_microsoft.windows.common-controls_6595b64144ccf1df_6.0.19041.1110_none_60b5254171f9507e;C:\Program Files\Android\Android Studio3\jre\bin\server;C:\Users\Marko\.gradle\native\e1d6ef7f7dcc3fd88c89a11ec53ec762bb8ba0a96d01ffa2cd45eb1d1d8dd5c5\windows-amd64;C:\Users\Marko\.gradle\native\0d407fdbe67a94daf76414ababcb853783967236a71b16ec16e742cd7a986fd3\windows-amd64

VM Arguments:
jvm_args: --add-opens=java.base/java.util=ALL-UNNAMED --add-opens=java.base/java.lang=ALL-UNNAMED --add-opens=java.base/java.lang.invoke=ALL-UNNAMED --add-opens=java.base/java.util=ALL-UNNAMED --add-opens=java.prefs/java.util.prefs=ALL-UNNAMED --add-opens=java.prefs/java.util.prefs=ALL-UNNAMED --add-opens=java.base/java.nio.charset=ALL-UNNAMED --add-opens=java.base/java.net=ALL-UNNAMED --add-opens=java.base/java.util.concurrent.atomic=ALL-UNNAMED -Xmx2048m -Dfile.encoding=UTF-8 -Duser.country=US -Duser.language=en -Duser.variant 
java_command: org.gradle.launcher.daemon.bootstrap.GradleDaemon 7.4
java_class_path (initial): C:\Users\Marko\.gradle\wrapper\dists\gradle-7.4-bin\c0gwcg53nkjbqw7r0h0umtfvt\gradle-7.4\lib\gradle-launcher-7.4.jar
Launcher Type: SUN_STANDARD

[Global flags]
     intx CICompilerCount                          = 4                                         {product} {ergonomic}
     uint ConcGCThreads                            = 2                                         {product} {ergonomic}
     uint G1ConcRefinementThreads                  = 8                                         {product} {ergonomic}
   size_t G1HeapRegionSize                         = 1048576                                   {product} {ergonomic}
    uintx GCDrainStackTargetSize                   = 64                                        {product} {ergonomic}
   size_t InitialHeapSize                          = 134217728                                 {product} {ergonomic}
   size_t MarkStackSize                            = 4194304                                   {product} {ergonomic}
   size_t MaxHeapSize                              = 2147483648                                {product} {command line}
   size_t MaxNewSize                               = 1287651328                                {product} {ergonomic}
   size_t MinHeapDeltaBytes                        = 1048576                                   {product} {ergonomic}
    uintx NonNMethodCodeHeapSize                   = 5836300                                {pd product} {ergonomic}
    uintx NonProfiledCodeHeapSize                  = 122910970                              {pd product} {ergonomic}
    uintx ProfiledCodeHeapSize                     = 122910970                              {pd product} {ergonomic}
    uintx ReservedCodeCacheSize                    = 251658240                              {pd product} {ergonomic}
     bool SegmentedCodeCache                       = true                                      {product} {ergonomic}
     bool UseCompressedClassPointers               = true                                 {lp64_product} {ergonomic}
     bool UseCompressedOops                        = true                                 {lp64_product} {ergonomic}
     bool UseG1GC                                  = true                                      {product} {ergonomic}
     bool UseLargePagesIndividualAllocation        = false                                  {pd product} {ergonomic}

Logging:
Log output configuration:
 #0: stdout all=warning uptime,level,tags
 #1: stderr all=off uptime,level,tags

Environment Variables:
PATH=C:\Program Files (x86)\VMware\VMware Player\bin\;C:\Python39\Scripts\;C:\Python39\;C:\Program Files (x86)\Common Files\Oracle\Java\javapath;C:\WINDOWS\system32;C:\WINDOWS;C:\WINDOWS\System32\Wbem;C:\WINDOWS\System32\WindowsPowerShell\v1.0\;C:\WINDOWS\System32\OpenSSH\;C:\Program Files (x86)\Bitvise SSH Client;C:\Program Files\nodejs\;C:\ProgramData\chocolatey\bin;C:\Program Files\Git\cmd;C:\Users\Marko\AppData\Local\Microsoft\WindowsApps;C:\Program Files (x86)\SSH Communications Security\SSH Secure Shell;C:\Users\Marko\AppData\Local\Programs\Microsoft VS Code\bin;C:\MinGW\bin;C:\Users\Marko\AppData\Roaming\npm;C:\Users\Marko\Downloads\flutter\bin;
USERNAME=Marko
OS=Windows_NT
PROCESSOR_IDENTIFIER=Intel64 Family 6 Model 142 Stepping 10, GenuineIntel



---------------  S Y S T E M  ---------------

OS: Windows 10 , 64 bit Build 19041 (10.0.19041.2251)
OS uptime: 1 days 0:28 hours

CPU:total 8 (initial active 8) (4 cores per cpu, 2 threads per core) family 6 model 142 stepping 10 microcode 0xb4, cmov, cx8, fxsr, mmx, sse, sse2, sse3, ssse3, sse4.1, sse4.2, popcnt, avx, avx2, aes, clmul, erms, 3dnowpref, lzcnt, ht, tsc, tscinvbit, bmi1, bmi2, adx, fma

Memory: 4k page, system-wide physical 8101M (1647M free)
TotalPageFile size 10661M (AvailPageFile size 8M)
current process WorkingSet (physical memory assigned to process): 368M, peak: 371M
current process commit charge ("private bytes"): 407M, peak: 409M

vm_info: OpenJDK 64-Bit Server VM (11.0.13+0-b1751.21-8125866) for windows-amd64 JRE (11.0.13+0-b1751.21-8125866), built on Feb  2 2022 03:00:22 by "builder" with MS VC++ 14.0 (VS2015)

END.
