#
# There is insufficient memory for the Java Runtime Environment to continue.
# Native memory allocation (malloc) failed to allocate 682096 bytes for Chunk::new
# Possible reasons:
#   The system is out of physical RAM or swap space
#   The process is running with CompressedOops enabled, and the Java Heap may be blocking the growth of the native heap
# Possible solutions:
#   Reduce memory load on the system
#   Increase physical memory or swap space
#   Check if swap backing store is full
#   Decrease Java heap size (-Xmx/-Xms)
#   Decrease number of Java threads
#   Decrease Java thread stack sizes (-Xss)
#   Set larger code cache with -XX:ReservedCodeCacheSize=
#   JVM is running with Unscaled Compressed Oops mode in which the Java heap is
#     placed in the first 4GB address space. The Java Heap base address is the
#     maximum limit for the native heap growth. Please use -XX:HeapBaseMinAddress
#     to set the Java Heap base and to place the Java Heap above 4GB virtual address.
# This output file may be truncated or incomplete.
#
#  Out of Memory Error (./src/hotspot/share/memory/arena.cpp:197), pid=4448, tid=10956
#
# JRE version: OpenJDK Runtime Environment (11.0.13) (build 11.0.13+0-b1751.21-8125866)
# Java VM: OpenJDK 64-Bit Server VM (11.0.13+0-b1751.21-8125866, mixed mode, tiered, compressed oops, g1 gc, windows-amd64)
# No core dump will be written. Minidumps are not enabled by default on client versions of Windows
#

---------------  S U M M A R Y ------------

Command Line: --add-opens=java.base/java.util=ALL-UNNAMED --add-opens=java.base/java.lang=ALL-UNNAMED --add-opens=java.base/java.lang.invoke=ALL-UNNAMED --add-opens=java.base/java.util=ALL-UNNAMED --add-opens=java.prefs/java.util.prefs=ALL-UNNAMED --add-opens=java.prefs/java.util.prefs=ALL-UNNAMED --add-opens=java.base/java.nio.charset=ALL-UNNAMED --add-opens=java.base/java.net=ALL-UNNAMED --add-opens=java.base/java.util.concurrent.atomic=ALL-UNNAMED -Xmx2048m -Dfile.encoding=UTF-8 -Duser.country=US -Duser.language=en -Duser.variant org.gradle.launcher.daemon.bootstrap.GradleDaemon 7.4

Host: Intel(R) Core(TM) i5-8250U CPU @ 1.60GHz, 8 cores, 7G,  Windows 10 , 64 bit Build 19041 (10.0.19041.2364)
Time: Sun Dec 25 23:57:36 2022 Central Europe Standard Time elapsed time: 19.185676 seconds (0d 0h 0m 19s)

---------------  T H R E A D  ---------------

Current thread (0x0000027b853ee000):  JavaThread "C2 CompilerThread0" daemon [_thread_in_native, id=10956, stack(0x000000c2f1700000,0x000000c2f1800000)]


Current CompileTask:
C2:  19185 11429   !   4       org.gradle.internal.classloader.FilteringClassLoader::loadClass (62 bytes)

Stack: [0x000000c2f1700000,0x000000c2f1800000]
Native frames: (J=compiled Java code, j=interpreted, Vv=VM code, C=native code)
V  [jvm.dll+0x6100fa]
V  [jvm.dll+0x747090]
V  [jvm.dll+0x7486ad]
V  [jvm.dll+0x748d83]
V  [jvm.dll+0x24ab48]
V  [jvm.dll+0xc04dc]
V  [jvm.dll+0xc0a0c]
V  [jvm.dll+0x35eb9d]
V  [jvm.dll+0x32b833]
V  [jvm.dll+0x32ad2a]
V  [jvm.dll+0x2032b2]
V  [jvm.dll+0x202437]
V  [jvm.dll+0x188e01]
V  [jvm.dll+0x21106b]
V  [jvm.dll+0x20f8c1]
V  [jvm.dll+0x70de0f]
V  [jvm.dll+0x706a75]
V  [jvm.dll+0x60ed66]
C  [ucrtbase.dll+0x21bb2]
C  [KERNEL32.DLL+0x17614]
C  [ntdll.dll+0x526a1]


---------------  P R O C E S S  ---------------

Threads class SMR info:
_java_thread_list=0x0000027b90654ac0, length=135, elements={
0x0000027bea521000, 0x0000027b84a69000, 0x0000027b84a6c800, 0x0000027b853e6800,
0x0000027b853e8000, 0x0000027b853ec000, 0x0000027b853ee000, 0x0000027b853ef000,
0x0000027b853f2800, 0x0000027b85542800, 0x0000027b878d0000, 0x0000027b872cc800,
0x0000027b87284800, 0x0000027b8779a800, 0x0000027b86800000, 0x0000027b8674e000,
0x0000027b87b5d800, 0x0000027b86825800, 0x0000027b862ca000, 0x0000027b862cb000,
0x0000027b87cbc800, 0x0000027b87cb9800, 0x0000027b87cb8800, 0x0000027b87cbc000,
0x0000027b87cb8000, 0x0000027b87cba800, 0x0000027b87cbd800, 0x0000027b87cbe800,
0x0000027b87cbb000, 0x0000027b8a7c9000, 0x0000027b8a7ca000, 0x0000027b8a7cb800,
0x0000027b8a7cc800, 0x0000027b8a7c7800, 0x0000027b8a7c6800, 0x0000027b8a7cd000,
0x0000027b8a7ce000, 0x0000027b8a7c8800, 0x0000027b8a7d4800, 0x0000027b8a7d4000,
0x0000027b8a7d0800, 0x0000027b8a7d2000, 0x0000027b8a7d1800, 0x0000027b8a7cf800,
0x0000027b8a7d3000, 0x0000027b8a7cf000, 0x0000027b89030000, 0x0000027b89033800,
0x0000027b89034000, 0x0000027b89032000, 0x0000027b89032800, 0x0000027b89036800,
0x0000027b89035000, 0x0000027b89036000, 0x0000027b89031000, 0x0000027b8bcb1000,
0x0000027b8bcae800, 0x0000027b8bcb3800, 0x0000027b8bcb5000, 0x0000027b8bcaf800,
0x0000027b8bcb0800, 0x0000027b8bcb2000, 0x0000027b8bcb3000, 0x0000027b8bcb4800,
0x0000027b8c07e800, 0x0000027b8c081000, 0x0000027b8c07c000, 0x0000027b8c07b000,
0x0000027b8c07f800, 0x0000027b8c07d000, 0x0000027b8c080000, 0x0000027b8c081800,
0x0000027b8c07d800, 0x0000027b8a6e6800, 0x0000027b8a6e9000, 0x0000027b8a6ea000,
0x0000027b8a6e7800, 0x0000027b8a6e8800, 0x0000027b8a6eb000, 0x0000027b8a6eb800,
0x0000027b8a6e6000, 0x0000027b8a6ee000, 0x0000027b8a6f1800, 0x0000027b8a6f2000,
0x0000027b8a6ef000, 0x0000027b8a6f0800, 0x0000027b8a6ec800, 0x0000027b8a6f3000,
0x0000027b8a6ed000, 0x0000027b8a6f3800, 0x0000027b8a6f4800, 0x0000027b8a6ef800,
0x0000027b8848d800, 0x0000027b8848c000, 0x0000027b8848e800, 0x0000027b8848f800,
0x0000027b88490000, 0x0000027b88491000, 0x0000027b8848b000, 0x0000027b88491800,
0x0000027b8848d000, 0x0000027b88496800, 0x0000027b88493800, 0x0000027b88496000,
0x0000027b88498000, 0x0000027b88492800, 0x0000027b88494000, 0x0000027b8849a000,
0x0000027b88495000, 0x0000027b88497800, 0x0000027b88499000, 0x0000027b8c3d3000,
0x0000027b8c3d2000, 0x0000027b8c3d8000, 0x0000027b8c3d3800, 0x0000027b8c3d8800,
0x0000027b8c3d4800, 0x0000027b8c3d9800, 0x0000027b8c3db000, 0x0000027b8c3d6000,
0x0000027b8c3d7000, 0x0000027b8c3d5800, 0x0000027b8c3dd800, 0x0000027b8c3dc000,
0x0000027b8c3da000, 0x0000027b8c3dc800, 0x0000027b8c3de800, 0x0000027b8c3df000,
0x0000027b8c3e0000, 0x0000027b8c3e1000, 0x0000027b8e364800, 0x0000027b8e368000,
0x0000027b8e364000, 0x0000027b8e367000, 0x0000027b87ac8800
}

Java Threads: ( => current thread )
  0x0000027bea521000 JavaThread "main" [_thread_blocked, id=10756, stack(0x000000c2f0b00000,0x000000c2f0c00000)]
  0x0000027b84a69000 JavaThread "Reference Handler" daemon [_thread_blocked, id=13992, stack(0x000000c2f1200000,0x000000c2f1300000)]
  0x0000027b84a6c800 JavaThread "Finalizer" daemon [_thread_blocked, id=11676, stack(0x000000c2f1300000,0x000000c2f1400000)]
  0x0000027b853e6800 JavaThread "Signal Dispatcher" daemon [_thread_blocked, id=6676, stack(0x000000c2f1400000,0x000000c2f1500000)]
  0x0000027b853e8000 JavaThread "Attach Listener" daemon [_thread_blocked, id=9204, stack(0x000000c2f1500000,0x000000c2f1600000)]
  0x0000027b853ec000 JavaThread "Service Thread" daemon [_thread_blocked, id=1784, stack(0x000000c2f1600000,0x000000c2f1700000)]
=>0x0000027b853ee000 JavaThread "C2 CompilerThread0" daemon [_thread_in_native, id=10956, stack(0x000000c2f1700000,0x000000c2f1800000)]
  0x0000027b853ef000 JavaThread "C1 CompilerThread0" daemon [_thread_in_native, id=7964, stack(0x000000c2f1800000,0x000000c2f1900000)]
  0x0000027b853f2800 JavaThread "Sweeper thread" daemon [_thread_blocked, id=4152, stack(0x000000c2f1900000,0x000000c2f1a00000)]
  0x0000027b85542800 JavaThread "Common-Cleaner" daemon [_thread_blocked, id=4492, stack(0x000000c2f1a00000,0x000000c2f1b00000)]
  0x0000027b878d0000 JavaThread "Daemon health stats" [_thread_blocked, id=4804, stack(0x000000c2f2000000,0x000000c2f2100000)]
  0x0000027b872cc800 JavaThread "Incoming local TCP Connector on port 61148" [_thread_in_native, id=12964, stack(0x000000c2f1c00000,0x000000c2f1d00000)]
  0x0000027b87284800 JavaThread "Daemon periodic checks" [_thread_blocked, id=3508, stack(0x000000c2f1f00000,0x000000c2f2000000)]
  0x0000027b8779a800 JavaThread "Daemon" [_thread_blocked, id=2868, stack(0x000000c2f2100000,0x000000c2f2200000)]
  0x0000027b86800000 JavaThread "Handler for socket connection from /127.0.0.1:61148 to /127.0.0.1:61149" [_thread_in_native, id=8540, stack(0x000000c2f2200000,0x000000c2f2300000)]
  0x0000027b8674e000 JavaThread "Cancel handler" [_thread_blocked, id=9712, stack(0x000000c2f2300000,0x000000c2f2400000)]
  0x0000027b87b5d800 JavaThread "Daemon worker" [_thread_blocked, id=11924, stack(0x000000c2f2400000,0x000000c2f2500000)]
  0x0000027b86825800 JavaThread "Asynchronous log dispatcher for DefaultDaemonConnection: socket connection from /127.0.0.1:61148 to /127.0.0.1:61149" [_thread_blocked, id=11128, stack(0x000000c2f2600000,0x000000c2f2700000)]
  0x0000027b862ca000 JavaThread "Stdin handler" [_thread_blocked, id=4508, stack(0x000000c2f2700000,0x000000c2f2800000)]
  0x0000027b862cb000 JavaThread "Daemon client event forwarder" [_thread_blocked, id=12368, stack(0x000000c2f2800000,0x000000c2f2900000)]
  0x0000027b87cbc800 JavaThread "Cache worker for journal cache (C:\Users\Marko\.gradle\caches\journal-1)" [_thread_blocked, id=7668, stack(0x000000c2f2e00000,0x000000c2f2f00000)]
  0x0000027b87cb9800 JavaThread "File lock request listener" [_thread_in_native, id=2944, stack(0x000000c2f2f00000,0x000000c2f3000000)]
  0x0000027b87cb8800 JavaThread "Cache worker for file hash cache (C:\Users\Marko\.gradle\caches\7.4\fileHashes)" [_thread_blocked, id=7208, stack(0x000000c2f3000000,0x000000c2f3100000)]
  0x0000027b87cbc000 JavaThread "File watcher server" daemon [_thread_in_native, id=11296, stack(0x000000c2f3300000,0x000000c2f3400000)]
  0x0000027b87cb8000 JavaThread "File watcher consumer" daemon [_thread_blocked, id=7932, stack(0x000000c2f3400000,0x000000c2f3500000)]
  0x0000027b87cba800 JavaThread "Cache worker for checksums cache (C:\Users\Marko\AndroidStudioProjects\Restaurants\.gradle\7.4\checksums)" [_thread_blocked, id=5916, stack(0x000000c2f3200000,0x000000c2f3300000)]
  0x0000027b87cbd800 JavaThread "Cache worker for cache directory md-rule (C:\Users\Marko\.gradle\caches\7.4\md-rule)" [_thread_blocked, id=3384, stack(0x000000c2f3500000,0x000000c2f3600000)]
  0x0000027b87cbe800 JavaThread "Cache worker for file hash cache (C:\Users\Marko\AndroidStudioProjects\Restaurants\.gradle\7.4\fileHashes)" [_thread_blocked, id=2256, stack(0x000000c2f3600000,0x000000c2f3700000)]
  0x0000027b87cbb000 JavaThread "Cache worker for cache directory md-supplier (C:\Users\Marko\.gradle\caches\7.4\md-supplier)" [_thread_blocked, id=1288, stack(0x000000c2f3700000,0x000000c2f3800000)]
  0x0000027b8a7c9000 JavaThread "Cache worker for execution history cache (C:\Users\Marko\.gradle\caches\7.4\executionHistory)" [_thread_blocked, id=14096, stack(0x000000c2f3800000,0x000000c2f3900000)]
  0x0000027b8a7ca000 JavaThread "jar transforms" [_thread_blocked, id=5964, stack(0x000000c2f3a00000,0x000000c2f3b00000)]
  0x0000027b8a7cb800 JavaThread "Cache worker for file content cache (C:\Users\Marko\.gradle\caches\7.4\fileContent)" [_thread_blocked, id=5628, stack(0x000000c2f3b00000,0x000000c2f3c00000)]
  0x0000027b8a7cc800 JavaThread "jar transforms Thread 2" [_thread_blocked, id=4496, stack(0x000000c2f3c00000,0x000000c2f3d00000)]
  0x0000027b8a7c7800 JavaThread "Cache worker for dependencies-accessors (C:\Users\Marko\AndroidStudioProjects\Restaurants\.gradle\7.4\dependencies-accessors)" [_thread_blocked, id=5172, stack(0x000000c2f3d00000,0x000000c2f3e00000)]
  0x0000027b8a7c6800 JavaThread "jar transforms Thread 3" [_thread_blocked, id=8076, stack(0x000000c2f3e00000,0x000000c2f3f00000)]
  0x0000027b8a7cd000 JavaThread "Cache worker for Build Output Cleanup Cache (C:\Users\Marko\AndroidStudioProjects\Restaurants\.gradle\buildOutputCleanup)" [_thread_blocked, id=12236, stack(0x000000c2f3f00000,0x000000c2f4000000)]
  0x0000027b8a7ce000 JavaThread "Unconstrained build operations" [_thread_blocked, id=9004, stack(0x000000c2f4000000,0x000000c2f4100000)]
  0x0000027b8a7c8800 JavaThread "Unconstrained build operations Thread 2" [_thread_blocked, id=11576, stack(0x000000c2f4100000,0x000000c2f4200000)]
  0x0000027b8a7d4800 JavaThread "Unconstrained build operations Thread 3" [_thread_blocked, id=2236, stack(0x000000c2f4200000,0x000000c2f4300000)]
  0x0000027b8a7d4000 JavaThread "Unconstrained build operations Thread 4" [_thread_blocked, id=4016, stack(0x000000c2f4300000,0x000000c2f4400000)]
  0x0000027b8a7d0800 JavaThread "Unconstrained build operations Thread 5" [_thread_blocked, id=6756, stack(0x000000c2f4400000,0x000000c2f4500000)]
  0x0000027b8a7d2000 JavaThread "Unconstrained build operations Thread 6" [_thread_blocked, id=13076, stack(0x000000c2f4500000,0x000000c2f4600000)]
  0x0000027b8a7d1800 JavaThread "Unconstrained build operations Thread 7" [_thread_blocked, id=1808, stack(0x000000c2f4600000,0x000000c2f4700000)]
  0x0000027b8a7cf800 JavaThread "Unconstrained build operations Thread 8" [_thread_blocked, id=12168, stack(0x000000c2f4700000,0x000000c2f4800000)]
  0x0000027b8a7d3000 JavaThread "Unconstrained build operations Thread 9" [_thread_blocked, id=628, stack(0x000000c2f4800000,0x000000c2f4900000)]
  0x0000027b8a7cf000 JavaThread "Unconstrained build operations Thread 10" [_thread_blocked, id=11496, stack(0x000000c2f4900000,0x000000c2f4a00000)]
  0x0000027b89030000 JavaThread "Unconstrained build operations Thread 11" [_thread_blocked, id=6904, stack(0x000000c2f4a00000,0x000000c2f4b00000)]
  0x0000027b89033800 JavaThread "Unconstrained build operations Thread 12" [_thread_blocked, id=13596, stack(0x000000c2f4b00000,0x000000c2f4c00000)]
  0x0000027b89034000 JavaThread "Unconstrained build operations Thread 13" [_thread_blocked, id=1432, stack(0x000000c2f4c00000,0x000000c2f4d00000)]
  0x0000027b89032000 JavaThread "Unconstrained build operations Thread 14" [_thread_blocked, id=11604, stack(0x000000c2f4d00000,0x000000c2f4e00000)]
  0x0000027b89032800 JavaThread "Unconstrained build operations Thread 15" [_thread_blocked, id=9364, stack(0x000000c2f4e00000,0x000000c2f4f00000)]
  0x0000027b89036800 JavaThread "Unconstrained build operations Thread 16" [_thread_blocked, id=6636, stack(0x000000c2f4f00000,0x000000c2f5000000)]
  0x0000027b89035000 JavaThread "Unconstrained build operations Thread 17" [_thread_blocked, id=11028, stack(0x000000c2f5000000,0x000000c2f5100000)]
  0x0000027b89036000 JavaThread "Unconstrained build operations Thread 18" [_thread_blocked, id=8620, stack(0x000000c2f5100000,0x000000c2f5200000)]
  0x0000027b89031000 JavaThread "Unconstrained build operations Thread 19" [_thread_blocked, id=6032, stack(0x000000c2f5200000,0x000000c2f5300000)]
  0x0000027b8bcb1000 JavaThread "Unconstrained build operations Thread 20" [_thread_blocked, id=9356, stack(0x000000c2f5300000,0x000000c2f5400000)]
  0x0000027b8bcae800 JavaThread "Unconstrained build operations Thread 21" [_thread_blocked, id=13840, stack(0x000000c2f5400000,0x000000c2f5500000)]
  0x0000027b8bcb3800 JavaThread "Unconstrained build operations Thread 22" [_thread_blocked, id=12656, stack(0x000000c2f5500000,0x000000c2f5600000)]
  0x0000027b8bcb5000 JavaThread "Unconstrained build operations Thread 23" [_thread_blocked, id=3064, stack(0x000000c2f5600000,0x000000c2f5700000)]
  0x0000027b8bcaf800 JavaThread "Unconstrained build operations Thread 24" [_thread_blocked, id=2648, stack(0x000000c2f5700000,0x000000c2f5800000)]
  0x0000027b8bcb0800 JavaThread "Unconstrained build operations Thread 25" [_thread_blocked, id=13912, stack(0x000000c2f5800000,0x000000c2f5900000)]
  0x0000027b8bcb2000 JavaThread "Unconstrained build operations Thread 26" [_thread_blocked, id=7236, stack(0x000000c2f5900000,0x000000c2f5a00000)]
  0x0000027b8bcb3000 JavaThread "Unconstrained build operations Thread 27" [_thread_blocked, id=1340, stack(0x000000c2f5a00000,0x000000c2f5b00000)]
  0x0000027b8bcb4800 JavaThread "Unconstrained build operations Thread 28" [_thread_blocked, id=3444, stack(0x000000c2f5b00000,0x000000c2f5c00000)]
  0x0000027b8c07e800 JavaThread "Unconstrained build operations Thread 29" [_thread_blocked, id=12308, stack(0x000000c2f5c00000,0x000000c2f5d00000)]
  0x0000027b8c081000 JavaThread "Unconstrained build operations Thread 30" [_thread_blocked, id=7212, stack(0x000000c2f5d00000,0x000000c2f5e00000)]
  0x0000027b8c07c000 JavaThread "Unconstrained build operations Thread 31" [_thread_blocked, id=11196, stack(0x000000c2f5e00000,0x000000c2f5f00000)]
  0x0000027b8c07b000 JavaThread "Unconstrained build operations Thread 32" [_thread_blocked, id=13576, stack(0x000000c2f5f00000,0x000000c2f6000000)]
  0x0000027b8c07f800 JavaThread "Unconstrained build operations Thread 33" [_thread_blocked, id=10676, stack(0x000000c2f6000000,0x000000c2f6100000)]
  0x0000027b8c07d000 JavaThread "Unconstrained build operations Thread 34" [_thread_blocked, id=8832, stack(0x000000c2f6100000,0x000000c2f6200000)]
  0x0000027b8c080000 JavaThread "Unconstrained build operations Thread 35" [_thread_blocked, id=1904, stack(0x000000c2f6200000,0x000000c2f6300000)]
  0x0000027b8c081800 JavaThread "Unconstrained build operations Thread 36" [_thread_blocked, id=8876, stack(0x000000c2f6300000,0x000000c2f6400000)]
  0x0000027b8c07d800 JavaThread "Unconstrained build operations Thread 37" [_thread_blocked, id=12124, stack(0x000000c2f6400000,0x000000c2f6500000)]
  0x0000027b8a6e6800 JavaThread "Unconstrained build operations Thread 38" [_thread_blocked, id=3864, stack(0x000000c2f6500000,0x000000c2f6600000)]
  0x0000027b8a6e9000 JavaThread "Unconstrained build operations Thread 39" [_thread_blocked, id=5156, stack(0x000000c2f6600000,0x000000c2f6700000)]
  0x0000027b8a6ea000 JavaThread "Unconstrained build operations Thread 40" [_thread_blocked, id=6980, stack(0x000000c2f6700000,0x000000c2f6800000)]
  0x0000027b8a6e7800 JavaThread "Unconstrained build operations Thread 41" [_thread_blocked, id=6560, stack(0x000000c2f6800000,0x000000c2f6900000)]
  0x0000027b8a6e8800 JavaThread "Unconstrained build operations Thread 42" [_thread_blocked, id=9416, stack(0x000000c2f6900000,0x000000c2f6a00000)]
  0x0000027b8a6eb000 JavaThread "Unconstrained build operations Thread 43" [_thread_blocked, id=6920, stack(0x000000c2f6a00000,0x000000c2f6b00000)]
  0x0000027b8a6eb800 JavaThread "Unconstrained build operations Thread 44" [_thread_blocked, id=7724, stack(0x000000c2f6b00000,0x000000c2f6c00000)]
  0x0000027b8a6e6000 JavaThread "Unconstrained build operations Thread 45" [_thread_blocked, id=11564, stack(0x000000c2f6c00000,0x000000c2f6d00000)]
  0x0000027b8a6ee000 JavaThread "Unconstrained build operations Thread 46" [_thread_blocked, id=10432, stack(0x000000c2f6d00000,0x000000c2f6e00000)]
  0x0000027b8a6f1800 JavaThread "Unconstrained build operations Thread 47" [_thread_blocked, id=5332, stack(0x000000c2f6e00000,0x000000c2f6f00000)]
  0x0000027b8a6f2000 JavaThread "Unconstrained build operations Thread 48" [_thread_blocked, id=3176, stack(0x000000c2f6f00000,0x000000c2f7000000)]
  0x0000027b8a6ef000 JavaThread "Unconstrained build operations Thread 49" [_thread_blocked, id=7392, stack(0x000000c2f7000000,0x000000c2f7100000)]
  0x0000027b8a6f0800 JavaThread "Unconstrained build operations Thread 50" [_thread_blocked, id=14280, stack(0x000000c2f7100000,0x000000c2f7200000)]
  0x0000027b8a6ec800 JavaThread "Unconstrained build operations Thread 51" [_thread_blocked, id=2780, stack(0x000000c2f7200000,0x000000c2f7300000)]
  0x0000027b8a6f3000 JavaThread "Unconstrained build operations Thread 52" [_thread_blocked, id=6936, stack(0x000000c2f7300000,0x000000c2f7400000)]
  0x0000027b8a6ed000 JavaThread "Unconstrained build operations Thread 53" [_thread_blocked, id=12276, stack(0x000000c2f7400000,0x000000c2f7500000)]
  0x0000027b8a6f3800 JavaThread "Unconstrained build operations Thread 54" [_thread_blocked, id=6592, stack(0x000000c2f7500000,0x000000c2f7600000)]
  0x0000027b8a6f4800 JavaThread "Unconstrained build operations Thread 55" [_thread_blocked, id=2676, stack(0x000000c2f7600000,0x000000c2f7700000)]
  0x0000027b8a6ef800 JavaThread "Unconstrained build operations Thread 56" [_thread_blocked, id=8180, stack(0x000000c2f7700000,0x000000c2f7800000)]
  0x0000027b8848d800 JavaThread "Unconstrained build operations Thread 57" [_thread_blocked, id=3200, stack(0x000000c2f7800000,0x000000c2f7900000)]
  0x0000027b8848c000 JavaThread "Unconstrained build operations Thread 58" [_thread_blocked, id=6744, stack(0x000000c2f7900000,0x000000c2f7a00000)]
  0x0000027b8848e800 JavaThread "Unconstrained build operations Thread 59" [_thread_blocked, id=9956, stack(0x000000c2f7a00000,0x000000c2f7b00000)]
  0x0000027b8848f800 JavaThread "Unconstrained build operations Thread 60" [_thread_blocked, id=9872, stack(0x000000c2f7b00000,0x000000c2f7c00000)]
  0x0000027b88490000 JavaThread "Unconstrained build operations Thread 61" [_thread_blocked, id=7092, stack(0x000000c2f7c00000,0x000000c2f7d00000)]
  0x0000027b88491000 JavaThread "Unconstrained build operations Thread 62" [_thread_blocked, id=3260, stack(0x000000c2f7d00000,0x000000c2f7e00000)]
  0x0000027b8848b000 JavaThread "Unconstrained build operations Thread 63" [_thread_blocked, id=12056, stack(0x000000c2f7e00000,0x000000c2f7f00000)]
  0x0000027b88491800 JavaThread "Unconstrained build operations Thread 64" [_thread_blocked, id=8860, stack(0x000000c2f7f00000,0x000000c2f8000000)]
  0x0000027b8848d000 JavaThread "Unconstrained build operations Thread 65" [_thread_blocked, id=3204, stack(0x000000c2f8000000,0x000000c2f8100000)]
  0x0000027b88496800 JavaThread "Unconstrained build operations Thread 66" [_thread_blocked, id=10384, stack(0x000000c2f8100000,0x000000c2f8200000)]
  0x0000027b88493800 JavaThread "Unconstrained build operations Thread 67" [_thread_blocked, id=3800, stack(0x000000c2f8200000,0x000000c2f8300000)]
  0x0000027b88496000 JavaThread "Unconstrained build operations Thread 68" [_thread_blocked, id=6896, stack(0x000000c2f8300000,0x000000c2f8400000)]
  0x0000027b88498000 JavaThread "Unconstrained build operations Thread 69" [_thread_blocked, id=9808, stack(0x000000c2f8400000,0x000000c2f8500000)]
  0x0000027b88492800 JavaThread "Unconstrained build operations Thread 70" [_thread_blocked, id=8740, stack(0x000000c2f8500000,0x000000c2f8600000)]
  0x0000027b88494000 JavaThread "Unconstrained build operations Thread 71" [_thread_blocked, id=10972, stack(0x000000c2f8600000,0x000000c2f8700000)]
  0x0000027b8849a000 JavaThread "Unconstrained build operations Thread 72" [_thread_blocked, id=14304, stack(0x000000c2f8700000,0x000000c2f8800000)]
  0x0000027b88495000 JavaThread "Unconstrained build operations Thread 73" [_thread_blocked, id=9696, stack(0x000000c2f8800000,0x000000c2f8900000)]
  0x0000027b88497800 JavaThread "Unconstrained build operations Thread 74" [_thread_blocked, id=4572, stack(0x000000c2f8900000,0x000000c2f8a00000)]
  0x0000027b88499000 JavaThread "Unconstrained build operations Thread 75" [_thread_blocked, id=9200, stack(0x000000c2f8a00000,0x000000c2f8b00000)]
  0x0000027b8c3d3000 JavaThread "Unconstrained build operations Thread 76" [_thread_blocked, id=12264, stack(0x000000c2f8b00000,0x000000c2f8c00000)]
  0x0000027b8c3d2000 JavaThread "Unconstrained build operations Thread 77" [_thread_blocked, id=9180, stack(0x000000c2f8c00000,0x000000c2f8d00000)]
  0x0000027b8c3d8000 JavaThread "Unconstrained build operations Thread 78" [_thread_blocked, id=10492, stack(0x000000c2f8d00000,0x000000c2f8e00000)]
  0x0000027b8c3d3800 JavaThread "Unconstrained build operations Thread 79" [_thread_blocked, id=11964, stack(0x000000c2f8e00000,0x000000c2f8f00000)]
  0x0000027b8c3d8800 JavaThread "Unconstrained build operations Thread 80" [_thread_blocked, id=11080, stack(0x000000c2f8f00000,0x000000c2f9000000)]
  0x0000027b8c3d4800 JavaThread "jar transforms Thread 4" [_thread_blocked, id=12744, stack(0x000000c2f9000000,0x000000c2f9100000)]
  0x0000027b8c3d9800 JavaThread "jar transforms Thread 5" [_thread_blocked, id=3268, stack(0x000000c2f9100000,0x000000c2f9200000)]
  0x0000027b8c3db000 JavaThread "jar transforms Thread 6" [_thread_blocked, id=11228, stack(0x000000c2f9200000,0x000000c2f9300000)]
  0x0000027b8c3d6000 JavaThread "jar transforms Thread 7" [_thread_blocked, id=9236, stack(0x000000c2f9300000,0x000000c2f9400000)]
  0x0000027b8c3d7000 JavaThread "jar transforms Thread 8" [_thread_blocked, id=12600, stack(0x000000c2f9400000,0x000000c2f9500000)]
  0x0000027b8c3d5800 JavaThread "Memory manager" [_thread_blocked, id=10456, stack(0x000000c2f9500000,0x000000c2f9600000)]
  0x0000027b8c3dd800 JavaThread "build event listener" [_thread_blocked, id=3564, stack(0x000000c2f9600000,0x000000c2f9700000)]
  0x0000027b8c3dc000 JavaThread "included builds" [_thread_blocked, id=6112, stack(0x000000c2f9700000,0x000000c2f9800000)]
  0x0000027b8c3da000 JavaThread "Execution worker for ':'" [_thread_blocked, id=9260, stack(0x000000c2f9800000,0x000000c2f9900000)]
  0x0000027b8c3dc800 JavaThread "Execution worker for ':' Thread 2" [_thread_blocked, id=13436, stack(0x000000c2f9900000,0x000000c2f9a00000)]
  0x0000027b8c3de800 JavaThread "Execution worker for ':' Thread 3" [_thread_blocked, id=10828, stack(0x000000c2f9a00000,0x000000c2f9b00000)]
  0x0000027b8c3df000 JavaThread "Execution worker for ':' Thread 4" [_thread_blocked, id=11084, stack(0x000000c2f9b00000,0x000000c2f9c00000)]
  0x0000027b8c3e0000 JavaThread "Execution worker for ':' Thread 5" [_thread_blocked, id=6888, stack(0x000000c2f9c00000,0x000000c2f9d00000)]
  0x0000027b8c3e1000 JavaThread "Execution worker for ':' Thread 6" [_thread_blocked, id=14056, stack(0x000000c2f9d00000,0x000000c2f9e00000)]
  0x0000027b8e364800 JavaThread "Execution worker for ':' Thread 7" [_thread_blocked, id=8376, stack(0x000000c2f9e00000,0x000000c2f9f00000)]
  0x0000027b8e368000 JavaThread "Cache worker for execution history cache (C:\Users\Marko\AndroidStudioProjects\Restaurants\.gradle\7.4\executionHistory)" [_thread_blocked, id=9228, stack(0x000000c2f9f00000,0x000000c2fa000000)]
  0x0000027b8e364000 JavaThread "WorkerExecutor Queue" [_thread_in_vm, id=10876, stack(0x000000c2fa000000,0x000000c2fa100000)]
  0x0000027b8e367000 JavaThread "RMI Scheduler(0)" daemon [_thread_blocked, id=9092, stack(0x000000c2f2500000,0x000000c2f2600000)]
  0x0000027b87ac8800 JavaThread "C2 CompilerThread1" daemon [_thread_in_native, id=7024, stack(0x000000c2f3900000,0x000000c2f3a00000)]

Other Threads:
  0x0000027b84a67000 VMThread "VM Thread" [stack: 0x000000c2f1100000,0x000000c2f1200000] [id=8260]
  0x0000027b85551800 WatcherThread [stack: 0x000000c2f1b00000,0x000000c2f1c00000] [id=13492]
  0x0000027bea537800 GCTaskThread "GC Thread#0" [stack: 0x000000c2f0c00000,0x000000c2f0d00000] [id=11696]
  0x0000027b85e54000 GCTaskThread "GC Thread#1" [stack: 0x000000c2f1d00000,0x000000c2f1e00000] [id=6008]
  0x0000027b8612a800 GCTaskThread "GC Thread#2" [stack: 0x000000c2f1e00000,0x000000c2f1f00000] [id=6248]
  0x0000027b86140000 GCTaskThread "GC Thread#3" [stack: 0x000000c2f2900000,0x000000c2f2a00000] [id=11352]
  0x0000027b86adc800 GCTaskThread "GC Thread#4" [stack: 0x000000c2f2a00000,0x000000c2f2b00000] [id=4540]
  0x0000027b86dce000 GCTaskThread "GC Thread#5" [stack: 0x000000c2f2b00000,0x000000c2f2c00000] [id=168]
  0x0000027b8788f000 GCTaskThread "GC Thread#6" [stack: 0x000000c2f2c00000,0x000000c2f2d00000] [id=6036]
  0x0000027b87301800 GCTaskThread "GC Thread#7" [stack: 0x000000c2f2d00000,0x000000c2f2e00000] [id=13064]
  0x0000027bea570800 ConcurrentGCThread "G1 Main Marker" [stack: 0x000000c2f0d00000,0x000000c2f0e00000] [id=2316]
  0x0000027bea571800 ConcurrentGCThread "G1 Conc#0" [stack: 0x000000c2f0e00000,0x000000c2f0f00000] [id=11584]
  0x0000027b87ae3000 ConcurrentGCThread "G1 Conc#1" [stack: 0x000000c2f3100000,0x000000c2f3200000] [id=2040]
  0x0000027b848b2800 ConcurrentGCThread "G1 Refine#0" [stack: 0x000000c2f0f00000,0x000000c2f1000000] [id=8420]
  0x0000027b848b3800 ConcurrentGCThread "G1 Young RemSet Sampling" [stack: 0x000000c2f1000000,0x000000c2f1100000] [id=11512]

Threads with active compile tasks:
C2 CompilerThread0  19217 11429   !   4       org.gradle.internal.classloader.FilteringClassLoader::loadClass (62 bytes)
C1 CompilerThread0  19217 11463       3       java.lang.invoke.BoundMethodHandle$Specializer$Factory::chooseFieldName (25 bytes)
C2 CompilerThread1  19218 11436       4       sun.security.provider.SHA2::implCompress0 (466 bytes)

VM state:not at safepoint (normal execution)

VM Mutex/Monitor currently owned by a thread: None

Heap address: 0x0000000080000000, size: 2048 MB, Compressed Oops mode: 32-bit
Narrow klass base: 0x0000000000000000, Narrow klass shift: 3
Compressed class space size: 1073741824 Address: 0x0000000100000000

Heap:
 garbage-first heap   total 189440K, used 120223K [0x0000000080000000, 0x0000000100000000)
  region size 1024K, 35 young (35840K), 7 survivors (7168K)
 Metaspace       used 95575K, capacity 97994K, committed 98216K, reserved 1134592K
  class space    used 12425K, capacity 13359K, committed 13388K, reserved 1048576K
Heap Regions: E=young(eden), S=young(survivor), O=old, HS=humongous(starts), HC=humongous(continues), CS=collection set, F=free, A=archive, TAMS=top-at-mark-start (previous, next)
|   0|0x0000000080000000, 0x0000000080100000, 0x0000000080100000|100%| O|  |TAMS 0x0000000080100000, 0x0000000080000000| Untracked 
|   1|0x0000000080100000, 0x0000000080200000, 0x0000000080200000|100%| O|  |TAMS 0x0000000080200000, 0x0000000080100000| Untracked 
|   2|0x0000000080200000, 0x0000000080300000, 0x0000000080300000|100%| O|  |TAMS 0x0000000080300000, 0x0000000080200000| Untracked 
|   3|0x0000000080300000, 0x0000000080400000, 0x0000000080400000|100%|HS|  |TAMS 0x0000000080400000, 0x0000000080300000| Complete 
|   4|0x0000000080400000, 0x0000000080500000, 0x0000000080500000|100%|HC|  |TAMS 0x0000000080500000, 0x0000000080400000| Complete 
|   5|0x0000000080500000, 0x0000000080600000, 0x0000000080600000|100%|HC|  |TAMS 0x0000000080600000, 0x0000000080500000| Complete 
|   6|0x0000000080600000, 0x0000000080700000, 0x0000000080700000|100%| O|  |TAMS 0x0000000080700000, 0x0000000080600000| Untracked 
|   7|0x0000000080700000, 0x0000000080800000, 0x0000000080800000|100%| O|  |TAMS 0x0000000080800000, 0x0000000080700000| Untracked 
|   8|0x0000000080800000, 0x0000000080900000, 0x0000000080900000|100%| O|  |TAMS 0x0000000080900000, 0x0000000080800000| Untracked 
|   9|0x0000000080900000, 0x0000000080a00000, 0x0000000080a00000|100%| O|  |TAMS 0x0000000080a00000, 0x0000000080900000| Untracked 
|  10|0x0000000080a00000, 0x0000000080b00000, 0x0000000080b00000|100%| O|  |TAMS 0x0000000080b00000, 0x0000000080a00000| Untracked 
|  11|0x0000000080b00000, 0x0000000080c00000, 0x0000000080c00000|100%| O|  |TAMS 0x0000000080c00000, 0x0000000080b00000| Untracked 
|  12|0x0000000080c00000, 0x0000000080d00000, 0x0000000080d00000|100%| O|  |TAMS 0x0000000080d00000, 0x0000000080c00000| Untracked 
|  13|0x0000000080d00000, 0x0000000080e00000, 0x0000000080e00000|100%| O|  |TAMS 0x0000000080e00000, 0x0000000080d00000| Untracked 
|  14|0x0000000080e00000, 0x0000000080f00000, 0x0000000080f00000|100%| O|  |TAMS 0x0000000080f00000, 0x0000000080e00000| Untracked 
|  15|0x0000000080f00000, 0x0000000081000000, 0x0000000081000000|100%| O|  |TAMS 0x0000000081000000, 0x0000000080f00000| Untracked 
|  16|0x0000000081000000, 0x0000000081100000, 0x0000000081100000|100%| O|  |TAMS 0x0000000081100000, 0x0000000081000000| Untracked 
|  17|0x0000000081100000, 0x0000000081200000, 0x0000000081200000|100%| O|  |TAMS 0x0000000081200000, 0x0000000081100000| Untracked 
|  18|0x0000000081200000, 0x0000000081300000, 0x0000000081300000|100%| O|  |TAMS 0x0000000081300000, 0x0000000081200000| Untracked 
|  19|0x0000000081300000, 0x0000000081400000, 0x0000000081400000|100%|HS|  |TAMS 0x0000000081400000, 0x0000000081300000| Complete 
|  20|0x0000000081400000, 0x0000000081500000, 0x0000000081500000|100%| O|  |TAMS 0x0000000081500000, 0x0000000081400000| Untracked 
|  21|0x0000000081500000, 0x0000000081600000, 0x0000000081600000|100%| O|  |TAMS 0x0000000081600000, 0x0000000081500000| Untracked 
|  22|0x0000000081600000, 0x0000000081700000, 0x0000000081700000|100%| O|  |TAMS 0x0000000081700000, 0x0000000081600000| Untracked 
|  23|0x0000000081700000, 0x0000000081800000, 0x0000000081800000|100%| O|  |TAMS 0x0000000081800000, 0x0000000081700000| Untracked 
|  24|0x0000000081800000, 0x0000000081900000, 0x0000000081900000|100%| O|  |TAMS 0x0000000081900000, 0x0000000081800000| Untracked 
|  25|0x0000000081900000, 0x0000000081a00000, 0x0000000081a00000|100%| O|  |TAMS 0x0000000081a00000, 0x0000000081900000| Untracked 
|  26|0x0000000081a00000, 0x0000000081b00000, 0x0000000081b00000|100%| O|  |TAMS 0x0000000081b00000, 0x0000000081a00000| Untracked 
|  27|0x0000000081b00000, 0x0000000081c00000, 0x0000000081c00000|100%| O|  |TAMS 0x0000000081c00000, 0x0000000081b00000| Untracked 
|  28|0x0000000081c00000, 0x0000000081d00000, 0x0000000081d00000|100%|HS|  |TAMS 0x0000000081d00000, 0x0000000081c00000| Complete 
|  29|0x0000000081d00000, 0x0000000081e00000, 0x0000000081e00000|100%|HS|  |TAMS 0x0000000081e00000, 0x0000000081d00000| Complete 
|  30|0x0000000081e00000, 0x0000000081f00000, 0x0000000081f00000|100%|HS|  |TAMS 0x0000000081f00000, 0x0000000081e00000| Complete 
|  31|0x0000000081f00000, 0x0000000082000000, 0x0000000082000000|100%|HC|  |TAMS 0x0000000082000000, 0x0000000081f00000| Complete 
|  32|0x0000000082000000, 0x0000000082100000, 0x0000000082100000|100%|HC|  |TAMS 0x0000000082100000, 0x0000000082000000| Complete 
|  33|0x0000000082100000, 0x0000000082200000, 0x0000000082200000|100%|HC|  |TAMS 0x0000000082200000, 0x0000000082100000| Complete 
|  34|0x0000000082200000, 0x0000000082300000, 0x0000000082300000|100%| O|  |TAMS 0x0000000082300000, 0x0000000082200000| Untracked 
|  35|0x0000000082300000, 0x0000000082400000, 0x0000000082400000|100%|HS|  |TAMS 0x0000000082400000, 0x0000000082300000| Complete 
|  36|0x0000000082400000, 0x0000000082500000, 0x0000000082500000|100%|HC|  |TAMS 0x0000000082500000, 0x0000000082400000| Complete 
|  37|0x0000000082500000, 0x0000000082600000, 0x0000000082600000|100%| O|  |TAMS 0x0000000082600000, 0x0000000082500000| Untracked 
|  38|0x0000000082600000, 0x0000000082700000, 0x0000000082700000|100%| O|  |TAMS 0x0000000082700000, 0x0000000082600000| Untracked 
|  39|0x0000000082700000, 0x0000000082800000, 0x0000000082800000|100%| O|  |TAMS 0x0000000082800000, 0x0000000082700000| Untracked 
|  40|0x0000000082800000, 0x0000000082900000, 0x0000000082900000|100%| O|  |TAMS 0x0000000082900000, 0x0000000082800000| Untracked 
|  41|0x0000000082900000, 0x0000000082a00000, 0x0000000082a00000|100%| O|  |TAMS 0x0000000082a00000, 0x0000000082900000| Untracked 
|  42|0x0000000082a00000, 0x0000000082b00000, 0x0000000082b00000|100%| O|  |TAMS 0x0000000082b00000, 0x0000000082a00000| Untracked 
|  43|0x0000000082b00000, 0x0000000082c00000, 0x0000000082c00000|100%| O|  |TAMS 0x0000000082c00000, 0x0000000082b00000| Untracked 
|  44|0x0000000082c00000, 0x0000000082d00000, 0x0000000082d00000|100%| O|  |TAMS 0x0000000082d00000, 0x0000000082c00000| Untracked 
|  45|0x0000000082d00000, 0x0000000082e00000, 0x0000000082e00000|100%| O|  |TAMS 0x0000000082e00000, 0x0000000082d00000| Untracked 
|  46|0x0000000082e00000, 0x0000000082f00000, 0x0000000082f00000|100%| O|  |TAMS 0x0000000082f00000, 0x0000000082e00000| Untracked 
|  47|0x0000000082f00000, 0x0000000083000000, 0x0000000083000000|100%| O|  |TAMS 0x0000000083000000, 0x0000000082f00000| Untracked 
|  48|0x0000000083000000, 0x0000000083100000, 0x0000000083100000|100%| O|  |TAMS 0x0000000083100000, 0x0000000083000000| Untracked 
|  49|0x0000000083100000, 0x0000000083200000, 0x0000000083200000|100%| O|  |TAMS 0x0000000083200000, 0x0000000083100000| Untracked 
|  50|0x0000000083200000, 0x0000000083300000, 0x0000000083300000|100%| O|  |TAMS 0x0000000083300000, 0x0000000083200000| Untracked 
|  51|0x0000000083300000, 0x0000000083400000, 0x0000000083400000|100%| O|  |TAMS 0x0000000083400000, 0x0000000083300000| Untracked 
|  52|0x0000000083400000, 0x0000000083500000, 0x0000000083500000|100%| O|  |TAMS 0x0000000083500000, 0x0000000083400000| Untracked 
|  53|0x0000000083500000, 0x0000000083600000, 0x0000000083600000|100%| O|  |TAMS 0x0000000083600000, 0x0000000083500000| Untracked 
|  54|0x0000000083600000, 0x0000000083700000, 0x0000000083700000|100%| O|  |TAMS 0x0000000083700000, 0x0000000083600000| Untracked 
|  55|0x0000000083700000, 0x0000000083800000, 0x0000000083800000|100%| O|  |TAMS 0x0000000083800000, 0x0000000083700000| Untracked 
|  56|0x0000000083800000, 0x0000000083900000, 0x0000000083900000|100%| O|  |TAMS 0x0000000083900000, 0x0000000083800000| Untracked 
|  57|0x0000000083900000, 0x0000000083a00000, 0x0000000083a00000|100%| O|  |TAMS 0x0000000083a00000, 0x0000000083900000| Untracked 
|  58|0x0000000083a00000, 0x0000000083b00000, 0x0000000083b00000|100%| O|  |TAMS 0x0000000083b00000, 0x0000000083a00000| Untracked 
|  59|0x0000000083b00000, 0x0000000083c00000, 0x0000000083c00000|100%| O|  |TAMS 0x0000000083c00000, 0x0000000083b00000| Untracked 
|  60|0x0000000083c00000, 0x0000000083d00000, 0x0000000083d00000|100%| O|  |TAMS 0x0000000083d00000, 0x0000000083c00000| Untracked 
|  61|0x0000000083d00000, 0x0000000083e00000, 0x0000000083e00000|100%| O|  |TAMS 0x0000000083e00000, 0x0000000083d00000| Untracked 
|  62|0x0000000083e00000, 0x0000000083f00000, 0x0000000083f00000|100%| O|  |TAMS 0x0000000083f00000, 0x0000000083e00000| Untracked 
|  63|0x0000000083f00000, 0x0000000084000000, 0x0000000084000000|100%| O|  |TAMS 0x0000000084000000, 0x0000000083f00000| Untracked 
|  64|0x0000000084000000, 0x0000000084100000, 0x0000000084100000|100%| O|  |TAMS 0x0000000084100000, 0x0000000084000000| Untracked 
|  65|0x0000000084100000, 0x0000000084200000, 0x0000000084200000|100%| O|  |TAMS 0x0000000084200000, 0x0000000084100000| Untracked 
|  66|0x0000000084200000, 0x0000000084300000, 0x0000000084300000|100%| O|  |TAMS 0x0000000084300000, 0x0000000084200000| Untracked 
|  67|0x0000000084300000, 0x0000000084400000, 0x0000000084400000|100%| O|  |TAMS 0x0000000084400000, 0x0000000084300000| Untracked 
|  68|0x0000000084400000, 0x0000000084500000, 0x0000000084500000|100%| O|  |TAMS 0x0000000084500000, 0x0000000084400000| Untracked 
|  69|0x0000000084500000, 0x0000000084600000, 0x0000000084600000|100%| O|  |TAMS 0x0000000084600000, 0x0000000084500000| Untracked 
|  70|0x0000000084600000, 0x0000000084700000, 0x0000000084700000|100%| O|  |TAMS 0x0000000084700000, 0x0000000084600000| Untracked 
|  71|0x0000000084700000, 0x0000000084800000, 0x0000000084800000|100%| O|  |TAMS 0x0000000084800000, 0x0000000084700000| Untracked 
|  72|0x0000000084800000, 0x0000000084900000, 0x0000000084900000|100%| O|  |TAMS 0x0000000084900000, 0x0000000084800000| Untracked 
|  73|0x0000000084900000, 0x0000000084a00000, 0x0000000084a00000|100%| O|  |TAMS 0x0000000084a00000, 0x0000000084900000| Untracked 
|  74|0x0000000084a00000, 0x0000000084b00000, 0x0000000084b00000|100%| O|  |TAMS 0x0000000084adba00, 0x0000000084a00000| Untracked 
|  75|0x0000000084b00000, 0x0000000084c00000, 0x0000000084c00000|100%| O|  |TAMS 0x0000000084b00000, 0x0000000084b00000| Untracked 
|  76|0x0000000084c00000, 0x0000000084d00000, 0x0000000084d00000|100%| O|  |TAMS 0x0000000084c00000, 0x0000000084c00000| Untracked 
|  77|0x0000000084d00000, 0x0000000084e00000, 0x0000000084e00000|100%| O|  |TAMS 0x0000000084d00000, 0x0000000084d00000| Untracked 
|  78|0x0000000084e00000, 0x0000000084f00000, 0x0000000084f00000|100%| O|  |TAMS 0x0000000084e00000, 0x0000000084e00000| Untracked 
|  79|0x0000000084f00000, 0x0000000085000000, 0x0000000085000000|100%| O|  |TAMS 0x0000000084f00000, 0x0000000084f00000| Untracked 
|  80|0x0000000085000000, 0x0000000085100000, 0x0000000085100000|100%| O|  |TAMS 0x0000000085000000, 0x0000000085000000| Untracked 
|  81|0x0000000085100000, 0x0000000085200000, 0x0000000085200000|100%| O|  |TAMS 0x0000000085100000, 0x0000000085100000| Untracked 
|  82|0x0000000085200000, 0x0000000085300000, 0x0000000085300000|100%| O|  |TAMS 0x0000000085200000, 0x0000000085200000| Untracked 
|  83|0x0000000085300000, 0x0000000085400000, 0x0000000085400000|100%| O|  |TAMS 0x0000000085300000, 0x0000000085300000| Untracked 
|  84|0x0000000085400000, 0x00000000854aac00, 0x0000000085500000| 66%| O|  |TAMS 0x0000000085400000, 0x0000000085400000| Untracked 
|  85|0x0000000085500000, 0x0000000085500000, 0x0000000085600000|  0%| F|  |TAMS 0x0000000085500000, 0x0000000085500000| Untracked 
|  86|0x0000000085600000, 0x0000000085600000, 0x0000000085700000|  0%| F|  |TAMS 0x0000000085600000, 0x0000000085600000| Untracked 
|  87|0x0000000085700000, 0x0000000085700000, 0x0000000085800000|  0%| F|  |TAMS 0x0000000085700000, 0x0000000085700000| Untracked 
|  88|0x0000000085800000, 0x0000000085800000, 0x0000000085900000|  0%| F|  |TAMS 0x0000000085800000, 0x0000000085800000| Untracked 
|  89|0x0000000085900000, 0x0000000085900000, 0x0000000085a00000|  0%| F|  |TAMS 0x0000000085900000, 0x0000000085900000| Untracked 
|  90|0x0000000085a00000, 0x0000000085a00000, 0x0000000085b00000|  0%| F|  |TAMS 0x0000000085a00000, 0x0000000085a00000| Untracked 
|  91|0x0000000085b00000, 0x0000000085b00000, 0x0000000085c00000|  0%| F|  |TAMS 0x0000000085b00000, 0x0000000085b00000| Untracked 
|  92|0x0000000085c00000, 0x0000000085c00000, 0x0000000085d00000|  0%| F|  |TAMS 0x0000000085c00000, 0x0000000085c00000| Untracked 
|  93|0x0000000085d00000, 0x0000000085d00000, 0x0000000085e00000|  0%| F|  |TAMS 0x0000000085d00000, 0x0000000085d00000| Untracked 
|  94|0x0000000085e00000, 0x0000000085e00000, 0x0000000085f00000|  0%| F|  |TAMS 0x0000000085e00000, 0x0000000085e00000| Untracked 
|  95|0x0000000085f00000, 0x0000000085f00000, 0x0000000086000000|  0%| F|  |TAMS 0x0000000085f00000, 0x0000000085f00000| Untracked 
|  96|0x0000000086000000, 0x0000000086000000, 0x0000000086100000|  0%| F|  |TAMS 0x0000000086000000, 0x0000000086000000| Untracked 
|  97|0x0000000086100000, 0x0000000086100000, 0x0000000086200000|  0%| F|  |TAMS 0x0000000086100000, 0x0000000086100000| Untracked 
|  98|0x0000000086200000, 0x0000000086200000, 0x0000000086300000|  0%| F|  |TAMS 0x0000000086200000, 0x0000000086200000| Untracked 
|  99|0x0000000086300000, 0x0000000086300000, 0x0000000086400000|  0%| F|  |TAMS 0x0000000086300000, 0x0000000086300000| Untracked 
| 100|0x0000000086400000, 0x0000000086400000, 0x0000000086500000|  0%| F|  |TAMS 0x0000000086400000, 0x0000000086400000| Untracked 
| 101|0x0000000086500000, 0x0000000086500000, 0x0000000086600000|  0%| F|  |TAMS 0x0000000086500000, 0x0000000086500000| Untracked 
| 102|0x0000000086600000, 0x0000000086600000, 0x0000000086700000|  0%| F|  |TAMS 0x0000000086600000, 0x0000000086600000| Untracked 
| 103|0x0000000086700000, 0x0000000086700000, 0x0000000086800000|  0%| F|  |TAMS 0x0000000086700000, 0x0000000086700000| Untracked 
| 104|0x0000000086800000, 0x0000000086800000, 0x0000000086900000|  0%| F|  |TAMS 0x0000000086800000, 0x0000000086800000| Untracked 
| 105|0x0000000086900000, 0x0000000086900000, 0x0000000086a00000|  0%| F|  |TAMS 0x0000000086900000, 0x0000000086900000| Untracked 
| 106|0x0000000086a00000, 0x0000000086a00000, 0x0000000086b00000|  0%| F|  |TAMS 0x0000000086a00000, 0x0000000086a00000| Untracked 
| 107|0x0000000086b00000, 0x0000000086b00000, 0x0000000086c00000|  0%| F|  |TAMS 0x0000000086b00000, 0x0000000086b00000| Untracked 
| 108|0x0000000086c00000, 0x0000000086c00000, 0x0000000086d00000|  0%| F|  |TAMS 0x0000000086c00000, 0x0000000086c00000| Untracked 
| 109|0x0000000086d00000, 0x0000000086d00000, 0x0000000086e00000|  0%| F|  |TAMS 0x0000000086d00000, 0x0000000086d00000| Untracked 
| 110|0x0000000086e00000, 0x0000000086e00000, 0x0000000086f00000|  0%| F|  |TAMS 0x0000000086e00000, 0x0000000086e00000| Untracked 
| 111|0x0000000086f00000, 0x0000000086f00000, 0x0000000087000000|  0%| F|  |TAMS 0x0000000086f00000, 0x0000000086f00000| Untracked 
| 112|0x0000000087000000, 0x0000000087000000, 0x0000000087100000|  0%| F|  |TAMS 0x0000000087000000, 0x0000000087000000| Untracked 
| 113|0x0000000087100000, 0x0000000087100000, 0x0000000087200000|  0%| F|  |TAMS 0x0000000087100000, 0x0000000087100000| Untracked 
| 114|0x0000000087200000, 0x0000000087200000, 0x0000000087300000|  0%| F|  |TAMS 0x0000000087200000, 0x0000000087200000| Untracked 
| 115|0x0000000087300000, 0x0000000087300000, 0x0000000087400000|  0%| F|  |TAMS 0x0000000087300000, 0x0000000087300000| Untracked 
| 116|0x0000000087400000, 0x0000000087400000, 0x0000000087500000|  0%| F|  |TAMS 0x0000000087400000, 0x0000000087400000| Untracked 
| 117|0x0000000087500000, 0x0000000087500000, 0x0000000087600000|  0%| F|  |TAMS 0x0000000087500000, 0x0000000087500000| Untracked 
| 118|0x0000000087600000, 0x0000000087600000, 0x0000000087700000|  0%| F|  |TAMS 0x0000000087600000, 0x0000000087600000| Untracked 
| 119|0x0000000087700000, 0x0000000087700000, 0x0000000087800000|  0%| F|  |TAMS 0x0000000087700000, 0x0000000087700000| Untracked 
| 120|0x0000000087800000, 0x0000000087800000, 0x0000000087900000|  0%| F|  |TAMS 0x0000000087800000, 0x0000000087800000| Untracked 
| 121|0x0000000087900000, 0x00000000879bd0b0, 0x0000000087a00000| 73%| S|CS|TAMS 0x0000000087900000, 0x0000000087900000| Complete 
| 122|0x0000000087a00000, 0x0000000087b00000, 0x0000000087b00000|100%| S|CS|TAMS 0x0000000087a00000, 0x0000000087a00000| Complete 
| 123|0x0000000087b00000, 0x0000000087c00000, 0x0000000087c00000|100%| S|CS|TAMS 0x0000000087b00000, 0x0000000087b00000| Complete 
| 124|0x0000000087c00000, 0x0000000087d00000, 0x0000000087d00000|100%| S|CS|TAMS 0x0000000087c00000, 0x0000000087c00000| Complete 
| 125|0x0000000087d00000, 0x0000000087e00000, 0x0000000087e00000|100%| S|CS|TAMS 0x0000000087d00000, 0x0000000087d00000| Complete 
| 126|0x0000000087e00000, 0x0000000087f00000, 0x0000000087f00000|100%| S|CS|TAMS 0x0000000087e00000, 0x0000000087e00000| Complete 
| 127|0x0000000087f00000, 0x0000000088000000, 0x0000000088000000|100%| S|CS|TAMS 0x0000000087f00000, 0x0000000087f00000| Complete 
| 128|0x0000000088000000, 0x0000000088000000, 0x0000000088100000|  0%| F|  |TAMS 0x0000000088000000, 0x0000000088000000| Untracked 
| 129|0x0000000088100000, 0x0000000088100000, 0x0000000088200000|  0%| F|  |TAMS 0x0000000088100000, 0x0000000088100000| Untracked 
| 130|0x0000000088200000, 0x0000000088200000, 0x0000000088300000|  0%| F|  |TAMS 0x0000000088200000, 0x0000000088200000| Untracked 
| 131|0x0000000088300000, 0x0000000088300000, 0x0000000088400000|  0%| F|  |TAMS 0x0000000088300000, 0x0000000088300000| Untracked 
| 132|0x0000000088400000, 0x0000000088400000, 0x0000000088500000|  0%| F|  |TAMS 0x0000000088400000, 0x0000000088400000| Untracked 
| 133|0x0000000088500000, 0x0000000088500000, 0x0000000088600000|  0%| F|  |TAMS 0x0000000088500000, 0x0000000088500000| Untracked 
| 134|0x0000000088600000, 0x0000000088600000, 0x0000000088700000|  0%| F|  |TAMS 0x0000000088600000, 0x0000000088600000| Untracked 
| 135|0x0000000088700000, 0x0000000088700000, 0x0000000088800000|  0%| F|  |TAMS 0x0000000088700000, 0x0000000088700000| Untracked 
| 136|0x0000000088800000, 0x0000000088800000, 0x0000000088900000|  0%| F|  |TAMS 0x0000000088800000, 0x0000000088800000| Untracked 
| 137|0x0000000088900000, 0x0000000088900000, 0x0000000088a00000|  0%| F|  |TAMS 0x0000000088900000, 0x0000000088900000| Untracked 
| 138|0x0000000088a00000, 0x0000000088a00000, 0x0000000088b00000|  0%| F|  |TAMS 0x0000000088a00000, 0x0000000088a00000| Untracked 
| 139|0x0000000088b00000, 0x0000000088b00000, 0x0000000088c00000|  0%| F|  |TAMS 0x0000000088b00000, 0x0000000088b00000| Untracked 
| 140|0x0000000088c00000, 0x0000000088c00000, 0x0000000088d00000|  0%| F|  |TAMS 0x0000000088c00000, 0x0000000088c00000| Untracked 
| 141|0x0000000088d00000, 0x0000000088d00000, 0x0000000088e00000|  0%| F|  |TAMS 0x0000000088d00000, 0x0000000088d00000| Untracked 
| 142|0x0000000088e00000, 0x0000000088e00000, 0x0000000088f00000|  0%| F|  |TAMS 0x0000000088e00000, 0x0000000088e00000| Untracked 
| 143|0x0000000088f00000, 0x0000000088f00000, 0x0000000089000000|  0%| F|  |TAMS 0x0000000088f00000, 0x0000000088f00000| Untracked 
| 144|0x0000000089000000, 0x0000000089000000, 0x0000000089100000|  0%| F|  |TAMS 0x0000000089000000, 0x0000000089000000| Untracked 
| 145|0x0000000089100000, 0x0000000089100000, 0x0000000089200000|  0%| F|  |TAMS 0x0000000089100000, 0x0000000089100000| Untracked 
| 146|0x0000000089200000, 0x0000000089200000, 0x0000000089300000|  0%| F|  |TAMS 0x0000000089200000, 0x0000000089200000| Untracked 
| 147|0x0000000089300000, 0x0000000089300000, 0x0000000089400000|  0%| F|  |TAMS 0x0000000089300000, 0x0000000089300000| Untracked 
| 148|0x0000000089400000, 0x0000000089400000, 0x0000000089500000|  0%| F|  |TAMS 0x0000000089400000, 0x0000000089400000| Untracked 
| 149|0x0000000089500000, 0x0000000089500000, 0x0000000089600000|  0%| F|  |TAMS 0x0000000089500000, 0x0000000089500000| Untracked 
| 150|0x0000000089600000, 0x0000000089600000, 0x0000000089700000|  0%| F|  |TAMS 0x0000000089600000, 0x0000000089600000| Untracked 
| 151|0x0000000089700000, 0x0000000089700000, 0x0000000089800000|  0%| F|  |TAMS 0x0000000089700000, 0x0000000089700000| Untracked 
| 152|0x0000000089800000, 0x0000000089800000, 0x0000000089900000|  0%| F|  |TAMS 0x0000000089800000, 0x0000000089800000| Untracked 
| 153|0x0000000089900000, 0x0000000089900000, 0x0000000089a00000|  0%| F|  |TAMS 0x0000000089900000, 0x0000000089900000| Untracked 
| 154|0x0000000089a00000, 0x0000000089a00000, 0x0000000089b00000|  0%| F|  |TAMS 0x0000000089a00000, 0x0000000089a00000| Untracked 
| 155|0x0000000089b00000, 0x0000000089b00000, 0x0000000089c00000|  0%| F|  |TAMS 0x0000000089b00000, 0x0000000089b00000| Untracked 
| 156|0x0000000089c00000, 0x0000000089c00000, 0x0000000089d00000|  0%| F|  |TAMS 0x0000000089c00000, 0x0000000089c00000| Untracked 
| 157|0x0000000089d00000, 0x0000000089d97960, 0x0000000089e00000| 59%| E|  |TAMS 0x0000000089d00000, 0x0000000089d00000| Complete 
| 158|0x0000000089e00000, 0x0000000089f00000, 0x0000000089f00000|100%| E|CS|TAMS 0x0000000089e00000, 0x0000000089e00000| Complete 
| 159|0x0000000089f00000, 0x000000008a000000, 0x000000008a000000|100%| E|CS|TAMS 0x0000000089f00000, 0x0000000089f00000| Complete 
| 160|0x000000008a000000, 0x000000008a100000, 0x000000008a100000|100%| E|CS|TAMS 0x000000008a000000, 0x000000008a000000| Complete 
| 161|0x000000008a100000, 0x000000008a200000, 0x000000008a200000|100%| E|CS|TAMS 0x000000008a100000, 0x000000008a100000| Complete 
| 162|0x000000008a200000, 0x000000008a300000, 0x000000008a300000|100%| E|CS|TAMS 0x000000008a200000, 0x000000008a200000| Complete 
| 163|0x000000008a300000, 0x000000008a400000, 0x000000008a400000|100%| E|CS|TAMS 0x000000008a300000, 0x000000008a300000| Complete 
| 164|0x000000008a400000, 0x000000008a500000, 0x000000008a500000|100%| E|CS|TAMS 0x000000008a400000, 0x000000008a400000| Complete 
| 165|0x000000008a500000, 0x000000008a600000, 0x000000008a600000|100%| E|CS|TAMS 0x000000008a500000, 0x000000008a500000| Complete 
| 166|0x000000008a600000, 0x000000008a700000, 0x000000008a700000|100%| E|CS|TAMS 0x000000008a600000, 0x000000008a600000| Complete 
| 167|0x000000008a700000, 0x000000008a800000, 0x000000008a800000|100%| E|CS|TAMS 0x000000008a700000, 0x000000008a700000| Complete 
| 168|0x000000008a800000, 0x000000008a900000, 0x000000008a900000|100%| E|  |TAMS 0x000000008a800000, 0x000000008a800000| Complete 
| 169|0x000000008a900000, 0x000000008aa00000, 0x000000008aa00000|100%| E|CS|TAMS 0x000000008a900000, 0x000000008a900000| Complete 
| 170|0x000000008aa00000, 0x000000008ab00000, 0x000000008ab00000|100%| E|CS|TAMS 0x000000008aa00000, 0x000000008aa00000| Complete 
| 171|0x000000008ab00000, 0x000000008ac00000, 0x000000008ac00000|100%| E|CS|TAMS 0x000000008ab00000, 0x000000008ab00000| Complete 
| 172|0x000000008ac00000, 0x000000008ad00000, 0x000000008ad00000|100%| E|CS|TAMS 0x000000008ac00000, 0x000000008ac00000| Complete 
| 173|0x000000008ad00000, 0x000000008ae00000, 0x000000008ae00000|100%| E|CS|TAMS 0x000000008ad00000, 0x000000008ad00000| Complete 
| 174|0x000000008ae00000, 0x000000008af00000, 0x000000008af00000|100%| E|CS|TAMS 0x000000008ae00000, 0x000000008ae00000| Complete 
| 175|0x000000008af00000, 0x000000008b000000, 0x000000008b000000|100%| E|CS|TAMS 0x000000008af00000, 0x000000008af00000| Complete 
| 176|0x000000008b000000, 0x000000008b100000, 0x000000008b100000|100%| E|CS|TAMS 0x000000008b000000, 0x000000008b000000| Complete 
| 177|0x000000008b100000, 0x000000008b200000, 0x000000008b200000|100%| E|CS|TAMS 0x000000008b100000, 0x000000008b100000| Complete 
| 178|0x000000008b200000, 0x000000008b300000, 0x000000008b300000|100%| E|CS|TAMS 0x000000008b200000, 0x000000008b200000| Complete 
| 179|0x000000008b300000, 0x000000008b400000, 0x000000008b400000|100%| E|CS|TAMS 0x000000008b300000, 0x000000008b300000| Complete 
| 180|0x000000008b400000, 0x000000008b500000, 0x000000008b500000|100%| E|CS|TAMS 0x000000008b400000, 0x000000008b400000| Complete 
| 181|0x000000008b500000, 0x000000008b600000, 0x000000008b600000|100%| E|CS|TAMS 0x000000008b500000, 0x000000008b500000| Complete 
| 182|0x000000008b600000, 0x000000008b700000, 0x000000008b700000|100%| E|CS|TAMS 0x000000008b600000, 0x000000008b600000| Complete 
| 183|0x000000008b700000, 0x000000008b800000, 0x000000008b800000|100%| E|CS|TAMS 0x000000008b700000, 0x000000008b700000| Complete 
| 184|0x000000008b800000, 0x000000008b900000, 0x000000008b900000|100%| E|CS|TAMS 0x000000008b800000, 0x000000008b800000| Complete 

Card table byte_map: [0x0000027bfd770000,0x0000027bfdb70000] _byte_map_base: 0x0000027bfd370000

Marking Bits (Prev, Next): (CMBitMap*) 0x0000027bea567d58, (CMBitMap*) 0x0000027bea567d90
 Prev Bits: [0x0000027bfdf70000, 0x0000027bfff70000)
 Next Bits: [0x0000027b80000000, 0x0000027b82000000)

Polling page: 0x0000027be84f0000

Metaspace:

Usage:
  Non-class:     82.72 MB capacity,    81.23 MB ( 98%) used,     1.21 MB (  1%) free+waste,   287.44 KB ( <1%) overhead. 
      Class:     13.05 MB capacity,    12.14 MB ( 93%) used,   799.29 KB (  6%) free+waste,   130.06 KB ( <1%) overhead. 
       Both:     95.77 MB capacity,    93.37 MB ( 97%) used,     1.99 MB (  2%) free+waste,   417.50 KB ( <1%) overhead. 

Virtual space:
  Non-class space:       84.00 MB reserved,      82.84 MB ( 99%) committed 
      Class space:        1.00 GB reserved,      13.07 MB (  1%) committed 
             Both:        1.08 GB reserved,      95.91 MB (  9%) committed 

Chunk freelists:
   Non-Class:  2.00 KB
       Class:  14.00 KB
        Both:  16.00 KB

MaxMetaspaceSize: 17179869184.00 GB
CompressedClassSpaceSize: 1.00 GB
Initial GC threshold: 20.80 MB
Current GC threshold: 145.90 MB
CDS: off

CodeHeap 'non-profiled nmethods': size=120000Kb used=6934Kb max_used=6934Kb free=113065Kb
 bounds [0x0000027bf5b10000, 0x0000027bf61e0000, 0x0000027bfd040000]
CodeHeap 'profiled nmethods': size=120000Kb used=24311Kb max_used=24311Kb free=95688Kb
 bounds [0x0000027bee5e0000, 0x0000027befda0000, 0x0000027bf5b10000]
CodeHeap 'non-nmethods': size=5760Kb used=2406Kb max_used=2450Kb free=3353Kb
 bounds [0x0000027bee040000, 0x0000027bee2b0000, 0x0000027bee5e0000]
 total_blobs=12312 nmethods=11373 adapters=851
 compilation: enabled
              stopped_count=0, restarted_count=0
 full_count=0

Compilation events (20 events):
Event: 18.380 Thread 0x0000027b853ee000 nmethod 11396 0x0000027bf61b9410 code [0x0000027bf61b95a0, 0x0000027bf61b9678]
Event: 18.380 Thread 0x0000027b853ee000 11421       4       org.gradle.api.internal.provider.ValueSupplier$Present::pushWhenMissing (2 bytes)
Event: 18.381 Thread 0x0000027b853ee000 nmethod 11421 0x0000027bf61b9790 code [0x0000027bf61b9920, 0x0000027bf61b9978]
Event: 18.414 Thread 0x0000027b87ac8800 nmethod 11207 0x0000027bf61b9a90 code [0x0000027bf61b9f40, 0x0000027bf61c0490]
Event: 18.429 Thread 0x0000027b878bc000 nmethod 11083 0x0000027bf61c3990 code [0x0000027bf61c4220, 0x0000027bf61cce58]
Event: 19.114 Thread 0x0000027b853ee000 11422       4       java.io.File::getAbsolutePath (8 bytes)
Event: 19.114 Thread 0x0000027b853ef000 11423       3       java.util.Formatter$FormatSpecifier::checkBadFlags (49 bytes)
Event: 19.114 Thread 0x0000027b853ee000 nmethod 11422 0x0000027bf61d1d10 code [0x0000027bf61d1ec0, 0x0000027bf61d1f48]
Event: 19.115 Thread 0x0000027b853ef000 nmethod 11423 0x0000027befd8a290 code [0x0000027befd8a480, 0x0000027befd8a8d8]
Event: 19.115 Thread 0x0000027b853ef000 11424       3       java.util.Formatter$Flags::<init> (10 bytes)
Event: 19.115 Thread 0x0000027b853ef000 nmethod 11424 0x0000027befd8ab10 code [0x0000027befd8acc0, 0x0000027befd8ae18]
Event: 19.119 Thread 0x0000027b853ee000 11425       4       com.google.common.collect.MapMakerInternalMap$StrongKeyWeakValueSegment::maybeDrainReferenceQueues (9 bytes)
Event: 19.127 Thread 0x0000027b853ef000 11426       1       java.lang.invoke.StringConcatFactory$RecipeElement::getTag (5 bytes)
Event: 19.127 Thread 0x0000027b853ef000 nmethod 11426 0x0000027bf61d2010 code [0x0000027bf61d21c0, 0x0000027bf61d2278]
Event: 19.129 Thread 0x0000027b853ee000 nmethod 11425 0x0000027bf61d2310 code [0x0000027bf61d24c0, 0x0000027bf61d2be8]
Event: 19.130 Thread 0x0000027b853ef000 11427       3       java.util.logging.LogManager$LoggerContext::requiresDefaultLoggers (29 bytes)
Event: 19.130 Thread 0x0000027b853ef000 nmethod 11427 0x0000027befd8af10 code [0x0000027befd8b0e0, 0x0000027befd8b2e8]
Event: 19.131 Thread 0x0000027b853ef000 11428       3       java.lang.invoke.LambdaFormEditor$Transform::of (51 bytes)
Event: 19.131 Thread 0x0000027b853ee000 11429   !   4       org.gradle.internal.classloader.FilteringClassLoader::loadClass (62 bytes)
Event: 19.131 Thread 0x0000027b853ef000 nmethod 11428 0x0000027befd8b410 code [0x0000027befd8b660, 0x0000027befd8bec8]

GC Heap History (20 events):
Event: 11.268 GC heap before
{Heap before GC invocations=16 (full 0):
 garbage-first heap   total 157696K, used 111119K [0x0000000080000000, 0x0000000100000000)
  region size 1024K, 55 young (56320K), 4 survivors (4096K)
 Metaspace       used 68346K, capacity 69988K, committed 70056K, reserved 1110016K
  class space    used 8606K, capacity 9236K, committed 9292K, reserved 1048576K
}
Event: 11.274 GC heap after
{Heap after GC invocations=17 (full 0):
 garbage-first heap   total 157696K, used 62725K [0x0000000080000000, 0x0000000100000000)
  region size 1024K, 7 young (7168K), 7 survivors (7168K)
 Metaspace       used 68346K, capacity 69988K, committed 70056K, reserved 1110016K
  class space    used 8606K, capacity 9236K, committed 9292K, reserved 1048576K
}
Event: 11.955 GC heap before
{Heap before GC invocations=17 (full 0):
 garbage-first heap   total 157696K, used 114949K [0x0000000080000000, 0x0000000100000000)
  region size 1024K, 58 young (59392K), 7 survivors (7168K)
 Metaspace       used 74310K, capacity 75939K, committed 76200K, reserved 1116160K
  class space    used 9561K, capacity 10211K, committed 10316K, reserved 1048576K
}
Event: 11.962 GC heap after
{Heap after GC invocations=18 (full 0):
 garbage-first heap   total 157696K, used 66012K [0x0000000080000000, 0x0000000100000000)
  region size 1024K, 8 young (8192K), 8 survivors (8192K)
 Metaspace       used 74310K, capacity 75939K, committed 76200K, reserved 1116160K
  class space    used 9561K, capacity 10211K, committed 10316K, reserved 1048576K
}
Event: 12.571 GC heap before
{Heap before GC invocations=18 (full 0):
 garbage-first heap   total 157696K, used 118236K [0x0000000080000000, 0x0000000100000000)
  region size 1024K, 59 young (60416K), 8 survivors (8192K)
 Metaspace       used 78613K, capacity 80342K, committed 80680K, reserved 1120256K
  class space    used 10159K, capacity 10824K, committed 10956K, reserved 1048576K
}
Event: 12.579 GC heap after
{Heap after GC invocations=19 (full 0):
 garbage-first heap   total 157696K, used 69652K [0x0000000080000000, 0x0000000100000000)
  region size 1024K, 7 young (7168K), 7 survivors (7168K)
 Metaspace       used 78613K, capacity 80342K, committed 80680K, reserved 1120256K
  class space    used 10159K, capacity 10824K, committed 10956K, reserved 1048576K
}
Event: 13.737 GC heap before
{Heap before GC invocations=19 (full 0):
 garbage-first heap   total 157696K, used 121876K [0x0000000080000000, 0x0000000100000000)
  region size 1024K, 58 young (59392K), 7 survivors (7168K)
 Metaspace       used 83808K, capacity 85698K, committed 85928K, reserved 1124352K
  class space    used 10874K, capacity 11574K, committed 11596K, reserved 1048576K
}
Event: 13.751 GC heap after
{Heap after GC invocations=20 (full 0):
 garbage-first heap   total 157696K, used 73122K [0x0000000080000000, 0x0000000100000000)
  region size 1024K, 8 young (8192K), 8 survivors (8192K)
 Metaspace       used 83808K, capacity 85698K, committed 85928K, reserved 1124352K
  class space    used 10874K, capacity 11574K, committed 11596K, reserved 1048576K
}
Event: 14.723 GC heap before
{Heap before GC invocations=20 (full 0):
 garbage-first heap   total 157696K, used 122274K [0x0000000080000000, 0x0000000100000000)
  region size 1024K, 57 young (58368K), 8 survivors (8192K)
 Metaspace       used 86072K, capacity 88267K, committed 88488K, reserved 1126400K
  class space    used 11258K, capacity 12090K, committed 12108K, reserved 1048576K
}
Event: 14.740 GC heap after
{Heap after GC invocations=21 (full 0):
 garbage-first heap   total 157696K, used 76624K [0x0000000080000000, 0x0000000100000000)
  region size 1024K, 7 young (7168K), 7 survivors (7168K)
 Metaspace       used 86072K, capacity 88267K, committed 88488K, reserved 1126400K
  class space    used 11258K, capacity 12090K, committed 12108K, reserved 1048576K
}
Event: 15.547 GC heap before
{Heap before GC invocations=21 (full 0):
 garbage-first heap   total 157696K, used 125776K [0x0000000080000000, 0x0000000100000000)
  region size 1024K, 56 young (57344K), 7 survivors (7168K)
 Metaspace       used 86644K, capacity 88852K, committed 89128K, reserved 1126400K
  class space    used 11294K, capacity 12142K, committed 12236K, reserved 1048576K
}
Event: 15.565 GC heap after
{Heap after GC invocations=22 (full 0):
 garbage-first heap   total 157696K, used 80119K [0x0000000080000000, 0x0000000100000000)
  region size 1024K, 7 young (7168K), 7 survivors (7168K)
 Metaspace       used 86644K, capacity 88852K, committed 89128K, reserved 1126400K
  class space    used 11294K, capacity 12142K, committed 12236K, reserved 1048576K
}
Event: 16.122 GC heap before
{Heap before GC invocations=22 (full 0):
 garbage-first heap   total 157696K, used 126199K [0x0000000080000000, 0x0000000100000000)
  region size 1024K, 53 young (54272K), 7 survivors (7168K)
 Metaspace       used 87094K, capacity 89370K, committed 89640K, reserved 1126400K
  class space    used 11308K, capacity 12155K, committed 12236K, reserved 1048576K
}
Event: 16.143 GC heap after
{Heap after GC invocations=23 (full 0):
 garbage-first heap   total 189440K, used 83822K [0x0000000080000000, 0x0000000100000000)
  region size 1024K, 7 young (7168K), 7 survivors (7168K)
 Metaspace       used 87094K, capacity 89370K, committed 89640K, reserved 1126400K
  class space    used 11308K, capacity 12155K, committed 12236K, reserved 1048576K
}
Event: 16.931 GC heap before
{Heap before GC invocations=24 (full 0):
 garbage-first heap   total 189440K, used 142190K [0x0000000080000000, 0x0000000100000000)
  region size 1024K, 65 young (66560K), 7 survivors (7168K)
 Metaspace       used 89137K, capacity 91384K, committed 91688K, reserved 1128448K
  class space    used 11598K, capacity 12441K, committed 12492K, reserved 1048576K
}
Event: 16.947 GC heap after
{Heap after GC invocations=25 (full 0):
 garbage-first heap   total 189440K, used 87018K [0x0000000080000000, 0x0000000100000000)
  region size 1024K, 7 young (7168K), 7 survivors (7168K)
 Metaspace       used 89137K, capacity 91384K, committed 91688K, reserved 1128448K
  class space    used 11598K, capacity 12441K, committed 12492K, reserved 1048576K
}
Event: 17.611 GC heap before
{Heap before GC invocations=25 (full 0):
 garbage-first heap   total 189440K, used 145386K [0x0000000080000000, 0x0000000100000000)
  region size 1024K, 65 young (66560K), 7 survivors (7168K)
 Metaspace       used 93249K, capacity 95488K, committed 95784K, reserved 1132544K
  class space    used 12094K, capacity 12952K, committed 13004K, reserved 1048576K
}
Event: 17.618 GC heap after
{Heap after GC invocations=26 (full 0):
 garbage-first heap   total 189440K, used 90572K [0x0000000080000000, 0x0000000100000000)
  region size 1024K, 7 young (7168K), 7 survivors (7168K)
 Metaspace       used 93249K, capacity 95488K, committed 95784K, reserved 1132544K
  class space    used 12094K, capacity 12952K, committed 13004K, reserved 1048576K
}
Event: 18.153 GC heap before
{Heap before GC invocations=26 (full 0):
 garbage-first heap   total 189440K, used 147916K [0x0000000080000000, 0x0000000100000000)
  region size 1024K, 64 young (65536K), 7 survivors (7168K)
 Metaspace       used 94737K, capacity 97076K, committed 97320K, reserved 1134592K
  class space    used 12302K, capacity 13186K, committed 13260K, reserved 1048576K
}
Event: 18.165 GC heap after
{Heap after GC invocations=27 (full 0):
 garbage-first heap   total 189440K, used 93599K [0x0000000080000000, 0x0000000100000000)
  region size 1024K, 7 young (7168K), 7 survivors (7168K)
 Metaspace       used 94737K, capacity 97076K, committed 97320K, reserved 1134592K
  class space    used 12302K, capacity 13186K, committed 13260K, reserved 1048576K
}

Deoptimization events (20 events):
Event: 19.139 Thread 0x0000027b8e364000 Uncommon trap: trap_request=0xffffffde fr.pc=0x0000027bf5c20a18 relative=0x0000000000000258
Event: 19.139 Thread 0x0000027b8e364000 Uncommon trap: reason=class_check action=maybe_recompile pc=0x0000027bf5c20a18 method=java.io.DataOutputStream.write(I)V @ 5 c2
Event: 19.139 Thread 0x0000027b8e364000 DEOPT PACKING pc=0x0000027bf5c20a18 sp=0x000000c2fa0fd1b0
Event: 19.139 Thread 0x0000027b8e364000 DEOPT UNPACKING pc=0x0000027bee08a1af sp=0x000000c2fa0fd178 mode 2
Event: 19.139 Thread 0x0000027b8e364000 Uncommon trap: trap_request=0xffffffde fr.pc=0x0000027bf5c20a18 relative=0x0000000000000258
Event: 19.139 Thread 0x0000027b8e364000 Uncommon trap: reason=class_check action=maybe_recompile pc=0x0000027bf5c20a18 method=java.io.DataOutputStream.write(I)V @ 5 c2
Event: 19.139 Thread 0x0000027b8e364000 DEOPT PACKING pc=0x0000027bf5c20a18 sp=0x000000c2fa0fd1b0
Event: 19.139 Thread 0x0000027b8e364000 DEOPT UNPACKING pc=0x0000027bee08a1af sp=0x000000c2fa0fd178 mode 2
Event: 19.139 Thread 0x0000027b8e364000 Uncommon trap: trap_request=0xffffffde fr.pc=0x0000027bf5c20a18 relative=0x0000000000000258
Event: 19.139 Thread 0x0000027b8e364000 Uncommon trap: reason=class_check action=maybe_recompile pc=0x0000027bf5c20a18 method=java.io.DataOutputStream.write(I)V @ 5 c2
Event: 19.139 Thread 0x0000027b8e364000 DEOPT PACKING pc=0x0000027bf5c20a18 sp=0x000000c2fa0fd1b0
Event: 19.140 Thread 0x0000027b8e364000 DEOPT UNPACKING pc=0x0000027bee08a1af sp=0x000000c2fa0fd178 mode 2
Event: 19.140 Thread 0x0000027b8e364000 Uncommon trap: trap_request=0xffffffde fr.pc=0x0000027bf5c20a18 relative=0x0000000000000258
Event: 19.140 Thread 0x0000027b8e364000 Uncommon trap: reason=class_check action=maybe_recompile pc=0x0000027bf5c20a18 method=java.io.DataOutputStream.write(I)V @ 5 c2
Event: 19.140 Thread 0x0000027b8e364000 DEOPT PACKING pc=0x0000027bf5c20a18 sp=0x000000c2fa0fd1b0
Event: 19.140 Thread 0x0000027b8e364000 DEOPT UNPACKING pc=0x0000027bee08a1af sp=0x000000c2fa0fd178 mode 2
Event: 19.140 Thread 0x0000027b8e364000 Uncommon trap: trap_request=0xffffffde fr.pc=0x0000027bf5c2272c relative=0x0000000000000b0c
Event: 19.140 Thread 0x0000027b8e364000 Uncommon trap: reason=class_check action=maybe_recompile pc=0x0000027bf5c2272c method=java.io.DataOutputStream.write(I)V @ 5 c2
Event: 19.140 Thread 0x0000027b8e364000 DEOPT PACKING pc=0x0000027bf5c2272c sp=0x000000c2fa0fd1f0
Event: 19.140 Thread 0x0000027b8e364000 DEOPT UNPACKING pc=0x0000027bee08a1af sp=0x000000c2fa0fd180 mode 2

Classes redefined (0 events):
No events

Internal exceptions (20 events):
Event: 14.445 Thread 0x0000027b8a7d4000 Exception <a 'java/lang/NoSuchMethodError'{0x0000000087cbb558}: 'java.lang.Object java.lang.invoke.DirectMethodHandle$Holder.invokeSpecialIFC(java.lang.Object, java.lang.Object, java.lang.Object)'> (0x0000000087cbb558) thrown at [./src/hotspot/share/interpreter/linkResolver.cpp, line 773]
Event: 15.405 Thread 0x0000027b8c3df000 Exception <a 'java/lang/NoSuchMethodError'{0x0000000086ed4ab8}: 'void java.lang.invoke.DirectMethodHandle$Holder.invokeInterface(java.lang.Object, java.lang.Object, java.lang.Object, java.lang.Object)'> (0x0000000086ed4ab8) thrown at [./src/hotspot/share/interpreter/linkResolver.cpp, line 773]
Event: 15.758 Thread 0x0000027b8a6e7800 Implicit null exception at 0x0000027bf60c58f8 to 0x0000027bf60c626c
Event: 15.916 Thread 0x0000027b8a7cf800 Implicit null exception at 0x0000027bf60d1f59 to 0x0000027bf60d2764
Event: 16.082 Thread 0x0000027b8c3df000 Exception <a 'java/lang/NoSuchMethodError'{0x0000000086de9438}: <clinit>> (0x0000000086de9438) thrown at [./src/hotspot/share/prims/jni.cpp, line 1366]
Event: 16.082 Thread 0x0000027b8c3df000 Exception <a 'java/lang/NoSuchMethodError'{0x0000000086deaa40}: <clinit>> (0x0000000086deaa40) thrown at [./src/hotspot/share/prims/jni.cpp, line 1366]
Event: 16.083 Thread 0x0000027b8c3df000 Exception <a 'java/lang/NoSuchMethodError'{0x0000000086ded8d8}: <clinit>> (0x0000000086ded8d8) thrown at [./src/hotspot/share/prims/jni.cpp, line 1366]
Event: 16.086 Thread 0x0000027b8c3df000 Exception <a 'java/lang/NoSuchMethodError'{0x0000000086c04bc8}: <clinit>> (0x0000000086c04bc8) thrown at [./src/hotspot/share/prims/jni.cpp, line 1366]
Event: 16.087 Thread 0x0000027b8c3df000 Exception <a 'java/lang/NoSuchMethodError'{0x0000000086c05e00}: <clinit>> (0x0000000086c05e00) thrown at [./src/hotspot/share/prims/jni.cpp, line 1366]
Event: 17.597 Thread 0x0000027b8c3df000 Exception <a 'java/lang/NoSuchMethodError'{0x0000000087f1c7c8}: 'void java.lang.invoke.DirectMethodHandle$Holder.invokeVirtual(java.lang.Object, java.lang.Object)'> (0x0000000087f1c7c8) thrown at [./src/hotspot/share/interpreter/linkResolver.cpp, line 773]
Event: 17.770 Thread 0x0000027b8c3df000 Implicit null exception at 0x0000027bf5e6c894 to 0x0000027bf5e6ce84
Event: 17.841 Thread 0x0000027b8c3df000 Exception <a 'java/lang/NoSuchMethodError'{0x000000008aede338}: <clinit>> (0x000000008aede338) thrown at [./src/hotspot/share/prims/jni.cpp, line 1366]
Event: 17.842 Thread 0x0000027b8c3df000 Exception <a 'java/lang/NoSuchMethodError'{0x000000008aefce00}: <clinit>> (0x000000008aefce00) thrown at [./src/hotspot/share/prims/jni.cpp, line 1366]
Event: 17.843 Thread 0x0000027b8c3df000 Exception <a 'java/lang/NoSuchMethodError'{0x000000008aefe678}: <clinit>> (0x000000008aefe678) thrown at [./src/hotspot/share/prims/jni.cpp, line 1366]
Event: 17.850 Thread 0x0000027b8c3df000 Exception <a 'java/lang/NoSuchMethodError'{0x000000008ad61618}: <clinit>> (0x000000008ad61618) thrown at [./src/hotspot/share/prims/jni.cpp, line 1366]
Event: 18.071 Thread 0x0000027b8e364000 Exception <a 'java/lang/NoSuchMethodError'{0x0000000088986da0}: 'void java.lang.invoke.DirectMethodHandle$Holder.invokeStatic(java.lang.Object, long)'> (0x0000000088986da0) thrown at [./src/hotspot/share/interpreter/linkResolver.cpp, line 773]
Event: 18.072 Thread 0x0000027b8e364000 Exception <a 'java/lang/NoSuchMethodError'{0x000000008899afe0}: 'java.lang.Object java.lang.invoke.DirectMethodHandle$Holder.invokeStatic(java.lang.Object, long)'> (0x000000008899afe0) thrown at [./src/hotspot/share/interpreter/linkResolver.cpp, line 773]
Event: 18.075 Thread 0x0000027b8e364000 Exception <a 'java/lang/NoSuchMethodError'{0x0000000088823968}: 'java.lang.Object java.lang.invoke.DirectMethodHandle$Holder.invokeStaticInit(java.lang.Object, java.lang.Object, long, java.lang.Object)'> (0x0000000088823968) thrown at [./src/hotspot/share/interpreter/linkResolver.cpp, line 773]
Event: 18.075 Thread 0x0000027b8e364000 Exception <a 'java/lang/NoSuchMethodError'{0x0000000088829d40}: 'java.lang.Object java.lang.invoke.DirectMethodHandle$Holder.invokeStatic(java.lang.Object, java.lang.Object, long)'> (0x0000000088829d40) thrown at [./src/hotspot/share/interpreter/linkResolver.cpp, line 773]
Event: 18.075 Thread 0x0000027b8e364000 Exception <a 'java/lang/NoSuchMethodError'{0x00000000888307a0}: 'java.lang.Object java.lang.invoke.Invokers$Holder.linkToTargetMethod(java.lang.Object, long, java.lang.Object)'> (0x00000000888307a0) thrown at [./src/hotspot/share/interpreter/linkResolver.cpp, line 773]

Events (20 events):
Event: 19.137 Executing VM operation: Deoptimize
Event: 19.138 Executing VM operation: Deoptimize done
Event: 19.139 Executing VM operation: RevokeBias
Event: 19.139 Executing VM operation: RevokeBias done
Event: 19.140 loading class java/net/Socket$2
Event: 19.140 loading class java/net/Socket$2 done
Event: 19.140 loading class java/net/SocketInputStream
Event: 19.141 loading class java/net/SocketInputStream done
Event: 19.159 loading class sun/rmi/transport/StreamRemoteCall
Event: 19.159 loading class java/rmi/server/RemoteCall
Event: 19.159 loading class java/rmi/server/RemoteCall done
Event: 19.160 loading class sun/rmi/transport/StreamRemoteCall done
Event: 19.160 loading class sun/rmi/transport/ConnectionOutputStream
Event: 19.160 loading class sun/rmi/server/MarshalOutputStream
Event: 19.160 loading class sun/rmi/server/MarshalOutputStream done
Event: 19.160 Executing VM operation: Deoptimize
Event: 19.161 Executing VM operation: Deoptimize done
Event: 19.161 loading class sun/rmi/transport/ConnectionOutputStream done
Event: 19.162 loading class sun/rmi/server/MarshalOutputStream$1
Event: 19.162 loading class sun/rmi/server/MarshalOutputStream$1 done


Dynamic libraries:
0x00007ff7a5e60000 - 0x00007ff7a5e6a000 	C:\Program Files\Android\Android Studio3\jre\bin\java.exe
0x00007ffb0e490000 - 0x00007ffb0e688000 	C:\WINDOWS\SYSTEM32\ntdll.dll
0x00007ffb0da80000 - 0x00007ffb0db3f000 	C:\WINDOWS\System32\KERNEL32.DLL
0x00007ffb0c1f0000 - 0x00007ffb0c4c2000 	C:\WINDOWS\System32\KERNELBASE.dll
0x00007ffb0c000000 - 0x00007ffb0c100000 	C:\WINDOWS\System32\ucrtbase.dll
0x00007ffb09490000 - 0x00007ffb094a9000 	C:\Program Files\Android\Android Studio3\jre\bin\jli.dll
0x00007ffb08ae0000 - 0x00007ffb08af7000 	C:\Program Files\Android\Android Studio3\jre\bin\VCRUNTIME140.dll
0x00007ffb0c780000 - 0x00007ffb0c921000 	C:\WINDOWS\System32\USER32.dll
0x00007ffb0c1c0000 - 0x00007ffb0c1e2000 	C:\WINDOWS\System32\win32u.dll
0x00007ffb0af80000 - 0x00007ffb0b21a000 	C:\WINDOWS\WinSxS\amd64_microsoft.windows.common-controls_6595b64144ccf1df_6.0.19041.1110_none_60b5254171f9507e\COMCTL32.dll
0x00007ffb0dc00000 - 0x00007ffb0dc2b000 	C:\WINDOWS\System32\GDI32.dll
0x00007ffb0e280000 - 0x00007ffb0e31e000 	C:\WINDOWS\System32\msvcrt.dll
0x00007ffb0be40000 - 0x00007ffb0bf4f000 	C:\WINDOWS\System32\gdi32full.dll
0x00007ffb0bd10000 - 0x00007ffb0bdad000 	C:\WINDOWS\System32\msvcp_win.dll
0x00007ffb0db40000 - 0x00007ffb0db72000 	C:\WINDOWS\System32\IMM32.DLL
0x00007ffaec980000 - 0x00007ffaeca1d000 	C:\Program Files\Android\Android Studio3\jre\bin\msvcp140.dll
0x00007ffad2260000 - 0x00007ffad2d62000 	C:\Program Files\Android\Android Studio3\jre\bin\server\jvm.dll
0x00007ffb0d080000 - 0x00007ffb0d12e000 	C:\WINDOWS\System32\ADVAPI32.dll
0x00007ffb0c600000 - 0x00007ffb0c69c000 	C:\WINDOWS\System32\sechost.dll
0x00007ffb0c4d0000 - 0x00007ffb0c5f5000 	C:\WINDOWS\System32\RPCRT4.dll
0x00007ffb0da00000 - 0x00007ffb0da08000 	C:\WINDOWS\System32\PSAPI.DLL
0x00007ffb094b0000 - 0x00007ffb094ba000 	C:\WINDOWS\SYSTEM32\VERSION.dll
0x00007ffaebc10000 - 0x00007ffaebc37000 	C:\WINDOWS\SYSTEM32\WINMM.dll
0x00007ffb059c0000 - 0x00007ffb059c9000 	C:\WINDOWS\SYSTEM32\WSOCK32.dll
0x00007ffb0da10000 - 0x00007ffb0da7b000 	C:\WINDOWS\System32\WS2_32.dll
0x00007ffb09d60000 - 0x00007ffb09d72000 	C:\WINDOWS\SYSTEM32\kernel.appcore.dll
0x00007ffb06e20000 - 0x00007ffb06e31000 	C:\Program Files\Android\Android Studio3\jre\bin\verify.dll
0x00007ffb0b410000 - 0x00007ffb0b5f4000 	C:\WINDOWS\SYSTEM32\DBGHELP.DLL
0x00007ffb0b350000 - 0x00007ffb0b385000 	C:\WINDOWS\SYSTEM32\dbgcore.DLL
0x00007ffb0bdb0000 - 0x00007ffb0be32000 	C:\WINDOWS\System32\bcryptPrimitives.dll
0x00007ffafa1e0000 - 0x00007ffafa209000 	C:\Program Files\Android\Android Studio3\jre\bin\java.dll
0x00007ffb094c0000 - 0x00007ffb094cb000 	C:\Program Files\Android\Android Studio3\jre\bin\jimage.dll
0x00007ffb05e60000 - 0x00007ffb05e78000 	C:\Program Files\Android\Android Studio3\jre\bin\zip.dll
0x00007ffb0c930000 - 0x00007ffb0d074000 	C:\WINDOWS\System32\SHELL32.dll
0x00007ffb095b0000 - 0x00007ffb09d42000 	C:\WINDOWS\SYSTEM32\windows.storage.dll
0x00007ffb0dce0000 - 0x00007ffb0e035000 	C:\WINDOWS\System32\combase.dll
0x00007ffb0aee0000 - 0x00007ffb0af10000 	C:\WINDOWS\SYSTEM32\Wldp.dll
0x00007ffb0d130000 - 0x00007ffb0d1dd000 	C:\WINDOWS\System32\SHCORE.dll
0x00007ffb0d530000 - 0x00007ffb0d585000 	C:\WINDOWS\System32\shlwapi.dll
0x00007ffb0bac0000 - 0x00007ffb0badf000 	C:\WINDOWS\SYSTEM32\profapi.dll
0x00007ffb04ee0000 - 0x00007ffb04efa000 	C:\Program Files\Android\Android Studio3\jre\bin\net.dll
0x00007ffb01d00000 - 0x00007ffb01e0c000 	C:\WINDOWS\SYSTEM32\WINHTTP.dll
0x00007ffb0adb0000 - 0x00007ffb0ae1a000 	C:\WINDOWS\system32\mswsock.dll
0x00007ffafa1c0000 - 0x00007ffafa1d4000 	C:\Program Files\Android\Android Studio3\jre\bin\nio.dll
0x00007ffaf9f60000 - 0x00007ffaf9f87000 	C:\Users\Marko\.gradle\native\e1d6ef7f7dcc3fd88c89a11ec53ec762bb8ba0a96d01ffa2cd45eb1d1d8dd5c5\windows-amd64\native-platform.dll
0x00007ffadc3e0000 - 0x00007ffadc524000 	C:\Users\Marko\.gradle\native\0d407fdbe67a94daf76414ababcb853783967236a71b16ec16e742cd7a986fd3\windows-amd64\native-platform-file-events.dll
0x00007ffb09460000 - 0x00007ffb0946a000 	C:\Program Files\Android\Android Studio3\jre\bin\management.dll
0x00007ffb090e0000 - 0x00007ffb090ed000 	C:\Program Files\Android\Android Studio3\jre\bin\management_ext.dll
0x00007ffb0b910000 - 0x00007ffb0b928000 	C:\WINDOWS\SYSTEM32\CRYPTSP.dll
0x00007ffb0a550000 - 0x00007ffb0a584000 	C:\WINDOWS\system32\rsaenh.dll
0x00007ffb0bce0000 - 0x00007ffb0bd07000 	C:\WINDOWS\System32\bcrypt.dll
0x00007ffb0ba80000 - 0x00007ffb0baae000 	C:\WINDOWS\SYSTEM32\USERENV.dll
0x00007ffb0aea0000 - 0x00007ffb0aeac000 	C:\WINDOWS\SYSTEM32\CRYPTBASE.dll
0x00007ffb0a930000 - 0x00007ffb0a96b000 	C:\WINDOWS\SYSTEM32\IPHLPAPI.DLL
0x00007ffb0e270000 - 0x00007ffb0e278000 	C:\WINDOWS\System32\NSI.dll
0x00007ffb03180000 - 0x00007ffb03197000 	C:\WINDOWS\SYSTEM32\dhcpcsvc6.DLL
0x00007ffb03160000 - 0x00007ffb0317d000 	C:\WINDOWS\SYSTEM32\dhcpcsvc.DLL
0x00007ffb0a970000 - 0x00007ffb0aa3a000 	C:\WINDOWS\SYSTEM32\DNSAPI.dll
0x00007ffb06e40000 - 0x00007ffb06e5e000 	C:\Users\Marko\AppData\Local\Temp\native-platform9604246440830044471dir\native-platform.dll
0x00007ffb09480000 - 0x00007ffb09488000 	C:\Program Files\Android\Android Studio3\jre\bin\rmi.dll

dbghelp: loaded successfully - version: 4.0.5 - missing functions: none
symbol engine: initialized successfully - sym options: 0x614 - pdb path: .;C:\Program Files\Android\Android Studio3\jre\bin;C:\WINDOWS\SYSTEM32;C:\WINDOWS\WinSxS\amd64_microsoft.windows.common-controls_6595b64144ccf1df_6.0.19041.1110_none_60b5254171f9507e;C:\Program Files\Android\Android Studio3\jre\bin\server;C:\Users\Marko\.gradle\native\e1d6ef7f7dcc3fd88c89a11ec53ec762bb8ba0a96d01ffa2cd45eb1d1d8dd5c5\windows-amd64;C:\Users\Marko\.gradle\native\0d407fdbe67a94daf76414ababcb853783967236a71b16ec16e742cd7a986fd3\windows-amd64;C:\Users\Marko\AppData\Local\Temp\native-platform9604246440830044471dir

VM Arguments:
jvm_args: --add-opens=java.base/java.util=ALL-UNNAMED --add-opens=java.base/java.lang=ALL-UNNAMED --add-opens=java.base/java.lang.invoke=ALL-UNNAMED --add-opens=java.base/java.util=ALL-UNNAMED --add-opens=java.prefs/java.util.prefs=ALL-UNNAMED --add-opens=java.prefs/java.util.prefs=ALL-UNNAMED --add-opens=java.base/java.nio.charset=ALL-UNNAMED --add-opens=java.base/java.net=ALL-UNNAMED --add-opens=java.base/java.util.concurrent.atomic=ALL-UNNAMED -Xmx2048m -Dfile.encoding=UTF-8 -Duser.country=US -Duser.language=en -Duser.variant 
java_command: org.gradle.launcher.daemon.bootstrap.GradleDaemon 7.4
java_class_path (initial): C:\Users\Marko\.gradle\wrapper\dists\gradle-7.4-bin\c0gwcg53nkjbqw7r0h0umtfvt\gradle-7.4\lib\gradle-launcher-7.4.jar
Launcher Type: SUN_STANDARD

[Global flags]
     intx CICompilerCount                          = 4                                         {product} {ergonomic}
     uint ConcGCThreads                            = 2                                         {product} {ergonomic}
     uint G1ConcRefinementThreads                  = 8                                         {product} {ergonomic}
   size_t G1HeapRegionSize                         = 1048576                                   {product} {ergonomic}
    uintx GCDrainStackTargetSize                   = 64                                        {product} {ergonomic}
   size_t InitialHeapSize                          = 134217728                                 {product} {ergonomic}
   size_t MarkStackSize                            = 4194304                                   {product} {ergonomic}
   size_t MaxHeapSize                              = 2147483648                                {product} {command line}
   size_t MaxNewSize                               = 1287651328                                {product} {ergonomic}
   size_t MinHeapDeltaBytes                        = 1048576                                   {product} {ergonomic}
    uintx NonNMethodCodeHeapSize                   = 5836300                                {pd product} {ergonomic}
    uintx NonProfiledCodeHeapSize                  = 122910970                              {pd product} {ergonomic}
    uintx ProfiledCodeHeapSize                     = 122910970                              {pd product} {ergonomic}
    uintx ReservedCodeCacheSize                    = 251658240                              {pd product} {ergonomic}
     bool SegmentedCodeCache                       = true                                      {product} {ergonomic}
     bool UseCompressedClassPointers               = true                                 {lp64_product} {ergonomic}
     bool UseCompressedOops                        = true                                 {lp64_product} {ergonomic}
     bool UseG1GC                                  = true                                      {product} {ergonomic}
     bool UseLargePagesIndividualAllocation        = false                                  {pd product} {ergonomic}

Logging:
Log output configuration:
 #0: stdout all=warning uptime,level,tags
 #1: stderr all=off uptime,level,tags

Environment Variables:
PATH=C:\Program Files (x86)\VMware\VMware Player\bin\;C:\Python39\Scripts\;C:\Python39\;C:\Program Files (x86)\Common Files\Oracle\Java\javapath;C:\WINDOWS\system32;C:\WINDOWS;C:\WINDOWS\System32\Wbem;C:\WINDOWS\System32\WindowsPowerShell\v1.0\;C:\WINDOWS\System32\OpenSSH\;C:\Program Files (x86)\Bitvise SSH Client;C:\Program Files\nodejs\;C:\ProgramData\chocolatey\bin;C:\Program Files\Git\cmd;C:\Users\Marko\AppData\Local\Microsoft\WindowsApps;C:\Program Files (x86)\SSH Communications Security\SSH Secure Shell;C:\Users\Marko\AppData\Local\Programs\Microsoft VS Code\bin;C:\MinGW\bin;C:\Users\Marko\AppData\Roaming\npm;C:\Users\Marko\Downloads\flutter\bin;
USERNAME=Marko
OS=Windows_NT
PROCESSOR_IDENTIFIER=Intel64 Family 6 Model 142 Stepping 10, GenuineIntel



---------------  S Y S T E M  ---------------

OS: Windows 10 , 64 bit Build 19041 (10.0.19041.2364)
OS uptime: 1 days 0:12 hours

CPU:total 8 (initial active 8) (4 cores per cpu, 2 threads per core) family 6 model 142 stepping 10 microcode 0xb4, cmov, cx8, fxsr, mmx, sse, sse2, sse3, ssse3, sse4.1, sse4.2, popcnt, avx, avx2, aes, clmul, erms, 3dnowpref, lzcnt, ht, tsc, tscinvbit, bmi1, bmi2, adx, fma

Memory: 4k page, system-wide physical 8101M (899M free)
TotalPageFile size 10661M (AvailPageFile size 6M)
current process WorkingSet (physical memory assigned to process): 469M, peak: 479M
current process commit charge ("private bytes"): 507M, peak: 518M

vm_info: OpenJDK 64-Bit Server VM (11.0.13+0-b1751.21-8125866) for windows-amd64 JRE (11.0.13+0-b1751.21-8125866), built on Feb  2 2022 03:00:22 by "builder" with MS VC++ 14.0 (VS2015)

END.
