#
# There is insufficient memory for the Java Runtime Environment to continue.
# Native memory allocation (malloc) failed to allocate 962896 bytes for Chunk::new
# Possible reasons:
#   The system is out of physical RAM or swap space
#   The process is running with CompressedOops enabled, and the Java Heap may be blocking the growth of the native heap
# Possible solutions:
#   Reduce memory load on the system
#   Increase physical memory or swap space
#   Check if swap backing store is full
#   Decrease Java heap size (-Xmx/-Xms)
#   Decrease number of Java threads
#   Decrease Java thread stack sizes (-Xss)
#   Set larger code cache with -XX:ReservedCodeCacheSize=
#   JVM is running with Unscaled Compressed Oops mode in which the Java heap is
#     placed in the first 4GB address space. The Java Heap base address is the
#     maximum limit for the native heap growth. Please use -XX:HeapBaseMinAddress
#     to set the Java Heap base and to place the Java Heap above 4GB virtual address.
# This output file may be truncated or incomplete.
#
#  Out of Memory Error (./src/hotspot/share/memory/arena.cpp:197), pid=4056, tid=6760
#
# JRE version: OpenJDK Runtime Environment (11.0.13) (build 11.0.13+0-b1751.21-8125866)
# Java VM: OpenJDK 64-Bit Server VM (11.0.13+0-b1751.21-8125866, mixed mode, tiered, compressed oops, g1 gc, windows-amd64)
# No core dump will be written. Minidumps are not enabled by default on client versions of Windows
#

---------------  S U M M A R Y ------------

Command Line: --add-opens=java.base/java.util=ALL-UNNAMED --add-opens=java.base/java.lang=ALL-UNNAMED --add-opens=java.base/java.lang.invoke=ALL-UNNAMED --add-opens=java.base/java.util=ALL-UNNAMED --add-opens=java.prefs/java.util.prefs=ALL-UNNAMED --add-opens=java.prefs/java.util.prefs=ALL-UNNAMED --add-opens=java.base/java.nio.charset=ALL-UNNAMED --add-opens=java.base/java.net=ALL-UNNAMED --add-opens=java.base/java.util.concurrent.atomic=ALL-UNNAMED -Xmx2048m -Dfile.encoding=UTF-8 -Duser.country=US -Duser.language=en -Duser.variant org.gradle.launcher.daemon.bootstrap.GradleDaemon 7.4

Host: Intel(R) Core(TM) i5-8250U CPU @ 1.60GHz, 8 cores, 7G,  Windows 10 , 64 bit Build 19041 (10.0.19041.2364)
Time: Sun Dec 25 23:56:29 2022 Central Europe Standard Time elapsed time: 208.545530 seconds (0d 0h 3m 28s)

---------------  T H R E A D  ---------------

Current thread (0x0000023264591000):  JavaThread "C2 CompilerThread2" daemon [_thread_in_native, id=6760, stack(0x000000f9b7800000,0x000000f9b7900000)]


Current CompileTask:
C2: 208545 13431       4       java.lang.reflect.AccessibleObject::checkAccess (40 bytes)

Stack: [0x000000f9b7800000,0x000000f9b7900000]
Native frames: (J=compiled Java code, j=interpreted, Vv=VM code, C=native code)
V  [jvm.dll+0x6100fa]
V  [jvm.dll+0x747090]
V  [jvm.dll+0x7486ad]
V  [jvm.dll+0x748d83]
V  [jvm.dll+0x24ab48]
V  [jvm.dll+0xc04dc]
V  [jvm.dll+0xc0a0c]
V  [jvm.dll+0x35eb9d]
V  [jvm.dll+0x19d7bc]
V  [jvm.dll+0x2033be]
V  [jvm.dll+0x202437]
V  [jvm.dll+0x188e01]
V  [jvm.dll+0x21106b]
V  [jvm.dll+0x20f8c1]
V  [jvm.dll+0x70de0f]
V  [jvm.dll+0x706a75]
V  [jvm.dll+0x60ed66]
C  [ucrtbase.dll+0x21bb2]
C  [KERNEL32.DLL+0x17614]
C  [ntdll.dll+0x526a1]


---------------  P R O C E S S  ---------------

Threads class SMR info:
_java_thread_list=0x000002326636d940, length=136, elements={
0x0000023245d3f000, 0x00000232601e0800, 0x00000232601ed800, 0x00000232601fc800,
0x00000232601fe800, 0x0000023260201000, 0x0000023260203800, 0x000002326020c800,
0x0000023260213000, 0x0000023260cb9800, 0x0000023263238000, 0x0000023260ecb800,
0x0000023263c60800, 0x00000232623c4000, 0x00000232623c0800, 0x00000232623c2800,
0x00000232623c0000, 0x00000232623c3000, 0x000002326682a000, 0x000002326682d000,
0x0000023266828800, 0x000002326682b000, 0x000002326682c800, 0x000002326477b800,
0x000002326477e000, 0x000002326477d800, 0x0000023264780000, 0x0000023264780800,
0x000002326477b000, 0x0000023264772800, 0x0000023264773800, 0x0000023264777000,
0x0000023264774800, 0x0000023264777800, 0x0000023264775000, 0x0000023264772000,
0x000002326458f000, 0x0000023264591000, 0x0000023264778800, 0x0000023264776000,
0x000002326477c800, 0x000002326477f000, 0x0000023264779000, 0x000002326477a000,
0x000002326682b800, 0x0000023266827800, 0x0000023266831800, 0x0000023266830800,
0x0000023266834000, 0x000002326682e000, 0x0000023266832000, 0x0000023266833000,
0x0000023266834800, 0x000002326682f000, 0x0000023266835800, 0x000002326682f800,
0x0000023266836000, 0x00000232623c5000, 0x00000232623c1800, 0x00000232623bf000,
0x00000232623c5800, 0x00000232662b8000, 0x00000232662b6800, 0x00000232662b7800,
0x00000232662ba000, 0x00000232662b6000, 0x00000232662b9000, 0x00000232662b4000,
0x00000232662ba800, 0x00000232662b5000, 0x00000232662bd000, 0x00000232662bb800,
0x00000232662c1000, 0x00000232662be000, 0x00000232662bc800, 0x00000232662c2000,
0x00000232662c3000, 0x00000232662bf000, 0x00000232662bf800, 0x00000232662c0800,
0x00000232624e2000, 0x00000232624e2800, 0x00000232624e3800, 0x00000232624e4800,
0x00000232624e0000, 0x00000232624df800, 0x00000232624de800, 0x00000232624e5000,
0x00000232624e6000, 0x00000232624e6800, 0x00000232624e1000, 0x00000232624eb000,
0x00000232624ec800, 0x00000232624e9000, 0x00000232624eb800, 0x00000232624ea000,
0x00000232624e7800, 0x00000232624ed000, 0x00000232624e8800, 0x0000023265e49800,
0x0000023265e4d800, 0x0000023265e4b000, 0x0000023265e4a800, 0x0000023265e4e800,
0x0000023265e48800, 0x0000023265e4f000, 0x0000023265e50000, 0x0000023265e4d000,
0x0000023265e51000, 0x0000023265e51800, 0x0000023265e4c000, 0x0000023265e52800,
0x0000023265e53800, 0x0000023265e55000, 0x0000023265e56000, 0x0000023265e56800,
0x0000023265e54000, 0x0000023265e57800, 0x00000232669bb800, 0x00000232669c0000,
0x00000232669c0800, 0x00000232669bc800, 0x00000232669be000, 0x00000232669bf000,
0x00000232669bd800, 0x00000232669c2000, 0x00000232669c4000, 0x00000232669c6800,
0x00000232669c4800, 0x00000232669c7000, 0x00000232669c5800, 0x00000232669c1800,
0x00000232669c9000, 0x00000232669c8000, 0x00000232669c3000, 0x00000232669c9800
}

Java Threads: ( => current thread )
  0x0000023245d3f000 JavaThread "main" [_thread_blocked, id=7536, stack(0x000000f9b5d00000,0x000000f9b5e00000)]
  0x00000232601e0800 JavaThread "Reference Handler" daemon [_thread_blocked, id=2932, stack(0x000000f9b6400000,0x000000f9b6500000)]
  0x00000232601ed800 JavaThread "Finalizer" daemon [_thread_blocked, id=8896, stack(0x000000f9b6500000,0x000000f9b6600000)]
  0x00000232601fc800 JavaThread "Signal Dispatcher" daemon [_thread_blocked, id=12960, stack(0x000000f9b6600000,0x000000f9b6700000)]
  0x00000232601fe800 JavaThread "Attach Listener" daemon [_thread_blocked, id=10484, stack(0x000000f9b6700000,0x000000f9b6800000)]
  0x0000023260201000 JavaThread "Service Thread" daemon [_thread_blocked, id=10164, stack(0x000000f9b6800000,0x000000f9b6900000)]
  0x0000023260203800 JavaThread "C2 CompilerThread0" daemon [_thread_in_native, id=1148, stack(0x000000f9b6900000,0x000000f9b6a00000)]
  0x000002326020c800 JavaThread "C1 CompilerThread0" daemon [_thread_blocked, id=9436, stack(0x000000f9b6a00000,0x000000f9b6b00000)]
  0x0000023260213000 JavaThread "Sweeper thread" daemon [_thread_blocked, id=6688, stack(0x000000f9b6b00000,0x000000f9b6c00000)]
  0x0000023260cb9800 JavaThread "Common-Cleaner" daemon [_thread_blocked, id=12676, stack(0x000000f9b6c00000,0x000000f9b6d00000)]
  0x0000023263238000 JavaThread "Daemon health stats" [_thread_blocked, id=3380, stack(0x000000f9b7200000,0x000000f9b7300000)]
  0x0000023260ecb800 JavaThread "Incoming local TCP Connector on port 61118" [_thread_in_native, id=6056, stack(0x000000f9b6e00000,0x000000f9b6f00000)]
  0x0000023263c60800 JavaThread "Daemon periodic checks" [_thread_blocked, id=5864, stack(0x000000f9b6f00000,0x000000f9b7000000)]
  0x00000232623c4000 JavaThread "Cache worker for journal cache (C:\Users\Marko\.gradle\caches\journal-1)" [_thread_blocked, id=1720, stack(0x000000f9b7f00000,0x000000f9b8000000)]
  0x00000232623c0800 JavaThread "File lock request listener" [_thread_in_native, id=11952, stack(0x000000f9b8000000,0x000000f9b8100000)]
  0x00000232623c2800 JavaThread "Cache worker for file hash cache (C:\Users\Marko\.gradle\caches\7.4\fileHashes)" [_thread_blocked, id=8824, stack(0x000000f9b8100000,0x000000f9b8200000)]
  0x00000232623c0000 JavaThread "File watcher server" daemon [_thread_in_native, id=9388, stack(0x000000f9b8500000,0x000000f9b8600000)]
  0x00000232623c3000 JavaThread "File watcher consumer" daemon [_thread_blocked, id=2808, stack(0x000000f9b8600000,0x000000f9b8700000)]
  0x000002326682a000 JavaThread "Cache worker for execution history cache (C:\Users\Marko\.gradle\caches\7.4\executionHistory)" [_thread_blocked, id=11176, stack(0x000000f9b8b00000,0x000000f9b8c00000)]
  0x000002326682d000 JavaThread "jar transforms" [_thread_blocked, id=3600, stack(0x000000f9b8c00000,0x000000f9b8d00000)]
  0x0000023266828800 JavaThread "Cache worker for file content cache (C:\Users\Marko\.gradle\caches\7.4\fileContent)" [_thread_blocked, id=2352, stack(0x000000f9b8d00000,0x000000f9b8e00000)]
  0x000002326682b000 JavaThread "jar transforms Thread 2" [_thread_blocked, id=12080, stack(0x000000f9b8e00000,0x000000f9b8f00000)]
  0x000002326682c800 JavaThread "jar transforms Thread 3" [_thread_blocked, id=10932, stack(0x000000f9b9000000,0x000000f9b9100000)]
  0x000002326477b800 JavaThread "jar transforms Thread 4" [_thread_blocked, id=7940, stack(0x000000f9be200000,0x000000f9be300000)]
  0x000002326477e000 JavaThread "jar transforms Thread 5" [_thread_blocked, id=13372, stack(0x000000f9be300000,0x000000f9be400000)]
  0x000002326477d800 JavaThread "jar transforms Thread 6" [_thread_blocked, id=13048, stack(0x000000f9be400000,0x000000f9be500000)]
  0x0000023264780000 JavaThread "jar transforms Thread 7" [_thread_blocked, id=13488, stack(0x000000f9be500000,0x000000f9be600000)]
  0x0000023264780800 JavaThread "jar transforms Thread 8" [_thread_blocked, id=13668, stack(0x000000f9be600000,0x000000f9be700000)]
  0x000002326477b000 JavaThread "Memory manager" [_thread_blocked, id=1620, stack(0x000000f9be700000,0x000000f9be800000)]
  0x0000023264772800 JavaThread "Daemon Thread 2" [_thread_blocked, id=2424, stack(0x000000f9b5a00000,0x000000f9b5b00000)]
  0x0000023264773800 JavaThread "Handler for socket connection from /127.0.0.1:61118 to /127.0.0.1:61135" [_thread_in_native, id=11748, stack(0x000000f9b5b00000,0x000000f9b5c00000)]
  0x0000023264777000 JavaThread "Cancel handler" [_thread_blocked, id=12784, stack(0x000000f9b5c00000,0x000000f9b5d00000)]
  0x0000023264774800 JavaThread "Daemon worker Thread 2" [_thread_blocked, id=6464, stack(0x000000f9b7300000,0x000000f9b7400000)]
  0x0000023264777800 JavaThread "Asynchronous log dispatcher for DefaultDaemonConnection: socket connection from /127.0.0.1:61118 to /127.0.0.1:61135" [_thread_blocked, id=7972, stack(0x000000f9b7400000,0x000000f9b7500000)]
  0x0000023264775000 JavaThread "Stdin handler" [_thread_blocked, id=13420, stack(0x000000f9b7500000,0x000000f9b7600000)]
  0x0000023264772000 JavaThread "Daemon client event forwarder" [_thread_blocked, id=11260, stack(0x000000f9b7600000,0x000000f9b7700000)]
  0x000002326458f000 JavaThread "C2 CompilerThread1" daemon [_thread_blocked, id=14072, stack(0x000000f9b7700000,0x000000f9b7800000)]
=>0x0000023264591000 JavaThread "C2 CompilerThread2" daemon [_thread_in_native, id=6760, stack(0x000000f9b7800000,0x000000f9b7900000)]
  0x0000023264778800 JavaThread "Cache worker for checksums cache (C:\Users\Marko\AndroidStudioProjects\Restaurants\.gradle\7.4\checksums)" [_thread_blocked, id=9400, stack(0x000000f9b7900000,0x000000f9b7a00000)]
  0x0000023264776000 JavaThread "Cache worker for cache directory md-rule (C:\Users\Marko\.gradle\caches\7.4\md-rule)" [_thread_blocked, id=11284, stack(0x000000f9b8300000,0x000000f9b8400000)]
  0x000002326477c800 JavaThread "Cache worker for file hash cache (C:\Users\Marko\AndroidStudioProjects\Restaurants\.gradle\7.4\fileHashes)" [_thread_blocked, id=1360, stack(0x000000f9b8400000,0x000000f9b8500000)]
  0x000002326477f000 JavaThread "Cache worker for cache directory md-supplier (C:\Users\Marko\.gradle\caches\7.4\md-supplier)" [_thread_blocked, id=4632, stack(0x000000f9b9100000,0x000000f9b9200000)]
  0x0000023264779000 JavaThread "Cache worker for dependencies-accessors (C:\Users\Marko\AndroidStudioProjects\Restaurants\.gradle\7.4\dependencies-accessors)" [_thread_blocked, id=1020, stack(0x000000f9b9200000,0x000000f9b9300000)]
  0x000002326477a000 JavaThread "Cache worker for Build Output Cleanup Cache (C:\Users\Marko\AndroidStudioProjects\Restaurants\.gradle\buildOutputCleanup)" [_thread_blocked, id=5380, stack(0x000000f9b9300000,0x000000f9b9400000)]
  0x000002326682b800 JavaThread "Unconstrained build operations" [_thread_blocked, id=6288, stack(0x000000f9b9400000,0x000000f9b9500000)]
  0x0000023266827800 JavaThread "Unconstrained build operations Thread 2" [_thread_blocked, id=2756, stack(0x000000f9b9500000,0x000000f9b9600000)]
  0x0000023266831800 JavaThread "Unconstrained build operations Thread 3" [_thread_blocked, id=14128, stack(0x000000f9b9600000,0x000000f9b9700000)]
  0x0000023266830800 JavaThread "Unconstrained build operations Thread 4" [_thread_blocked, id=1316, stack(0x000000f9b9700000,0x000000f9b9800000)]
  0x0000023266834000 JavaThread "Unconstrained build operations Thread 5" [_thread_blocked, id=7892, stack(0x000000f9b9800000,0x000000f9b9900000)]
  0x000002326682e000 JavaThread "Unconstrained build operations Thread 6" [_thread_blocked, id=13324, stack(0x000000f9b9900000,0x000000f9b9a00000)]
  0x0000023266832000 JavaThread "Unconstrained build operations Thread 7" [_thread_blocked, id=8468, stack(0x000000f9b9a00000,0x000000f9b9b00000)]
  0x0000023266833000 JavaThread "Unconstrained build operations Thread 8" [_thread_blocked, id=6276, stack(0x000000f9b9b00000,0x000000f9b9c00000)]
  0x0000023266834800 JavaThread "Unconstrained build operations Thread 9" [_thread_blocked, id=8748, stack(0x000000f9b9c00000,0x000000f9b9d00000)]
  0x000002326682f000 JavaThread "Unconstrained build operations Thread 10" [_thread_blocked, id=11784, stack(0x000000f9b9d00000,0x000000f9b9e00000)]
  0x0000023266835800 JavaThread "Unconstrained build operations Thread 11" [_thread_blocked, id=1216, stack(0x000000f9b9e00000,0x000000f9b9f00000)]
  0x000002326682f800 JavaThread "Unconstrained build operations Thread 12" [_thread_blocked, id=2564, stack(0x000000f9b9f00000,0x000000f9ba000000)]
  0x0000023266836000 JavaThread "Unconstrained build operations Thread 13" [_thread_blocked, id=10324, stack(0x000000f9ba000000,0x000000f9ba100000)]
  0x00000232623c5000 JavaThread "Unconstrained build operations Thread 14" [_thread_blocked, id=4168, stack(0x000000f9ba100000,0x000000f9ba200000)]
  0x00000232623c1800 JavaThread "Unconstrained build operations Thread 15" [_thread_blocked, id=1572, stack(0x000000f9ba200000,0x000000f9ba300000)]
  0x00000232623bf000 JavaThread "Unconstrained build operations Thread 16" [_thread_blocked, id=7296, stack(0x000000f9ba300000,0x000000f9ba400000)]
  0x00000232623c5800 JavaThread "Unconstrained build operations Thread 17" [_thread_blocked, id=12928, stack(0x000000f9ba400000,0x000000f9ba500000)]
  0x00000232662b8000 JavaThread "Unconstrained build operations Thread 18" [_thread_blocked, id=7456, stack(0x000000f9ba500000,0x000000f9ba600000)]
  0x00000232662b6800 JavaThread "Unconstrained build operations Thread 19" [_thread_blocked, id=8924, stack(0x000000f9ba600000,0x000000f9ba700000)]
  0x00000232662b7800 JavaThread "Unconstrained build operations Thread 20" [_thread_blocked, id=3432, stack(0x000000f9ba700000,0x000000f9ba800000)]
  0x00000232662ba000 JavaThread "Unconstrained build operations Thread 21" [_thread_blocked, id=5260, stack(0x000000f9ba800000,0x000000f9ba900000)]
  0x00000232662b6000 JavaThread "Unconstrained build operations Thread 22" [_thread_blocked, id=8232, stack(0x000000f9ba900000,0x000000f9baa00000)]
  0x00000232662b9000 JavaThread "Unconstrained build operations Thread 23" [_thread_blocked, id=14116, stack(0x000000f9baa00000,0x000000f9bab00000)]
  0x00000232662b4000 JavaThread "Unconstrained build operations Thread 24" [_thread_blocked, id=12544, stack(0x000000f9bab00000,0x000000f9bac00000)]
  0x00000232662ba800 JavaThread "Unconstrained build operations Thread 25" [_thread_blocked, id=5728, stack(0x000000f9bac00000,0x000000f9bad00000)]
  0x00000232662b5000 JavaThread "Unconstrained build operations Thread 26" [_thread_blocked, id=11872, stack(0x000000f9bad00000,0x000000f9bae00000)]
  0x00000232662bd000 JavaThread "Unconstrained build operations Thread 27" [_thread_blocked, id=4420, stack(0x000000f9bae00000,0x000000f9baf00000)]
  0x00000232662bb800 JavaThread "Unconstrained build operations Thread 28" [_thread_blocked, id=2072, stack(0x000000f9baf00000,0x000000f9bb000000)]
  0x00000232662c1000 JavaThread "Unconstrained build operations Thread 29" [_thread_blocked, id=6308, stack(0x000000f9bb000000,0x000000f9bb100000)]
  0x00000232662be000 JavaThread "Unconstrained build operations Thread 30" [_thread_blocked, id=10000, stack(0x000000f9bb100000,0x000000f9bb200000)]
  0x00000232662bc800 JavaThread "Unconstrained build operations Thread 31" [_thread_blocked, id=8712, stack(0x000000f9bb200000,0x000000f9bb300000)]
  0x00000232662c2000 JavaThread "Unconstrained build operations Thread 32" [_thread_blocked, id=10136, stack(0x000000f9bb300000,0x000000f9bb400000)]
  0x00000232662c3000 JavaThread "Unconstrained build operations Thread 33" [_thread_blocked, id=9740, stack(0x000000f9bb400000,0x000000f9bb500000)]
  0x00000232662bf000 JavaThread "Unconstrained build operations Thread 34" [_thread_blocked, id=12516, stack(0x000000f9bb500000,0x000000f9bb600000)]
  0x00000232662bf800 JavaThread "Unconstrained build operations Thread 35" [_thread_blocked, id=4144, stack(0x000000f9bb600000,0x000000f9bb700000)]
  0x00000232662c0800 JavaThread "Unconstrained build operations Thread 36" [_thread_blocked, id=8368, stack(0x000000f9bb700000,0x000000f9bb800000)]
  0x00000232624e2000 JavaThread "Unconstrained build operations Thread 37" [_thread_blocked, id=6512, stack(0x000000f9bb800000,0x000000f9bb900000)]
  0x00000232624e2800 JavaThread "Unconstrained build operations Thread 38" [_thread_blocked, id=1676, stack(0x000000f9bb900000,0x000000f9bba00000)]
  0x00000232624e3800 JavaThread "Unconstrained build operations Thread 39" [_thread_blocked, id=2372, stack(0x000000f9bba00000,0x000000f9bbb00000)]
  0x00000232624e4800 JavaThread "Unconstrained build operations Thread 40" [_thread_blocked, id=12196, stack(0x000000f9bbb00000,0x000000f9bbc00000)]
  0x00000232624e0000 JavaThread "Unconstrained build operations Thread 41" [_thread_blocked, id=4060, stack(0x000000f9bbc00000,0x000000f9bbd00000)]
  0x00000232624df800 JavaThread "Unconstrained build operations Thread 42" [_thread_blocked, id=12892, stack(0x000000f9bbd00000,0x000000f9bbe00000)]
  0x00000232624de800 JavaThread "Unconstrained build operations Thread 43" [_thread_blocked, id=12688, stack(0x000000f9bbe00000,0x000000f9bbf00000)]
  0x00000232624e5000 JavaThread "Unconstrained build operations Thread 44" [_thread_blocked, id=8500, stack(0x000000f9bbf00000,0x000000f9bc000000)]
  0x00000232624e6000 JavaThread "Unconstrained build operations Thread 45" [_thread_blocked, id=6076, stack(0x000000f9bc000000,0x000000f9bc100000)]
  0x00000232624e6800 JavaThread "Unconstrained build operations Thread 46" [_thread_blocked, id=7916, stack(0x000000f9bc100000,0x000000f9bc200000)]
  0x00000232624e1000 JavaThread "Unconstrained build operations Thread 47" [_thread_blocked, id=12380, stack(0x000000f9bc200000,0x000000f9bc300000)]
  0x00000232624eb000 JavaThread "Unconstrained build operations Thread 48" [_thread_blocked, id=13472, stack(0x000000f9bc300000,0x000000f9bc400000)]
  0x00000232624ec800 JavaThread "Unconstrained build operations Thread 49" [_thread_blocked, id=10072, stack(0x000000f9bc400000,0x000000f9bc500000)]
  0x00000232624e9000 JavaThread "Unconstrained build operations Thread 50" [_thread_blocked, id=13604, stack(0x000000f9bc500000,0x000000f9bc600000)]
  0x00000232624eb800 JavaThread "Unconstrained build operations Thread 51" [_thread_blocked, id=11876, stack(0x000000f9bc600000,0x000000f9bc700000)]
  0x00000232624ea000 JavaThread "Unconstrained build operations Thread 52" [_thread_blocked, id=1076, stack(0x000000f9bc700000,0x000000f9bc800000)]
  0x00000232624e7800 JavaThread "Unconstrained build operations Thread 53" [_thread_blocked, id=284, stack(0x000000f9bc800000,0x000000f9bc900000)]
  0x00000232624ed000 JavaThread "Unconstrained build operations Thread 54" [_thread_blocked, id=9632, stack(0x000000f9bc900000,0x000000f9bca00000)]
  0x00000232624e8800 JavaThread "Unconstrained build operations Thread 55" [_thread_blocked, id=1156, stack(0x000000f9bca00000,0x000000f9bcb00000)]
  0x0000023265e49800 JavaThread "Unconstrained build operations Thread 56" [_thread_blocked, id=11148, stack(0x000000f9bcb00000,0x000000f9bcc00000)]
  0x0000023265e4d800 JavaThread "Unconstrained build operations Thread 57" [_thread_blocked, id=10712, stack(0x000000f9bcc00000,0x000000f9bcd00000)]
  0x0000023265e4b000 JavaThread "Unconstrained build operations Thread 58" [_thread_blocked, id=4720, stack(0x000000f9bcd00000,0x000000f9bce00000)]
  0x0000023265e4a800 JavaThread "Unconstrained build operations Thread 59" [_thread_blocked, id=12228, stack(0x000000f9bce00000,0x000000f9bcf00000)]
  0x0000023265e4e800 JavaThread "Unconstrained build operations Thread 60" [_thread_blocked, id=6252, stack(0x000000f9bcf00000,0x000000f9bd000000)]
  0x0000023265e48800 JavaThread "Unconstrained build operations Thread 61" [_thread_blocked, id=12480, stack(0x000000f9bd000000,0x000000f9bd100000)]
  0x0000023265e4f000 JavaThread "Unconstrained build operations Thread 62" [_thread_blocked, id=8432, stack(0x000000f9bd100000,0x000000f9bd200000)]
  0x0000023265e50000 JavaThread "Unconstrained build operations Thread 63" [_thread_blocked, id=12956, stack(0x000000f9bd200000,0x000000f9bd300000)]
  0x0000023265e4d000 JavaThread "Unconstrained build operations Thread 64" [_thread_blocked, id=12772, stack(0x000000f9bd300000,0x000000f9bd400000)]
  0x0000023265e51000 JavaThread "Unconstrained build operations Thread 65" [_thread_blocked, id=1748, stack(0x000000f9bd400000,0x000000f9bd500000)]
  0x0000023265e51800 JavaThread "Unconstrained build operations Thread 66" [_thread_blocked, id=940, stack(0x000000f9bd500000,0x000000f9bd600000)]
  0x0000023265e4c000 JavaThread "Unconstrained build operations Thread 67" [_thread_blocked, id=10680, stack(0x000000f9bd600000,0x000000f9bd700000)]
  0x0000023265e52800 JavaThread "Unconstrained build operations Thread 68" [_thread_blocked, id=13212, stack(0x000000f9bd700000,0x000000f9bd800000)]
  0x0000023265e53800 JavaThread "Unconstrained build operations Thread 69" [_thread_blocked, id=14292, stack(0x000000f9bd800000,0x000000f9bd900000)]
  0x0000023265e55000 JavaThread "Unconstrained build operations Thread 70" [_thread_blocked, id=6564, stack(0x000000f9bd900000,0x000000f9bda00000)]
  0x0000023265e56000 JavaThread "Unconstrained build operations Thread 71" [_thread_blocked, id=5736, stack(0x000000f9bda00000,0x000000f9bdb00000)]
  0x0000023265e56800 JavaThread "Unconstrained build operations Thread 72" [_thread_blocked, id=12476, stack(0x000000f9bdb00000,0x000000f9bdc00000)]
  0x0000023265e54000 JavaThread "Unconstrained build operations Thread 73" [_thread_blocked, id=14052, stack(0x000000f9bdc00000,0x000000f9bdd00000)]
  0x0000023265e57800 JavaThread "Unconstrained build operations Thread 74" [_thread_blocked, id=10720, stack(0x000000f9bdd00000,0x000000f9bde00000)]
  0x00000232669bb800 JavaThread "Unconstrained build operations Thread 75" [_thread_blocked, id=11200, stack(0x000000f9bde00000,0x000000f9bdf00000)]
  0x00000232669c0000 JavaThread "Unconstrained build operations Thread 76" [_thread_blocked, id=12256, stack(0x000000f9bdf00000,0x000000f9be000000)]
  0x00000232669c0800 JavaThread "Unconstrained build operations Thread 77" [_thread_blocked, id=11844, stack(0x000000f9be000000,0x000000f9be100000)]
  0x00000232669bc800 JavaThread "Unconstrained build operations Thread 78" [_thread_blocked, id=7396, stack(0x000000f9be100000,0x000000f9be200000)]
  0x00000232669be000 JavaThread "Unconstrained build operations Thread 79" [_thread_blocked, id=4692, stack(0x000000f9be800000,0x000000f9be900000)]
  0x00000232669bf000 JavaThread "Unconstrained build operations Thread 80" [_thread_blocked, id=3376, stack(0x000000f9be900000,0x000000f9bea00000)]
  0x00000232669bd800 JavaThread "build event listener" [_thread_blocked, id=3300, stack(0x000000f9bea00000,0x000000f9beb00000)]
  0x00000232669c2000 JavaThread "included builds" [_thread_blocked, id=5836, stack(0x000000f9beb00000,0x000000f9bec00000)]
  0x00000232669c4000 JavaThread "Execution worker for ':'" [_thread_blocked, id=2084, stack(0x000000f9bec00000,0x000000f9bed00000)]
  0x00000232669c6800 JavaThread "Execution worker for ':' Thread 2" [_thread_blocked, id=7628, stack(0x000000f9bed00000,0x000000f9bee00000)]
  0x00000232669c4800 JavaThread "Execution worker for ':' Thread 3" [_thread_blocked, id=536, stack(0x000000f9bee00000,0x000000f9bef00000)]
  0x00000232669c7000 JavaThread "Execution worker for ':' Thread 4" [_thread_blocked, id=6040, stack(0x000000f9bef00000,0x000000f9bf000000)]
  0x00000232669c5800 JavaThread "Execution worker for ':' Thread 5" [_thread_blocked, id=13084, stack(0x000000f9bf000000,0x000000f9bf100000)]
  0x00000232669c1800 JavaThread "Execution worker for ':' Thread 6" [_thread_blocked, id=10280, stack(0x000000f9bf100000,0x000000f9bf200000)]
  0x00000232669c9000 JavaThread "Execution worker for ':' Thread 7" [_thread_blocked, id=6468, stack(0x000000f9bf200000,0x000000f9bf300000)]
  0x00000232669c8000 JavaThread "Cache worker for execution history cache (C:\Users\Marko\AndroidStudioProjects\Restaurants\.gradle\7.4\executionHistory)" [_thread_blocked, id=11468, stack(0x000000f9bf300000,0x000000f9bf400000)]
  0x00000232669c3000 JavaThread "WorkerExecutor Queue" [_thread_blocked, id=11716, stack(0x000000f9bf400000,0x000000f9bf500000)]
  0x00000232669c9800 JavaThread "Thread-225" [_thread_in_native, id=13728, stack(0x000000f9bf500000,0x000000f9bf600000)]

Other Threads:
  0x00000232601de800 VMThread "VM Thread" [stack: 0x000000f9b6300000,0x000000f9b6400000] [id=10988]
  0x0000023260cd4800 WatcherThread [stack: 0x000000f9b6d00000,0x000000f9b6e00000] [id=10140]
  0x0000023245d57800 GCTaskThread "GC Thread#0" [stack: 0x000000f9b5e00000,0x000000f9b5f00000] [id=13664]
  0x000002326194b000 GCTaskThread "GC Thread#1" [stack: 0x000000f9b7000000,0x000000f9b7100000] [id=6604]
  0x0000023261970000 GCTaskThread "GC Thread#2" [stack: 0x000000f9b7100000,0x000000f9b7200000] [id=10408]
  0x0000023263749000 GCTaskThread "GC Thread#3" [stack: 0x000000f9b7a00000,0x000000f9b7b00000] [id=3216]
  0x00000232637bf000 GCTaskThread "GC Thread#4" [stack: 0x000000f9b7b00000,0x000000f9b7c00000] [id=12300]
  0x000002326342e000 GCTaskThread "GC Thread#5" [stack: 0x000000f9b7c00000,0x000000f9b7d00000] [id=7088]
  0x00000232626a0000 GCTaskThread "GC Thread#6" [stack: 0x000000f9b7d00000,0x000000f9b7e00000] [id=12004]
  0x0000023261eeb800 GCTaskThread "GC Thread#7" [stack: 0x000000f9b7e00000,0x000000f9b7f00000] [id=3192]
  0x0000023245d8a800 ConcurrentGCThread "G1 Main Marker" [stack: 0x000000f9b5f00000,0x000000f9b6000000] [id=13808]
  0x0000023245d8b800 ConcurrentGCThread "G1 Conc#0" [stack: 0x000000f9b6000000,0x000000f9b6100000] [id=11548]
  0x0000023262f97800 ConcurrentGCThread "G1 Conc#1" [stack: 0x000000f9b8200000,0x000000f9b8300000] [id=13584]
  0x0000023260030800 ConcurrentGCThread "G1 Refine#0" [stack: 0x000000f9b6100000,0x000000f9b6200000] [id=13884]
  0x0000023264558000 ConcurrentGCThread "G1 Refine#1" [stack: 0x000000f9b8700000,0x000000f9b8800000] [id=3452]
  0x0000023264554800 ConcurrentGCThread "G1 Refine#2" [stack: 0x000000f9b8800000,0x000000f9b8900000] [id=10708]
  0x0000023264556800 ConcurrentGCThread "G1 Refine#3" [stack: 0x000000f9b8900000,0x000000f9b8a00000] [id=1404]
  0x0000023264557800 ConcurrentGCThread "G1 Refine#4" [stack: 0x000000f9b8a00000,0x000000f9b8b00000] [id=13500]
  0x0000023264555000 ConcurrentGCThread "G1 Refine#5" [stack: 0x000000f9b8f00000,0x000000f9b9000000] [id=8140]
  0x0000023260031800 ConcurrentGCThread "G1 Young RemSet Sampling" [stack: 0x000000f9b6200000,0x000000f9b6300000] [id=2488]

Threads with active compile tasks:
C2 CompilerThread0 208570 13433       4       java.lang.reflect.AccessibleObject::verifyAccess (84 bytes)
C2 CompilerThread2 208570 13431       4       java.lang.reflect.AccessibleObject::checkAccess (40 bytes)

VM state:not at safepoint (normal execution)

VM Mutex/Monitor currently owned by a thread: None

Heap address: 0x0000000080000000, size: 2048 MB, Compressed Oops mode: 32-bit
Narrow klass base: 0x0000000000000000, Narrow klass shift: 3
Compressed class space size: 1073741824 Address: 0x0000000100000000

Heap:
 garbage-first heap   total 189440K, used 155529K [0x0000000080000000, 0x0000000100000000)
  region size 1024K, 66 young (67584K), 7 survivors (7168K)
 Metaspace       used 97138K, capacity 99477K, committed 100048K, reserved 1136640K
  class space    used 12432K, capacity 13299K, committed 13568K, reserved 1048576K
Heap Regions: E=young(eden), S=young(survivor), O=old, HS=humongous(starts), HC=humongous(continues), CS=collection set, F=free, A=archive, TAMS=top-at-mark-start (previous, next)
|   0|0x0000000080000000, 0x0000000080100000, 0x0000000080100000|100%| O|  |TAMS 0x0000000080100000, 0x0000000080000000| Untracked 
|   1|0x0000000080100000, 0x0000000080200000, 0x0000000080200000|100%| O|  |TAMS 0x0000000080200000, 0x0000000080100000| Untracked 
|   2|0x0000000080200000, 0x0000000080300000, 0x0000000080300000|100%| O|  |TAMS 0x0000000080300000, 0x0000000080200000| Untracked 
|   3|0x0000000080300000, 0x0000000080400000, 0x0000000080400000|100%|HS|  |TAMS 0x0000000080400000, 0x0000000080300000| Complete 
|   4|0x0000000080400000, 0x0000000080500000, 0x0000000080500000|100%|HC|  |TAMS 0x0000000080500000, 0x0000000080400000| Complete 
|   5|0x0000000080500000, 0x0000000080600000, 0x0000000080600000|100%|HC|  |TAMS 0x0000000080600000, 0x0000000080500000| Complete 
|   6|0x0000000080600000, 0x0000000080700000, 0x0000000080700000|100%| O|  |TAMS 0x0000000080700000, 0x0000000080600000| Untracked 
|   7|0x0000000080700000, 0x0000000080800000, 0x0000000080800000|100%| O|  |TAMS 0x0000000080800000, 0x0000000080700000| Untracked 
|   8|0x0000000080800000, 0x0000000080900000, 0x0000000080900000|100%| O|  |TAMS 0x0000000080900000, 0x0000000080800000| Untracked 
|   9|0x0000000080900000, 0x0000000080a00000, 0x0000000080a00000|100%| O|  |TAMS 0x0000000080a00000, 0x0000000080900000| Untracked 
|  10|0x0000000080a00000, 0x0000000080b00000, 0x0000000080b00000|100%| O|  |TAMS 0x0000000080b00000, 0x0000000080a00000| Untracked 
|  11|0x0000000080b00000, 0x0000000080c00000, 0x0000000080c00000|100%| O|  |TAMS 0x0000000080c00000, 0x0000000080b00000| Untracked 
|  12|0x0000000080c00000, 0x0000000080d00000, 0x0000000080d00000|100%| O|  |TAMS 0x0000000080d00000, 0x0000000080c00000| Untracked 
|  13|0x0000000080d00000, 0x0000000080e00000, 0x0000000080e00000|100%| O|  |TAMS 0x0000000080e00000, 0x0000000080d00000| Untracked 
|  14|0x0000000080e00000, 0x0000000080f00000, 0x0000000080f00000|100%| O|  |TAMS 0x0000000080f00000, 0x0000000080e00000| Untracked 
|  15|0x0000000080f00000, 0x0000000081000000, 0x0000000081000000|100%| O|  |TAMS 0x0000000081000000, 0x0000000080f00000| Untracked 
|  16|0x0000000081000000, 0x0000000081100000, 0x0000000081100000|100%| O|  |TAMS 0x0000000081100000, 0x0000000081000000| Untracked 
|  17|0x0000000081100000, 0x0000000081200000, 0x0000000081200000|100%|HS|  |TAMS 0x0000000081200000, 0x0000000081100000| Complete 
|  18|0x0000000081200000, 0x0000000081300000, 0x0000000081300000|100%| O|  |TAMS 0x0000000081300000, 0x0000000081200000| Untracked 
|  19|0x0000000081300000, 0x0000000081400000, 0x0000000081400000|100%| O|  |TAMS 0x0000000081400000, 0x0000000081300000| Untracked 
|  20|0x0000000081400000, 0x0000000081500000, 0x0000000081500000|100%| O|  |TAMS 0x0000000081500000, 0x0000000081400000| Untracked 
|  21|0x0000000081500000, 0x0000000081600000, 0x0000000081600000|100%| O|  |TAMS 0x0000000081600000, 0x0000000081500000| Untracked 
|  22|0x0000000081600000, 0x0000000081700000, 0x0000000081700000|100%| O|  |TAMS 0x0000000081700000, 0x0000000081600000| Untracked 
|  23|0x0000000081700000, 0x0000000081800000, 0x0000000081800000|100%| O|  |TAMS 0x0000000081800000, 0x0000000081700000| Untracked 
|  24|0x0000000081800000, 0x0000000081900000, 0x0000000081900000|100%| O|  |TAMS 0x0000000081900000, 0x0000000081800000| Untracked 
|  25|0x0000000081900000, 0x0000000081a00000, 0x0000000081a00000|100%| O|  |TAMS 0x0000000081a00000, 0x0000000081900000| Untracked 
|  26|0x0000000081a00000, 0x0000000081b00000, 0x0000000081b00000|100%| O|  |TAMS 0x0000000081b00000, 0x0000000081a00000| Untracked 
|  27|0x0000000081b00000, 0x0000000081c00000, 0x0000000081c00000|100%| O|  |TAMS 0x0000000081c00000, 0x0000000081b00000| Untracked 
|  28|0x0000000081c00000, 0x0000000081d00000, 0x0000000081d00000|100%| O|  |TAMS 0x0000000081d00000, 0x0000000081c00000| Untracked 
|  29|0x0000000081d00000, 0x0000000081e00000, 0x0000000081e00000|100%|HS|  |TAMS 0x0000000081e00000, 0x0000000081d00000| Complete 
|  30|0x0000000081e00000, 0x0000000081f00000, 0x0000000081f00000|100%|HS|  |TAMS 0x0000000081f00000, 0x0000000081e00000| Complete 
|  31|0x0000000081f00000, 0x0000000082000000, 0x0000000082000000|100%|HS|  |TAMS 0x0000000082000000, 0x0000000081f00000| Complete 
|  32|0x0000000082000000, 0x0000000082100000, 0x0000000082100000|100%|HC|  |TAMS 0x0000000082100000, 0x0000000082000000| Complete 
|  33|0x0000000082100000, 0x0000000082200000, 0x0000000082200000|100%|HC|  |TAMS 0x0000000082200000, 0x0000000082100000| Complete 
|  34|0x0000000082200000, 0x0000000082300000, 0x0000000082300000|100%|HC|  |TAMS 0x0000000082300000, 0x0000000082200000| Complete 
|  35|0x0000000082300000, 0x0000000082400000, 0x0000000082400000|100%| O|  |TAMS 0x0000000082400000, 0x0000000082300000| Untracked 
|  36|0x0000000082400000, 0x0000000082500000, 0x0000000082500000|100%|HS|  |TAMS 0x0000000082500000, 0x0000000082400000| Complete 
|  37|0x0000000082500000, 0x0000000082600000, 0x0000000082600000|100%|HC|  |TAMS 0x0000000082600000, 0x0000000082500000| Complete 
|  38|0x0000000082600000, 0x0000000082700000, 0x0000000082700000|100%| O|  |TAMS 0x0000000082700000, 0x0000000082600000| Untracked 
|  39|0x0000000082700000, 0x0000000082800000, 0x0000000082800000|100%| O|  |TAMS 0x0000000082800000, 0x0000000082700000| Untracked 
|  40|0x0000000082800000, 0x0000000082900000, 0x0000000082900000|100%| O|  |TAMS 0x0000000082900000, 0x0000000082800000| Untracked 
|  41|0x0000000082900000, 0x0000000082a00000, 0x0000000082a00000|100%| O|  |TAMS 0x0000000082a00000, 0x0000000082900000| Untracked 
|  42|0x0000000082a00000, 0x0000000082b00000, 0x0000000082b00000|100%| O|  |TAMS 0x0000000082b00000, 0x0000000082a00000| Untracked 
|  43|0x0000000082b00000, 0x0000000082c00000, 0x0000000082c00000|100%| O|  |TAMS 0x0000000082c00000, 0x0000000082b00000| Untracked 
|  44|0x0000000082c00000, 0x0000000082d00000, 0x0000000082d00000|100%| O|  |TAMS 0x0000000082d00000, 0x0000000082c00000| Untracked 
|  45|0x0000000082d00000, 0x0000000082e00000, 0x0000000082e00000|100%| O|  |TAMS 0x0000000082e00000, 0x0000000082d00000| Untracked 
|  46|0x0000000082e00000, 0x0000000082f00000, 0x0000000082f00000|100%| O|  |TAMS 0x0000000082f00000, 0x0000000082e00000| Untracked 
|  47|0x0000000082f00000, 0x0000000083000000, 0x0000000083000000|100%| O|  |TAMS 0x0000000083000000, 0x0000000082f00000| Untracked 
|  48|0x0000000083000000, 0x0000000083100000, 0x0000000083100000|100%| O|  |TAMS 0x0000000083100000, 0x0000000083000000| Untracked 
|  49|0x0000000083100000, 0x0000000083200000, 0x0000000083200000|100%| O|  |TAMS 0x0000000083200000, 0x0000000083100000| Untracked 
|  50|0x0000000083200000, 0x0000000083300000, 0x0000000083300000|100%| O|  |TAMS 0x0000000083300000, 0x0000000083200000| Untracked 
|  51|0x0000000083300000, 0x0000000083400000, 0x0000000083400000|100%| O|  |TAMS 0x0000000083400000, 0x0000000083300000| Untracked 
|  52|0x0000000083400000, 0x0000000083500000, 0x0000000083500000|100%| O|  |TAMS 0x0000000083500000, 0x0000000083400000| Untracked 
|  53|0x0000000083500000, 0x0000000083600000, 0x0000000083600000|100%| O|  |TAMS 0x0000000083600000, 0x0000000083500000| Untracked 
|  54|0x0000000083600000, 0x0000000083700000, 0x0000000083700000|100%| O|  |TAMS 0x0000000083700000, 0x0000000083600000| Untracked 
|  55|0x0000000083700000, 0x0000000083800000, 0x0000000083800000|100%| O|  |TAMS 0x0000000083800000, 0x0000000083700000| Untracked 
|  56|0x0000000083800000, 0x0000000083900000, 0x0000000083900000|100%| O|  |TAMS 0x0000000083900000, 0x0000000083800000| Untracked 
|  57|0x0000000083900000, 0x0000000083a00000, 0x0000000083a00000|100%| O|  |TAMS 0x0000000083a00000, 0x0000000083900000| Untracked 
|  58|0x0000000083a00000, 0x0000000083b00000, 0x0000000083b00000|100%| O|  |TAMS 0x0000000083b00000, 0x0000000083a00000| Untracked 
|  59|0x0000000083b00000, 0x0000000083c00000, 0x0000000083c00000|100%| O|  |TAMS 0x0000000083c00000, 0x0000000083b00000| Untracked 
|  60|0x0000000083c00000, 0x0000000083d00000, 0x0000000083d00000|100%| O|  |TAMS 0x0000000083d00000, 0x0000000083c00000| Untracked 
|  61|0x0000000083d00000, 0x0000000083e00000, 0x0000000083e00000|100%| O|  |TAMS 0x0000000083e00000, 0x0000000083d00000| Untracked 
|  62|0x0000000083e00000, 0x0000000083f00000, 0x0000000083f00000|100%| O|  |TAMS 0x0000000083f00000, 0x0000000083e00000| Untracked 
|  63|0x0000000083f00000, 0x0000000084000000, 0x0000000084000000|100%| O|  |TAMS 0x0000000084000000, 0x0000000083f00000| Untracked 
|  64|0x0000000084000000, 0x0000000084100000, 0x0000000084100000|100%| O|  |TAMS 0x0000000084100000, 0x0000000084000000| Untracked 
|  65|0x0000000084100000, 0x0000000084200000, 0x0000000084200000|100%| O|  |TAMS 0x0000000084200000, 0x0000000084100000| Untracked 
|  66|0x0000000084200000, 0x0000000084300000, 0x0000000084300000|100%| O|  |TAMS 0x0000000084300000, 0x0000000084200000| Untracked 
|  67|0x0000000084300000, 0x0000000084400000, 0x0000000084400000|100%| O|  |TAMS 0x0000000084400000, 0x0000000084300000| Untracked 
|  68|0x0000000084400000, 0x0000000084500000, 0x0000000084500000|100%| O|  |TAMS 0x0000000084500000, 0x0000000084400000| Untracked 
|  69|0x0000000084500000, 0x0000000084600000, 0x0000000084600000|100%| O|  |TAMS 0x0000000084600000, 0x0000000084500000| Untracked 
|  70|0x0000000084600000, 0x0000000084700000, 0x0000000084700000|100%| O|  |TAMS 0x0000000084700000, 0x0000000084600000| Untracked 
|  71|0x0000000084700000, 0x0000000084800000, 0x0000000084800000|100%| O|  |TAMS 0x0000000084800000, 0x0000000084700000| Untracked 
|  72|0x0000000084800000, 0x0000000084900000, 0x0000000084900000|100%| O|  |TAMS 0x0000000084900000, 0x0000000084800000| Untracked 
|  73|0x0000000084900000, 0x0000000084a00000, 0x0000000084a00000|100%| O|  |TAMS 0x0000000084a00000, 0x0000000084900000| Untracked 
|  74|0x0000000084a00000, 0x0000000084b00000, 0x0000000084b00000|100%| O|  |TAMS 0x0000000084b00000, 0x0000000084a00000| Untracked 
|  75|0x0000000084b00000, 0x0000000084c00000, 0x0000000084c00000|100%| O|  |TAMS 0x0000000084c00000, 0x0000000084b00000| Untracked 
|  76|0x0000000084c00000, 0x0000000084d00000, 0x0000000084d00000|100%| O|  |TAMS 0x0000000084d00000, 0x0000000084c00000| Untracked 
|  77|0x0000000084d00000, 0x0000000084e00000, 0x0000000084e00000|100%| O|  |TAMS 0x0000000084e00000, 0x0000000084d00000| Untracked 
|  78|0x0000000084e00000, 0x0000000084f00000, 0x0000000084f00000|100%| O|  |TAMS 0x0000000084f00000, 0x0000000084e00000| Untracked 
|  79|0x0000000084f00000, 0x0000000085000000, 0x0000000085000000|100%| O|  |TAMS 0x0000000085000000, 0x0000000084f00000| Untracked 
|  80|0x0000000085000000, 0x0000000085100000, 0x0000000085100000|100%| O|  |TAMS 0x0000000085100000, 0x0000000085000000| Untracked 
|  81|0x0000000085100000, 0x0000000085200000, 0x0000000085200000|100%| O|  |TAMS 0x0000000085200000, 0x0000000085100000| Untracked 
|  82|0x0000000085200000, 0x0000000085300000, 0x0000000085300000|100%| O|  |TAMS 0x0000000085300000, 0x0000000085200000| Untracked 
|  83|0x0000000085300000, 0x0000000085400000, 0x0000000085400000|100%| O|  |TAMS 0x0000000085400000, 0x0000000085300000| Untracked 
|  84|0x0000000085400000, 0x0000000085500000, 0x0000000085500000|100%| O|  |TAMS 0x0000000085500000, 0x0000000085400000| Untracked 
|  85|0x0000000085500000, 0x0000000085600000, 0x0000000085600000|100%| O|  |TAMS 0x0000000085600000, 0x0000000085500000| Untracked 
|  86|0x0000000085600000, 0x0000000085700000, 0x0000000085700000|100%| O|  |TAMS 0x0000000085700000, 0x0000000085600000| Untracked 
|  87|0x0000000085700000, 0x0000000085800000, 0x0000000085800000|100%| O|  |TAMS 0x0000000085800000, 0x0000000085700000| Untracked 
|  88|0x0000000085800000, 0x0000000085812e00, 0x0000000085900000|  7%| O|  |TAMS 0x0000000085812e00, 0x0000000085800000| Untracked 
|  89|0x0000000085900000, 0x0000000085900000, 0x0000000085a00000|  0%| F|  |TAMS 0x0000000085900000, 0x0000000085900000| Untracked 
|  90|0x0000000085a00000, 0x0000000085a00000, 0x0000000085b00000|  0%| F|  |TAMS 0x0000000085a00000, 0x0000000085a00000| Untracked 
|  91|0x0000000085b00000, 0x0000000085b00000, 0x0000000085c00000|  0%| F|  |TAMS 0x0000000085b00000, 0x0000000085b00000| Untracked 
|  92|0x0000000085c00000, 0x0000000085c00000, 0x0000000085d00000|  0%| F|  |TAMS 0x0000000085c00000, 0x0000000085c00000| Untracked 
|  93|0x0000000085d00000, 0x0000000085d00000, 0x0000000085e00000|  0%| F|  |TAMS 0x0000000085d00000, 0x0000000085d00000| Untracked 
|  94|0x0000000085e00000, 0x0000000085e00000, 0x0000000085f00000|  0%| F|  |TAMS 0x0000000085e00000, 0x0000000085e00000| Untracked 
|  95|0x0000000085f00000, 0x0000000085f00000, 0x0000000086000000|  0%| F|  |TAMS 0x0000000085f00000, 0x0000000085f00000| Untracked 
|  96|0x0000000086000000, 0x0000000086000000, 0x0000000086100000|  0%| F|  |TAMS 0x0000000086000000, 0x0000000086000000| Untracked 
|  97|0x0000000086100000, 0x0000000086100000, 0x0000000086200000|  0%| F|  |TAMS 0x0000000086100000, 0x0000000086100000| Untracked 
|  98|0x0000000086200000, 0x0000000086200000, 0x0000000086300000|  0%| F|  |TAMS 0x0000000086200000, 0x0000000086200000| Untracked 
|  99|0x0000000086300000, 0x0000000086300000, 0x0000000086400000|  0%| F|  |TAMS 0x0000000086300000, 0x0000000086300000| Untracked 
| 100|0x0000000086400000, 0x0000000086400000, 0x0000000086500000|  0%| F|  |TAMS 0x0000000086400000, 0x0000000086400000| Untracked 
| 101|0x0000000086500000, 0x0000000086500000, 0x0000000086600000|  0%| F|  |TAMS 0x0000000086500000, 0x0000000086500000| Untracked 
| 102|0x0000000086600000, 0x0000000086600000, 0x0000000086700000|  0%| F|  |TAMS 0x0000000086600000, 0x0000000086600000| Untracked 
| 103|0x0000000086700000, 0x0000000086700000, 0x0000000086800000|  0%| F|  |TAMS 0x0000000086700000, 0x0000000086700000| Untracked 
| 104|0x0000000086800000, 0x0000000086800000, 0x0000000086900000|  0%| F|  |TAMS 0x0000000086800000, 0x0000000086800000| Untracked 
| 105|0x0000000086900000, 0x0000000086900000, 0x0000000086a00000|  0%| F|  |TAMS 0x0000000086900000, 0x0000000086900000| Untracked 
| 106|0x0000000086a00000, 0x0000000086a00000, 0x0000000086b00000|  0%| F|  |TAMS 0x0000000086a00000, 0x0000000086a00000| Untracked 
| 107|0x0000000086b00000, 0x0000000086b00000, 0x0000000086c00000|  0%| F|  |TAMS 0x0000000086b00000, 0x0000000086b00000| Untracked 
| 108|0x0000000086c00000, 0x0000000086c00000, 0x0000000086d00000|  0%| F|  |TAMS 0x0000000086c00000, 0x0000000086c00000| Untracked 
| 109|0x0000000086d00000, 0x0000000086d00000, 0x0000000086e00000|  0%| F|  |TAMS 0x0000000086d00000, 0x0000000086d00000| Untracked 
| 110|0x0000000086e00000, 0x0000000086e00000, 0x0000000086f00000|  0%| F|  |TAMS 0x0000000086e00000, 0x0000000086e00000| Untracked 
| 111|0x0000000086f00000, 0x0000000086fcf710, 0x0000000087000000| 81%| S|CS|TAMS 0x0000000086f00000, 0x0000000086f00000| Complete 
| 112|0x0000000087000000, 0x0000000087100000, 0x0000000087100000|100%| S|CS|TAMS 0x0000000087000000, 0x0000000087000000| Complete 
| 113|0x0000000087100000, 0x0000000087100000, 0x0000000087200000|  0%| F|  |TAMS 0x0000000087100000, 0x0000000087100000| Untracked 
| 114|0x0000000087200000, 0x0000000087200000, 0x0000000087300000|  0%| F|  |TAMS 0x0000000087200000, 0x0000000087200000| Untracked 
| 115|0x0000000087300000, 0x0000000087300000, 0x0000000087400000|  0%| F|  |TAMS 0x0000000087300000, 0x0000000087300000| Untracked 
| 116|0x0000000087400000, 0x0000000087500000, 0x0000000087500000|100%| S|CS|TAMS 0x0000000087400000, 0x0000000087400000| Complete 
| 117|0x0000000087500000, 0x0000000087600000, 0x0000000087600000|100%| S|CS|TAMS 0x0000000087500000, 0x0000000087500000| Complete 
| 118|0x0000000087600000, 0x0000000087700000, 0x0000000087700000|100%| S|CS|TAMS 0x0000000087600000, 0x0000000087600000| Complete 
| 119|0x0000000087700000, 0x0000000087700000, 0x0000000087800000|  0%| F|  |TAMS 0x0000000087700000, 0x0000000087700000| Untracked 
| 120|0x0000000087800000, 0x0000000087800000, 0x0000000087900000|  0%| F|  |TAMS 0x0000000087800000, 0x0000000087800000| Untracked 
| 121|0x0000000087900000, 0x0000000087a00000, 0x0000000087a00000|100%| S|CS|TAMS 0x0000000087900000, 0x0000000087900000| Complete 
| 122|0x0000000087a00000, 0x0000000087b00000, 0x0000000087b00000|100%| S|CS|TAMS 0x0000000087a00000, 0x0000000087a00000| Complete 
| 123|0x0000000087b00000, 0x0000000087b00000, 0x0000000087c00000|  0%| F|  |TAMS 0x0000000087b00000, 0x0000000087b00000| Untracked 
| 124|0x0000000087c00000, 0x0000000087c00000, 0x0000000087d00000|  0%| F|  |TAMS 0x0000000087c00000, 0x0000000087c00000| Untracked 
| 125|0x0000000087d00000, 0x0000000087d00000, 0x0000000087e00000|  0%| F|  |TAMS 0x0000000087d00000, 0x0000000087d00000| Untracked 
| 126|0x0000000087e00000, 0x0000000087e991d0, 0x0000000087f00000| 59%| E|  |TAMS 0x0000000087e00000, 0x0000000087e00000| Complete 
| 127|0x0000000087f00000, 0x0000000088000000, 0x0000000088000000|100%| E|CS|TAMS 0x0000000087f00000, 0x0000000087f00000| Complete 
| 128|0x0000000088000000, 0x0000000088100000, 0x0000000088100000|100%| E|CS|TAMS 0x0000000088000000, 0x0000000088000000| Complete 
| 129|0x0000000088100000, 0x0000000088200000, 0x0000000088200000|100%| E|CS|TAMS 0x0000000088100000, 0x0000000088100000| Complete 
| 130|0x0000000088200000, 0x0000000088300000, 0x0000000088300000|100%| E|  |TAMS 0x0000000088200000, 0x0000000088200000| Complete 
| 131|0x0000000088300000, 0x0000000088400000, 0x0000000088400000|100%| E|CS|TAMS 0x0000000088300000, 0x0000000088300000| Complete 
| 132|0x0000000088400000, 0x0000000088500000, 0x0000000088500000|100%| E|CS|TAMS 0x0000000088400000, 0x0000000088400000| Complete 
| 133|0x0000000088500000, 0x0000000088600000, 0x0000000088600000|100%| E|CS|TAMS 0x0000000088500000, 0x0000000088500000| Complete 
| 134|0x0000000088600000, 0x0000000088700000, 0x0000000088700000|100%| E|CS|TAMS 0x0000000088600000, 0x0000000088600000| Complete 
| 135|0x0000000088700000, 0x0000000088800000, 0x0000000088800000|100%| E|CS|TAMS 0x0000000088700000, 0x0000000088700000| Complete 
| 136|0x0000000088800000, 0x0000000088900000, 0x0000000088900000|100%| E|CS|TAMS 0x0000000088800000, 0x0000000088800000| Complete 
| 137|0x0000000088900000, 0x0000000088a00000, 0x0000000088a00000|100%| E|CS|TAMS 0x0000000088900000, 0x0000000088900000| Complete 
| 138|0x0000000088a00000, 0x0000000088b00000, 0x0000000088b00000|100%| E|CS|TAMS 0x0000000088a00000, 0x0000000088a00000| Complete 
| 139|0x0000000088b00000, 0x0000000088c00000, 0x0000000088c00000|100%| E|CS|TAMS 0x0000000088b00000, 0x0000000088b00000| Complete 
| 140|0x0000000088c00000, 0x0000000088d00000, 0x0000000088d00000|100%| E|CS|TAMS 0x0000000088c00000, 0x0000000088c00000| Complete 
| 141|0x0000000088d00000, 0x0000000088e00000, 0x0000000088e00000|100%| E|CS|TAMS 0x0000000088d00000, 0x0000000088d00000| Complete 
| 142|0x0000000088e00000, 0x0000000088f00000, 0x0000000088f00000|100%| E|CS|TAMS 0x0000000088e00000, 0x0000000088e00000| Complete 
| 143|0x0000000088f00000, 0x0000000089000000, 0x0000000089000000|100%| E|CS|TAMS 0x0000000088f00000, 0x0000000088f00000| Complete 
| 144|0x0000000089000000, 0x0000000089100000, 0x0000000089100000|100%| E|CS|TAMS 0x0000000089000000, 0x0000000089000000| Complete 
| 145|0x0000000089100000, 0x0000000089200000, 0x0000000089200000|100%| E|CS|TAMS 0x0000000089100000, 0x0000000089100000| Complete 
| 146|0x0000000089200000, 0x0000000089300000, 0x0000000089300000|100%| E|CS|TAMS 0x0000000089200000, 0x0000000089200000| Complete 
| 147|0x0000000089300000, 0x0000000089400000, 0x0000000089400000|100%| E|CS|TAMS 0x0000000089300000, 0x0000000089300000| Complete 
| 148|0x0000000089400000, 0x0000000089500000, 0x0000000089500000|100%| E|CS|TAMS 0x0000000089400000, 0x0000000089400000| Complete 
| 149|0x0000000089500000, 0x0000000089600000, 0x0000000089600000|100%| E|CS|TAMS 0x0000000089500000, 0x0000000089500000| Complete 
| 150|0x0000000089600000, 0x0000000089700000, 0x0000000089700000|100%| E|CS|TAMS 0x0000000089600000, 0x0000000089600000| Complete 
| 151|0x0000000089700000, 0x0000000089800000, 0x0000000089800000|100%| E|CS|TAMS 0x0000000089700000, 0x0000000089700000| Complete 
| 152|0x0000000089800000, 0x0000000089900000, 0x0000000089900000|100%| E|CS|TAMS 0x0000000089800000, 0x0000000089800000| Complete 
| 153|0x0000000089900000, 0x0000000089a00000, 0x0000000089a00000|100%| E|CS|TAMS 0x0000000089900000, 0x0000000089900000| Complete 
| 154|0x0000000089a00000, 0x0000000089b00000, 0x0000000089b00000|100%| E|CS|TAMS 0x0000000089a00000, 0x0000000089a00000| Complete 
| 155|0x0000000089b00000, 0x0000000089c00000, 0x0000000089c00000|100%| E|CS|TAMS 0x0000000089b00000, 0x0000000089b00000| Complete 
| 156|0x0000000089c00000, 0x0000000089d00000, 0x0000000089d00000|100%| E|CS|TAMS 0x0000000089c00000, 0x0000000089c00000| Complete 
| 157|0x0000000089d00000, 0x0000000089e00000, 0x0000000089e00000|100%| E|CS|TAMS 0x0000000089d00000, 0x0000000089d00000| Complete 
| 158|0x0000000089e00000, 0x0000000089f00000, 0x0000000089f00000|100%| E|CS|TAMS 0x0000000089e00000, 0x0000000089e00000| Complete 
| 159|0x0000000089f00000, 0x000000008a000000, 0x000000008a000000|100%| E|CS|TAMS 0x0000000089f00000, 0x0000000089f00000| Complete 
| 160|0x000000008a000000, 0x000000008a100000, 0x000000008a100000|100%| E|CS|TAMS 0x000000008a000000, 0x000000008a000000| Complete 
| 161|0x000000008a100000, 0x000000008a200000, 0x000000008a200000|100%| E|CS|TAMS 0x000000008a100000, 0x000000008a100000| Complete 
| 162|0x000000008a200000, 0x000000008a300000, 0x000000008a300000|100%| E|CS|TAMS 0x000000008a200000, 0x000000008a200000| Complete 
| 163|0x000000008a300000, 0x000000008a400000, 0x000000008a400000|100%| E|CS|TAMS 0x000000008a300000, 0x000000008a300000| Complete 
| 164|0x000000008a400000, 0x000000008a500000, 0x000000008a500000|100%| E|CS|TAMS 0x000000008a400000, 0x000000008a400000| Complete 
| 165|0x000000008a500000, 0x000000008a600000, 0x000000008a600000|100%| E|CS|TAMS 0x000000008a500000, 0x000000008a500000| Complete 
| 166|0x000000008a600000, 0x000000008a700000, 0x000000008a700000|100%| E|CS|TAMS 0x000000008a600000, 0x000000008a600000| Complete 
| 167|0x000000008a700000, 0x000000008a800000, 0x000000008a800000|100%| E|CS|TAMS 0x000000008a700000, 0x000000008a700000| Complete 
| 168|0x000000008a800000, 0x000000008a900000, 0x000000008a900000|100%| E|CS|TAMS 0x000000008a800000, 0x000000008a800000| Complete 
| 169|0x000000008a900000, 0x000000008aa00000, 0x000000008aa00000|100%| E|CS|TAMS 0x000000008a900000, 0x000000008a900000| Complete 
| 170|0x000000008aa00000, 0x000000008ab00000, 0x000000008ab00000|100%| E|CS|TAMS 0x000000008aa00000, 0x000000008aa00000| Complete 
| 171|0x000000008ab00000, 0x000000008ac00000, 0x000000008ac00000|100%| E|CS|TAMS 0x000000008ab00000, 0x000000008ab00000| Complete 
| 172|0x000000008ac00000, 0x000000008ad00000, 0x000000008ad00000|100%| E|CS|TAMS 0x000000008ac00000, 0x000000008ac00000| Complete 
| 173|0x000000008ad00000, 0x000000008ae00000, 0x000000008ae00000|100%| E|CS|TAMS 0x000000008ad00000, 0x000000008ad00000| Complete 
| 174|0x000000008ae00000, 0x000000008af00000, 0x000000008af00000|100%| E|CS|TAMS 0x000000008ae00000, 0x000000008ae00000| Complete 
| 175|0x000000008af00000, 0x000000008b000000, 0x000000008b000000|100%| E|CS|TAMS 0x000000008af00000, 0x000000008af00000| Complete 
| 176|0x000000008b000000, 0x000000008b100000, 0x000000008b100000|100%| E|CS|TAMS 0x000000008b000000, 0x000000008b000000| Complete 
| 177|0x000000008b100000, 0x000000008b200000, 0x000000008b200000|100%| E|CS|TAMS 0x000000008b100000, 0x000000008b100000| Complete 
| 178|0x000000008b200000, 0x000000008b300000, 0x000000008b300000|100%| E|CS|TAMS 0x000000008b200000, 0x000000008b200000| Complete 
| 179|0x000000008b300000, 0x000000008b400000, 0x000000008b400000|100%| E|CS|TAMS 0x000000008b300000, 0x000000008b300000| Complete 
| 180|0x000000008b400000, 0x000000008b500000, 0x000000008b500000|100%| E|CS|TAMS 0x000000008b400000, 0x000000008b400000| Complete 
| 181|0x000000008b500000, 0x000000008b600000, 0x000000008b600000|100%| E|CS|TAMS 0x000000008b500000, 0x000000008b500000| Complete 
| 182|0x000000008b600000, 0x000000008b700000, 0x000000008b700000|100%| E|CS|TAMS 0x000000008b600000, 0x000000008b600000| Complete 
| 183|0x000000008b700000, 0x000000008b800000, 0x000000008b800000|100%| E|CS|TAMS 0x000000008b700000, 0x000000008b700000| Complete 
| 184|0x000000008b800000, 0x000000008b900000, 0x000000008b900000|100%| E|CS|TAMS 0x000000008b800000, 0x000000008b800000| Complete 

Card table byte_map: [0x0000023258fa0000,0x00000232593a0000] _byte_map_base: 0x0000023258ba0000

Marking Bits (Prev, Next): (CMBitMap*) 0x0000023245d819d8, (CMBitMap*) 0x0000023245d81a10
 Prev Bits: [0x00000232597a0000, 0x000002325b7a0000)
 Next Bits: [0x000002325b7a0000, 0x000002325d7a0000)

Polling page: 0x0000023245520000

Metaspace:

Usage:
  Non-class:     84.16 MB capacity,    82.72 MB ( 98%) used,     1.16 MB (  1%) free+waste,   282.19 KB ( <1%) overhead. 
      Class:     12.99 MB capacity,    12.14 MB ( 93%) used,   741.83 KB (  6%) free+waste,   124.25 KB ( <1%) overhead. 
       Both:     97.15 MB capacity,    94.86 MB ( 98%) used,     1.89 MB (  2%) free+waste,   406.44 KB ( <1%) overhead. 

Virtual space:
  Non-class space:       86.00 MB reserved,      84.45 MB ( 98%) committed 
      Class space:        1.00 GB reserved,      13.25 MB (  1%) committed 
             Both:        1.08 GB reserved,      97.70 MB (  9%) committed 

Chunk freelists:
   Non-Class:  302.00 KB
       Class:  178.00 KB
        Both:  480.00 KB

MaxMetaspaceSize: 17179869184.00 GB
CompressedClassSpaceSize: 1.00 GB
Initial GC threshold: 20.80 MB
Current GC threshold: 162.01 MB
CDS: off

CodeHeap 'non-profiled nmethods': size=120000Kb used=8391Kb max_used=8391Kb free=111608Kb
 bounds [0x0000023251330000, 0x0000023251b70000, 0x0000023258860000]
CodeHeap 'profiled nmethods': size=120000Kb used=28884Kb max_used=28884Kb free=91115Kb
 bounds [0x0000023249e00000, 0x000002324ba40000, 0x0000023251330000]
CodeHeap 'non-nmethods': size=5760Kb used=2402Kb max_used=2474Kb free=3357Kb
 bounds [0x0000023249860000, 0x0000023249ae0000, 0x0000023249e00000]
 total_blobs=14372 nmethods=13442 adapters=841
 compilation: enabled
              stopped_count=0, restarted_count=0
 full_count=0

Compilation events (20 events):
Event: 208.516 Thread 0x000002326458f000 13503       4       com.google.common.collect.ImmutableMultimap$1::next (5 bytes)
Event: 208.526 Thread 0x000002326458f000 nmethod 13503 0x0000023251b5f090 code [0x0000023251b5f2a0, 0x0000023251b5fa38]
Event: 208.527 Thread 0x000002326458f000 13487       4       org.gradle.internal.vfs.impl.DefaultFileSystemAccess$$Lambda$347/0x00000001004eec40::<init> (26 bytes)
Event: 208.531 Thread 0x000002326458f000 nmethod 13487 0x0000023251b5ff10 code [0x0000023251b600a0, 0x0000023251b60418]
Event: 208.531 Thread 0x000002326458f000 13450       4       java.io.InputStream::<init> (5 bytes)
Event: 208.531 Thread 0x000002326458f000 nmethod 13450 0x0000023251b60490 code [0x0000023251b60620, 0x0000023251b60678]
Event: 208.531 Thread 0x000002326458f000 13467       4       com.google.common.collect.ImmutableMapEntrySet$RegularEntrySet::iterator (8 bytes)
Event: 208.533 Thread 0x000002326458f000 nmethod 13467 0x0000023251b60790 code [0x0000023251b60940, 0x0000023251b60b18]
Event: 208.533 Thread 0x000002326458f000 13500       4       org.gradle.internal.execution.UnitOfWork::getTypeOriginInspector (4 bytes)
Event: 208.533 Thread 0x000002326458f000 nmethod 13500 0x0000023251b60c90 code [0x0000023251b60e20, 0x0000023251b60e98]
Event: 208.533 Thread 0x000002326458f000 13502       4       org.gradle.internal.fingerprint.impl.EmptyCurrentFileCollectionFingerprint::getHash (4 bytes)
Event: 208.534 Thread 0x000002326458f000 nmethod 13502 0x0000023251b60f90 code [0x0000023251b61120, 0x0000023251b61198]
Event: 208.534 Thread 0x000002326458f000 13501       4       org.gradle.api.internal.file.DefaultFileCollectionFactory$EmptyFileCollection::visitContents (1 bytes)
Event: 208.534 Thread 0x000002326458f000 nmethod 13501 0x0000023251b61290 code [0x0000023251b61420, 0x0000023251b61478]
Event: 208.534 Thread 0x000002326458f000 13484       4       org.gradle.api.internal.attributes.EmptySchema::compatibilityRules (5 bytes)
Event: 208.534 Thread 0x000002326458f000 nmethod 13484 0x0000023251b61590 code [0x0000023251b61720, 0x0000023251b61798]
Event: 208.534 Thread 0x000002326458f000 13473       4       java.io.Bits::putLong (86 bytes)
Event: 208.535 Thread 0x000002326458f000 nmethod 13473 0x0000023251b61890 code [0x0000023251b61a20, 0x0000023251b61b58]
Event: 208.535 Thread 0x000002326458f000 13456       4       java.io.SerialCallbackContext::setUsed (6 bytes)
Event: 208.536 Thread 0x000002326458f000 nmethod 13456 0x0000023251b61c90 code [0x0000023251b61e20, 0x0000023251b61ed8]

GC Heap History (20 events):
Event: 10.155 GC heap before
{Heap before GC invocations=13 (full 0):
 garbage-first heap   total 157696K, used 127410K [0x0000000080000000, 0x0000000100000000)
  region size 1024K, 71 young (72704K), 3 survivors (3072K)
 Metaspace       used 64146K, capacity 65654K, committed 65744K, reserved 1105920K
  class space    used 8104K, capacity 8676K, committed 8704K, reserved 1048576K
}
Event: 10.167 GC heap after
{Heap after GC invocations=14 (full 0):
 garbage-first heap   total 157696K, used 57182K [0x0000000080000000, 0x0000000100000000)
  region size 1024K, 8 young (8192K), 8 survivors (8192K)
 Metaspace       used 64146K, capacity 65654K, committed 65744K, reserved 1105920K
  class space    used 8104K, capacity 8676K, committed 8704K, reserved 1048576K
}
Event: 11.392 GC heap before
{Heap before GC invocations=14 (full 0):
 garbage-first heap   total 157696K, used 122718K [0x0000000080000000, 0x0000000100000000)
  region size 1024K, 72 young (73728K), 8 survivors (8192K)
 Metaspace       used 67848K, capacity 69566K, committed 69584K, reserved 1110016K
  class space    used 8563K, capacity 9202K, committed 9216K, reserved 1048576K
}
Event: 11.411 GC heap after
{Heap after GC invocations=15 (full 0):
 garbage-first heap   total 189440K, used 61796K [0x0000000080000000, 0x0000000100000000)
  region size 1024K, 5 young (5120K), 5 survivors (5120K)
 Metaspace       used 67848K, capacity 69566K, committed 69584K, reserved 1110016K
  class space    used 8563K, capacity 9202K, committed 9216K, reserved 1048576K
}
Event: 12.701 GC heap before
{Heap before GC invocations=15 (full 0):
 garbage-first heap   total 189440K, used 140644K [0x0000000080000000, 0x0000000100000000)
  region size 1024K, 82 young (83968K), 5 survivors (5120K)
 Metaspace       used 74922K, capacity 76628K, committed 76880K, reserved 1116160K
  class space    used 9641K, capacity 10284K, committed 10368K, reserved 1048576K
}
Event: 12.707 GC heap after
{Heap after GC invocations=16 (full 0):
 garbage-first heap   total 189440K, used 66177K [0x0000000080000000, 0x0000000100000000)
  region size 1024K, 9 young (9216K), 9 survivors (9216K)
 Metaspace       used 74922K, capacity 76628K, committed 76880K, reserved 1116160K
  class space    used 9641K, capacity 10284K, committed 10368K, reserved 1048576K
}
Event: 13.669 GC heap before
{Heap before GC invocations=16 (full 0):
 garbage-first heap   total 189440K, used 144001K [0x0000000080000000, 0x0000000100000000)
  region size 1024K, 85 young (87040K), 9 survivors (9216K)
 Metaspace       used 82594K, capacity 84338K, committed 84560K, reserved 1122304K
  class space    used 10687K, capacity 11356K, committed 11392K, reserved 1048576K
}
Event: 13.679 GC heap after
{Heap after GC invocations=17 (full 0):
 garbage-first heap   total 189440K, used 71177K [0x0000000080000000, 0x0000000100000000)
  region size 1024K, 10 young (10240K), 10 survivors (10240K)
 Metaspace       used 82594K, capacity 84338K, committed 84560K, reserved 1122304K
  class space    used 10687K, capacity 11356K, committed 11392K, reserved 1048576K
}
Event: 14.702 GC heap before
{Heap before GC invocations=17 (full 0):
 garbage-first heap   total 189440K, used 146953K [0x0000000080000000, 0x0000000100000000)
  region size 1024K, 85 young (87040K), 10 survivors (10240K)
 Metaspace       used 86271K, capacity 88503K, committed 88656K, reserved 1126400K
  class space    used 11268K, capacity 12098K, committed 12160K, reserved 1048576K
}
Event: 14.724 GC heap after
{Heap after GC invocations=18 (full 0):
 garbage-first heap   total 189440K, used 77106K [0x0000000080000000, 0x0000000100000000)
  region size 1024K, 11 young (11264K), 11 survivors (11264K)
 Metaspace       used 86271K, capacity 88503K, committed 88656K, reserved 1126400K
  class space    used 11268K, capacity 12098K, committed 12160K, reserved 1048576K
}
Event: 15.742 GC heap before
{Heap before GC invocations=18 (full 0):
 garbage-first heap   total 189440K, used 149810K [0x0000000080000000, 0x0000000100000000)
  region size 1024K, 83 young (84992K), 11 survivors (11264K)
 Metaspace       used 86901K, capacity 89168K, committed 89424K, reserved 1126400K
  class space    used 11307K, capacity 12151K, committed 12160K, reserved 1048576K
}
Event: 15.763 GC heap after
{Heap after GC invocations=19 (full 0):
 garbage-first heap   total 189440K, used 82905K [0x0000000080000000, 0x0000000100000000)
  region size 1024K, 6 young (6144K), 6 survivors (6144K)
 Metaspace       used 86901K, capacity 89168K, committed 89424K, reserved 1126400K
  class space    used 11307K, capacity 12151K, committed 12160K, reserved 1048576K
}
Event: 16.722 GC heap before
{Heap before GC invocations=19 (full 0):
 garbage-first heap   total 189440K, used 152537K [0x0000000080000000, 0x0000000100000000)
  region size 1024K, 75 young (76800K), 6 survivors (6144K)
 Metaspace       used 89039K, capacity 91305K, committed 91600K, reserved 1128448K
  class space    used 11588K, capacity 12455K, committed 12544K, reserved 1048576K
}
Event: 16.737 GC heap after
{Heap after GC invocations=20 (full 0):
 garbage-first heap   total 189440K, used 86811K [0x0000000080000000, 0x0000000100000000)
  region size 1024K, 5 young (5120K), 5 survivors (5120K)
 Metaspace       used 89039K, capacity 91305K, committed 91600K, reserved 1128448K
  class space    used 11588K, capacity 12455K, committed 12544K, reserved 1048576K
}
Event: 17.899 GC heap before
{Heap before GC invocations=20 (full 0):
 garbage-first heap   total 189440K, used 153371K [0x0000000080000000, 0x0000000100000000)
  region size 1024K, 71 young (72704K), 5 survivors (5120K)
 Metaspace       used 93587K, capacity 95830K, committed 95952K, reserved 1132544K
  class space    used 12135K, capacity 12999K, committed 13056K, reserved 1048576K
}
Event: 17.906 GC heap after
{Heap after GC invocations=21 (full 0):
 garbage-first heap   total 189440K, used 90154K [0x0000000080000000, 0x0000000100000000)
  region size 1024K, 8 young (8192K), 8 survivors (8192K)
 Metaspace       used 93587K, capacity 95830K, committed 95952K, reserved 1132544K
  class space    used 12135K, capacity 12999K, committed 13056K, reserved 1048576K
}
Event: 18.428 GC heap before
{Heap before GC invocations=21 (full 0):
 garbage-first heap   total 189440K, used 154666K [0x0000000080000000, 0x0000000100000000)
  region size 1024K, 72 young (73728K), 8 survivors (8192K)
 Metaspace       used 94986K, capacity 97384K, committed 97488K, reserved 1134592K
  class space    used 12332K, capacity 13264K, committed 13312K, reserved 1048576K
}
Event: 18.437 GC heap after
{Heap after GC invocations=22 (full 0):
 garbage-first heap   total 189440K, used 93567K [0x0000000080000000, 0x0000000100000000)
  region size 1024K, 8 young (8192K), 8 survivors (8192K)
 Metaspace       used 94986K, capacity 97384K, committed 97488K, reserved 1134592K
  class space    used 12332K, capacity 13264K, committed 13312K, reserved 1048576K
}
Event: 207.502 GC heap before
{Heap before GC invocations=22 (full 0):
 garbage-first heap   total 189440K, used 156031K [0x0000000080000000, 0x0000000100000000)
  region size 1024K, 70 young (71680K), 8 survivors (8192K)
 Metaspace       used 96792K, capacity 99331K, committed 99536K, reserved 1134592K
  class space    used 12530K, capacity 13474K, committed 13568K, reserved 1048576K
}
Event: 207.515 GC heap after
{Heap after GC invocations=23 (full 0):
 garbage-first heap   total 189440K, used 97161K [0x0000000080000000, 0x0000000100000000)
  region size 1024K, 7 young (7168K), 7 survivors (7168K)
 Metaspace       used 96792K, capacity 99331K, committed 99536K, reserved 1134592K
  class space    used 12530K, capacity 13474K, committed 13568K, reserved 1048576K
}

Deoptimization events (20 events):
Event: 207.934 Thread 0x00000232669c4000 Uncommon trap: trap_request=0xffffffc6 fr.pc=0x0000023251941c58 relative=0x0000000000000478
Event: 207.934 Thread 0x00000232669c4000 Uncommon trap: reason=bimorphic_or_optimized_type_check action=maybe_recompile pc=0x0000023251941c58 method=java.util.Collections.indexedBinarySearch(Ljava/util/List;Ljava/lang/Object;Ljava/util/Comparator;)I @ 3 c2
Event: 207.934 Thread 0x00000232669c4000 DEOPT PACKING pc=0x0000023251941c58 sp=0x000000f9becfa6b0
Event: 207.934 Thread 0x00000232669c4000 DEOPT UNPACKING pc=0x00000232498aa1af sp=0x000000f9becfa5e8 mode 2
Event: 207.945 Thread 0x00000232669c4000 Uncommon trap: trap_request=0xffffffc6 fr.pc=0x0000023251936df8 relative=0x0000000000000418
Event: 207.945 Thread 0x00000232669c4000 Uncommon trap: reason=bimorphic_or_optimized_type_check action=maybe_recompile pc=0x0000023251936df8 method=java.util.Collections.indexedBinarySearch(Ljava/util/List;Ljava/lang/Object;Ljava/util/Comparator;)I @ 3 c2
Event: 207.945 Thread 0x00000232669c4000 DEOPT PACKING pc=0x0000023251936df8 sp=0x000000f9becfa630
Event: 207.945 Thread 0x00000232669c4000 DEOPT UNPACKING pc=0x00000232498aa1af sp=0x000000f9becfa5e8 mode 2
Event: 208.078 Thread 0x00000232669c4000 Uncommon trap: trap_request=0xffffff4d fr.pc=0x000002325195236c relative=0x00000000000007ec
Event: 208.078 Thread 0x00000232669c4000 Uncommon trap: reason=unstable_if action=reinterpret pc=0x000002325195236c method=org.gradle.internal.snapshot.VfsRelativePath.compareToFirstSegment(Ljava/lang/String;Lorg/gradle/internal/snapshot/CaseSensitivity;)I @ 156 c2
Event: 208.078 Thread 0x00000232669c4000 DEOPT PACKING pc=0x000002325195236c sp=0x000000f9becfbb70
Event: 208.078 Thread 0x00000232669c4000 DEOPT UNPACKING pc=0x00000232498aa1af sp=0x000000f9becfbaf0 mode 2
Event: 208.408 Thread 0x00000232669c3000 Uncommon trap: trap_request=0xffffff7e fr.pc=0x0000023251a992dc relative=0x000000000000007c
Event: 208.408 Thread 0x00000232669c3000 Uncommon trap: reason=predicate action=maybe_recompile pc=0x0000023251a992dc method=java.util.ComparableTimSort.binarySort([Ljava/lang/Object;III)V @ 34 c2
Event: 208.408 Thread 0x00000232669c3000 DEOPT PACKING pc=0x0000023251a992dc sp=0x000000f9bf4fcd80
Event: 208.408 Thread 0x00000232669c3000 DEOPT UNPACKING pc=0x00000232498aa1af sp=0x000000f9bf4fcd28 mode 2
Event: 208.447 Thread 0x00000232669c5800 Uncommon trap: trap_request=0xffffffde fr.pc=0x0000023251a301d4 relative=0x0000000000004b14
Event: 208.447 Thread 0x00000232669c5800 Uncommon trap: reason=class_check action=maybe_recompile pc=0x0000023251a301d4 method=org.gradle.internal.snapshot.impl.AbstractValueProcessor.processValue(Ljava/lang/Object;Lorg/gradle/internal/snapshot/impl/AbstractValueProcessor$ValueVisitor;)Ljava/lan
Event: 208.447 Thread 0x00000232669c5800 DEOPT PACKING pc=0x0000023251a301d4 sp=0x000000f9bf0fa820
Event: 208.447 Thread 0x00000232669c5800 DEOPT UNPACKING pc=0x00000232498aa1af sp=0x000000f9bf0fa838 mode 2

Classes redefined (0 events):
No events

Internal exceptions (20 events):
Event: 18.961 Thread 0x000002326762f800 Exception <a 'sun/nio/fs/WindowsException'{0x000000008a481800}> (0x000000008a481800) thrown at [./src/hotspot/share/prims/jni.cpp, line 616]
Event: 18.962 Thread 0x000002326762f800 Exception <a 'sun/nio/fs/WindowsException'{0x000000008a485358}> (0x000000008a485358) thrown at [./src/hotspot/share/prims/jni.cpp, line 616]
Event: 19.028 Thread 0x00000232638b3000 Exception <a 'java/lang/NoSuchMethodError'{0x0000000089f07f50}: <clinit>> (0x0000000089f07f50) thrown at [./src/hotspot/share/prims/jni.cpp, line 1366]
Event: 19.031 Thread 0x00000232638b3000 Exception <a 'java/lang/NoSuchMethodError'{0x0000000089f3e588}: <clinit>> (0x0000000089f3e588) thrown at [./src/hotspot/share/prims/jni.cpp, line 1366]
Event: 19.032 Thread 0x00000232638b3000 Exception <a 'java/lang/NoSuchMethodError'{0x0000000089f5c240}: <clinit>> (0x0000000089f5c240) thrown at [./src/hotspot/share/prims/jni.cpp, line 1366]
Event: 19.064 Thread 0x0000023262ccc000 Exception <a 'sun/nio/fs/WindowsException'{0x0000000089e37408}> (0x0000000089e37408) thrown at [./src/hotspot/share/prims/jni.cpp, line 616]
Event: 19.064 Thread 0x0000023262ccc000 Exception <a 'sun/nio/fs/WindowsException'{0x0000000089e37488}> (0x0000000089e37488) thrown at [./src/hotspot/share/prims/jni.cpp, line 616]
Event: 19.066 Thread 0x0000023262ccc000 Exception <a 'sun/nio/fs/WindowsException'{0x0000000089e49fc0}> (0x0000000089e49fc0) thrown at [./src/hotspot/share/prims/jni.cpp, line 616]
Event: 19.289 Thread 0x0000023263285000 Exception <a 'java/lang/NoSuchMethodError'{0x00000000895217f8}: <clinit>> (0x00000000895217f8) thrown at [./src/hotspot/share/prims/jni.cpp, line 1366]
Event: 19.290 Thread 0x0000023263285000 Exception <a 'java/lang/NoSuchMethodError'{0x00000000895325a0}: <clinit>> (0x00000000895325a0) thrown at [./src/hotspot/share/prims/jni.cpp, line 1366]
Event: 19.290 Thread 0x0000023263285000 Exception <a 'java/lang/NoSuchMethodError'{0x0000000089533c88}: <clinit>> (0x0000000089533c88) thrown at [./src/hotspot/share/prims/jni.cpp, line 1366]
Event: 19.292 Thread 0x0000023263285000 Exception <a 'java/lang/NoSuchMethodError'{0x0000000089545de8}: <clinit>> (0x0000000089545de8) thrown at [./src/hotspot/share/prims/jni.cpp, line 1366]
Event: 19.293 Thread 0x0000023263285000 Exception <a 'java/lang/NoSuchMethodError'{0x00000000895521a0}: <clinit>> (0x00000000895521a0) thrown at [./src/hotspot/share/prims/jni.cpp, line 1366]
Event: 19.299 Thread 0x0000023263285000 Exception <a 'java/lang/NoSuchMethodError'{0x0000000089569b58}: <clinit>> (0x0000000089569b58) thrown at [./src/hotspot/share/prims/jni.cpp, line 1366]
Event: 207.568 Thread 0x0000023264774800 Exception <a 'sun/nio/fs/WindowsException'{0x000000008b61f330}> (0x000000008b61f330) thrown at [./src/hotspot/share/prims/jni.cpp, line 616]
Event: 207.812 Thread 0x0000023264774800 Exception <a 'sun/nio/fs/WindowsException'{0x000000008abe7650}> (0x000000008abe7650) thrown at [./src/hotspot/share/prims/jni.cpp, line 616]
Event: 207.822 Thread 0x0000023264774800 Exception <a 'sun/nio/fs/WindowsException'{0x000000008aa8afe0}> (0x000000008aa8afe0) thrown at [./src/hotspot/share/prims/jni.cpp, line 616]
Event: 207.822 Thread 0x0000023264774800 Exception <a 'sun/nio/fs/WindowsException'{0x000000008aa8c358}> (0x000000008aa8c358) thrown at [./src/hotspot/share/prims/jni.cpp, line 616]
Event: 207.822 Thread 0x0000023264774800 Exception <a 'sun/nio/fs/WindowsException'{0x000000008aa8d720}> (0x000000008aa8d720) thrown at [./src/hotspot/share/prims/jni.cpp, line 616]
Event: 207.822 Thread 0x0000023264774800 Exception <a 'sun/nio/fs/WindowsException'{0x000000008aa8eae8}> (0x000000008aa8eae8) thrown at [./src/hotspot/share/prims/jni.cpp, line 616]

Events (20 events):
Event: 208.407 Executing VM operation: RevokeBias done
Event: 208.415 Executing VM operation: RevokeBias
Event: 208.416 Executing VM operation: RevokeBias done
Event: 208.417 Thread 0x00000232669c9800 Thread added: 0x00000232669c9800
Event: 208.456 Executing VM operation: RevokeBias
Event: 208.457 Executing VM operation: RevokeBias done
Event: 208.479 Executing VM operation: RevokeBias
Event: 208.480 Executing VM operation: RevokeBias done
Event: 208.480 Executing VM operation: RevokeBias
Event: 208.480 Executing VM operation: RevokeBias done
Event: 208.480 Executing VM operation: RevokeBias
Event: 208.480 Executing VM operation: RevokeBias done
Event: 208.480 Executing VM operation: RevokeBias
Event: 208.481 Executing VM operation: RevokeBias done
Event: 208.481 Executing VM operation: RevokeBias
Event: 208.481 Executing VM operation: RevokeBias done
Event: 208.481 Executing VM operation: RevokeBias
Event: 208.481 Executing VM operation: RevokeBias done
Event: 208.481 Executing VM operation: RevokeBias
Event: 208.482 Executing VM operation: RevokeBias done


Dynamic libraries:
0x00007ff7a5e60000 - 0x00007ff7a5e6a000 	C:\Program Files\Android\Android Studio3\jre\bin\java.exe
0x00007ffb0e490000 - 0x00007ffb0e688000 	C:\WINDOWS\SYSTEM32\ntdll.dll
0x00007ffb0da80000 - 0x00007ffb0db3f000 	C:\WINDOWS\System32\KERNEL32.DLL
0x00007ffb0c1f0000 - 0x00007ffb0c4c2000 	C:\WINDOWS\System32\KERNELBASE.dll
0x00007ffb0c000000 - 0x00007ffb0c100000 	C:\WINDOWS\System32\ucrtbase.dll
0x00007ffb09490000 - 0x00007ffb094a9000 	C:\Program Files\Android\Android Studio3\jre\bin\jli.dll
0x00007ffb08ae0000 - 0x00007ffb08af7000 	C:\Program Files\Android\Android Studio3\jre\bin\VCRUNTIME140.dll
0x00007ffb0c780000 - 0x00007ffb0c921000 	C:\WINDOWS\System32\USER32.dll
0x00007ffb0c1c0000 - 0x00007ffb0c1e2000 	C:\WINDOWS\System32\win32u.dll
0x00007ffb0af80000 - 0x00007ffb0b21a000 	C:\WINDOWS\WinSxS\amd64_microsoft.windows.common-controls_6595b64144ccf1df_6.0.19041.1110_none_60b5254171f9507e\COMCTL32.dll
0x00007ffb0dc00000 - 0x00007ffb0dc2b000 	C:\WINDOWS\System32\GDI32.dll
0x00007ffb0e280000 - 0x00007ffb0e31e000 	C:\WINDOWS\System32\msvcrt.dll
0x00007ffb0be40000 - 0x00007ffb0bf4f000 	C:\WINDOWS\System32\gdi32full.dll
0x00007ffb0bd10000 - 0x00007ffb0bdad000 	C:\WINDOWS\System32\msvcp_win.dll
0x00007ffb0db40000 - 0x00007ffb0db72000 	C:\WINDOWS\System32\IMM32.DLL
0x00007ffaec980000 - 0x00007ffaeca1d000 	C:\Program Files\Android\Android Studio3\jre\bin\msvcp140.dll
0x00007ffad2260000 - 0x00007ffad2d62000 	C:\Program Files\Android\Android Studio3\jre\bin\server\jvm.dll
0x00007ffb0d080000 - 0x00007ffb0d12e000 	C:\WINDOWS\System32\ADVAPI32.dll
0x00007ffb0c600000 - 0x00007ffb0c69c000 	C:\WINDOWS\System32\sechost.dll
0x00007ffb0c4d0000 - 0x00007ffb0c5f5000 	C:\WINDOWS\System32\RPCRT4.dll
0x00007ffb0da00000 - 0x00007ffb0da08000 	C:\WINDOWS\System32\PSAPI.DLL
0x00007ffb094b0000 - 0x00007ffb094ba000 	C:\WINDOWS\SYSTEM32\VERSION.dll
0x00007ffaebc10000 - 0x00007ffaebc37000 	C:\WINDOWS\SYSTEM32\WINMM.dll
0x00007ffb059c0000 - 0x00007ffb059c9000 	C:\WINDOWS\SYSTEM32\WSOCK32.dll
0x00007ffb0da10000 - 0x00007ffb0da7b000 	C:\WINDOWS\System32\WS2_32.dll
0x00007ffb09d60000 - 0x00007ffb09d72000 	C:\WINDOWS\SYSTEM32\kernel.appcore.dll
0x00007ffb06e20000 - 0x00007ffb06e31000 	C:\Program Files\Android\Android Studio3\jre\bin\verify.dll
0x00007ffb0b410000 - 0x00007ffb0b5f4000 	C:\WINDOWS\SYSTEM32\DBGHELP.DLL
0x00007ffb0b350000 - 0x00007ffb0b385000 	C:\WINDOWS\SYSTEM32\dbgcore.DLL
0x00007ffb0bdb0000 - 0x00007ffb0be32000 	C:\WINDOWS\System32\bcryptPrimitives.dll
0x00007ffafa1e0000 - 0x00007ffafa209000 	C:\Program Files\Android\Android Studio3\jre\bin\java.dll
0x00007ffb094c0000 - 0x00007ffb094cb000 	C:\Program Files\Android\Android Studio3\jre\bin\jimage.dll
0x00007ffb05e60000 - 0x00007ffb05e78000 	C:\Program Files\Android\Android Studio3\jre\bin\zip.dll
0x00007ffb0c930000 - 0x00007ffb0d074000 	C:\WINDOWS\System32\SHELL32.dll
0x00007ffb095b0000 - 0x00007ffb09d42000 	C:\WINDOWS\SYSTEM32\windows.storage.dll
0x00007ffb0dce0000 - 0x00007ffb0e035000 	C:\WINDOWS\System32\combase.dll
0x00007ffb0aee0000 - 0x00007ffb0af10000 	C:\WINDOWS\SYSTEM32\Wldp.dll
0x00007ffb0d130000 - 0x00007ffb0d1dd000 	C:\WINDOWS\System32\SHCORE.dll
0x00007ffb0d530000 - 0x00007ffb0d585000 	C:\WINDOWS\System32\shlwapi.dll
0x00007ffb0bac0000 - 0x00007ffb0badf000 	C:\WINDOWS\SYSTEM32\profapi.dll
0x00007ffb04ee0000 - 0x00007ffb04efa000 	C:\Program Files\Android\Android Studio3\jre\bin\net.dll
0x00007ffb01d00000 - 0x00007ffb01e0c000 	C:\WINDOWS\SYSTEM32\WINHTTP.dll
0x00007ffb0adb0000 - 0x00007ffb0ae1a000 	C:\WINDOWS\system32\mswsock.dll
0x00007ffafa1c0000 - 0x00007ffafa1d4000 	C:\Program Files\Android\Android Studio3\jre\bin\nio.dll
0x00007ffaf9f60000 - 0x00007ffaf9f87000 	C:\Users\Marko\.gradle\native\e1d6ef7f7dcc3fd88c89a11ec53ec762bb8ba0a96d01ffa2cd45eb1d1d8dd5c5\windows-amd64\native-platform.dll
0x00007ffadc3e0000 - 0x00007ffadc524000 	C:\Users\Marko\.gradle\native\0d407fdbe67a94daf76414ababcb853783967236a71b16ec16e742cd7a986fd3\windows-amd64\native-platform-file-events.dll
0x00007ffb09460000 - 0x00007ffb0946a000 	C:\Program Files\Android\Android Studio3\jre\bin\management.dll
0x00007ffb090e0000 - 0x00007ffb090ed000 	C:\Program Files\Android\Android Studio3\jre\bin\management_ext.dll
0x00007ffb0b910000 - 0x00007ffb0b928000 	C:\WINDOWS\SYSTEM32\CRYPTSP.dll
0x00007ffb0a550000 - 0x00007ffb0a584000 	C:\WINDOWS\system32\rsaenh.dll
0x00007ffb0bce0000 - 0x00007ffb0bd07000 	C:\WINDOWS\System32\bcrypt.dll
0x00007ffb0ba80000 - 0x00007ffb0baae000 	C:\WINDOWS\SYSTEM32\USERENV.dll
0x00007ffb0aea0000 - 0x00007ffb0aeac000 	C:\WINDOWS\SYSTEM32\CRYPTBASE.dll
0x00007ffb0a930000 - 0x00007ffb0a96b000 	C:\WINDOWS\SYSTEM32\IPHLPAPI.DLL
0x00007ffb0e270000 - 0x00007ffb0e278000 	C:\WINDOWS\System32\NSI.dll
0x00007ffb03180000 - 0x00007ffb03197000 	C:\WINDOWS\SYSTEM32\dhcpcsvc6.DLL
0x00007ffb03160000 - 0x00007ffb0317d000 	C:\WINDOWS\SYSTEM32\dhcpcsvc.DLL
0x00007ffb0a970000 - 0x00007ffb0aa3a000 	C:\WINDOWS\SYSTEM32\DNSAPI.dll
0x00007ffb06e40000 - 0x00007ffb06e5e000 	C:\Users\Marko\AppData\Local\Temp\native-platform11828465806492122458dir\native-platform.dll

dbghelp: loaded successfully - version: 4.0.5 - missing functions: none
symbol engine: initialized successfully - sym options: 0x614 - pdb path: .;C:\Program Files\Android\Android Studio3\jre\bin;C:\WINDOWS\SYSTEM32;C:\WINDOWS\WinSxS\amd64_microsoft.windows.common-controls_6595b64144ccf1df_6.0.19041.1110_none_60b5254171f9507e;C:\Program Files\Android\Android Studio3\jre\bin\server;C:\Users\Marko\.gradle\native\e1d6ef7f7dcc3fd88c89a11ec53ec762bb8ba0a96d01ffa2cd45eb1d1d8dd5c5\windows-amd64;C:\Users\Marko\.gradle\native\0d407fdbe67a94daf76414ababcb853783967236a71b16ec16e742cd7a986fd3\windows-amd64;C:\Users\Marko\AppData\Local\Temp\native-platform11828465806492122458dir

VM Arguments:
jvm_args: --add-opens=java.base/java.util=ALL-UNNAMED --add-opens=java.base/java.lang=ALL-UNNAMED --add-opens=java.base/java.lang.invoke=ALL-UNNAMED --add-opens=java.base/java.util=ALL-UNNAMED --add-opens=java.prefs/java.util.prefs=ALL-UNNAMED --add-opens=java.prefs/java.util.prefs=ALL-UNNAMED --add-opens=java.base/java.nio.charset=ALL-UNNAMED --add-opens=java.base/java.net=ALL-UNNAMED --add-opens=java.base/java.util.concurrent.atomic=ALL-UNNAMED -Xmx2048m -Dfile.encoding=UTF-8 -Duser.country=US -Duser.language=en -Duser.variant 
java_command: org.gradle.launcher.daemon.bootstrap.GradleDaemon 7.4
java_class_path (initial): C:\Users\Marko\.gradle\wrapper\dists\gradle-7.4-bin\c0gwcg53nkjbqw7r0h0umtfvt\gradle-7.4\lib\gradle-launcher-7.4.jar
Launcher Type: SUN_STANDARD

[Global flags]
     intx CICompilerCount                          = 4                                         {product} {ergonomic}
     uint ConcGCThreads                            = 2                                         {product} {ergonomic}
     uint G1ConcRefinementThreads                  = 8                                         {product} {ergonomic}
   size_t G1HeapRegionSize                         = 1048576                                   {product} {ergonomic}
    uintx GCDrainStackTargetSize                   = 64                                        {product} {ergonomic}
   size_t InitialHeapSize                          = 134217728                                 {product} {ergonomic}
   size_t MarkStackSize                            = 4194304                                   {product} {ergonomic}
   size_t MaxHeapSize                              = 2147483648                                {product} {command line}
   size_t MaxNewSize                               = 1287651328                                {product} {ergonomic}
   size_t MinHeapDeltaBytes                        = 1048576                                   {product} {ergonomic}
    uintx NonNMethodCodeHeapSize                   = 5836300                                {pd product} {ergonomic}
    uintx NonProfiledCodeHeapSize                  = 122910970                              {pd product} {ergonomic}
    uintx ProfiledCodeHeapSize                     = 122910970                              {pd product} {ergonomic}
    uintx ReservedCodeCacheSize                    = 251658240                              {pd product} {ergonomic}
     bool SegmentedCodeCache                       = true                                      {product} {ergonomic}
     bool UseCompressedClassPointers               = true                                 {lp64_product} {ergonomic}
     bool UseCompressedOops                        = true                                 {lp64_product} {ergonomic}
     bool UseG1GC                                  = true                                      {product} {ergonomic}
     bool UseLargePagesIndividualAllocation        = false                                  {pd product} {ergonomic}

Logging:
Log output configuration:
 #0: stdout all=warning uptime,level,tags
 #1: stderr all=off uptime,level,tags

Environment Variables:
PATH=C:\Program Files (x86)\VMware\VMware Player\bin\;C:\Python39\Scripts\;C:\Python39\;C:\Program Files (x86)\Common Files\Oracle\Java\javapath;C:\WINDOWS\system32;C:\WINDOWS;C:\WINDOWS\System32\Wbem;C:\WINDOWS\System32\WindowsPowerShell\v1.0\;C:\WINDOWS\System32\OpenSSH\;C:\Program Files (x86)\Bitvise SSH Client;C:\Program Files\nodejs\;C:\ProgramData\chocolatey\bin;C:\Program Files\Git\cmd;C:\Users\Marko\AppData\Local\Microsoft\WindowsApps;C:\Program Files (x86)\SSH Communications Security\SSH Secure Shell;C:\Users\Marko\AppData\Local\Programs\Microsoft VS Code\bin;C:\MinGW\bin;C:\Users\Marko\AppData\Roaming\npm;C:\Users\Marko\Downloads\flutter\bin;
USERNAME=Marko
OS=Windows_NT
PROCESSOR_IDENTIFIER=Intel64 Family 6 Model 142 Stepping 10, GenuineIntel



---------------  S Y S T E M  ---------------

OS: Windows 10 , 64 bit Build 19041 (10.0.19041.2364)
OS uptime: 1 days 0:10 hours

CPU:total 8 (initial active 8) (4 cores per cpu, 2 threads per core) family 6 model 142 stepping 10 microcode 0xb4, cmov, cx8, fxsr, mmx, sse, sse2, sse3, ssse3, sse4.1, sse4.2, popcnt, avx, avx2, aes, clmul, erms, 3dnowpref, lzcnt, ht, tsc, tscinvbit, bmi1, bmi2, adx, fma

Memory: 4k page, system-wide physical 8101M (910M free)
TotalPageFile size 10661M (AvailPageFile size 5M)
current process WorkingSet (physical memory assigned to process): 484M, peak: 493M
current process commit charge ("private bytes"): 522M, peak: 531M

vm_info: OpenJDK 64-Bit Server VM (11.0.13+0-b1751.21-8125866) for windows-amd64 JRE (11.0.13+0-b1751.21-8125866), built on Feb  2 2022 03:00:22 by "builder" with MS VC++ 14.0 (VS2015)

END.
