#
# There is insufficient memory for the Java Runtime Environment to continue.
# Native memory allocation (malloc) failed to allocate 1547376 bytes for Chunk::new
# Possible reasons:
#   The system is out of physical RAM or swap space
#   The process is running with CompressedOops enabled, and the Java Heap may be blocking the growth of the native heap
# Possible solutions:
#   Reduce memory load on the system
#   Increase physical memory or swap space
#   Check if swap backing store is full
#   Decrease Java heap size (-Xmx/-Xms)
#   Decrease number of Java threads
#   Decrease Java thread stack sizes (-Xss)
#   Set larger code cache with -XX:ReservedCodeCacheSize=
#   JVM is running with Unscaled Compressed Oops mode in which the Java heap is
#     placed in the first 4GB address space. The Java Heap base address is the
#     maximum limit for the native heap growth. Please use -XX:HeapBaseMinAddress
#     to set the Java Heap base and to place the Java Heap above 4GB virtual address.
# This output file may be truncated or incomplete.
#
#  Out of Memory Error (./src/hotspot/share/memory/arena.cpp:197), pid=9176, tid=10664
#
# JRE version: OpenJDK Runtime Environment (11.0.13) (build 11.0.13+0-b1751.21-8125866)
# Java VM: OpenJDK 64-Bit Server VM (11.0.13+0-b1751.21-8125866, mixed mode, tiered, compressed oops, g1 gc, windows-amd64)
# No core dump will be written. Minidumps are not enabled by default on client versions of Windows
#

---------------  S U M M A R Y ------------

Command Line: --add-opens=java.base/java.util=ALL-UNNAMED --add-opens=java.base/java.lang=ALL-UNNAMED --add-opens=java.base/java.lang.invoke=ALL-UNNAMED --add-opens=java.base/java.util=ALL-UNNAMED --add-opens=java.prefs/java.util.prefs=ALL-UNNAMED --add-opens=java.prefs/java.util.prefs=ALL-UNNAMED --add-opens=java.base/java.nio.charset=ALL-UNNAMED --add-opens=java.base/java.net=ALL-UNNAMED --add-opens=java.base/java.util.concurrent.atomic=ALL-UNNAMED -Xmx2048m -Dfile.encoding=UTF-8 -Duser.country=US -Duser.language=en -Duser.variant org.gradle.launcher.daemon.bootstrap.GradleDaemon 7.4

Host: Intel(R) Core(TM) i5-8250U CPU @ 1.60GHz, 8 cores, 7G,  Windows 10 , 64 bit Build 19041 (10.0.19041.2251)
Time: Thu Dec 15 21:48:28 2022 Central Europe Standard Time elapsed time: 31.792945 seconds (0d 0h 0m 31s)

---------------  T H R E A D  ---------------

Current thread (0x000001ac9b126000):  JavaThread "C2 CompilerThread2" daemon [_thread_in_native, id=10664, stack(0x00000013a1900000,0x00000013a1a00000)]


Current CompileTask:
C2:  31793 13848       4       sun.invoke.util.VerifyAccess::isClassAccessible (182 bytes)

Stack: [0x00000013a1900000,0x00000013a1a00000]
Native frames: (J=compiled Java code, j=interpreted, Vv=VM code, C=native code)
V  [jvm.dll+0x6100fa]
V  [jvm.dll+0x747090]
V  [jvm.dll+0x7486ad]
V  [jvm.dll+0x748d83]
V  [jvm.dll+0x24ab48]
V  [jvm.dll+0xc04dc]
V  [jvm.dll+0xc0a0c]
V  [jvm.dll+0x35eb5b]
V  [jvm.dll+0x32b833]
V  [jvm.dll+0x32ad2a]
V  [jvm.dll+0x2032b2]
V  [jvm.dll+0x202437]
V  [jvm.dll+0x188e01]
V  [jvm.dll+0x21106b]
V  [jvm.dll+0x20f8c1]
V  [jvm.dll+0x70de0f]
V  [jvm.dll+0x706a75]
V  [jvm.dll+0x60ed66]
C  [ucrtbase.dll+0x21bb2]
C  [KERNEL32.DLL+0x174b4]
C  [ntdll.dll+0x526a1]


---------------  P R O C E S S  ---------------

Threads class SMR info:
_java_thread_list=0x000001ac991a9e20, length=152, elements={
0x000001acf69ee800, 0x000001acffdf2800, 0x000001acffdf6000, 0x000001ac93843800,
0x000001acffe0c800, 0x000001acffe0e800, 0x000001acffe1f000, 0x000001acffe20800,
0x000001acffe22000, 0x000001ac939a2000, 0x000001ac97674800, 0x000001ac9640e800,
0x000001ac94c6c800, 0x000001ac9607d000, 0x000001ac958f6800, 0x000001ac9616e800,
0x000001ac95fbc800, 0x000001ac95e60800, 0x000001ac95ed3800, 0x000001ac95d54800,
0x000001ac95cbb000, 0x000001ac95cbc800, 0x000001ac95cbc000, 0x000001ac95cc0000,
0x000001ac95cba000, 0x000001ac95cc1000, 0x000001ac95cbd800, 0x000001ac95cbe800,
0x000001ac95cbf000, 0x000001ac9636a800, 0x000001ac9636d000, 0x000001ac96370000,
0x000001ac96371000, 0x000001ac9636e800, 0x000001ac9636c000, 0x000001ac96372800,
0x000001ac9636f800, 0x000001ac96372000, 0x000001ac96373800, 0x000001ac9636e000,
0x000001ac96375000, 0x000001ac96374800, 0x000001ac96376000, 0x000001ac96376800,
0x000001ac96378800, 0x000001ac96379000, 0x000001ac96377800, 0x000001ac96aaa000,
0x000001ac96aad800, 0x000001ac96aae000, 0x000001ac96aab000, 0x000001ac96aa9800,
0x000001ac96aaf000, 0x000001ac96aab800, 0x000001ac96ab0800, 0x000001ac96ab1800,
0x000001ac96aac800, 0x000001ac96ab2000, 0x000001ac96ab3000, 0x000001ac96ab4000,
0x000001ac96ab4800, 0x000001ac96ab5800, 0x000001ac96ab0000, 0x000001ac96ab6800,
0x000001ac96ab7000, 0x000001ac96ab8000, 0x000001ac963a0000, 0x000001ac9639d000,
0x000001ac9639a800, 0x000001ac963a1000, 0x000001ac9639d800, 0x000001ac9639e800,
0x000001ac9639f800, 0x000001ac9639b800, 0x000001ac963a2000, 0x000001ac9639c000,
0x000001ac963a5000, 0x000001ac963a2800, 0x000001ac963a9000, 0x000001ac963a4800,
0x000001ac963a7800, 0x000001ac963a8800, 0x000001ac963a6000, 0x000001ac963a3800,
0x000001ac963a6800, 0x000001ac952ab000, 0x000001ac952ad800, 0x000001ac952aa000,
0x000001ac952af000, 0x000001ac952a9000, 0x000001ac952ab800, 0x000001ac952b0000,
0x000001ac952ae000, 0x000001ac952b1800, 0x000001ac952b2000, 0x000001ac952ac800,
0x000001ac952b3000, 0x000001ac952b4000, 0x000001ac952b4800, 0x000001ac952b5800,
0x000001ac952b6800, 0x000001ac952b0800, 0x000001ac952b8000, 0x000001ac952b7000,
0x000001ac98cea800, 0x000001ac98ce6800, 0x000001ac98ceb000, 0x000001ac98ce9800,
0x000001ac98ce5800, 0x000001ac98cec000, 0x000001ac98ced000, 0x000001ac98ce8000,
0x000001ac98ce7000, 0x000001ac98ced800, 0x000001ac98ce8800, 0x000001ac98cee800,
0x000001ac98cf4000, 0x000001ac98cf1800, 0x000001ac98cf0000, 0x000001ac98cf3800,
0x000001ac98cf2800, 0x000001ac98cf1000, 0x000001ac976b5800, 0x000001ac976b8000,
0x000001ac976b9000, 0x000001ac976bc000, 0x000001ac976b9800, 0x000001ac976b6800,
0x000001ac976bd000, 0x000001ac976bd800, 0x000001ac976bb000, 0x000001ac976be800,
0x000001ac976c0000, 0x000001ac9b127800, 0x000001ac9b126000, 0x000001ac976c1000,
0x000001ac976c3800, 0x000001ac976c2000, 0x000001ac976c4000, 0x000001ac976c2800,
0x000001ac989da000, 0x000001ac989d5000, 0x000001ac989db000, 0x000001ac989dc000,
0x000001ac989d6000, 0x000001ac989dc800, 0x000001ac989d9800, 0x000001ac989d7000,
0x000001ac989d7800, 0x000001ac989d8800, 0x000001ac989e0800, 0x000001ac989e1800
}

Java Threads: ( => current thread )
  0x000001acf69ee800 JavaThread "main" [_thread_blocked, id=6976, stack(0x0000001398400000,0x0000001398500000)]
  0x000001acffdf2800 JavaThread "Reference Handler" daemon [_thread_blocked, id=14012, stack(0x0000001398b00000,0x0000001398c00000)]
  0x000001acffdf6000 JavaThread "Finalizer" daemon [_thread_blocked, id=14148, stack(0x0000001398c00000,0x0000001398d00000)]
  0x000001ac93843800 JavaThread "Signal Dispatcher" daemon [_thread_blocked, id=9120, stack(0x0000001398d00000,0x0000001398e00000)]
  0x000001acffe0c800 JavaThread "Attach Listener" daemon [_thread_blocked, id=8472, stack(0x0000001398e00000,0x0000001398f00000)]
  0x000001acffe0e800 JavaThread "Service Thread" daemon [_thread_blocked, id=12652, stack(0x0000001398f00000,0x0000001399000000)]
  0x000001acffe1f000 JavaThread "C2 CompilerThread0" daemon [_thread_in_native, id=6792, stack(0x0000001399000000,0x0000001399100000)]
  0x000001acffe20800 JavaThread "C1 CompilerThread0" daemon [_thread_in_native, id=84, stack(0x0000001399100000,0x0000001399200000)]
  0x000001acffe22000 JavaThread "Sweeper thread" daemon [_thread_blocked, id=7312, stack(0x0000001399200000,0x0000001399300000)]
  0x000001ac939a2000 JavaThread "Common-Cleaner" daemon [_thread_blocked, id=6576, stack(0x0000001399300000,0x0000001399400000)]
  0x000001ac97674800 JavaThread "Daemon health stats" [_thread_blocked, id=10156, stack(0x0000001399900000,0x0000001399a00000)]
  0x000001ac9640e800 JavaThread "Incoming local TCP Connector on port 63314" [_thread_in_native, id=4700, stack(0x0000001399500000,0x0000001399600000)]
  0x000001ac94c6c800 JavaThread "Daemon periodic checks" [_thread_blocked, id=9288, stack(0x0000001399800000,0x0000001399900000)]
  0x000001ac9607d000 JavaThread "Daemon" [_thread_blocked, id=12804, stack(0x0000001399a00000,0x0000001399b00000)]
  0x000001ac958f6800 JavaThread "Handler for socket connection from /127.0.0.1:63314 to /127.0.0.1:63316" [_thread_in_native, id=3304, stack(0x0000001399b00000,0x0000001399c00000)]
  0x000001ac9616e800 JavaThread "Cancel handler" [_thread_blocked, id=12956, stack(0x0000001399c00000,0x0000001399d00000)]
  0x000001ac95fbc800 JavaThread "Daemon worker" [_thread_blocked, id=10688, stack(0x0000001399d00000,0x0000001399e00000)]
  0x000001ac95e60800 JavaThread "Asynchronous log dispatcher for DefaultDaemonConnection: socket connection from /127.0.0.1:63314 to /127.0.0.1:63316" [_thread_blocked, id=11844, stack(0x0000001399e00000,0x0000001399f00000)]
  0x000001ac95ed3800 JavaThread "Stdin handler" [_thread_blocked, id=10652, stack(0x0000001399f00000,0x000000139a000000)]
  0x000001ac95d54800 JavaThread "Daemon client event forwarder" [_thread_blocked, id=12068, stack(0x000000139a000000,0x000000139a100000)]
  0x000001ac95cbb000 JavaThread "Cache worker for journal cache (C:\Users\Marko\.gradle\caches\journal-1)" [_thread_blocked, id=5664, stack(0x000000139a700000,0x000000139a800000)]
  0x000001ac95cbc800 JavaThread "File lock request listener" [_thread_in_native, id=8228, stack(0x000000139a800000,0x000000139a900000)]
  0x000001ac95cbc000 JavaThread "Cache worker for file hash cache (C:\Users\Marko\.gradle\caches\7.4\fileHashes)" [_thread_blocked, id=3624, stack(0x000000139a900000,0x000000139aa00000)]
  0x000001ac95cc0000 JavaThread "File watcher server" daemon [_thread_in_native, id=8820, stack(0x000000139ac00000,0x000000139ad00000)]
  0x000001ac95cba000 JavaThread "File watcher consumer" daemon [_thread_blocked, id=10148, stack(0x000000139ad00000,0x000000139ae00000)]
  0x000001ac95cc1000 JavaThread "Cache worker for checksums cache (C:\Users\Marko\AndroidStudioProjects\Restaurants\.gradle\7.4\checksums)" [_thread_blocked, id=7236, stack(0x000000139ae00000,0x000000139af00000)]
  0x000001ac95cbd800 JavaThread "Cache worker for cache directory md-rule (C:\Users\Marko\.gradle\caches\7.4\md-rule)" [_thread_blocked, id=8388, stack(0x000000139af00000,0x000000139b000000)]
  0x000001ac95cbe800 JavaThread "Cache worker for file hash cache (C:\Users\Marko\AndroidStudioProjects\Restaurants\.gradle\7.4\fileHashes)" [_thread_blocked, id=9416, stack(0x000000139ab00000,0x000000139ac00000)]
  0x000001ac95cbf000 JavaThread "Cache worker for cache directory md-supplier (C:\Users\Marko\.gradle\caches\7.4\md-supplier)" [_thread_blocked, id=8596, stack(0x000000139b000000,0x000000139b100000)]
  0x000001ac9636a800 JavaThread "Cache worker for execution history cache (C:\Users\Marko\.gradle\caches\7.4\executionHistory)" [_thread_blocked, id=9092, stack(0x000000139b100000,0x000000139b200000)]
  0x000001ac9636d000 JavaThread "jar transforms" [_thread_blocked, id=4824, stack(0x000000139b300000,0x000000139b400000)]
  0x000001ac96370000 JavaThread "Cache worker for file content cache (C:\Users\Marko\.gradle\caches\7.4\fileContent)" [_thread_blocked, id=10352, stack(0x000000139b400000,0x000000139b500000)]
  0x000001ac96371000 JavaThread "jar transforms Thread 2" [_thread_blocked, id=11444, stack(0x000000139b500000,0x000000139b600000)]
  0x000001ac9636e800 JavaThread "Cache worker for dependencies-accessors (C:\Users\Marko\AndroidStudioProjects\Restaurants\.gradle\7.4\dependencies-accessors)" [_thread_blocked, id=13280, stack(0x000000139b600000,0x000000139b700000)]
  0x000001ac9636c000 JavaThread "jar transforms Thread 3" [_thread_blocked, id=13668, stack(0x000000139b700000,0x000000139b800000)]
  0x000001ac96372800 JavaThread "Cache worker for Build Output Cleanup Cache (C:\Users\Marko\AndroidStudioProjects\Restaurants\.gradle\buildOutputCleanup)" [_thread_blocked, id=9508, stack(0x000000139b800000,0x000000139b900000)]
  0x000001ac9636f800 JavaThread "Unconstrained build operations" [_thread_blocked, id=11972, stack(0x000000139b900000,0x000000139ba00000)]
  0x000001ac96372000 JavaThread "Unconstrained build operations Thread 2" [_thread_blocked, id=6856, stack(0x000000139ba00000,0x000000139bb00000)]
  0x000001ac96373800 JavaThread "Unconstrained build operations Thread 3" [_thread_blocked, id=12908, stack(0x000000139bb00000,0x000000139bc00000)]
  0x000001ac9636e000 JavaThread "Unconstrained build operations Thread 4" [_thread_blocked, id=13504, stack(0x000000139bc00000,0x000000139bd00000)]
  0x000001ac96375000 JavaThread "Unconstrained build operations Thread 5" [_thread_blocked, id=5144, stack(0x000000139bd00000,0x000000139be00000)]
  0x000001ac96374800 JavaThread "Unconstrained build operations Thread 6" [_thread_blocked, id=5592, stack(0x000000139be00000,0x000000139bf00000)]
  0x000001ac96376000 JavaThread "Unconstrained build operations Thread 7" [_thread_blocked, id=3380, stack(0x000000139bf00000,0x000000139c000000)]
  0x000001ac96376800 JavaThread "Unconstrained build operations Thread 8" [_thread_blocked, id=13548, stack(0x000000139c000000,0x000000139c100000)]
  0x000001ac96378800 JavaThread "Unconstrained build operations Thread 9" [_thread_blocked, id=5700, stack(0x000000139c100000,0x000000139c200000)]
  0x000001ac96379000 JavaThread "Unconstrained build operations Thread 10" [_thread_blocked, id=13160, stack(0x000000139c200000,0x000000139c300000)]
  0x000001ac96377800 JavaThread "Unconstrained build operations Thread 11" [_thread_blocked, id=9208, stack(0x000000139c300000,0x000000139c400000)]
  0x000001ac96aaa000 JavaThread "Unconstrained build operations Thread 12" [_thread_blocked, id=11420, stack(0x000000139c400000,0x000000139c500000)]
  0x000001ac96aad800 JavaThread "Unconstrained build operations Thread 13" [_thread_blocked, id=2420, stack(0x000000139c500000,0x000000139c600000)]
  0x000001ac96aae000 JavaThread "Unconstrained build operations Thread 14" [_thread_blocked, id=5396, stack(0x000000139c600000,0x000000139c700000)]
  0x000001ac96aab000 JavaThread "Unconstrained build operations Thread 15" [_thread_blocked, id=9032, stack(0x000000139c700000,0x000000139c800000)]
  0x000001ac96aa9800 JavaThread "Unconstrained build operations Thread 16" [_thread_blocked, id=2932, stack(0x000000139c800000,0x000000139c900000)]
  0x000001ac96aaf000 JavaThread "Unconstrained build operations Thread 17" [_thread_blocked, id=1288, stack(0x000000139c900000,0x000000139ca00000)]
  0x000001ac96aab800 JavaThread "Unconstrained build operations Thread 18" [_thread_blocked, id=1704, stack(0x000000139ca00000,0x000000139cb00000)]
  0x000001ac96ab0800 JavaThread "Unconstrained build operations Thread 19" [_thread_blocked, id=11940, stack(0x000000139cb00000,0x000000139cc00000)]
  0x000001ac96ab1800 JavaThread "Unconstrained build operations Thread 20" [_thread_blocked, id=12372, stack(0x000000139cc00000,0x000000139cd00000)]
  0x000001ac96aac800 JavaThread "Unconstrained build operations Thread 21" [_thread_blocked, id=10140, stack(0x000000139cd00000,0x000000139ce00000)]
  0x000001ac96ab2000 JavaThread "Unconstrained build operations Thread 22" [_thread_blocked, id=5816, stack(0x000000139ce00000,0x000000139cf00000)]
  0x000001ac96ab3000 JavaThread "Unconstrained build operations Thread 23" [_thread_blocked, id=6900, stack(0x000000139cf00000,0x000000139d000000)]
  0x000001ac96ab4000 JavaThread "Unconstrained build operations Thread 24" [_thread_blocked, id=324, stack(0x000000139d000000,0x000000139d100000)]
  0x000001ac96ab4800 JavaThread "Unconstrained build operations Thread 25" [_thread_blocked, id=11580, stack(0x000000139d100000,0x000000139d200000)]
  0x000001ac96ab5800 JavaThread "Unconstrained build operations Thread 26" [_thread_blocked, id=10704, stack(0x000000139d200000,0x000000139d300000)]
  0x000001ac96ab0000 JavaThread "Unconstrained build operations Thread 27" [_thread_blocked, id=7580, stack(0x000000139d300000,0x000000139d400000)]
  0x000001ac96ab6800 JavaThread "Unconstrained build operations Thread 28" [_thread_blocked, id=6440, stack(0x000000139d400000,0x000000139d500000)]
  0x000001ac96ab7000 JavaThread "Unconstrained build operations Thread 29" [_thread_blocked, id=8828, stack(0x000000139d500000,0x000000139d600000)]
  0x000001ac96ab8000 JavaThread "Unconstrained build operations Thread 30" [_thread_blocked, id=13116, stack(0x000000139d600000,0x000000139d700000)]
  0x000001ac963a0000 JavaThread "Unconstrained build operations Thread 31" [_thread_blocked, id=2240, stack(0x000000139d700000,0x000000139d800000)]
  0x000001ac9639d000 JavaThread "Unconstrained build operations Thread 32" [_thread_blocked, id=11172, stack(0x000000139d800000,0x000000139d900000)]
  0x000001ac9639a800 JavaThread "Unconstrained build operations Thread 33" [_thread_blocked, id=7804, stack(0x000000139d900000,0x000000139da00000)]
  0x000001ac963a1000 JavaThread "Unconstrained build operations Thread 34" [_thread_blocked, id=13296, stack(0x000000139da00000,0x000000139db00000)]
  0x000001ac9639d800 JavaThread "Unconstrained build operations Thread 35" [_thread_blocked, id=11968, stack(0x000000139db00000,0x000000139dc00000)]
  0x000001ac9639e800 JavaThread "Unconstrained build operations Thread 36" [_thread_blocked, id=5452, stack(0x000000139dc00000,0x000000139dd00000)]
  0x000001ac9639f800 JavaThread "Unconstrained build operations Thread 37" [_thread_blocked, id=1004, stack(0x000000139dd00000,0x000000139de00000)]
  0x000001ac9639b800 JavaThread "Unconstrained build operations Thread 38" [_thread_blocked, id=5436, stack(0x000000139de00000,0x000000139df00000)]
  0x000001ac963a2000 JavaThread "Unconstrained build operations Thread 39" [_thread_blocked, id=13360, stack(0x000000139df00000,0x000000139e000000)]
  0x000001ac9639c000 JavaThread "Unconstrained build operations Thread 40" [_thread_blocked, id=4568, stack(0x000000139e000000,0x000000139e100000)]
  0x000001ac963a5000 JavaThread "Unconstrained build operations Thread 41" [_thread_blocked, id=2440, stack(0x000000139e100000,0x000000139e200000)]
  0x000001ac963a2800 JavaThread "Unconstrained build operations Thread 42" [_thread_blocked, id=12932, stack(0x000000139e200000,0x000000139e300000)]
  0x000001ac963a9000 JavaThread "Unconstrained build operations Thread 43" [_thread_blocked, id=8044, stack(0x000000139e300000,0x000000139e400000)]
  0x000001ac963a4800 JavaThread "Unconstrained build operations Thread 44" [_thread_blocked, id=1300, stack(0x000000139e400000,0x000000139e500000)]
  0x000001ac963a7800 JavaThread "Unconstrained build operations Thread 45" [_thread_blocked, id=9968, stack(0x000000139e500000,0x000000139e600000)]
  0x000001ac963a8800 JavaThread "Unconstrained build operations Thread 46" [_thread_blocked, id=13884, stack(0x000000139e600000,0x000000139e700000)]
  0x000001ac963a6000 JavaThread "Unconstrained build operations Thread 47" [_thread_blocked, id=12428, stack(0x000000139e700000,0x000000139e800000)]
  0x000001ac963a3800 JavaThread "Unconstrained build operations Thread 48" [_thread_blocked, id=12052, stack(0x000000139e800000,0x000000139e900000)]
  0x000001ac963a6800 JavaThread "Unconstrained build operations Thread 49" [_thread_blocked, id=10304, stack(0x000000139e900000,0x000000139ea00000)]
  0x000001ac952ab000 JavaThread "Unconstrained build operations Thread 50" [_thread_blocked, id=2436, stack(0x000000139ea00000,0x000000139eb00000)]
  0x000001ac952ad800 JavaThread "Unconstrained build operations Thread 51" [_thread_blocked, id=6516, stack(0x000000139eb00000,0x000000139ec00000)]
  0x000001ac952aa000 JavaThread "Unconstrained build operations Thread 52" [_thread_blocked, id=11164, stack(0x000000139ec00000,0x000000139ed00000)]
  0x000001ac952af000 JavaThread "Unconstrained build operations Thread 53" [_thread_blocked, id=5200, stack(0x000000139ed00000,0x000000139ee00000)]
  0x000001ac952a9000 JavaThread "Unconstrained build operations Thread 54" [_thread_blocked, id=9876, stack(0x000000139ee00000,0x000000139ef00000)]
  0x000001ac952ab800 JavaThread "Unconstrained build operations Thread 55" [_thread_blocked, id=1320, stack(0x000000139ef00000,0x000000139f000000)]
  0x000001ac952b0000 JavaThread "Unconstrained build operations Thread 56" [_thread_blocked, id=13960, stack(0x000000139f000000,0x000000139f100000)]
  0x000001ac952ae000 JavaThread "Unconstrained build operations Thread 57" [_thread_blocked, id=8524, stack(0x000000139f100000,0x000000139f200000)]
  0x000001ac952b1800 JavaThread "Unconstrained build operations Thread 58" [_thread_blocked, id=10512, stack(0x000000139f200000,0x000000139f300000)]
  0x000001ac952b2000 JavaThread "Unconstrained build operations Thread 59" [_thread_blocked, id=7956, stack(0x000000139f300000,0x000000139f400000)]
  0x000001ac952ac800 JavaThread "Unconstrained build operations Thread 60" [_thread_blocked, id=13456, stack(0x000000139f400000,0x000000139f500000)]
  0x000001ac952b3000 JavaThread "Unconstrained build operations Thread 61" [_thread_blocked, id=11564, stack(0x000000139f500000,0x000000139f600000)]
  0x000001ac952b4000 JavaThread "Unconstrained build operations Thread 62" [_thread_blocked, id=9132, stack(0x000000139f600000,0x000000139f700000)]
  0x000001ac952b4800 JavaThread "Unconstrained build operations Thread 63" [_thread_blocked, id=7952, stack(0x000000139f700000,0x000000139f800000)]
  0x000001ac952b5800 JavaThread "Unconstrained build operations Thread 64" [_thread_blocked, id=6664, stack(0x000000139f800000,0x000000139f900000)]
  0x000001ac952b6800 JavaThread "Unconstrained build operations Thread 65" [_thread_blocked, id=14320, stack(0x000000139f900000,0x000000139fa00000)]
  0x000001ac952b0800 JavaThread "Unconstrained build operations Thread 66" [_thread_blocked, id=4228, stack(0x000000139fa00000,0x000000139fb00000)]
  0x000001ac952b8000 JavaThread "Unconstrained build operations Thread 67" [_thread_blocked, id=8148, stack(0x000000139fb00000,0x000000139fc00000)]
  0x000001ac952b7000 JavaThread "Unconstrained build operations Thread 68" [_thread_blocked, id=13468, stack(0x000000139fc00000,0x000000139fd00000)]
  0x000001ac98cea800 JavaThread "Unconstrained build operations Thread 69" [_thread_blocked, id=4488, stack(0x000000139fd00000,0x000000139fe00000)]
  0x000001ac98ce6800 JavaThread "Unconstrained build operations Thread 70" [_thread_blocked, id=4628, stack(0x000000139fe00000,0x000000139ff00000)]
  0x000001ac98ceb000 JavaThread "Unconstrained build operations Thread 71" [_thread_blocked, id=13540, stack(0x000000139ff00000,0x00000013a0000000)]
  0x000001ac98ce9800 JavaThread "Unconstrained build operations Thread 72" [_thread_blocked, id=13816, stack(0x00000013a0000000,0x00000013a0100000)]
  0x000001ac98ce5800 JavaThread "Unconstrained build operations Thread 73" [_thread_blocked, id=13060, stack(0x00000013a0100000,0x00000013a0200000)]
  0x000001ac98cec000 JavaThread "Unconstrained build operations Thread 74" [_thread_blocked, id=12800, stack(0x00000013a0200000,0x00000013a0300000)]
  0x000001ac98ced000 JavaThread "Unconstrained build operations Thread 75" [_thread_blocked, id=2728, stack(0x00000013a0300000,0x00000013a0400000)]
  0x000001ac98ce8000 JavaThread "Unconstrained build operations Thread 76" [_thread_blocked, id=12532, stack(0x00000013a0400000,0x00000013a0500000)]
  0x000001ac98ce7000 JavaThread "Unconstrained build operations Thread 77" [_thread_blocked, id=6872, stack(0x00000013a0500000,0x00000013a0600000)]
  0x000001ac98ced800 JavaThread "Unconstrained build operations Thread 78" [_thread_blocked, id=532, stack(0x00000013a0600000,0x00000013a0700000)]
  0x000001ac98ce8800 JavaThread "Unconstrained build operations Thread 79" [_thread_blocked, id=7892, stack(0x00000013a0700000,0x00000013a0800000)]
  0x000001ac98cee800 JavaThread "Unconstrained build operations Thread 80" [_thread_blocked, id=13604, stack(0x00000013a0800000,0x00000013a0900000)]
  0x000001ac98cf4000 JavaThread "jar transforms Thread 4" [_thread_blocked, id=8616, stack(0x00000013a0900000,0x00000013a0a00000)]
  0x000001ac98cf1800 JavaThread "jar transforms Thread 5" [_thread_blocked, id=7144, stack(0x00000013a0a00000,0x00000013a0b00000)]
  0x000001ac98cf0000 JavaThread "jar transforms Thread 6" [_thread_blocked, id=4788, stack(0x00000013a0b00000,0x00000013a0c00000)]
  0x000001ac98cf3800 JavaThread "jar transforms Thread 7" [_thread_blocked, id=13544, stack(0x00000013a0c00000,0x00000013a0d00000)]
  0x000001ac98cf2800 JavaThread "jar transforms Thread 8" [_thread_blocked, id=5308, stack(0x00000013a0d00000,0x00000013a0e00000)]
  0x000001ac98cf1000 JavaThread "Memory manager" [_thread_blocked, id=4496, stack(0x00000013a0e00000,0x00000013a0f00000)]
  0x000001ac976b5800 JavaThread "build event listener" [_thread_blocked, id=9516, stack(0x00000013a0f00000,0x00000013a1000000)]
  0x000001ac976b8000 JavaThread "included builds" [_thread_blocked, id=13992, stack(0x00000013a1000000,0x00000013a1100000)]
  0x000001ac976b9000 JavaThread "Execution worker for ':'" [_thread_blocked, id=8936, stack(0x00000013a1100000,0x00000013a1200000)]
  0x000001ac976bc000 JavaThread "Execution worker for ':' Thread 2" [_thread_blocked, id=2020, stack(0x00000013a1200000,0x00000013a1300000)]
  0x000001ac976b9800 JavaThread "Execution worker for ':' Thread 3" [_thread_blocked, id=8952, stack(0x00000013a1300000,0x00000013a1400000)]
  0x000001ac976b6800 JavaThread "Execution worker for ':' Thread 4" [_thread_blocked, id=8700, stack(0x00000013a1400000,0x00000013a1500000)]
  0x000001ac976bd000 JavaThread "Execution worker for ':' Thread 5" [_thread_blocked, id=8332, stack(0x00000013a1500000,0x00000013a1600000)]
  0x000001ac976bd800 JavaThread "Execution worker for ':' Thread 6" [_thread_blocked, id=8768, stack(0x00000013a1600000,0x00000013a1700000)]
  0x000001ac976bb000 JavaThread "Execution worker for ':' Thread 7" [_thread_blocked, id=8476, stack(0x00000013a1700000,0x00000013a1800000)]
  0x000001ac976be800 JavaThread "Cache worker for execution history cache (C:\Users\Marko\AndroidStudioProjects\Restaurants\.gradle\7.4\executionHistory)" [_thread_blocked, id=9272, stack(0x00000013a1800000,0x00000013a1900000)]
  0x000001ac976c0000 JavaThread "Cache worker for Java compile cache (C:\Users\Marko\.gradle\caches\7.4\javaCompile)" [_thread_blocked, id=9792, stack(0x000000139b200000,0x000000139b300000)]
  0x000001ac9b127800 JavaThread "C2 CompilerThread1" daemon [_thread_in_native, id=10888, stack(0x000000139a100000,0x000000139a200000)]
=>0x000001ac9b126000 JavaThread "C2 CompilerThread2" daemon [_thread_in_native, id=10664, stack(0x00000013a1900000,0x00000013a1a00000)]
  0x000001ac976c1000 JavaThread "Build operations" [_thread_blocked, id=3532, stack(0x00000013a1a00000,0x00000013a1b00000)]
  0x000001ac976c3800 JavaThread "Build operations Thread 2" [_thread_blocked, id=11696, stack(0x00000013a1b00000,0x00000013a1c00000)]
  0x000001ac976c2000 JavaThread "Build operations Thread 3" [_thread_blocked, id=6264, stack(0x00000013a1c00000,0x00000013a1d00000)]
  0x000001ac976c4000 JavaThread "Build operations Thread 4" [_thread_blocked, id=6920, stack(0x00000013a1d00000,0x00000013a1e00000)]
  0x000001ac976c2800 JavaThread "Build operations Thread 5" [_thread_blocked, id=8852, stack(0x00000013a1e00000,0x00000013a1f00000)]
  0x000001ac989da000 JavaThread "Build operations Thread 6" [_thread_blocked, id=11268, stack(0x00000013a1f00000,0x00000013a2000000)]
  0x000001ac989d5000 JavaThread "Build operations Thread 7" [_thread_blocked, id=11820, stack(0x00000013a2000000,0x00000013a2100000)]
  0x000001ac989db000 JavaThread "Build operations Thread 8" [_thread_blocked, id=7604, stack(0x00000013a2100000,0x00000013a2200000)]
  0x000001ac989dc000 JavaThread "WorkerExecutor Queue" [_thread_blocked, id=13812, stack(0x00000013a2200000,0x00000013a2300000)]
  0x000001ac989d6000 JavaThread "WorkerExecutor Queue Thread 2" [_thread_blocked, id=12244, stack(0x00000013a2300000,0x00000013a2400000)]
  0x000001ac989dc800 JavaThread "WorkerExecutor Queue Thread 3" [_thread_in_Java, id=13972, stack(0x00000013a2400000,0x00000013a2500000)]
  0x000001ac989d9800 JavaThread "WorkerExecutor Queue Thread 4" [_thread_in_vm, id=9624, stack(0x00000013a2500000,0x00000013a2600000)]
  0x000001ac989d7000 JavaThread "WorkerExecutor Queue Thread 5" [_thread_blocked, id=10008, stack(0x00000013a2600000,0x00000013a2700000)]
  0x000001ac989d7800 JavaThread "WorkerExecutor Queue Thread 6" [_thread_blocked, id=12536, stack(0x00000013a2700000,0x00000013a2800000)]
  0x000001ac989d8800 JavaThread "WorkerExecutor Queue Thread 7" [_thread_in_Java, id=7160, stack(0x00000013a2800000,0x00000013a2900000)]
  0x000001ac989e0800 JavaThread "WorkerExecutor Queue Thread 8" [_thread_in_vm, id=10536, stack(0x00000013a2900000,0x00000013a2a00000)]
  0x000001ac989e1800 JavaThread "WorkerExecutor Queue Thread 9" [_thread_in_Java, id=7696, stack(0x00000013a2a00000,0x00000013a2b00000)]

Other Threads:
  0x000001acffdee000 VMThread "VM Thread" [stack: 0x0000001398a00000,0x0000001398b00000] [id=4556]
  0x000001ac939ab000 WatcherThread [stack: 0x0000001399400000,0x0000001399500000] [id=7672]
  0x000001acf6a08000 GCTaskThread "GC Thread#0" [stack: 0x0000001398500000,0x0000001398600000] [id=3368]
  0x000001ac949dc000 GCTaskThread "GC Thread#1" [stack: 0x0000001399600000,0x0000001399700000] [id=13472]
  0x000001ac9473c000 GCTaskThread "GC Thread#2" [stack: 0x0000001399700000,0x0000001399800000] [id=9740]
  0x000001ac96be2000 GCTaskThread "GC Thread#3" [stack: 0x000000139a200000,0x000000139a300000] [id=8964]
  0x000001ac96fa9000 GCTaskThread "GC Thread#4" [stack: 0x000000139a300000,0x000000139a400000] [id=13624]
  0x000001ac95ff1800 GCTaskThread "GC Thread#5" [stack: 0x000000139a400000,0x000000139a500000] [id=6560]
  0x000001ac95ff2800 GCTaskThread "GC Thread#6" [stack: 0x000000139a500000,0x000000139a600000] [id=280]
  0x000001ac94dc4000 GCTaskThread "GC Thread#7" [stack: 0x000000139a600000,0x000000139a700000] [id=5296]
  0x000001acf6a39000 ConcurrentGCThread "G1 Main Marker" [stack: 0x0000001398600000,0x0000001398700000] [id=1524]
  0x000001acf6a3b800 ConcurrentGCThread "G1 Conc#0" [stack: 0x0000001398700000,0x0000001398800000] [id=6480]
  0x000001ac96283800 ConcurrentGCThread "G1 Conc#1" [stack: 0x000000139aa00000,0x000000139ab00000] [id=5516]
  0x000001acffc40800 ConcurrentGCThread "G1 Refine#0" [stack: 0x0000001398800000,0x0000001398900000] [id=13524]
  0x000001acffc41800 ConcurrentGCThread "G1 Young RemSet Sampling" [stack: 0x0000001398900000,0x0000001398a00000] [id=9544]

Threads with active compile tasks:
C2 CompilerThread0  31877 13551       4       java.lang.invoke.MethodHandles$Lookup::checkAccess (226 bytes)
C1 CompilerThread0  31877 14409       2       com.android.tools.r8.internal.Kb::m (1053 bytes)
C2 CompilerThread1  31877 14267       4       com.android.tools.r8.internal.B8::a (1251 bytes)
C2 CompilerThread2  31877 13848       4       sun.invoke.util.VerifyAccess::isClassAccessible (182 bytes)

VM state:not at safepoint (normal execution)

VM Mutex/Monitor currently owned by a thread:  ([mutex/lock_event])
[0x000001acf69ebd00] Compile_lock - owner thread: 0x0000000000000000

Heap address: 0x0000000080000000, size: 2048 MB, Compressed Oops mode: 32-bit
Narrow klass base: 0x0000000000000000, Narrow klass shift: 3
Compressed class space size: 1073741824 Address: 0x0000000100000000

Heap:
 garbage-first heap   total 227328K, used 170501K [0x0000000080000000, 0x0000000100000000)
  region size 1024K, 65 young (66560K), 5 survivors (5120K)
 Metaspace       used 117489K, capacity 121311K, committed 121552K, reserved 1153024K
  class space    used 15543K, capacity 17133K, committed 17184K, reserved 1048576K
Heap Regions: E=young(eden), S=young(survivor), O=old, HS=humongous(starts), HC=humongous(continues), CS=collection set, F=free, A=archive, TAMS=top-at-mark-start (previous, next)
|   0|0x0000000080000000, 0x0000000080100000, 0x0000000080100000|100%| O|  |TAMS 0x0000000080100000, 0x0000000080000000| Untracked 
|   1|0x0000000080100000, 0x0000000080200000, 0x0000000080200000|100%| O|  |TAMS 0x0000000080200000, 0x0000000080100000| Untracked 
|   2|0x0000000080200000, 0x0000000080300000, 0x0000000080300000|100%| O|  |TAMS 0x0000000080300000, 0x0000000080200000| Untracked 
|   3|0x0000000080300000, 0x0000000080400000, 0x0000000080400000|100%|HS|  |TAMS 0x0000000080400000, 0x0000000080300000| Complete 
|   4|0x0000000080400000, 0x0000000080500000, 0x0000000080500000|100%|HC|  |TAMS 0x0000000080500000, 0x0000000080400000| Complete 
|   5|0x0000000080500000, 0x0000000080600000, 0x0000000080600000|100%|HC|  |TAMS 0x0000000080600000, 0x0000000080500000| Complete 
|   6|0x0000000080600000, 0x0000000080700000, 0x0000000080700000|100%| O|  |TAMS 0x0000000080700000, 0x0000000080600000| Untracked 
|   7|0x0000000080700000, 0x0000000080800000, 0x0000000080800000|100%| O|  |TAMS 0x0000000080800000, 0x0000000080700000| Untracked 
|   8|0x0000000080800000, 0x0000000080900000, 0x0000000080900000|100%| O|  |TAMS 0x0000000080900000, 0x0000000080800000| Untracked 
|   9|0x0000000080900000, 0x0000000080a00000, 0x0000000080a00000|100%| O|  |TAMS 0x0000000080a00000, 0x0000000080900000| Untracked 
|  10|0x0000000080a00000, 0x0000000080b00000, 0x0000000080b00000|100%| O|  |TAMS 0x0000000080b00000, 0x0000000080a00000| Untracked 
|  11|0x0000000080b00000, 0x0000000080c00000, 0x0000000080c00000|100%| O|  |TAMS 0x0000000080c00000, 0x0000000080b00000| Untracked 
|  12|0x0000000080c00000, 0x0000000080d00000, 0x0000000080d00000|100%| O|  |TAMS 0x0000000080d00000, 0x0000000080c00000| Untracked 
|  13|0x0000000080d00000, 0x0000000080e00000, 0x0000000080e00000|100%| O|  |TAMS 0x0000000080e00000, 0x0000000080d00000| Untracked 
|  14|0x0000000080e00000, 0x0000000080f00000, 0x0000000080f00000|100%| O|  |TAMS 0x0000000080f00000, 0x0000000080e00000| Untracked 
|  15|0x0000000080f00000, 0x0000000081000000, 0x0000000081000000|100%| O|  |TAMS 0x0000000081000000, 0x0000000080f00000| Untracked 
|  16|0x0000000081000000, 0x0000000081100000, 0x0000000081100000|100%|HS|  |TAMS 0x0000000081100000, 0x0000000081000000| Complete 
|  17|0x0000000081100000, 0x0000000081200000, 0x0000000081200000|100%| O|  |TAMS 0x0000000081200000, 0x0000000081100000| Untracked 
|  18|0x0000000081200000, 0x0000000081300000, 0x0000000081300000|100%| O|  |TAMS 0x0000000081300000, 0x0000000081200000| Untracked 
|  19|0x0000000081300000, 0x0000000081400000, 0x0000000081400000|100%| O|  |TAMS 0x0000000081400000, 0x0000000081300000| Untracked 
|  20|0x0000000081400000, 0x0000000081500000, 0x0000000081500000|100%| O|  |TAMS 0x0000000081500000, 0x0000000081400000| Untracked 
|  21|0x0000000081500000, 0x0000000081600000, 0x0000000081600000|100%| O|  |TAMS 0x0000000081600000, 0x0000000081500000| Untracked 
|  22|0x0000000081600000, 0x0000000081700000, 0x0000000081700000|100%| O|  |TAMS 0x0000000081700000, 0x0000000081600000| Untracked 
|  23|0x0000000081700000, 0x0000000081800000, 0x0000000081800000|100%| O|  |TAMS 0x0000000081800000, 0x0000000081700000| Untracked 
|  24|0x0000000081800000, 0x0000000081900000, 0x0000000081900000|100%| O|  |TAMS 0x0000000081900000, 0x0000000081800000| Untracked 
|  25|0x0000000081900000, 0x0000000081a00000, 0x0000000081a00000|100%| O|  |TAMS 0x0000000081a00000, 0x0000000081900000| Untracked 
|  26|0x0000000081a00000, 0x0000000081b00000, 0x0000000081b00000|100%| O|  |TAMS 0x0000000081b00000, 0x0000000081a00000| Untracked 
|  27|0x0000000081b00000, 0x0000000081c00000, 0x0000000081c00000|100%| O|  |TAMS 0x0000000081c00000, 0x0000000081b00000| Untracked 
|  28|0x0000000081c00000, 0x0000000081d00000, 0x0000000081d00000|100%|HS|  |TAMS 0x0000000081d00000, 0x0000000081c00000| Complete 
|  29|0x0000000081d00000, 0x0000000081e00000, 0x0000000081e00000|100%|HS|  |TAMS 0x0000000081e00000, 0x0000000081d00000| Complete 
|  30|0x0000000081e00000, 0x0000000081f00000, 0x0000000081f00000|100%|HS|  |TAMS 0x0000000081f00000, 0x0000000081e00000| Complete 
|  31|0x0000000081f00000, 0x0000000082000000, 0x0000000082000000|100%|HC|  |TAMS 0x0000000082000000, 0x0000000081f00000| Complete 
|  32|0x0000000082000000, 0x0000000082100000, 0x0000000082100000|100%|HC|  |TAMS 0x0000000082100000, 0x0000000082000000| Complete 
|  33|0x0000000082100000, 0x0000000082200000, 0x0000000082200000|100%|HC|  |TAMS 0x0000000082200000, 0x0000000082100000| Complete 
|  34|0x0000000082200000, 0x0000000082300000, 0x0000000082300000|100%| O|  |TAMS 0x0000000082300000, 0x0000000082200000| Untracked 
|  35|0x0000000082300000, 0x0000000082400000, 0x0000000082400000|100%|HS|  |TAMS 0x0000000082400000, 0x0000000082300000| Complete 
|  36|0x0000000082400000, 0x0000000082500000, 0x0000000082500000|100%|HC|  |TAMS 0x0000000082500000, 0x0000000082400000| Complete 
|  37|0x0000000082500000, 0x0000000082600000, 0x0000000082600000|100%| O|  |TAMS 0x0000000082600000, 0x0000000082500000| Untracked 
|  38|0x0000000082600000, 0x0000000082700000, 0x0000000082700000|100%| O|  |TAMS 0x0000000082700000, 0x0000000082600000| Untracked 
|  39|0x0000000082700000, 0x0000000082800000, 0x0000000082800000|100%| O|  |TAMS 0x0000000082800000, 0x0000000082700000| Untracked 
|  40|0x0000000082800000, 0x0000000082900000, 0x0000000082900000|100%| O|  |TAMS 0x0000000082900000, 0x0000000082800000| Untracked 
|  41|0x0000000082900000, 0x0000000082a00000, 0x0000000082a00000|100%| O|  |TAMS 0x0000000082a00000, 0x0000000082900000| Untracked 
|  42|0x0000000082a00000, 0x0000000082b00000, 0x0000000082b00000|100%| O|  |TAMS 0x0000000082b00000, 0x0000000082a00000| Untracked 
|  43|0x0000000082b00000, 0x0000000082c00000, 0x0000000082c00000|100%| O|  |TAMS 0x0000000082c00000, 0x0000000082b00000| Untracked 
|  44|0x0000000082c00000, 0x0000000082d00000, 0x0000000082d00000|100%| O|  |TAMS 0x0000000082d00000, 0x0000000082c00000| Untracked 
|  45|0x0000000082d00000, 0x0000000082e00000, 0x0000000082e00000|100%| O|  |TAMS 0x0000000082e00000, 0x0000000082d00000| Untracked 
|  46|0x0000000082e00000, 0x0000000082f00000, 0x0000000082f00000|100%| O|  |TAMS 0x0000000082f00000, 0x0000000082e00000| Untracked 
|  47|0x0000000082f00000, 0x0000000083000000, 0x0000000083000000|100%| O|  |TAMS 0x0000000083000000, 0x0000000082f00000| Untracked 
|  48|0x0000000083000000, 0x0000000083100000, 0x0000000083100000|100%| O|  |TAMS 0x0000000083100000, 0x0000000083000000| Untracked 
|  49|0x0000000083100000, 0x0000000083200000, 0x0000000083200000|100%| O|  |TAMS 0x0000000083200000, 0x0000000083100000| Untracked 
|  50|0x0000000083200000, 0x0000000083300000, 0x0000000083300000|100%| O|  |TAMS 0x0000000083300000, 0x0000000083200000| Untracked 
|  51|0x0000000083300000, 0x0000000083400000, 0x0000000083400000|100%| O|  |TAMS 0x0000000083400000, 0x0000000083300000| Untracked 
|  52|0x0000000083400000, 0x0000000083500000, 0x0000000083500000|100%| O|  |TAMS 0x0000000083500000, 0x0000000083400000| Untracked 
|  53|0x0000000083500000, 0x0000000083600000, 0x0000000083600000|100%| O|  |TAMS 0x0000000083600000, 0x0000000083500000| Untracked 
|  54|0x0000000083600000, 0x0000000083700000, 0x0000000083700000|100%| O|  |TAMS 0x0000000083700000, 0x0000000083600000| Untracked 
|  55|0x0000000083700000, 0x0000000083800000, 0x0000000083800000|100%| O|  |TAMS 0x0000000083800000, 0x0000000083700000| Untracked 
|  56|0x0000000083800000, 0x0000000083900000, 0x0000000083900000|100%| O|  |TAMS 0x0000000083900000, 0x0000000083800000| Untracked 
|  57|0x0000000083900000, 0x0000000083a00000, 0x0000000083a00000|100%| O|  |TAMS 0x0000000083a00000, 0x0000000083900000| Untracked 
|  58|0x0000000083a00000, 0x0000000083b00000, 0x0000000083b00000|100%| O|  |TAMS 0x0000000083b00000, 0x0000000083a00000| Untracked 
|  59|0x0000000083b00000, 0x0000000083c00000, 0x0000000083c00000|100%| O|  |TAMS 0x0000000083c00000, 0x0000000083b00000| Untracked 
|  60|0x0000000083c00000, 0x0000000083d00000, 0x0000000083d00000|100%| O|  |TAMS 0x0000000083d00000, 0x0000000083c00000| Untracked 
|  61|0x0000000083d00000, 0x0000000083e00000, 0x0000000083e00000|100%| O|  |TAMS 0x0000000083e00000, 0x0000000083d00000| Untracked 
|  62|0x0000000083e00000, 0x0000000083f00000, 0x0000000083f00000|100%| O|  |TAMS 0x0000000083f00000, 0x0000000083e00000| Untracked 
|  63|0x0000000083f00000, 0x0000000084000000, 0x0000000084000000|100%| O|  |TAMS 0x0000000084000000, 0x0000000083f00000| Untracked 
|  64|0x0000000084000000, 0x0000000084100000, 0x0000000084100000|100%| O|  |TAMS 0x0000000084100000, 0x0000000084000000| Untracked 
|  65|0x0000000084100000, 0x0000000084200000, 0x0000000084200000|100%| O|  |TAMS 0x0000000084200000, 0x0000000084100000| Untracked 
|  66|0x0000000084200000, 0x0000000084300000, 0x0000000084300000|100%| O|  |TAMS 0x0000000084300000, 0x0000000084200000| Untracked 
|  67|0x0000000084300000, 0x0000000084400000, 0x0000000084400000|100%| O|  |TAMS 0x0000000084400000, 0x0000000084300000| Untracked 
|  68|0x0000000084400000, 0x0000000084500000, 0x0000000084500000|100%| O|  |TAMS 0x0000000084500000, 0x0000000084400000| Untracked 
|  69|0x0000000084500000, 0x0000000084600000, 0x0000000084600000|100%| O|  |TAMS 0x0000000084600000, 0x0000000084500000| Untracked 
|  70|0x0000000084600000, 0x0000000084700000, 0x0000000084700000|100%| O|  |TAMS 0x0000000084700000, 0x0000000084600000| Untracked 
|  71|0x0000000084700000, 0x0000000084800000, 0x0000000084800000|100%| O|  |TAMS 0x0000000084800000, 0x0000000084700000| Untracked 
|  72|0x0000000084800000, 0x0000000084900000, 0x0000000084900000|100%| O|  |TAMS 0x0000000084900000, 0x0000000084800000| Untracked 
|  73|0x0000000084900000, 0x0000000084a00000, 0x0000000084a00000|100%| O|  |TAMS 0x0000000084a00000, 0x0000000084900000| Untracked 
|  74|0x0000000084a00000, 0x0000000084b00000, 0x0000000084b00000|100%| O|  |TAMS 0x0000000084b00000, 0x0000000084a00000| Untracked 
|  75|0x0000000084b00000, 0x0000000084c00000, 0x0000000084c00000|100%| O|  |TAMS 0x0000000084c00000, 0x0000000084b00000| Untracked 
|  76|0x0000000084c00000, 0x0000000084d00000, 0x0000000084d00000|100%| O|  |TAMS 0x0000000084d00000, 0x0000000084c00000| Untracked 
|  77|0x0000000084d00000, 0x0000000084e00000, 0x0000000084e00000|100%| O|  |TAMS 0x0000000084e00000, 0x0000000084d00000| Untracked 
|  78|0x0000000084e00000, 0x0000000084f00000, 0x0000000084f00000|100%| O|  |TAMS 0x0000000084f00000, 0x0000000084e00000| Untracked 
|  79|0x0000000084f00000, 0x0000000085000000, 0x0000000085000000|100%| O|  |TAMS 0x0000000085000000, 0x0000000084f00000| Untracked 
|  80|0x0000000085000000, 0x0000000085100000, 0x0000000085100000|100%| O|  |TAMS 0x0000000085100000, 0x0000000085000000| Untracked 
|  81|0x0000000085100000, 0x0000000085200000, 0x0000000085200000|100%| O|  |TAMS 0x0000000085200000, 0x0000000085100000| Untracked 
|  82|0x0000000085200000, 0x0000000085300000, 0x0000000085300000|100%| O|  |TAMS 0x0000000085300000, 0x0000000085200000| Untracked 
|  83|0x0000000085300000, 0x0000000085400000, 0x0000000085400000|100%| O|  |TAMS 0x0000000085400000, 0x0000000085300000| Untracked 
|  84|0x0000000085400000, 0x0000000085500000, 0x0000000085500000|100%| O|  |TAMS 0x0000000085500000, 0x0000000085400000| Untracked 
|  85|0x0000000085500000, 0x0000000085600000, 0x0000000085600000|100%| O|  |TAMS 0x0000000085600000, 0x0000000085500000| Untracked 
|  86|0x0000000085600000, 0x0000000085700000, 0x0000000085700000|100%| O|  |TAMS 0x0000000085700000, 0x0000000085600000| Untracked 
|  87|0x0000000085700000, 0x0000000085800000, 0x0000000085800000|100%| O|  |TAMS 0x0000000085800000, 0x0000000085700000| Untracked 
|  88|0x0000000085800000, 0x0000000085900000, 0x0000000085900000|100%| O|  |TAMS 0x0000000085900000, 0x0000000085800000| Untracked 
|  89|0x0000000085900000, 0x0000000085a00000, 0x0000000085a00000|100%| O|  |TAMS 0x0000000085a00000, 0x0000000085900000| Untracked 
|  90|0x0000000085a00000, 0x0000000085b00000, 0x0000000085b00000|100%| O|  |TAMS 0x0000000085b00000, 0x0000000085a00000| Untracked 
|  91|0x0000000085b00000, 0x0000000085c00000, 0x0000000085c00000|100%| O|  |TAMS 0x0000000085c00000, 0x0000000085b00000| Untracked 
|  92|0x0000000085c00000, 0x0000000085d00000, 0x0000000085d00000|100%| O|  |TAMS 0x0000000085d00000, 0x0000000085c00000| Untracked 
|  93|0x0000000085d00000, 0x0000000085e00000, 0x0000000085e00000|100%| O|  |TAMS 0x0000000085e00000, 0x0000000085d00000| Untracked 
|  94|0x0000000085e00000, 0x0000000085f00000, 0x0000000085f00000|100%| O|  |TAMS 0x0000000085f00000, 0x0000000085e00000| Untracked 
|  95|0x0000000085f00000, 0x0000000086000000, 0x0000000086000000|100%| O|  |TAMS 0x0000000086000000, 0x0000000085f00000| Untracked 
|  96|0x0000000086000000, 0x0000000086100000, 0x0000000086100000|100%| O|  |TAMS 0x0000000086100000, 0x0000000086000000| Untracked 
|  97|0x0000000086100000, 0x0000000086200000, 0x0000000086200000|100%| O|  |TAMS 0x0000000086200000, 0x0000000086100000| Untracked 
|  98|0x0000000086200000, 0x0000000086300000, 0x0000000086300000|100%| O|  |TAMS 0x0000000086300000, 0x0000000086200000| Untracked 
|  99|0x0000000086300000, 0x0000000086400000, 0x0000000086400000|100%| O|  |TAMS 0x0000000086400000, 0x0000000086300000| Untracked 
| 100|0x0000000086400000, 0x0000000086500000, 0x0000000086500000|100%| O|  |TAMS 0x0000000086500000, 0x0000000086400000| Untracked 
| 101|0x0000000086500000, 0x00000000865d6a00, 0x0000000086600000| 83%| O|  |TAMS 0x00000000865d6a00, 0x0000000086500000| Untracked 
| 102|0x0000000086600000, 0x0000000086700000, 0x0000000086700000|100%|HS|  |TAMS 0x0000000086600000, 0x0000000086600000| Complete 
| 103|0x0000000086700000, 0x0000000086800000, 0x0000000086800000|100%|HC|  |TAMS 0x0000000086700000, 0x0000000086700000| Complete 
| 104|0x0000000086800000, 0x0000000086800000, 0x0000000086900000|  0%| F|  |TAMS 0x0000000086800000, 0x0000000086800000| Untracked 
| 105|0x0000000086900000, 0x0000000086900000, 0x0000000086a00000|  0%| F|  |TAMS 0x0000000086900000, 0x0000000086900000| Untracked 
| 106|0x0000000086a00000, 0x0000000086a00000, 0x0000000086b00000|  0%| F|  |TAMS 0x0000000086a00000, 0x0000000086a00000| Untracked 
| 107|0x0000000086b00000, 0x0000000086b00000, 0x0000000086c00000|  0%| F|  |TAMS 0x0000000086b00000, 0x0000000086b00000| Untracked 
| 108|0x0000000086c00000, 0x0000000086c00000, 0x0000000086d00000|  0%| F|  |TAMS 0x0000000086c00000, 0x0000000086c00000| Untracked 
| 109|0x0000000086d00000, 0x0000000086d00000, 0x0000000086e00000|  0%| F|  |TAMS 0x0000000086d00000, 0x0000000086d00000| Untracked 
| 110|0x0000000086e00000, 0x0000000086e00000, 0x0000000086f00000|  0%| F|  |TAMS 0x0000000086e00000, 0x0000000086e00000| Untracked 
| 111|0x0000000086f00000, 0x0000000086f00000, 0x0000000087000000|  0%| F|  |TAMS 0x0000000086f00000, 0x0000000086f00000| Untracked 
| 112|0x0000000087000000, 0x0000000087000000, 0x0000000087100000|  0%| F|  |TAMS 0x0000000087000000, 0x0000000087000000| Untracked 
| 113|0x0000000087100000, 0x0000000087100000, 0x0000000087200000|  0%| F|  |TAMS 0x0000000087100000, 0x0000000087100000| Untracked 
| 114|0x0000000087200000, 0x0000000087200000, 0x0000000087300000|  0%| F|  |TAMS 0x0000000087200000, 0x0000000087200000| Untracked 
| 115|0x0000000087300000, 0x0000000087300000, 0x0000000087400000|  0%| F|  |TAMS 0x0000000087300000, 0x0000000087300000| Untracked 
| 116|0x0000000087400000, 0x0000000087400000, 0x0000000087500000|  0%| F|  |TAMS 0x0000000087400000, 0x0000000087400000| Untracked 
| 117|0x0000000087500000, 0x0000000087500000, 0x0000000087600000|  0%| F|  |TAMS 0x0000000087500000, 0x0000000087500000| Untracked 
| 118|0x0000000087600000, 0x0000000087600000, 0x0000000087700000|  0%| F|  |TAMS 0x0000000087600000, 0x0000000087600000| Untracked 
| 119|0x0000000087700000, 0x0000000087700000, 0x0000000087800000|  0%| F|  |TAMS 0x0000000087700000, 0x0000000087700000| Untracked 
| 120|0x0000000087800000, 0x0000000087800000, 0x0000000087900000|  0%| F|  |TAMS 0x0000000087800000, 0x0000000087800000| Untracked 
| 121|0x0000000087900000, 0x0000000087900000, 0x0000000087a00000|  0%| F|  |TAMS 0x0000000087900000, 0x0000000087900000| Untracked 
| 122|0x0000000087a00000, 0x0000000087a00000, 0x0000000087b00000|  0%| F|  |TAMS 0x0000000087a00000, 0x0000000087a00000| Untracked 
| 123|0x0000000087b00000, 0x0000000087b00000, 0x0000000087c00000|  0%| F|  |TAMS 0x0000000087b00000, 0x0000000087b00000| Untracked 
| 124|0x0000000087c00000, 0x0000000087c00000, 0x0000000087d00000|  0%| F|  |TAMS 0x0000000087c00000, 0x0000000087c00000| Untracked 
| 125|0x0000000087d00000, 0x0000000087d00000, 0x0000000087e00000|  0%| F|  |TAMS 0x0000000087d00000, 0x0000000087d00000| Untracked 
| 126|0x0000000087e00000, 0x0000000087e00000, 0x0000000087f00000|  0%| F|  |TAMS 0x0000000087e00000, 0x0000000087e00000| Untracked 
| 127|0x0000000087f00000, 0x0000000087f00000, 0x0000000088000000|  0%| F|  |TAMS 0x0000000087f00000, 0x0000000087f00000| Untracked 
| 128|0x0000000088000000, 0x0000000088000000, 0x0000000088100000|  0%| F|  |TAMS 0x0000000088000000, 0x0000000088000000| Untracked 
| 129|0x0000000088100000, 0x0000000088100000, 0x0000000088200000|  0%| F|  |TAMS 0x0000000088100000, 0x0000000088100000| Untracked 
| 130|0x0000000088200000, 0x0000000088200000, 0x0000000088300000|  0%| F|  |TAMS 0x0000000088200000, 0x0000000088200000| Untracked 
| 131|0x0000000088300000, 0x00000000883aaba0, 0x0000000088400000| 66%| S|CS|TAMS 0x0000000088300000, 0x0000000088300000| Complete 
| 132|0x0000000088400000, 0x0000000088500000, 0x0000000088500000|100%| S|CS|TAMS 0x0000000088400000, 0x0000000088400000| Complete 
| 133|0x0000000088500000, 0x0000000088600000, 0x0000000088600000|100%| S|CS|TAMS 0x0000000088500000, 0x0000000088500000| Complete 
| 134|0x0000000088600000, 0x0000000088700000, 0x0000000088700000|100%| S|CS|TAMS 0x0000000088600000, 0x0000000088600000| Complete 
| 135|0x0000000088700000, 0x0000000088800000, 0x0000000088800000|100%| S|CS|TAMS 0x0000000088700000, 0x0000000088700000| Complete 
| 136|0x0000000088800000, 0x0000000088800000, 0x0000000088900000|  0%| F|  |TAMS 0x0000000088800000, 0x0000000088800000| Untracked 
| 137|0x0000000088900000, 0x0000000088900000, 0x0000000088a00000|  0%| F|  |TAMS 0x0000000088900000, 0x0000000088900000| Untracked 
| 138|0x0000000088a00000, 0x0000000088a00000, 0x0000000088b00000|  0%| F|  |TAMS 0x0000000088a00000, 0x0000000088a00000| Untracked 
| 139|0x0000000088b00000, 0x0000000088b00000, 0x0000000088c00000|  0%| F|  |TAMS 0x0000000088b00000, 0x0000000088b00000| Untracked 
| 140|0x0000000088c00000, 0x0000000088c00000, 0x0000000088d00000|  0%| F|  |TAMS 0x0000000088c00000, 0x0000000088c00000| Untracked 
| 141|0x0000000088d00000, 0x0000000088d00000, 0x0000000088e00000|  0%| F|  |TAMS 0x0000000088d00000, 0x0000000088d00000| Untracked 
| 142|0x0000000088e00000, 0x0000000088e00000, 0x0000000088f00000|  0%| F|  |TAMS 0x0000000088e00000, 0x0000000088e00000| Untracked 
| 143|0x0000000088f00000, 0x0000000088f00000, 0x0000000089000000|  0%| F|  |TAMS 0x0000000088f00000, 0x0000000088f00000| Untracked 
| 144|0x0000000089000000, 0x0000000089000000, 0x0000000089100000|  0%| F|  |TAMS 0x0000000089000000, 0x0000000089000000| Untracked 
| 145|0x0000000089100000, 0x0000000089100000, 0x0000000089200000|  0%| F|  |TAMS 0x0000000089100000, 0x0000000089100000| Untracked 
| 146|0x0000000089200000, 0x0000000089200000, 0x0000000089300000|  0%| F|  |TAMS 0x0000000089200000, 0x0000000089200000| Untracked 
| 147|0x0000000089300000, 0x0000000089300000, 0x0000000089400000|  0%| F|  |TAMS 0x0000000089300000, 0x0000000089300000| Untracked 
| 148|0x0000000089400000, 0x0000000089400000, 0x0000000089500000|  0%| F|  |TAMS 0x0000000089400000, 0x0000000089400000| Untracked 
| 149|0x0000000089500000, 0x0000000089500000, 0x0000000089600000|  0%| F|  |TAMS 0x0000000089500000, 0x0000000089500000| Untracked 
| 150|0x0000000089600000, 0x0000000089600000, 0x0000000089700000|  0%| F|  |TAMS 0x0000000089600000, 0x0000000089600000| Untracked 
| 151|0x0000000089700000, 0x0000000089700000, 0x0000000089800000|  0%| F|  |TAMS 0x0000000089700000, 0x0000000089700000| Untracked 
| 152|0x0000000089800000, 0x0000000089800000, 0x0000000089900000|  0%| F|  |TAMS 0x0000000089800000, 0x0000000089800000| Untracked 
| 153|0x0000000089900000, 0x0000000089900000, 0x0000000089a00000|  0%| F|  |TAMS 0x0000000089900000, 0x0000000089900000| Untracked 
| 154|0x0000000089a00000, 0x0000000089a00000, 0x0000000089b00000|  0%| F|  |TAMS 0x0000000089a00000, 0x0000000089a00000| Untracked 
| 155|0x0000000089b00000, 0x0000000089b00000, 0x0000000089c00000|  0%| F|  |TAMS 0x0000000089b00000, 0x0000000089b00000| Untracked 
| 156|0x0000000089c00000, 0x0000000089c00000, 0x0000000089d00000|  0%| F|  |TAMS 0x0000000089c00000, 0x0000000089c00000| Untracked 
| 157|0x0000000089d00000, 0x0000000089d00000, 0x0000000089e00000|  0%| F|  |TAMS 0x0000000089d00000, 0x0000000089d00000| Untracked 
| 158|0x0000000089e00000, 0x0000000089e00000, 0x0000000089f00000|  0%| F|  |TAMS 0x0000000089e00000, 0x0000000089e00000| Untracked 
| 159|0x0000000089f00000, 0x0000000089f00000, 0x000000008a000000|  0%| F|  |TAMS 0x0000000089f00000, 0x0000000089f00000| Untracked 
| 160|0x000000008a000000, 0x000000008a000000, 0x000000008a100000|  0%| F|  |TAMS 0x000000008a000000, 0x000000008a000000| Untracked 
| 161|0x000000008a100000, 0x000000008a1275f0, 0x000000008a200000| 15%| E|  |TAMS 0x000000008a100000, 0x000000008a100000| Complete 
| 162|0x000000008a200000, 0x000000008a300000, 0x000000008a300000|100%| E|CS|TAMS 0x000000008a200000, 0x000000008a200000| Complete 
| 163|0x000000008a300000, 0x000000008a400000, 0x000000008a400000|100%| E|CS|TAMS 0x000000008a300000, 0x000000008a300000| Complete 
| 164|0x000000008a400000, 0x000000008a500000, 0x000000008a500000|100%| E|CS|TAMS 0x000000008a400000, 0x000000008a400000| Complete 
| 165|0x000000008a500000, 0x000000008a600000, 0x000000008a600000|100%| E|CS|TAMS 0x000000008a500000, 0x000000008a500000| Complete 
| 166|0x000000008a600000, 0x000000008a700000, 0x000000008a700000|100%| E|CS|TAMS 0x000000008a600000, 0x000000008a600000| Complete 
| 167|0x000000008a700000, 0x000000008a800000, 0x000000008a800000|100%| E|CS|TAMS 0x000000008a700000, 0x000000008a700000| Complete 
| 168|0x000000008a800000, 0x000000008a900000, 0x000000008a900000|100%| E|  |TAMS 0x000000008a800000, 0x000000008a800000| Complete 
| 169|0x000000008a900000, 0x000000008aa00000, 0x000000008aa00000|100%| E|CS|TAMS 0x000000008a900000, 0x000000008a900000| Complete 
| 170|0x000000008aa00000, 0x000000008ab00000, 0x000000008ab00000|100%| E|CS|TAMS 0x000000008aa00000, 0x000000008aa00000| Complete 
| 171|0x000000008ab00000, 0x000000008ac00000, 0x000000008ac00000|100%| E|CS|TAMS 0x000000008ab00000, 0x000000008ab00000| Complete 
| 172|0x000000008ac00000, 0x000000008ad00000, 0x000000008ad00000|100%| E|CS|TAMS 0x000000008ac00000, 0x000000008ac00000| Complete 
| 173|0x000000008ad00000, 0x000000008ae00000, 0x000000008ae00000|100%| E|CS|TAMS 0x000000008ad00000, 0x000000008ad00000| Complete 
| 174|0x000000008ae00000, 0x000000008af00000, 0x000000008af00000|100%| E|CS|TAMS 0x000000008ae00000, 0x000000008ae00000| Complete 
| 175|0x000000008af00000, 0x000000008b000000, 0x000000008b000000|100%| E|CS|TAMS 0x000000008af00000, 0x000000008af00000| Complete 
| 176|0x000000008b000000, 0x000000008b100000, 0x000000008b100000|100%| E|CS|TAMS 0x000000008b000000, 0x000000008b000000| Complete 
| 177|0x000000008b100000, 0x000000008b200000, 0x000000008b200000|100%| E|CS|TAMS 0x000000008b100000, 0x000000008b100000| Complete 
| 178|0x000000008b200000, 0x000000008b300000, 0x000000008b300000|100%| E|CS|TAMS 0x000000008b200000, 0x000000008b200000| Complete 
| 179|0x000000008b300000, 0x000000008b400000, 0x000000008b400000|100%| E|CS|TAMS 0x000000008b300000, 0x000000008b300000| Complete 
| 180|0x000000008b400000, 0x000000008b500000, 0x000000008b500000|100%| E|CS|TAMS 0x000000008b400000, 0x000000008b400000| Complete 
| 181|0x000000008b500000, 0x000000008b600000, 0x000000008b600000|100%| E|CS|TAMS 0x000000008b500000, 0x000000008b500000| Complete 
| 182|0x000000008b600000, 0x000000008b700000, 0x000000008b700000|100%| E|CS|TAMS 0x000000008b600000, 0x000000008b600000| Complete 
| 183|0x000000008b700000, 0x000000008b800000, 0x000000008b800000|100%| E|CS|TAMS 0x000000008b700000, 0x000000008b700000| Complete 
| 184|0x000000008b800000, 0x000000008b900000, 0x000000008b900000|100%| E|CS|TAMS 0x000000008b800000, 0x000000008b800000| Complete 
| 185|0x000000008b900000, 0x000000008ba00000, 0x000000008ba00000|100%| E|CS|TAMS 0x000000008b900000, 0x000000008b900000| Complete 
| 186|0x000000008ba00000, 0x000000008bb00000, 0x000000008bb00000|100%| E|CS|TAMS 0x000000008ba00000, 0x000000008ba00000| Complete 
| 187|0x000000008bb00000, 0x000000008bc00000, 0x000000008bc00000|100%| E|CS|TAMS 0x000000008bb00000, 0x000000008bb00000| Complete 
| 188|0x000000008bc00000, 0x000000008bd00000, 0x000000008bd00000|100%| E|CS|TAMS 0x000000008bc00000, 0x000000008bc00000| Complete 
| 189|0x000000008bd00000, 0x000000008be00000, 0x000000008be00000|100%| E|CS|TAMS 0x000000008bd00000, 0x000000008bd00000| Complete 
| 190|0x000000008be00000, 0x000000008bf00000, 0x000000008bf00000|100%| E|CS|TAMS 0x000000008be00000, 0x000000008be00000| Complete 
| 191|0x000000008bf00000, 0x000000008c000000, 0x000000008c000000|100%| E|CS|TAMS 0x000000008bf00000, 0x000000008bf00000| Complete 
| 192|0x000000008c000000, 0x000000008c100000, 0x000000008c100000|100%| E|CS|TAMS 0x000000008c000000, 0x000000008c000000| Complete 
| 193|0x000000008c100000, 0x000000008c200000, 0x000000008c200000|100%| E|CS|TAMS 0x000000008c100000, 0x000000008c100000| Complete 
| 194|0x000000008c200000, 0x000000008c300000, 0x000000008c300000|100%| E|CS|TAMS 0x000000008c200000, 0x000000008c200000| Complete 
| 195|0x000000008c300000, 0x000000008c400000, 0x000000008c400000|100%| E|CS|TAMS 0x000000008c300000, 0x000000008c300000| Complete 
| 196|0x000000008c400000, 0x000000008c500000, 0x000000008c500000|100%| E|CS|TAMS 0x000000008c400000, 0x000000008c400000| Complete 
| 197|0x000000008c500000, 0x000000008c600000, 0x000000008c600000|100%| E|CS|TAMS 0x000000008c500000, 0x000000008c500000| Complete 
| 198|0x000000008c600000, 0x000000008c700000, 0x000000008c700000|100%| E|CS|TAMS 0x000000008c600000, 0x000000008c600000| Complete 
| 199|0x000000008c700000, 0x000000008c800000, 0x000000008c800000|100%| E|CS|TAMS 0x000000008c700000, 0x000000008c700000| Complete 
| 200|0x000000008c800000, 0x000000008c900000, 0x000000008c900000|100%| E|CS|TAMS 0x000000008c800000, 0x000000008c800000| Complete 
| 201|0x000000008c900000, 0x000000008ca00000, 0x000000008ca00000|100%| E|CS|TAMS 0x000000008c900000, 0x000000008c900000| Complete 
| 202|0x000000008ca00000, 0x000000008cb00000, 0x000000008cb00000|100%| E|CS|TAMS 0x000000008ca00000, 0x000000008ca00000| Complete 
| 203|0x000000008cb00000, 0x000000008cc00000, 0x000000008cc00000|100%| E|CS|TAMS 0x000000008cb00000, 0x000000008cb00000| Complete 
| 204|0x000000008cc00000, 0x000000008cd00000, 0x000000008cd00000|100%| E|CS|TAMS 0x000000008cc00000, 0x000000008cc00000| Complete 
| 205|0x000000008cd00000, 0x000000008ce00000, 0x000000008ce00000|100%| E|CS|TAMS 0x000000008cd00000, 0x000000008cd00000| Complete 
| 206|0x000000008ce00000, 0x000000008cf00000, 0x000000008cf00000|100%| E|CS|TAMS 0x000000008ce00000, 0x000000008ce00000| Complete 
| 207|0x000000008cf00000, 0x000000008d000000, 0x000000008d000000|100%| E|CS|TAMS 0x000000008cf00000, 0x000000008cf00000| Complete 
| 208|0x000000008d000000, 0x000000008d100000, 0x000000008d100000|100%| E|CS|TAMS 0x000000008d000000, 0x000000008d000000| Complete 
| 209|0x000000008d100000, 0x000000008d200000, 0x000000008d200000|100%| E|CS|TAMS 0x000000008d100000, 0x000000008d100000| Complete 
| 210|0x000000008d200000, 0x000000008d300000, 0x000000008d300000|100%| E|CS|TAMS 0x000000008d200000, 0x000000008d200000| Complete 
| 211|0x000000008d300000, 0x000000008d400000, 0x000000008d400000|100%| E|CS|TAMS 0x000000008d300000, 0x000000008d300000| Complete 
| 212|0x000000008d400000, 0x000000008d500000, 0x000000008d500000|100%| E|CS|TAMS 0x000000008d400000, 0x000000008d400000| Complete 
| 213|0x000000008d500000, 0x000000008d600000, 0x000000008d600000|100%| E|CS|TAMS 0x000000008d500000, 0x000000008d500000| Complete 
| 214|0x000000008d600000, 0x000000008d700000, 0x000000008d700000|100%| E|CS|TAMS 0x000000008d600000, 0x000000008d600000| Complete 
| 215|0x000000008d700000, 0x000000008d800000, 0x000000008d800000|100%| E|CS|TAMS 0x000000008d700000, 0x000000008d700000| Complete 
| 216|0x000000008d800000, 0x000000008d900000, 0x000000008d900000|100%| E|CS|TAMS 0x000000008d800000, 0x000000008d800000| Complete 
| 217|0x000000008d900000, 0x000000008da00000, 0x000000008da00000|100%| E|CS|TAMS 0x000000008d900000, 0x000000008d900000| Complete 
| 218|0x000000008da00000, 0x000000008db00000, 0x000000008db00000|100%| E|CS|TAMS 0x000000008da00000, 0x000000008da00000| Complete 
| 219|0x000000008db00000, 0x000000008dc00000, 0x000000008dc00000|100%| E|CS|TAMS 0x000000008db00000, 0x000000008db00000| Complete 
| 220|0x000000008dc00000, 0x000000008dd00000, 0x000000008dd00000|100%| E|CS|TAMS 0x000000008dc00000, 0x000000008dc00000| Complete 
| 221|0x000000008dd00000, 0x000000008de00000, 0x000000008de00000|100%| E|CS|TAMS 0x000000008dd00000, 0x000000008dd00000| Complete 

Card table byte_map: [0x000001acfcb20000,0x000001acfcf20000] _byte_map_base: 0x000001acfc720000

Marking Bits (Prev, Next): (CMBitMap*) 0x000001acf6a30568, (CMBitMap*) 0x000001acf6a305a0
 Prev Bits: [0x000001acfd320000, 0x000001acff320000)
 Next Bits: [0x000001ac8f000000, 0x000001ac91000000)

Polling page: 0x000001acf6890000

Metaspace:

Usage:
  Non-class:    101.87 MB capacity,    99.65 MB ( 98%) used,     1.76 MB (  2%) free+waste,   464.06 KB ( <1%) overhead. 
      Class:     16.77 MB capacity,    15.20 MB ( 91%) used,     1.34 MB (  8%) free+waste,   234.13 KB (  1%) overhead. 
       Both:    118.63 MB capacity,   114.85 MB ( 97%) used,     3.10 MB (  3%) free+waste,   698.19 KB ( <1%) overhead. 

Virtual space:
  Non-class space:      102.00 MB reserved,     101.92 MB (>99%) committed 
      Class space:        1.00 GB reserved,      16.78 MB (  2%) committed 
             Both:        1.10 GB reserved,     118.70 MB ( 11%) committed 

Chunk freelists:
   Non-Class:  55.00 KB
       Class:  15.00 KB
        Both:  70.00 KB

MaxMetaspaceSize: 17179869184.00 GB
CompressedClassSpaceSize: 1.00 GB
Initial GC threshold: 20.80 MB
Current GC threshold: 190.13 MB
CDS: off

CodeHeap 'non-profiled nmethods': size=120000Kb used=8726Kb max_used=8726Kb free=111273Kb
 bounds [0x000001ac87ad0000, 0x000001ac88360000, 0x000001ac8f000000]
CodeHeap 'profiled nmethods': size=120000Kb used=30595Kb max_used=30595Kb free=89404Kb
 bounds [0x000001ac805a0000, 0x000001ac82390000, 0x000001ac87ad0000]
CodeHeap 'non-nmethods': size=5760Kb used=2432Kb max_used=2457Kb free=3327Kb
 bounds [0x000001ac80000000, 0x000001ac80270000, 0x000001ac805a0000]
 total_blobs=15216 nmethods=14247 adapters=880
 compilation: enabled
              stopped_count=0, restarted_count=0
 full_count=0

Compilation events (20 events):
Event: 31.779 Thread 0x000001acffe20800 nmethod 14334 0x000001ac8235c390 code [0x000001ac8235c540, 0x000001ac8235c6e8]
Event: 31.779 Thread 0x000001acffe20800 14326       2       com.android.tools.r8.internal.WM$$Lambda$2618/0x0000000100fe9840::applyAsInt (8 bytes)
Event: 31.779 Thread 0x000001acffe20800 nmethod 14326 0x000001ac8235c810 code [0x000001ac8235c9c0, 0x000001ac8235caf8]
Event: 31.779 Thread 0x000001acffe20800 14327       2       com.android.tools.r8.internal.WM$$Lambda$2610/0x0000000100dad040::applyAsInt (8 bytes)
Event: 31.780 Thread 0x000001acffe20800 nmethod 14327 0x000001ac8235cc10 code [0x000001ac8235cdc0, 0x000001ac8235cf08]
Event: 31.780 Thread 0x000001acffe20800 14321       2       com.android.tools.r8.internal.en::a (73 bytes)
Event: 31.781 Thread 0x000001acffe20800 nmethod 14321 0x000001ac8235d010 code [0x000001ac8235d2a0, 0x000001ac8235d7b8]
Event: 31.781 Thread 0x000001acffe20800 14336       2       com.android.tools.r8.internal.G4::remove (242 bytes)
Event: 31.784 Thread 0x000001acffe20800 nmethod 14336 0x000001ac8235db10 code [0x000001ac8235ddc0, 0x000001ac8235e668]
Event: 31.784 Thread 0x000001acffe20800 14345       2       com.android.tools.r8.internal.B8::a (316 bytes)
Event: 31.786 Thread 0x000001acffe20800 nmethod 14345 0x000001ac8235ec90 code [0x000001ac8235ef80, 0x000001ac8235fa78]
Event: 31.786 Thread 0x000001acffe20800 14344       2       com.android.tools.r8.internal.B8::a (37 bytes)
Event: 31.787 Thread 0x000001acffe20800 nmethod 14344 0x000001ac82360090 code [0x000001ac82360260, 0x000001ac82360438]
Event: 31.787 Thread 0x000001acffe20800 14260       2       com.android.tools.r8.ir.regalloc.c::compareTo (134 bytes)
Event: 31.788 Thread 0x000001acffe20800 nmethod 14260 0x000001ac82360510 code [0x000001ac823606e0, 0x000001ac82360958]
Event: 31.788 Thread 0x000001acffe20800 14263       2       com.android.tools.r8.ir.regalloc.b::c (8 bytes)
Event: 31.788 Thread 0x000001acffe20800 nmethod 14263 0x000001ac82360b10 code [0x000001ac82360cc0, 0x000001ac82360dd8]
Event: 31.788 Thread 0x000001acffe20800 14250       2       java.lang.Integer::compareTo (12 bytes)
Event: 31.789 Thread 0x000001acffe20800 nmethod 14250 0x000001ac82360f10 code [0x000001ac823610c0, 0x000001ac823611f8]
Event: 31.789 Thread 0x000001acffe20800 14251       2       java.lang.Integer::compareTo (9 bytes)

GC Heap History (20 events):
Event: 19.086 GC heap before
{Heap before GC invocations=19 (full 0):
 garbage-first heap   total 157696K, used 121221K [0x0000000080000000, 0x0000000100000000)
  region size 1024K, 59 young (60416K), 8 survivors (8192K)
 Metaspace       used 83084K, capacity 84895K, committed 85072K, reserved 1122304K
  class space    used 10732K, capacity 11390K, committed 11424K, reserved 1048576K
}
Event: 19.102 GC heap after
{Heap after GC invocations=20 (full 0):
 garbage-first heap   total 157696K, used 72427K [0x0000000080000000, 0x0000000100000000)
  region size 1024K, 8 young (8192K), 8 survivors (8192K)
 Metaspace       used 83084K, capacity 84895K, committed 85072K, reserved 1122304K
  class space    used 10732K, capacity 11390K, committed 11424K, reserved 1048576K
}
Event: 20.365 GC heap before
{Heap before GC invocations=20 (full 0):
 garbage-first heap   total 157696K, used 122603K [0x0000000080000000, 0x0000000100000000)
  region size 1024K, 58 young (59392K), 8 survivors (8192K)
 Metaspace       used 86021K, capacity 88165K, committed 88272K, reserved 1126400K
  class space    used 11242K, capacity 12056K, committed 12064K, reserved 1048576K
}
Event: 20.381 GC heap after
{Heap after GC invocations=21 (full 0):
 garbage-first heap   total 157696K, used 76048K [0x0000000080000000, 0x0000000100000000)
  region size 1024K, 8 young (8192K), 8 survivors (8192K)
 Metaspace       used 86021K, capacity 88165K, committed 88272K, reserved 1126400K
  class space    used 11242K, capacity 12056K, committed 12064K, reserved 1048576K
}
Event: 21.494 GC heap before
{Heap before GC invocations=21 (full 0):
 garbage-first heap   total 157696K, used 125200K [0x0000000080000000, 0x0000000100000000)
  region size 1024K, 57 young (58368K), 8 survivors (8192K)
 Metaspace       used 86653K, capacity 88823K, committed 88912K, reserved 1126400K
  class space    used 11279K, capacity 12108K, committed 12192K, reserved 1048576K
}
Event: 21.510 GC heap after
{Heap after GC invocations=22 (full 0):
 garbage-first heap   total 157696K, used 79438K [0x0000000080000000, 0x0000000100000000)
  region size 1024K, 8 young (8192K), 8 survivors (8192K)
 Metaspace       used 86653K, capacity 88823K, committed 88912K, reserved 1126400K
  class space    used 11279K, capacity 12108K, committed 12192K, reserved 1048576K
}
Event: 22.431 GC heap before
{Heap before GC invocations=22 (full 0):
 garbage-first heap   total 157696K, used 126542K [0x0000000080000000, 0x0000000100000000)
  region size 1024K, 55 young (56320K), 8 survivors (8192K)
 Metaspace       used 87418K, capacity 89594K, committed 89680K, reserved 1126400K
  class space    used 11363K, capacity 12192K, committed 12192K, reserved 1048576K
}
Event: 22.450 GC heap after
{Heap after GC invocations=23 (full 0):
 garbage-first heap   total 189440K, used 82942K [0x0000000080000000, 0x0000000100000000)
  region size 1024K, 7 young (7168K), 7 survivors (7168K)
 Metaspace       used 87418K, capacity 89594K, committed 89680K, reserved 1126400K
  class space    used 11363K, capacity 12192K, committed 12192K, reserved 1048576K
}
Event: 23.447 GC heap before
{Heap before GC invocations=24 (full 0):
 garbage-first heap   total 189440K, used 149502K [0x0000000080000000, 0x0000000100000000)
  region size 1024K, 73 young (74752K), 7 survivors (7168K)
 Metaspace       used 91593K, capacity 93728K, committed 93904K, reserved 1130496K
  class space    used 11911K, capacity 12737K, committed 12832K, reserved 1048576K
}
Event: 23.460 GC heap after
{Heap after GC invocations=25 (full 0):
 garbage-first heap   total 189440K, used 85230K [0x0000000080000000, 0x0000000100000000)
  region size 1024K, 6 young (6144K), 6 survivors (6144K)
 Metaspace       used 91593K, capacity 93728K, committed 93904K, reserved 1130496K
  class space    used 11911K, capacity 12737K, committed 12832K, reserved 1048576K
}
Event: 25.394 GC heap before
{Heap before GC invocations=25 (full 0):
 garbage-first heap   total 189440K, used 152814K [0x0000000080000000, 0x0000000100000000)
  region size 1024K, 71 young (72704K), 6 survivors (6144K)
 Metaspace       used 100099K, capacity 102556K, committed 102608K, reserved 1138688K
  class space    used 12909K, capacity 13822K, committed 13856K, reserved 1048576K
}
Event: 25.409 GC heap after
{Heap after GC invocations=26 (full 0):
 garbage-first heap   total 189440K, used 93851K [0x0000000080000000, 0x0000000100000000)
  region size 1024K, 9 young (9216K), 9 survivors (9216K)
 Metaspace       used 100099K, capacity 102556K, committed 102608K, reserved 1138688K
  class space    used 12909K, capacity 13822K, committed 13856K, reserved 1048576K
}
Event: 28.026 GC heap before
{Heap before GC invocations=26 (full 0):
 garbage-first heap   total 189440K, used 152219K [0x0000000080000000, 0x0000000100000000)
  region size 1024K, 67 young (68608K), 9 survivors (9216K)
 Metaspace       used 103186K, capacity 105727K, committed 105808K, reserved 1140736K
  class space    used 13238K, capacity 14211K, committed 14240K, reserved 1048576K
}
Event: 28.062 GC heap after
{Heap after GC invocations=27 (full 0):
 garbage-first heap   total 189440K, used 96752K [0x0000000080000000, 0x0000000100000000)
  region size 1024K, 6 young (6144K), 6 survivors (6144K)
 Metaspace       used 103186K, capacity 105727K, committed 105808K, reserved 1140736K
  class space    used 13238K, capacity 14211K, committed 14240K, reserved 1048576K
}
Event: 29.039 GC heap before
{Heap before GC invocations=28 (full 0):
 garbage-first heap   total 189440K, used 151024K [0x0000000080000000, 0x0000000100000000)
  region size 1024K, 61 young (62464K), 6 survivors (6144K)
 Metaspace       used 104471K, capacity 106908K, committed 107344K, reserved 1142784K
  class space    used 13342K, capacity 14262K, committed 14496K, reserved 1048576K
}
Event: 29.061 GC heap after
{Heap after GC invocations=29 (full 0):
 garbage-first heap   total 189440K, used 99583K [0x0000000080000000, 0x0000000100000000)
  region size 1024K, 5 young (5120K), 5 survivors (5120K)
 Metaspace       used 104471K, capacity 106908K, committed 107344K, reserved 1142784K
  class space    used 13342K, capacity 14262K, committed 14496K, reserved 1048576K
}
Event: 29.940 GC heap before
{Heap before GC invocations=30 (full 0):
 garbage-first heap   total 189440K, used 153855K [0x0000000080000000, 0x0000000100000000)
  region size 1024K, 59 young (60416K), 5 survivors (5120K)
 Metaspace       used 107719K, capacity 110389K, committed 110544K, reserved 1144832K
  class space    used 13827K, capacity 14850K, committed 14880K, reserved 1048576K
}
Event: 29.959 GC heap after
{Heap after GC invocations=31 (full 0):
 garbage-first heap   total 189440K, used 105322K [0x0000000080000000, 0x0000000100000000)
  region size 1024K, 8 young (8192K), 8 survivors (8192K)
 Metaspace       used 107719K, capacity 110389K, committed 110544K, reserved 1144832K
  class space    used 13827K, capacity 14850K, committed 14880K, reserved 1048576K
}
Event: 30.608 GC heap before
{Heap before GC invocations=31 (full 0):
 garbage-first heap   total 189440K, used 154474K [0x0000000080000000, 0x0000000100000000)
  region size 1024K, 57 young (58368K), 8 survivors (8192K)
 Metaspace       used 112246K, capacity 115419K, committed 115664K, reserved 1148928K
  class space    used 14608K, capacity 15894K, committed 15904K, reserved 1048576K
}
Event: 30.637 GC heap after
{Heap after GC invocations=32 (full 0):
 garbage-first heap   total 227328K, used 109061K [0x0000000080000000, 0x0000000100000000)
  region size 1024K, 5 young (5120K), 5 survivors (5120K)
 Metaspace       used 112246K, capacity 115419K, committed 115664K, reserved 1148928K
  class space    used 14608K, capacity 15894K, committed 15904K, reserved 1048576K
}

Deoptimization events (20 events):
Event: 31.505 Thread 0x000001ac989d7000 DEOPT UNPACKING pc=0x000001ac8004a1af sp=0x00000013a26fc2e8 mode 2
Event: 31.505 Thread 0x000001ac989dc800 Uncommon trap: reason=bimorphic_or_optimized_type_check action=maybe_recompile pc=0x000001ac88311764 method=com.android.tools.r8.internal.Dj.b(Ljava/lang/Object;)I @ 8 c2
Event: 31.505 Thread 0x000001ac989dc800 DEOPT PACKING pc=0x000001ac88311764 sp=0x00000013a24fc1f0
Event: 31.507 Thread 0x000001ac989dc800 DEOPT UNPACKING pc=0x000001ac8004a1af sp=0x00000013a24fc128 mode 2
Event: 31.651 Thread 0x000001ac989d7000 Uncommon trap: trap_request=0xffffff4d fr.pc=0x000001ac87d71f80 relative=0x0000000000000c60
Event: 31.651 Thread 0x000001ac989d7000 Uncommon trap: reason=unstable_if action=reinterpret pc=0x000001ac87d71f80 method=java.util.HashMap.computeIfAbsent(Ljava/lang/Object;Ljava/util/function/Function;)Ljava/lang/Object; @ 145 c2
Event: 31.651 Thread 0x000001ac989d7000 DEOPT PACKING pc=0x000001ac87d71f80 sp=0x00000013a26fc270
Event: 31.651 Thread 0x000001ac989d7000 DEOPT UNPACKING pc=0x000001ac8004a1af sp=0x00000013a26fc240 mode 2
Event: 31.758 Thread 0x000001ac989d9800 Uncommon trap: trap_request=0xffffff4d fr.pc=0x000001ac8834517c relative=0x000000000000011c
Event: 31.758 Thread 0x000001ac989d9800 Uncommon trap: reason=unstable_if action=reinterpret pc=0x000001ac8834517c method=com.android.tools.r8.internal.Av.a(Lcom/android/tools/r8/graph/d3;Lcom/android/tools/r8/internal/C7;)Z @ 11 c2
Event: 31.758 Thread 0x000001ac989d9800 DEOPT PACKING pc=0x000001ac8834517c sp=0x00000013a25fc290
Event: 31.758 Thread 0x000001ac989d9800 DEOPT UNPACKING pc=0x000001ac8004a1af sp=0x00000013a25fc218 mode 2
Event: 31.760 Thread 0x000001ac989d9800 Uncommon trap: trap_request=0xffffff4d fr.pc=0x000001ac8833ea00 relative=0x00000000000005c0
Event: 31.760 Thread 0x000001ac989d9800 Uncommon trap: reason=unstable_if action=reinterpret pc=0x000001ac8833ea00 method=com.android.tools.r8.internal.B8.a(Lcom/android/tools/r8/internal/C7;)Z @ 18 c2
Event: 31.760 Thread 0x000001ac989d9800 DEOPT PACKING pc=0x000001ac8833ea00 sp=0x00000013a25fbaa0
Event: 31.760 Thread 0x000001ac989d9800 DEOPT UNPACKING pc=0x000001ac8004a1af sp=0x00000013a25fb9e8 mode 2
Event: 31.763 Thread 0x000001ac989d9800 Uncommon trap: trap_request=0xffffff4d fr.pc=0x000001ac88343e38 relative=0x0000000000000078
Event: 31.763 Thread 0x000001ac989d9800 Uncommon trap: reason=unstable_if action=reinterpret pc=0x000001ac88343e38 method=com.android.tools.r8.internal.B8.a(Lcom/android/tools/r8/internal/C7;)Z @ 18 c2
Event: 31.763 Thread 0x000001ac989d9800 DEOPT PACKING pc=0x000001ac88343e38 sp=0x00000013a25fb840
Event: 31.763 Thread 0x000001ac989d9800 DEOPT UNPACKING pc=0x000001ac8004a1af sp=0x00000013a25fb7c8 mode 2

Classes redefined (0 events):
No events

Internal exceptions (20 events):
Event: 30.637 Thread 0x000001ac989dc800 Implicit null exception at 0x000001ac8818c0c0 to 0x000001ac8818d500
Event: 30.637 Thread 0x000001ac989e0800 Implicit null exception at 0x000001ac8818c0c0 to 0x000001ac8818d500
Event: 30.637 Thread 0x000001ac989d7000 Implicit null exception at 0x000001ac8818c0c0 to 0x000001ac8818d500
Event: 30.637 Thread 0x000001ac989d9800 Implicit null exception at 0x000001ac8818c0c0 to 0x000001ac8818d500
Event: 30.637 Thread 0x000001ac989d6000 Implicit null exception at 0x000001ac8818b5a0 to 0x000001ac8818b7bc
Event: 30.637 Thread 0x000001ac989d7800 Implicit null exception at 0x000001ac8818b5a0 to 0x000001ac8818b7bc
Event: 31.028 Thread 0x000001ac989e0800 Exception <a 'java/lang/IncompatibleClassChangeError'{0x000000008d44ee98}: Found class java.lang.Object, but interface was expected> (0x000000008d44ee98) thrown at [./src/hotspot/share/interpreter/linkResolver.cpp, line 839]
Event: 31.029 Thread 0x000001ac989d7000 Exception <a 'java/lang/IncompatibleClassChangeError'{0x000000008d470c18}: Found class java.lang.Object, but interface was expected> (0x000000008d470c18) thrown at [./src/hotspot/share/interpreter/linkResolver.cpp, line 839]
Event: 31.029 Thread 0x000001ac989d6000 Exception <a 'java/lang/IncompatibleClassChangeError'{0x000000008d45d888}: Found class java.lang.Object, but interface was expected> (0x000000008d45d888) thrown at [./src/hotspot/share/interpreter/linkResolver.cpp, line 839]
Event: 31.029 Thread 0x000001ac989e1800 Exception <a 'java/lang/IncompatibleClassChangeError'{0x000000008d424f88}: Found class java.lang.Object, but interface was expected> (0x000000008d424f88) thrown at [./src/hotspot/share/interpreter/linkResolver.cpp, line 839]
Event: 31.032 Thread 0x000001ac989e0800 Exception <a 'java/lang/IncompatibleClassChangeError'{0x000000008d456920}: Found class java.lang.Object, but interface was expected> (0x000000008d456920) thrown at [./src/hotspot/share/interpreter/linkResolver.cpp, line 839]
Event: 31.182 Thread 0x000001ac989d7800 Exception <a 'java/lang/NoSuchMethodError'{0x000000008cb98508}: 'void java.lang.invoke.DirectMethodHandle$Holder.invokeSpecial(java.lang.Object, java.lang.Object, int, java.lang.Object)'> (0x000000008cb98508) thrown at [./src/hotspot/share/interpreter/linkResolver.cpp, line 773]
Event: 31.182 Thread 0x000001ac989e0800 Exception <a 'java/lang/NoSuchMethodError'{0x000000008ce26808}: 'void java.lang.invoke.DirectMethodHandle$Holder.invokeSpecial(java.lang.Object, java.lang.Object, int, java.lang.Object)'> (0x000000008ce26808) thrown at [./src/hotspot/share/interpreter/linkResolver.cpp, line 773]
Event: 31.182 Thread 0x000001ac989d9800 Exception <a 'java/lang/NoSuchMethodError'{0x000000008ccd63f8}: 'void java.lang.invoke.DirectMethodHandle$Holder.invokeSpecial(java.lang.Object, java.lang.Object, int, java.lang.Object)'> (0x000000008ccd63f8) thrown at [./src/hotspot/share/interpreter/linkResolver.cpp, line 773]
Event: 31.182 Thread 0x000001ac989e1800 Exception <a 'java/lang/NoSuchMethodError'{0x000000008cf60608}: 'void java.lang.invoke.DirectMethodHandle$Holder.invokeSpecial(java.lang.Object, java.lang.Object, int, java.lang.Object)'> (0x000000008cf60608) thrown at [./src/hotspot/share/interpreter/linkResolver.cpp, line 773]
Event: 31.365 Thread 0x000001ac989d9800 Exception <a 'java/lang/NoSuchMethodError'{0x000000008c03f1f8}: 'int java.lang.invoke.DirectMethodHandle$Holder.invokeSpecial(java.lang.Object, java.lang.Object, java.lang.Object, int, java.lang.Object)'> (0x000000008c03f1f8) thrown at [./src/hotspot/share/interpreter/linkResolver.cpp, line 773]
Event: 31.366 Thread 0x000001ac989e1800 Exception <a 'java/lang/NoSuchMethodError'{0x000000008c022f38}: 'int java.lang.invoke.DirectMethodHandle$Holder.invokeSpecial(java.lang.Object, java.lang.Object, java.lang.Object, int, java.lang.Object)'> (0x000000008c022f38) thrown at [./src/hotspot/share/interpreter/linkResolver.cpp, line 773]
Event: 31.366 Thread 0x000001ac989e0800 Exception <a 'java/lang/NoSuchMethodError'{0x000000008c1e44a0}: 'int java.lang.invoke.DirectMethodHandle$Holder.invokeSpecial(java.lang.Object, java.lang.Object, java.lang.Object, int, java.lang.Object)'> (0x000000008c1e44a0) thrown at [./src/hotspot/share/interpreter/linkResolver.cpp, line 773]
Event: 31.366 Thread 0x000001ac989dc800 Exception <a 'java/lang/NoSuchMethodError'{0x000000008c07cb08}: 'int java.lang.invoke.DirectMethodHandle$Holder.invokeSpecial(java.lang.Object, java.lang.Object, java.lang.Object, int, java.lang.Object)'> (0x000000008c07cb08) thrown at [./src/hotspot/share/interpreter/linkResolver.cpp, line 773]
Event: 31.367 Thread 0x000001ac989d6000 Exception <a 'java/lang/NoSuchMethodError'{0x000000008c05f308}: 'int java.lang.invoke.DirectMethodHandle$Holder.invokeSpecial(java.lang.Object, java.lang.Object, java.lang.Object, int, java.lang.Object)'> (0x000000008c05f308) thrown at [./src/hotspot/share/interpreter/linkResolver.cpp, line 773]

Events (20 events):
Event: 31.763 loading class com/android/tools/r8/internal/SE
Event: 31.763 loading class com/android/tools/r8/internal/SE done
Event: 31.764 loading class com/android/tools/r8/internal/Hv
Event: 31.764 loading class com/android/tools/r8/internal/Hv done
Event: 31.764 loading class com/android/tools/r8/code/U2
Event: 31.764 loading class com/android/tools/r8/code/U2 done
Event: 31.765 Executing VM operation: Deoptimize
Event: 31.768 Executing VM operation: Deoptimize done
Event: 31.768 loading class com/android/tools/r8/code/F3
Event: 31.768 loading class com/android/tools/r8/code/F3 done
Event: 31.771 loading class com/android/tools/r8/internal/ll
Event: 31.771 loading class com/android/tools/r8/internal/ll done
Event: 31.779 loading class com/android/tools/r8/code/T2
Event: 31.779 loading class com/android/tools/r8/code/T2 done
Event: 31.780 loading class com/android/tools/r8/code/E3
Event: 31.780 loading class com/android/tools/r8/code/E3 done
Event: 31.787 loading class com/android/tools/r8/internal/Sv
Event: 31.787 loading class com/android/tools/r8/internal/Sv done
Event: 31.787 loading class com/android/tools/r8/internal/a00
Event: 31.787 loading class com/android/tools/r8/internal/a00 done


Dynamic libraries:
0x00007ff743570000 - 0x00007ff74357a000 	C:\Program Files\Android\Android Studio3\jre\bin\java.exe
0x00007ffe57510000 - 0x00007ffe57708000 	C:\WINDOWS\SYSTEM32\ntdll.dll
0x00007ffe56760000 - 0x00007ffe5681f000 	C:\WINDOWS\System32\KERNEL32.DLL
0x00007ffe55120000 - 0x00007ffe553f2000 	C:\WINDOWS\System32\KERNELBASE.dll
0x00007ffe54e60000 - 0x00007ffe54f60000 	C:\WINDOWS\System32\ucrtbase.dll
0x00007ffe43390000 - 0x00007ffe433a7000 	C:\Program Files\Android\Android Studio3\jre\bin\VCRUNTIME140.dll
0x00007ffe2fac0000 - 0x00007ffe2fad9000 	C:\Program Files\Android\Android Studio3\jre\bin\jli.dll
0x00007ffe56ae0000 - 0x00007ffe56c7d000 	C:\WINDOWS\System32\USER32.dll
0x00007ffe54020000 - 0x00007ffe542ba000 	C:\WINDOWS\WinSxS\amd64_microsoft.windows.common-controls_6595b64144ccf1df_6.0.19041.1110_none_60b5254171f9507e\COMCTL32.dll
0x00007ffe54d50000 - 0x00007ffe54d72000 	C:\WINDOWS\System32\win32u.dll
0x00007ffe557f0000 - 0x00007ffe5588e000 	C:\WINDOWS\System32\msvcrt.dll
0x00007ffe56df0000 - 0x00007ffe56e1b000 	C:\WINDOWS\System32\GDI32.dll
0x00007ffe54c10000 - 0x00007ffe54d1f000 	C:\WINDOWS\System32\gdi32full.dll
0x00007ffe54fd0000 - 0x00007ffe5506d000 	C:\WINDOWS\System32\msvcp_win.dll
0x00007ffe556d0000 - 0x00007ffe55702000 	C:\WINDOWS\System32\IMM32.DLL
0x00007ffe247f0000 - 0x00007ffe2488d000 	C:\Program Files\Android\Android Studio3\jre\bin\msvcp140.dll
0x00007ffe14f80000 - 0x00007ffe15a82000 	C:\Program Files\Android\Android Studio3\jre\bin\server\jvm.dll
0x00007ffe56c80000 - 0x00007ffe56d2e000 	C:\WINDOWS\System32\ADVAPI32.dll
0x00007ffe566b0000 - 0x00007ffe5674c000 	C:\WINDOWS\System32\sechost.dll
0x00007ffe56110000 - 0x00007ffe56235000 	C:\WINDOWS\System32\RPCRT4.dll
0x00007ffe57180000 - 0x00007ffe57188000 	C:\WINDOWS\System32\PSAPI.DLL
0x00007ffe34af0000 - 0x00007ffe34af9000 	C:\WINDOWS\SYSTEM32\WSOCK32.dll
0x00007ffe3e990000 - 0x00007ffe3e9b7000 	C:\WINDOWS\SYSTEM32\WINMM.dll
0x00007ffe55580000 - 0x00007ffe555eb000 	C:\WINDOWS\System32\WS2_32.dll
0x00007ffe4e0a0000 - 0x00007ffe4e0aa000 	C:\WINDOWS\SYSTEM32\VERSION.dll
0x00007ffe52470000 - 0x00007ffe52482000 	C:\WINDOWS\SYSTEM32\kernel.appcore.dll
0x00007ffe50060000 - 0x00007ffe50071000 	C:\Program Files\Android\Android Studio3\jre\bin\verify.dll
0x00007ffe54640000 - 0x00007ffe54824000 	C:\WINDOWS\SYSTEM32\DBGHELP.DLL
0x00007ffe543f0000 - 0x00007ffe5441c000 	C:\WINDOWS\SYSTEM32\dbgcore.DLL
0x00007ffe54dd0000 - 0x00007ffe54e52000 	C:\WINDOWS\System32\bcryptPrimitives.dll
0x00007ffe4ee90000 - 0x00007ffe4eeb9000 	C:\Program Files\Android\Android Studio3\jre\bin\java.dll
0x00007ffe50050000 - 0x00007ffe5005b000 	C:\Program Files\Android\Android Studio3\jre\bin\jimage.dll
0x00007ffe4f680000 - 0x00007ffe4f698000 	C:\Program Files\Android\Android Studio3\jre\bin\zip.dll
0x00007ffe55890000 - 0x00007ffe55fd3000 	C:\WINDOWS\System32\SHELL32.dll
0x00007ffe52670000 - 0x00007ffe52e02000 	C:\WINDOWS\SYSTEM32\windows.storage.dll
0x00007ffe56e20000 - 0x00007ffe57174000 	C:\WINDOWS\System32\combase.dll
0x00007ffe53f80000 - 0x00007ffe53fb0000 	C:\WINDOWS\SYSTEM32\Wldp.dll
0x00007ffe57270000 - 0x00007ffe5731d000 	C:\WINDOWS\System32\SHCORE.dll
0x00007ffe56820000 - 0x00007ffe56875000 	C:\WINDOWS\System32\shlwapi.dll
0x00007ffe54b50000 - 0x00007ffe54b6f000 	C:\WINDOWS\SYSTEM32\profapi.dll
0x00007ffe4ee70000 - 0x00007ffe4ee8a000 	C:\Program Files\Android\Android Studio3\jre\bin\net.dll
0x00007ffe446c0000 - 0x00007ffe447cc000 	C:\WINDOWS\SYSTEM32\WINHTTP.dll
0x00007ffe53cd0000 - 0x00007ffe53d3a000 	C:\WINDOWS\system32\mswsock.dll
0x00007ffe4ed40000 - 0x00007ffe4ed54000 	C:\Program Files\Android\Android Studio3\jre\bin\nio.dll
0x00007ffe4a6b0000 - 0x00007ffe4a6d7000 	C:\Users\Marko\.gradle\native\e1d6ef7f7dcc3fd88c89a11ec53ec762bb8ba0a96d01ffa2cd45eb1d1d8dd5c5\windows-amd64\native-platform.dll
0x00007ffe1ebf0000 - 0x00007ffe1ed34000 	C:\Users\Marko\.gradle\native\0d407fdbe67a94daf76414ababcb853783967236a71b16ec16e742cd7a986fd3\windows-amd64\native-platform-file-events.dll
0x00007ffe50040000 - 0x00007ffe5004a000 	C:\Program Files\Android\Android Studio3\jre\bin\management.dll
0x00007ffe4f6e0000 - 0x00007ffe4f6ed000 	C:\Program Files\Android\Android Studio3\jre\bin\management_ext.dll
0x00007ffe549a0000 - 0x00007ffe549b8000 	C:\WINDOWS\SYSTEM32\CRYPTSP.dll
0x00007ffe535f0000 - 0x00007ffe53624000 	C:\WINDOWS\system32\rsaenh.dll
0x00007ffe54d20000 - 0x00007ffe54d47000 	C:\WINDOWS\System32\bcrypt.dll
0x00007ffe54b10000 - 0x00007ffe54b3e000 	C:\WINDOWS\SYSTEM32\USERENV.dll
0x00007ffe53dc0000 - 0x00007ffe53dcc000 	C:\WINDOWS\SYSTEM32\CRYPTBASE.dll
0x00007ffe539d0000 - 0x00007ffe53a0b000 	C:\WINDOWS\SYSTEM32\IPHLPAPI.DLL
0x00007ffe555f0000 - 0x00007ffe555f8000 	C:\WINDOWS\System32\NSI.dll
0x00007ffe4c820000 - 0x00007ffe4c837000 	C:\WINDOWS\SYSTEM32\dhcpcsvc6.DLL
0x00007ffe4c790000 - 0x00007ffe4c7ad000 	C:\WINDOWS\SYSTEM32\dhcpcsvc.DLL
0x00007ffe53a10000 - 0x00007ffe53ada000 	C:\WINDOWS\SYSTEM32\DNSAPI.dll

dbghelp: loaded successfully - version: 4.0.5 - missing functions: none
symbol engine: initialized successfully - sym options: 0x614 - pdb path: .;C:\Program Files\Android\Android Studio3\jre\bin;C:\WINDOWS\SYSTEM32;C:\WINDOWS\WinSxS\amd64_microsoft.windows.common-controls_6595b64144ccf1df_6.0.19041.1110_none_60b5254171f9507e;C:\Program Files\Android\Android Studio3\jre\bin\server;C:\Users\Marko\.gradle\native\e1d6ef7f7dcc3fd88c89a11ec53ec762bb8ba0a96d01ffa2cd45eb1d1d8dd5c5\windows-amd64;C:\Users\Marko\.gradle\native\0d407fdbe67a94daf76414ababcb853783967236a71b16ec16e742cd7a986fd3\windows-amd64

VM Arguments:
jvm_args: --add-opens=java.base/java.util=ALL-UNNAMED --add-opens=java.base/java.lang=ALL-UNNAMED --add-opens=java.base/java.lang.invoke=ALL-UNNAMED --add-opens=java.base/java.util=ALL-UNNAMED --add-opens=java.prefs/java.util.prefs=ALL-UNNAMED --add-opens=java.prefs/java.util.prefs=ALL-UNNAMED --add-opens=java.base/java.nio.charset=ALL-UNNAMED --add-opens=java.base/java.net=ALL-UNNAMED --add-opens=java.base/java.util.concurrent.atomic=ALL-UNNAMED -Xmx2048m -Dfile.encoding=UTF-8 -Duser.country=US -Duser.language=en -Duser.variant 
java_command: org.gradle.launcher.daemon.bootstrap.GradleDaemon 7.4
java_class_path (initial): C:\Users\Marko\.gradle\wrapper\dists\gradle-7.4-bin\c0gwcg53nkjbqw7r0h0umtfvt\gradle-7.4\lib\gradle-launcher-7.4.jar
Launcher Type: SUN_STANDARD

[Global flags]
     intx CICompilerCount                          = 4                                         {product} {ergonomic}
     uint ConcGCThreads                            = 2                                         {product} {ergonomic}
     uint G1ConcRefinementThreads                  = 8                                         {product} {ergonomic}
   size_t G1HeapRegionSize                         = 1048576                                   {product} {ergonomic}
    uintx GCDrainStackTargetSize                   = 64                                        {product} {ergonomic}
   size_t InitialHeapSize                          = 134217728                                 {product} {ergonomic}
   size_t MarkStackSize                            = 4194304                                   {product} {ergonomic}
   size_t MaxHeapSize                              = 2147483648                                {product} {command line}
   size_t MaxNewSize                               = 1287651328                                {product} {ergonomic}
   size_t MinHeapDeltaBytes                        = 1048576                                   {product} {ergonomic}
    uintx NonNMethodCodeHeapSize                   = 5836300                                {pd product} {ergonomic}
    uintx NonProfiledCodeHeapSize                  = 122910970                              {pd product} {ergonomic}
    uintx ProfiledCodeHeapSize                     = 122910970                              {pd product} {ergonomic}
    uintx ReservedCodeCacheSize                    = 251658240                              {pd product} {ergonomic}
     bool SegmentedCodeCache                       = true                                      {product} {ergonomic}
     bool UseCompressedClassPointers               = true                                 {lp64_product} {ergonomic}
     bool UseCompressedOops                        = true                                 {lp64_product} {ergonomic}
     bool UseG1GC                                  = true                                      {product} {ergonomic}
     bool UseLargePagesIndividualAllocation        = false                                  {pd product} {ergonomic}

Logging:
Log output configuration:
 #0: stdout all=warning uptime,level,tags
 #1: stderr all=off uptime,level,tags

Environment Variables:
PATH=C:\Program Files (x86)\VMware\VMware Player\bin\;C:\Python39\Scripts\;C:\Python39\;C:\Program Files (x86)\Common Files\Oracle\Java\javapath;C:\WINDOWS\system32;C:\WINDOWS;C:\WINDOWS\System32\Wbem;C:\WINDOWS\System32\WindowsPowerShell\v1.0\;C:\WINDOWS\System32\OpenSSH\;C:\Program Files (x86)\Bitvise SSH Client;C:\Program Files\nodejs\;C:\ProgramData\chocolatey\bin;C:\Program Files\Git\cmd;C:\Users\Marko\AppData\Local\Microsoft\WindowsApps;C:\Program Files (x86)\SSH Communications Security\SSH Secure Shell;C:\Users\Marko\AppData\Local\Programs\Microsoft VS Code\bin;C:\MinGW\bin;C:\Users\Marko\AppData\Roaming\npm;C:\Users\Marko\Downloads\flutter\bin;
USERNAME=Marko
OS=Windows_NT
PROCESSOR_IDENTIFIER=Intel64 Family 6 Model 142 Stepping 10, GenuineIntel



---------------  S Y S T E M  ---------------

OS: Windows 10 , 64 bit Build 19041 (10.0.19041.2251)
OS uptime: 1 days 0:03 hours

CPU:total 8 (initial active 8) (4 cores per cpu, 2 threads per core) family 6 model 142 stepping 10 microcode 0xb4, cmov, cx8, fxsr, mmx, sse, sse2, sse3, ssse3, sse4.1, sse4.2, popcnt, avx, avx2, aes, clmul, erms, 3dnowpref, lzcnt, ht, tsc, tscinvbit, bmi1, bmi2, adx, fma

Memory: 4k page, system-wide physical 8101M (485M free)
TotalPageFile size 10661M (AvailPageFile size 4M)
current process WorkingSet (physical memory assigned to process): 554M, peak: 554M
current process commit charge ("private bytes"): 591M, peak: 591M

vm_info: OpenJDK 64-Bit Server VM (11.0.13+0-b1751.21-8125866) for windows-amd64 JRE (11.0.13+0-b1751.21-8125866), built on Feb  2 2022 03:00:22 by "builder" with MS VC++ 14.0 (VS2015)

END.
